2025-03-25 16:42:37,546 - main - INFO - Starting application initialization...
2025-03-25 16:42:37,551 - main - INFO - Application managers initialized successfully
2025-03-25 16:42:43,673 - main - INFO - Application startup completed successfully
2025-03-25 16:44:14,362 - main - INFO - Starting application shutdown...
2025-03-25 16:44:14,367 - main - INFO - Application shutdown completed successfully
2025-03-25 16:44:17,248 - main - INFO - Starting application initialization...
2025-03-25 16:44:17,250 - main - INFO - Application managers initialized successfully
2025-03-25 16:44:23,369 - main - INFO - Application startup completed successfully
2025-03-25 16:45:47,980 - main - INFO - Starting application shutdown...
2025-03-25 16:45:47,982 - main - INFO - Application shutdown completed successfully
2025-03-25 16:45:50,838 - main - INFO - Starting application initialization...
2025-03-25 16:45:50,840 - main - INFO - Application managers initialized successfully
2025-03-25 16:45:56,964 - main - INFO - Application startup completed successfully
2025-03-25 16:46:19,293 - main - INFO - Starting application shutdown...
2025-03-25 16:46:19,297 - main - INFO - Application shutdown completed successfully
2025-03-25 16:46:21,358 - main - INFO - Starting application initialization...
2025-03-25 16:46:21,362 - main - INFO - Application managers initialized successfully
2025-03-25 16:46:27,468 - main - INFO - Application startup completed successfully
2025-03-25 16:46:27,500 - main - INFO - Starting application shutdown...
2025-03-25 16:46:27,504 - main - INFO - Application shutdown completed successfully
2025-03-25 16:46:29,405 - main - INFO - Starting application initialization...
2025-03-25 16:46:29,407 - main - INFO - Application managers initialized successfully
2025-03-25 16:46:35,534 - main - INFO - Application startup completed successfully
2025-03-25 16:48:06,163 - main - INFO - Starting application shutdown...
2025-03-25 16:48:06,167 - main - INFO - Application shutdown completed successfully
2025-03-25 16:48:08,981 - main - INFO - Starting application initialization...
2025-03-25 16:48:08,983 - main - INFO - Application managers initialized successfully
2025-03-25 16:48:15,100 - main - INFO - Application startup completed successfully
2025-03-25 16:48:15,141 - main - INFO - Starting application shutdown...
2025-03-25 16:48:15,147 - main - INFO - Application shutdown completed successfully
2025-03-25 16:48:17,188 - main - INFO - Starting application initialization...
2025-03-25 16:48:17,191 - main - INFO - Application managers initialized successfully
2025-03-25 16:48:23,315 - main - INFO - Application startup completed successfully
2025-03-25 16:48:37,492 - main - INFO - Starting application shutdown...
2025-03-25 16:48:37,497 - main - INFO - Application shutdown completed successfully
2025-03-25 16:48:39,484 - main - INFO - Starting application initialization...
2025-03-25 16:48:39,487 - main - INFO - Application managers initialized successfully
2025-03-25 16:48:45,628 - main - INFO - Application startup completed successfully
2025-03-25 16:48:45,657 - main - INFO - Starting application shutdown...
2025-03-25 16:48:45,659 - main - INFO - Application shutdown completed successfully
2025-03-25 16:48:48,635 - main - INFO - Starting application initialization...
2025-03-25 16:48:48,636 - main - INFO - Application managers initialized successfully
2025-03-25 16:48:54,741 - main - INFO - Application startup completed successfully
2025-03-25 16:49:43,207 - main - INFO - Starting application shutdown...
2025-03-25 16:49:43,214 - main - INFO - Application shutdown completed successfully
2025-03-25 16:49:46,190 - main - INFO - Starting application initialization...
2025-03-25 16:49:46,192 - main - INFO - Application managers initialized successfully
2025-03-25 16:49:52,298 - main - INFO - Application startup completed successfully
2025-03-25 16:49:52,342 - main - INFO - Starting application shutdown...
2025-03-25 16:49:52,344 - main - INFO - Application shutdown completed successfully
2025-03-25 16:49:54,260 - main - INFO - Starting application initialization...
2025-03-25 16:49:54,262 - main - INFO - Application managers initialized successfully
2025-03-25 16:50:00,375 - main - INFO - Application startup completed successfully
2025-03-25 21:12:20,407 - main - INFO - Starting application initialization...
2025-03-25 21:12:24,898 - main - ERROR - Failed to initialize application managers: (MySQLdb.OperationalError) (2002, "Can't connect to server on 'localhost' (10061)")
(Background on this error at: https://sqlalche.me/e/20/e3q8)
2025-03-25 21:12:24,903 - main - ERROR - Critical error during startup: Failed to initialize application components
2025-03-25 21:14:36,958 - main - INFO - Starting application initialization...
2025-03-25 21:14:41,072 - main - ERROR - Failed to initialize application managers: (pymysql.err.OperationalError) (2003, "Can't connect to MySQL server on 'localhost' ([WinError 10061] No connection could be made because the target machine actively refused it)")
(Background on this error at: https://sqlalche.me/e/20/e3q8)
2025-03-25 21:14:41,073 - main - ERROR - Critical error during startup: Failed to initialize application components
2025-03-25 21:15:37,124 - main - INFO - Starting application initialization...
2025-03-25 21:15:41,224 - main - ERROR - Failed to initialize application managers: (pymysql.err.OperationalError) (2003, "Can't connect to MySQL server on 'localhost' ([WinError 10061] No connection could be made because the target machine actively refused it)")
(Background on this error at: https://sqlalche.me/e/20/e3q8)
2025-03-25 21:15:41,225 - main - ERROR - Critical error during startup: Failed to initialize application components
2025-03-25 21:16:15,868 - main - INFO - Starting application initialization...
2025-03-25 21:16:19,991 - main - ERROR - Failed to initialize application managers: (pymysql.err.OperationalError) (2003, "Can't connect to MySQL server on 'localhost' ([WinError 10061] No connection could be made because the target machine actively refused it)")
(Background on this error at: https://sqlalche.me/e/20/e3q8)
2025-03-25 21:16:19,992 - main - ERROR - Critical error during startup: Failed to initialize application components
2025-03-25 21:16:42,228 - main - INFO - Starting application initialization...
2025-03-25 21:16:42,230 - main - INFO - Application managers initialized successfully
2025-03-25 21:16:44,428 - main - INFO - Application startup completed successfully
2025-03-25 21:16:53,944 - main - INFO - Client client-2439961050256 connected successfully
2025-03-25 21:36:05,019 - main - INFO - Client client-2439961050256 disconnected normally
2025-03-25 21:36:05,020 - main - INFO - Client client-2439961050256 connection cleaned up successfully
2025-03-25 21:36:05,124 - main - INFO - Starting application shutdown...
2025-03-25 21:36:05,134 - main - INFO - Application shutdown completed successfully
2025-03-25 21:36:24,530 - main - INFO - Starting application initialization...
2025-03-25 21:36:24,539 - main - INFO - Application managers initialized successfully
2025-03-25 21:36:25,738 - main - INFO - Application startup completed successfully
2025-03-25 21:36:25,838 - main - INFO - Starting application shutdown...
2025-03-25 21:36:25,844 - main - INFO - Application shutdown completed successfully
2025-03-25 21:36:29,874 - main - INFO - Starting application initialization...
2025-03-25 21:36:29,877 - main - INFO - Application managers initialized successfully
2025-03-25 21:36:30,114 - main - INFO - Application startup completed successfully
2025-03-25 21:37:36,566 - main - INFO - Client client-1824475012496 connected successfully
2025-03-25 21:37:42,576 - main - INFO - Client client-1824475012496 disconnected normally
2025-03-25 21:37:42,576 - main - INFO - Client client-1824475012496 connection cleaned up successfully
2025-03-25 21:37:48,292 - main - INFO - Client client-1824475385552 connected successfully
2025-03-25 21:43:43,372 - main - INFO - Client client-1824475385552 disconnected normally
2025-03-25 21:43:43,375 - main - INFO - Client client-1824475385552 connection cleaned up successfully
2025-03-25 21:43:43,480 - main - INFO - Starting application shutdown...
2025-03-25 21:43:43,492 - main - INFO - Application shutdown completed successfully
2025-03-25 21:55:41,132 - main - INFO - Starting application initialization...
2025-03-25 21:55:41,137 - main - INFO - Application managers initialized successfully
2025-03-25 21:55:43,324 - main - INFO - Application startup completed successfully
2025-03-25 21:56:52,014 - main - INFO - Client client-2411654750544 connected successfully
2025-03-25 21:57:05,888 - main - INFO - Client client-2411654750544 disconnected normally
2025-03-25 21:57:05,888 - main - INFO - Client client-2411654750544 connection cleaned up successfully
2025-03-25 21:57:06,623 - main - INFO - Client client-2411654759248 connected successfully
2025-03-25 22:00:04,474 - main - INFO - Client client-2411654759248 disconnected normally
2025-03-25 22:00:04,475 - main - INFO - Client client-2411654759248 connection cleaned up successfully
2025-03-25 22:00:05,529 - main - INFO - Client client-2411654754960 connected successfully
2025-03-25 22:01:40,667 - main - INFO - Client client-2411654754960 disconnected normally
2025-03-25 22:01:40,668 - main - INFO - Client client-2411654754960 connection cleaned up successfully
2025-03-25 22:01:40,776 - main - INFO - Starting application shutdown...
2025-03-25 22:01:40,786 - main - INFO - Application shutdown completed successfully
2025-03-25 22:01:54,427 - main - INFO - Starting application initialization...
2025-03-25 22:01:54,429 - main - INFO - Application managers initialized successfully
2025-03-25 22:01:55,767 - main - INFO - Application startup completed successfully
2025-03-25 22:02:13,391 - main - INFO - Client client-2290337232656 connected successfully
2025-03-25 22:03:11,984 - main - INFO - Client client-2290337232656 disconnected normally
2025-03-25 22:03:11,986 - main - INFO - Client client-2290337232656 connection cleaned up successfully
2025-03-25 22:03:12,097 - main - INFO - Starting application shutdown...
2025-03-25 22:03:12,109 - main - INFO - Application shutdown completed successfully
2025-03-25 22:50:29,059 - main - INFO - Starting application initialization...
2025-03-25 22:50:29,061 - main - INFO - Application managers initialized successfully
2025-03-25 22:50:31,339 - main - INFO - Application startup completed successfully
2025-03-25 22:50:31,619 - main - INFO - Client client-2134302220880 connected successfully
2025-03-25 22:51:13,682 - main - INFO - Client client-2134302220880 disconnected normally
2025-03-25 22:51:13,683 - main - INFO - Client client-2134302220880 connection cleaned up successfully
2025-03-25 22:51:13,789 - main - INFO - Starting application shutdown...
2025-03-25 22:51:13,799 - main - INFO - Application shutdown completed successfully
2025-03-25 22:52:16,976 - main - INFO - Starting application initialization...
2025-03-25 22:52:16,977 - main - INFO - Application managers initialized successfully
2025-03-25 22:52:18,308 - main - INFO - Application startup completed successfully
2025-03-25 22:52:28,062 - main - INFO - Client client-1860872382928 connected successfully
2025-03-25 22:54:26,180 - main - INFO - Client client-1860872382928 disconnected normally
2025-03-25 22:54:26,181 - main - INFO - Client client-1860872382928 connection cleaned up successfully
2025-03-25 22:54:26,288 - main - INFO - Starting application shutdown...
2025-03-25 22:54:26,298 - main - INFO - Application shutdown completed successfully
2025-03-25 22:58:42,207 - main - INFO - Starting application initialization...
2025-03-25 22:58:42,212 - main - INFO - Application managers initialized successfully
2025-03-25 22:58:43,414 - main - INFO - Application startup completed successfully
2025-03-25 22:58:56,581 - main - INFO - Client client-2648199620880 connected successfully
2025-03-25 23:00:51,759 - main - INFO - Client client-2648199620880 disconnected normally
2025-03-25 23:00:51,759 - main - INFO - Client client-2648199620880 connection cleaned up successfully
2025-03-25 23:01:01,626 - main - INFO - Starting application shutdown...
2025-03-25 23:01:01,632 - main - INFO - Application shutdown completed successfully
2025-03-25 23:03:10,007 - main - INFO - Starting application initialization...
2025-03-25 23:03:10,010 - main - INFO - Application managers initialized successfully
2025-03-25 23:03:11,839 - main - INFO - Application startup completed successfully
2025-03-25 23:03:25,430 - main - INFO - Client client-1989982517200 connected successfully
2025-03-25 23:03:36,966 - main - INFO - Client client-1989982517200 disconnected normally
2025-03-25 23:03:36,967 - main - INFO - Client client-1989982517200 connection cleaned up successfully
2025-03-25 23:03:37,726 - main - INFO - Client client-1989982441040 connected successfully
2025-03-25 23:04:30,170 - main - INFO - Client client-1989982441040 disconnected normally
2025-03-25 23:04:30,170 - main - INFO - Client client-1989982441040 connection cleaned up successfully
2025-03-25 23:04:30,891 - main - INFO - Client client-1989982444560 connected successfully
2025-03-25 23:04:48,377 - main - INFO - Client client-1989982444560 disconnected normally
2025-03-25 23:04:48,377 - main - INFO - Client client-1989982444560 connection cleaned up successfully
2025-03-25 23:04:49,089 - main - INFO - Client client-1989982397520 connected successfully
2025-03-25 23:05:09,472 - main - INFO - Client client-1989982397520 disconnected normally
2025-03-25 23:05:09,473 - main - INFO - Client client-1989982397520 connection cleaned up successfully
2025-03-25 23:05:10,487 - main - INFO - Client client-1989982516816 connected successfully
2025-03-25 23:05:19,129 - main - INFO - Client client-1989982516816 disconnected normally
2025-03-25 23:05:19,129 - main - INFO - Client client-1989982516816 connection cleaned up successfully
2025-03-25 23:05:19,874 - main - INFO - Client client-1989982403216 connected successfully
2025-03-25 23:07:58,879 - main - INFO - Client client-1989982403216 disconnected normally
2025-03-25 23:07:58,879 - main - INFO - Client client-1989982403216 connection cleaned up successfully
2025-03-25 23:07:58,993 - main - INFO - Starting application shutdown...
2025-03-25 23:07:59,007 - main - INFO - Application shutdown completed successfully
2025-03-25 23:08:17,195 - main - INFO - Starting application initialization...
2025-03-25 23:08:17,200 - main - INFO - Application managers initialized successfully
2025-03-25 23:08:17,438 - main - INFO - Application startup completed successfully
2025-03-25 23:08:17,682 - main - INFO - Client client-3044308741776 connected successfully
2025-03-25 23:08:48,865 - main - INFO - Client client-3044308741776 disconnected normally
2025-03-25 23:08:48,867 - main - INFO - Client client-3044308741776 connection cleaned up successfully
2025-03-25 23:08:48,982 - main - INFO - Starting application shutdown...
2025-03-25 23:08:48,994 - main - INFO - Application shutdown completed successfully
2025-03-25 23:08:51,302 - main - INFO - Starting application initialization...
2025-03-25 23:08:51,304 - main - INFO - Application managers initialized successfully
2025-03-25 23:08:51,535 - main - INFO - Application startup completed successfully
2025-03-25 23:10:05,413 - main - INFO - Starting application shutdown...
2025-03-25 23:10:05,423 - main - INFO - Application shutdown completed successfully
