2025-03-26 16:56:13,396 - main - INFO - Starting application initialization...
2025-03-26 16:56:13,400 - main - INFO - Application managers initialized successfully
2025-03-26 16:56:15,738 - main - INFO - Application startup completed successfully
2025-03-26 16:56:16,087 - main - INFO - Client client-2266475211920 connected successfully
2025-03-26 16:57:28,797 - main - INFO - Client client-2266475211920 disconnected normally
2025-03-26 16:57:28,798 - main - INFO - Client client-2266475211920 connection cleaned up successfully
2025-03-26 16:57:29,587 - main - INFO - Client client-2266475142928 connected successfully
2025-03-26 16:57:46,292 - main - INFO - Client client-2266475142928 disconnected normally
2025-03-26 16:57:46,293 - main - INFO - Client client-2266475142928 connection cleaned up successfully
2025-03-26 16:57:47,840 - main - INFO - Client client-2266475110928 connected successfully
2025-03-26 17:00:08,689 - main - INFO - Client client-2266475110928 disconnected normally
2025-03-26 17:00:08,690 - main - INFO - Client client-2266475110928 connection cleaned up successfully
2025-03-26 17:00:09,912 - main - INFO - Client client-2266475410192 connected successfully
2025-03-26 17:04:24,126 - main - INFO - Client client-2266475410192 disconnected normally
2025-03-26 17:04:24,127 - main - INFO - Client client-2266475410192 connection cleaned up successfully
2025-03-26 17:05:02,044 - main - INFO - Starting application initialization...
2025-03-26 17:05:02,048 - main - INFO - Application managers initialized successfully
2025-03-26 17:05:02,412 - main - INFO - Application startup completed successfully
2025-03-26 17:05:03,528 - main - INFO - Client client-2041829239120 connected successfully
2025-03-26 17:05:49,418 - main - INFO - Client client-2041829239120 disconnected normally
2025-03-26 17:05:49,420 - main - INFO - Client client-2041829239120 connection cleaned up successfully
2025-03-26 17:05:49,525 - main - INFO - Starting application shutdown...
2025-03-26 17:05:49,535 - main - INFO - Application shutdown completed successfully
2025-03-26 17:06:23,200 - main - INFO - Starting application initialization...
2025-03-26 17:06:23,201 - main - INFO - Application managers initialized successfully
2025-03-26 17:06:24,407 - main - INFO - Application startup completed successfully
2025-03-26 17:06:33,922 - main - INFO - Client client-1481727194384 connected successfully
2025-03-26 17:33:39,702 - main - INFO - Client client-1481727194384 disconnected normally
2025-03-26 17:33:39,704 - main - INFO - Client client-1481727194384 connection cleaned up successfully
2025-03-26 17:33:39,811 - main - INFO - Starting application shutdown...
2025-03-26 17:33:39,818 - main - INFO - Application shutdown completed successfully
2025-03-26 17:34:01,094 - main - INFO - Starting application initialization...
2025-03-26 17:34:01,097 - main - INFO - Application managers initialized successfully
2025-03-26 17:34:02,343 - main - INFO - Application startup completed successfully
2025-03-26 17:34:37,005 - main - INFO - Starting application shutdown...
2025-03-26 17:34:37,008 - main - INFO - Application shutdown completed successfully
2025-03-26 17:34:40,103 - main - INFO - Starting application initialization...
2025-03-26 17:34:40,105 - main - INFO - Application managers initialized successfully
2025-03-26 17:34:41,274 - main - INFO - Application startup completed successfully
2025-03-26 17:34:41,309 - main - INFO - Starting application shutdown...
2025-03-26 17:34:41,312 - main - INFO - Application shutdown completed successfully
2025-03-26 17:34:44,364 - main - INFO - Starting application initialization...
2025-03-26 17:34:44,365 - main - INFO - Application managers initialized successfully
2025-03-26 17:34:45,530 - main - INFO - Application startup completed successfully
2025-03-26 17:35:20,291 - main - INFO - Starting application shutdown...
2025-03-26 17:35:20,295 - main - INFO - Application shutdown completed successfully
2025-03-26 17:35:23,397 - main - INFO - Starting application initialization...
2025-03-26 17:35:23,400 - main - INFO - Application managers initialized successfully
2025-03-26 17:35:24,584 - main - INFO - Application startup completed successfully
2025-03-26 17:35:24,614 - main - INFO - Starting application shutdown...
2025-03-26 17:35:24,617 - main - INFO - Application shutdown completed successfully
2025-03-26 17:35:27,645 - main - INFO - Starting application initialization...
2025-03-26 17:35:27,647 - main - INFO - Application managers initialized successfully
2025-03-26 17:35:28,816 - main - INFO - Application startup completed successfully
2025-03-26 17:35:28,855 - main - INFO - Starting application shutdown...
2025-03-26 17:35:28,859 - main - INFO - Application shutdown completed successfully
2025-03-26 17:35:31,869 - main - INFO - Starting application initialization...
2025-03-26 17:35:31,871 - main - INFO - Application managers initialized successfully
2025-03-26 17:35:33,056 - main - INFO - Application startup completed successfully
2025-03-26 17:35:33,095 - main - INFO - Starting application shutdown...
2025-03-26 17:35:33,100 - main - INFO - Application shutdown completed successfully
2025-03-26 17:35:36,302 - main - INFO - Starting application initialization...
2025-03-26 17:35:36,305 - main - INFO - Application managers initialized successfully
2025-03-26 17:35:37,473 - main - INFO - Application startup completed successfully
2025-03-26 17:36:12,176 - main - INFO - Starting application shutdown...
2025-03-26 17:36:12,180 - main - INFO - Application shutdown completed successfully
2025-03-26 17:40:48,741 - main - INFO - Starting application initialization...
2025-03-26 17:40:48,742 - main - INFO - Application managers initialized successfully
2025-03-26 17:40:50,971 - main - INFO - Application startup completed successfully
2025-03-26 17:55:36,095 - main - INFO - Client client-1514113197712 connected successfully
2025-03-26 17:59:08,074 - main - INFO - Starting application initialization...
2025-03-26 17:59:08,076 - main - INFO - Application managers initialized successfully
2025-03-26 17:59:09,462 - main - INFO - Application startup completed successfully
2025-03-26 17:59:11,465 - main - INFO - Client client-1243421548496 connected successfully
2025-03-26 18:00:07,038 - main - INFO - Client client-1243421548496 disconnected normally
2025-03-26 18:00:07,039 - main - INFO - Client client-1243421548496 connection cleaned up successfully
2025-03-26 18:00:08,346 - main - INFO - Client client-1243421553936 connected successfully
2025-03-26 18:05:23,009 - main - INFO - Client client-1243421553936 disconnected normally
2025-03-26 18:37:33,818 - main - INFO - Client client-1243421553936 connection cleaned up successfully
2025-03-26 18:40:06,239 - main - INFO - Client client-1242838951440 connected successfully
2025-03-26 19:06:00,027 - main - INFO - Client client-1242838951440 disconnected normally
2025-03-26 19:06:08,681 - main - INFO - Client client-1242838951440 connection cleaned up successfully
2025-03-26 19:06:13,886 - main - INFO - Client client-1243421744336 connected successfully
2025-03-26 19:31:17,994 - main - INFO - Client client-1243421744336 disconnected normally
2025-03-26 19:31:17,995 - main - INFO - Client client-1243421744336 connection cleaned up successfully
2025-03-26 19:31:24,116 - main - INFO - Client client-1243421671568 connected successfully
2025-03-26 19:41:16,565 - main - INFO - Client client-1243421671568 disconnected normally
2025-03-26 19:41:16,650 - main - INFO - Client client-1243421671568 connection cleaned up successfully
2025-03-26 19:41:19,009 - main - INFO - Client client-1243421808080 connected successfully
2025-03-26 19:53:16,050 - main - INFO - Client client-1243421808080 disconnected normally
2025-03-26 19:53:16,053 - main - INFO - Client client-1243421808080 connection cleaned up successfully
2025-03-26 19:53:20,931 - main - INFO - Client client-1243421747408 connected successfully
2025-03-26 19:58:53,212 - main - INFO - Client client-1243421747408 disconnected normally
2025-03-26 19:58:53,212 - main - INFO - Client client-1243421747408 connection cleaned up successfully
2025-03-26 19:58:58,985 - main - INFO - Client client-1243422010064 connected successfully
2025-03-26 20:37:14,809 - main - INFO - Client client-1243422010064 disconnected normally
2025-03-26 20:37:14,813 - main - INFO - Client client-1243422010064 connection cleaned up successfully
