2025-03-25 21:16:58,385 - meca_router - INFO - Starting wafer pickup sequence from 1 to 5
2025-03-25 21:16:58,387 - meca_router - INFO - Processing wafer 1 of 5
2025-03-25 21:16:58,387 - meca_router - INFO - Setting initial parameters
2025-03-25 21:16:58,399 - meca_router - INFO - Moving to position for wafer 1
2025-03-25 21:16:58,401 - meca_router - INFO - Closing gripper to pick up wafer
2025-03-25 21:16:58,405 - meca_router - INFO - Moving up with wafer
2025-03-25 21:16:58,412 - meca_router - INFO - Moving to safe point
2025-03-25 21:16:58,414 - meca_router - INFO - Moving to drop position 5
2025-03-25 21:16:58,427 - meca_router - INFO - Opening gripper to release wafer
2025-03-25 21:16:58,429 - meca_router - INFO - Moving up from placement position
2025-03-25 21:16:58,431 - meca_router - INFO - Returning to safe point
2025-03-25 21:16:58,433 - meca_router - INFO - Processing wafer 2 of 5
2025-03-25 21:16:58,437 - meca_router - INFO - Moving to position for wafer 2
2025-03-25 21:16:58,443 - meca_router - INFO - Closing gripper to pick up wafer
2025-03-25 21:16:58,445 - meca_router - INFO - Moving up with wafer
2025-03-25 21:16:58,450 - meca_router - INFO - Moving to safe point
2025-03-25 21:16:58,452 - meca_router - INFO - Moving to drop position 4
2025-03-25 21:16:58,455 - meca_router - INFO - Opening gripper to release wafer
2025-03-25 21:16:58,460 - meca_router - INFO - Moving up from placement position
2025-03-25 21:16:58,460 - meca_router - INFO - Returning to safe point
2025-03-25 21:16:58,462 - meca_router - INFO - Processing wafer 3 of 5
2025-03-25 21:16:58,466 - meca_router - INFO - Moving to position for wafer 3
2025-03-25 21:16:58,469 - meca_router - INFO - Closing gripper to pick up wafer
2025-03-25 21:16:58,472 - meca_router - INFO - Moving up with wafer
2025-03-25 21:16:58,478 - meca_router - INFO - Moving to safe point
2025-03-25 21:16:58,480 - meca_router - INFO - Moving to drop position 3
2025-03-25 21:16:58,483 - meca_router - INFO - Opening gripper to release wafer
2025-03-25 21:16:58,485 - meca_router - INFO - Moving up from placement position
2025-03-25 21:16:58,487 - meca_router - INFO - Returning to safe point
2025-03-25 21:16:58,491 - meca_router - INFO - Processing wafer 4 of 5
2025-03-25 21:16:58,495 - meca_router - INFO - Moving to position for wafer 4
2025-03-25 21:16:58,497 - meca_router - INFO - Closing gripper to pick up wafer
2025-03-25 21:16:58,500 - meca_router - INFO - Moving up with wafer
2025-03-25 21:16:58,507 - meca_router - INFO - Moving to safe point
2025-03-25 21:16:58,509 - meca_router - INFO - Moving to drop position 2
2025-03-25 21:16:58,512 - meca_router - INFO - Opening gripper to release wafer
2025-03-25 21:16:58,514 - meca_router - INFO - Moving up from placement position
2025-03-25 21:16:58,516 - meca_router - INFO - Returning to safe point
2025-03-25 21:16:58,518 - meca_router - INFO - Processing wafer 5 of 5
2025-03-25 21:16:58,522 - meca_router - INFO - Moving to position for wafer 5
2025-03-25 21:16:58,527 - meca_router - INFO - Closing gripper to pick up wafer
2025-03-25 21:16:58,529 - meca_router - INFO - Moving up with wafer
2025-03-25 21:16:58,534 - meca_router - INFO - Moving to safe point
2025-03-25 21:16:58,536 - meca_router - INFO - Moving to drop position 1
2025-03-25 21:16:58,541 - meca_router - INFO - Opening gripper to release wafer
2025-03-25 21:16:58,543 - meca_router - INFO - Moving up from placement position
2025-03-25 21:16:58,544 - meca_router - INFO - Returning to safe point
2025-03-25 21:16:58,548 - meca_router - INFO - Successfully completed wafer pickup sequence
2025-03-25 21:24:04,803 - meca_router - INFO - Starting wafer drop sequence from 1 to 5
2025-03-25 21:24:04,805 - meca_router - INFO - Processing wafer 1 drop from spreader to baking tray
2025-03-25 21:24:04,827 - meca_router - INFO - Processing wafer 2 drop from spreader to baking tray
2025-03-25 21:24:04,850 - meca_router - INFO - Processing wafer 3 drop from spreader to baking tray
2025-03-25 21:24:04,875 - meca_router - INFO - Processing wafer 4 drop from spreader to baking tray
2025-03-25 21:24:04,896 - meca_router - INFO - Processing wafer 5 drop from spreader to baking tray
2025-03-25 21:24:04,916 - meca_router - INFO - Successfully completed wafer drop sequence
2025-03-25 21:24:04,917 - meca_router - INFO - Returning robot to home position
2025-03-25 21:25:22,137 - meca_router - INFO - Robot successfully returned to home position
2025-03-25 21:38:09,913 - meca_router - INFO - Starting carousel sequence for wafers 1 to 11
2025-03-25 21:38:09,916 - meca_router - INFO - Processing wafer 1 from baking tray to carousel
2025-03-25 21:38:09,948 - meca_router - INFO - Processing wafer 2 from baking tray to carousel
2025-03-25 21:38:09,975 - meca_router - INFO - Processing wafer 3 from baking tray to carousel
2025-03-25 21:38:10,008 - meca_router - INFO - Processing wafer 4 from baking tray to carousel
2025-03-25 21:38:10,040 - meca_router - INFO - Processing wafer 5 from baking tray to carousel
2025-03-25 21:38:10,072 - meca_router - INFO - Processing wafer 6 from baking tray to carousel
2025-03-25 21:38:10,101 - meca_router - INFO - Processing wafer 7 from baking tray to carousel
2025-03-25 21:38:10,133 - meca_router - INFO - Processing wafer 8 from baking tray to carousel
2025-03-25 21:38:10,165 - meca_router - INFO - Processing wafer 9 from baking tray to carousel
2025-03-25 21:38:10,194 - meca_router - INFO - Processing wafer 10 from baking tray to carousel
2025-03-25 21:38:10,223 - meca_router - INFO - Processing wafer 11 from baking tray to carousel
2025-03-25 21:38:10,250 - meca_router - INFO - Successfully completed carousel placement sequence
2025-03-25 21:59:16,079 - meca_router - INFO - Starting carousel sequence for wafers 1 to 11
2025-03-25 21:59:16,084 - meca_router - ERROR - Error in carousel sequence: Automatically disconnected as a result of exception, set 'disconnect_on_exception' to False to disable.
2025-03-25 21:59:27,846 - meca_router - INFO - Starting carousel sequence for wafers 1 to 11
2025-03-25 21:59:27,953 - meca_router - ERROR - Error in carousel sequence: Automatically disconnected as a result of exception, set 'disconnect_on_exception' to False to disable.
2025-03-25 22:00:25,909 - meca_router - INFO - Starting carousel sequence for wafers 1 to 11
2025-03-25 22:00:25,915 - meca_router - ERROR - Error in carousel sequence: Automatically disconnected as a result of exception, set 'disconnect_on_exception' to False to disable.
2025-03-25 22:00:29,321 - meca_router - INFO - Starting carousel sequence for wafers 1 to 11
2025-03-25 22:00:29,325 - meca_router - ERROR - Error in carousel sequence: Automatically disconnected as a result of exception, set 'disconnect_on_exception' to False to disable.
2025-03-25 22:00:34,571 - meca_router - INFO - Starting carousel sequence for wafers 1 to 11
2025-03-25 22:00:34,574 - meca_router - ERROR - Error in carousel sequence: Automatically disconnected as a result of exception, set 'disconnect_on_exception' to False to disable.
2025-03-25 22:02:14,194 - meca_router - INFO - Starting carousel sequence for wafers 1 to 11
2025-03-25 22:02:14,197 - meca_router - INFO - Processing wafer 1 from baking tray to carousel
2025-03-25 22:02:14,228 - meca_router - INFO - Processing wafer 2 from baking tray to carousel
2025-03-25 22:02:14,262 - meca_router - INFO - Processing wafer 3 from baking tray to carousel
2025-03-25 22:02:14,289 - meca_router - INFO - Processing wafer 4 from baking tray to carousel
2025-03-25 22:02:14,306 - meca_router - INFO - Processing wafer 5 from baking tray to carousel
2025-03-25 22:02:14,323 - meca_router - INFO - Processing wafer 6 from baking tray to carousel
2025-03-25 22:02:14,340 - meca_router - INFO - Processing wafer 7 from baking tray to carousel
2025-03-25 22:02:14,357 - meca_router - INFO - Processing wafer 8 from baking tray to carousel
2025-03-25 22:02:14,369 - meca_router - INFO - Processing wafer 9 from baking tray to carousel
2025-03-25 22:02:14,381 - meca_router - INFO - Processing wafer 10 from baking tray to carousel
2025-03-25 22:02:14,394 - meca_router - INFO - Processing wafer 11 from baking tray to carousel
2025-03-25 22:02:14,406 - meca_router - INFO - Successfully completed carousel placement sequence
2025-03-25 22:52:37,701 - meca_router - INFO - Starting carousel sequence for wafers 1 to 11
2025-03-25 22:52:37,706 - meca_router - INFO - Processing wafer 1 from baking tray to carousel
2025-03-25 22:52:37,746 - meca_router - INFO - Processing wafer 2 from baking tray to carousel
2025-03-25 22:52:37,783 - meca_router - INFO - Processing wafer 3 from baking tray to carousel
2025-03-25 22:52:37,808 - meca_router - INFO - Processing wafer 4 from baking tray to carousel
2025-03-25 22:52:37,853 - meca_router - INFO - Processing wafer 5 from baking tray to carousel
2025-03-25 22:52:37,887 - meca_router - INFO - Processing wafer 6 from baking tray to carousel
2025-03-25 22:52:37,944 - meca_router - INFO - Processing wafer 7 from baking tray to carousel
2025-03-25 22:52:37,983 - meca_router - INFO - Processing wafer 8 from baking tray to carousel
2025-03-25 22:52:38,030 - meca_router - INFO - Processing wafer 9 from baking tray to carousel
2025-03-25 22:52:38,080 - meca_router - INFO - Processing wafer 10 from baking tray to carousel
2025-03-25 22:52:38,125 - meca_router - INFO - Processing wafer 11 from baking tray to carousel
2025-03-25 22:52:38,176 - meca_router - INFO - Successfully completed carousel placement sequence
2025-03-25 22:59:04,578 - meca_router - INFO - Starting carousel sequence for wafers 1 to 11
2025-03-25 22:59:04,581 - meca_router - INFO - Processing wafer 1 from baking tray to carousel
2025-03-25 22:59:04,614 - meca_router - INFO - Processing wafer 2 from baking tray to carousel
2025-03-25 22:59:04,661 - meca_router - INFO - Processing wafer 3 from baking tray to carousel
2025-03-25 22:59:04,706 - meca_router - INFO - Processing wafer 4 from baking tray to carousel
2025-03-25 22:59:04,755 - meca_router - INFO - Processing wafer 5 from baking tray to carousel
2025-03-25 22:59:04,812 - meca_router - INFO - Processing wafer 6 from baking tray to carousel
2025-03-25 22:59:04,860 - meca_router - INFO - Processing wafer 7 from baking tray to carousel
2025-03-25 22:59:04,904 - meca_router - INFO - Processing wafer 8 from baking tray to carousel
2025-03-25 22:59:04,951 - meca_router - INFO - Processing wafer 9 from baking tray to carousel
2025-03-25 22:59:04,998 - meca_router - INFO - Processing wafer 10 from baking tray to carousel
2025-03-25 22:59:05,044 - meca_router - INFO - Processing wafer 11 from baking tray to carousel
2025-03-25 22:59:05,092 - meca_router - INFO - Successfully completed carousel placement sequence
2025-03-25 23:03:28,441 - meca_router - INFO - Starting carousel sequence for wafers 1 to 11
2025-03-25 23:03:28,443 - meca_router - ERROR - Error in carousel sequence: Automatically disconnected as a result of exception, set 'disconnect_on_exception' to False to disable.
2025-03-25 23:05:04,740 - meca_router - INFO - Starting carousel sequence for wafers 1 to 11
2025-03-25 23:05:04,745 - meca_router - ERROR - Error in carousel sequence: Automatically disconnected as a result of exception, set 'disconnect_on_exception' to False to disable.
2025-03-25 23:05:07,560 - meca_router - INFO - Starting carousel sequence for wafers 1 to 11
2025-03-25 23:05:07,562 - meca_router - ERROR - Error in carousel sequence: Automatically disconnected as a result of exception, set 'disconnect_on_exception' to False to disable.
2025-03-25 23:05:11,219 - meca_router - INFO - Starting carousel sequence for wafers 1 to 11
2025-03-25 23:05:11,221 - meca_router - ERROR - Error in carousel sequence: Automatically disconnected as a result of exception, set 'disconnect_on_exception' to False to disable.
2025-03-25 23:05:25,799 - meca_router - INFO - Starting carousel sequence for wafers 1 to 11
2025-03-25 23:05:25,805 - meca_router - ERROR - Error in carousel sequence: Automatically disconnected as a result of exception, set 'disconnect_on_exception' to False to disable.
2025-03-25 23:08:22,648 - meca_router - INFO - Starting carousel sequence for wafers 1 to 11
2025-03-25 23:08:22,654 - meca_router - ERROR - Error setting initial configuration: This command requires robot to be homed.
2025-03-25 23:08:22,658 - meca_router - INFO - Processing wafer 1 from baking tray to carousel
2025-03-25 23:08:22,666 - meca_router - ERROR - Error preparing gripper: This command requires robot to be homed.
2025-03-25 23:08:22,681 - meca_router - ERROR - Error picking up wafer from baking tray: This command requires robot to be homed.
2025-03-25 23:08:22,684 - meca_router - INFO - Processing wafer 2 from baking tray to carousel
2025-03-25 23:08:22,688 - meca_router - ERROR - Error preparing gripper: This command requires robot to be homed.
2025-03-25 23:08:22,700 - meca_router - ERROR - Error picking up wafer from baking tray: This command requires robot to be homed.
2025-03-25 23:08:22,703 - meca_router - INFO - Processing wafer 3 from baking tray to carousel
2025-03-25 23:08:22,707 - meca_router - ERROR - Error preparing gripper: This command requires robot to be homed.
2025-03-25 23:08:22,722 - meca_router - ERROR - Error picking up wafer from baking tray: This command requires robot to be homed.
2025-03-25 23:08:22,726 - meca_router - INFO - Processing wafer 4 from baking tray to carousel
2025-03-25 23:08:22,731 - meca_router - ERROR - Error preparing gripper: This command requires robot to be homed.
2025-03-25 23:08:22,743 - meca_router - ERROR - Error picking up wafer from baking tray: This command requires robot to be homed.
2025-03-25 23:08:22,746 - meca_router - INFO - Processing wafer 5 from baking tray to carousel
2025-03-25 23:08:22,749 - meca_router - ERROR - Error preparing gripper: This command requires robot to be homed.
2025-03-25 23:08:22,759 - meca_router - ERROR - Error picking up wafer from baking tray: This command requires robot to be homed.
2025-03-25 23:08:22,762 - meca_router - INFO - Processing wafer 6 from baking tray to carousel
2025-03-25 23:08:22,766 - meca_router - ERROR - Error preparing gripper: This command requires robot to be homed.
2025-03-25 23:08:22,776 - meca_router - ERROR - Error picking up wafer from baking tray: This command requires robot to be homed.
2025-03-25 23:08:22,779 - meca_router - INFO - Processing wafer 7 from baking tray to carousel
2025-03-25 23:08:22,782 - meca_router - ERROR - Error preparing gripper: This command requires robot to be homed.
2025-03-25 23:08:22,793 - meca_router - ERROR - Error picking up wafer from baking tray: This command requires robot to be homed.
2025-03-25 23:08:22,796 - meca_router - INFO - Processing wafer 8 from baking tray to carousel
2025-03-25 23:08:22,799 - meca_router - ERROR - Error preparing gripper: This command requires robot to be homed.
2025-03-25 23:08:22,809 - meca_router - ERROR - Error picking up wafer from baking tray: This command requires robot to be homed.
2025-03-25 23:08:22,812 - meca_router - INFO - Processing wafer 9 from baking tray to carousel
2025-03-25 23:08:22,815 - meca_router - ERROR - Error preparing gripper: This command requires robot to be homed.
2025-03-25 23:08:22,825 - meca_router - ERROR - Error picking up wafer from baking tray: This command requires robot to be homed.
2025-03-25 23:08:22,828 - meca_router - INFO - Processing wafer 10 from baking tray to carousel
2025-03-25 23:08:22,831 - meca_router - ERROR - Error preparing gripper: This command requires robot to be homed.
2025-03-25 23:08:22,842 - meca_router - ERROR - Error picking up wafer from baking tray: This command requires robot to be homed.
2025-03-25 23:08:22,844 - meca_router - INFO - Processing wafer 11 from baking tray to carousel
2025-03-25 23:08:22,848 - meca_router - ERROR - Error preparing gripper: This command requires robot to be homed.
2025-03-25 23:08:22,858 - meca_router - ERROR - Error picking up wafer from baking tray: This command requires robot to be homed.
2025-03-25 23:08:22,862 - meca_router - INFO - Successfully completed carousel placement sequence
