2025-03-26 16:57:09,850 - meca_router - INFO - Starting carousel sequence for wafers 1 to 11
2025-03-26 16:57:09,856 - meca_router - ERROR - Error in carousel sequence: Automatically disconnected as a result of exception, set 'disconnect_on_exception' to False to disable.
2025-03-26 16:57:21,400 - meca_router - INFO - Starting carousel sequence for wafers 1 to 11
2025-03-26 16:57:21,405 - meca_router - ERROR - Error in carousel sequence: Automatically disconnected as a result of exception, set 'disconnect_on_exception' to False to disable.
2025-03-26 16:57:26,673 - meca_router - INFO - Starting carousel sequence for wafers 1 to 11
2025-03-26 16:57:26,678 - meca_router - ERROR - Error in carousel sequence: Automatically disconnected as a result of exception, set 'disconnect_on_exception' to False to disable.
2025-03-26 16:57:30,621 - meca_router - INFO - Starting carousel sequence for wafers 1 to 11
2025-03-26 16:57:30,623 - meca_router - ERROR - Error in carousel sequence: Automatically disconnected as a result of exception, set 'disconnect_on_exception' to False to disable.
2025-03-26 16:57:54,957 - meca_router - INFO - Starting carousel sequence for wafers 1 to 11
2025-03-26 16:57:54,962 - meca_router - ERROR - Error in carousel sequence: Automatically disconnected as a result of exception, set 'disconnect_on_exception' to False to disable.
2025-03-26 17:00:11,689 - meca_router - INFO - Starting carousel sequence for wafers 1 to 11
2025-03-26 17:00:11,695 - meca_router - ERROR - Error in carousel sequence: Automatically disconnected as a result of exception, set 'disconnect_on_exception' to False to disable.
2025-03-26 17:05:11,957 - meca_router - INFO - Starting carousel sequence for wafers 1 to 11
2025-03-26 17:05:11,961 - meca_router - ERROR - Error in carousel sequence: This command requires robot to be homed.
2025-03-26 17:06:34,578 - meca_router - INFO - Starting carousel sequence for wafers 1 to 11
2025-03-26 17:06:34,581 - meca_router - INFO - Processing wafer 1 from baking tray to carousel
2025-03-26 17:06:34,608 - meca_router - INFO - Processing wafer 2 from baking tray to carousel
2025-03-26 17:06:34,642 - meca_router - INFO - Processing wafer 3 from baking tray to carousel
2025-03-26 17:06:34,660 - meca_router - INFO - Processing wafer 4 from baking tray to carousel
2025-03-26 17:06:34,674 - meca_router - INFO - Processing wafer 5 from baking tray to carousel
2025-03-26 17:06:34,686 - meca_router - INFO - Processing wafer 6 from baking tray to carousel
2025-03-26 17:06:34,698 - meca_router - INFO - Processing wafer 7 from baking tray to carousel
2025-03-26 17:06:34,714 - meca_router - INFO - Processing wafer 8 from baking tray to carousel
2025-03-26 17:06:34,729 - meca_router - INFO - Processing wafer 9 from baking tray to carousel
2025-03-26 17:06:34,743 - meca_router - INFO - Processing wafer 10 from baking tray to carousel
2025-03-26 17:06:34,757 - meca_router - INFO - Processing wafer 11 from baking tray to carousel
2025-03-26 17:06:34,771 - meca_router - INFO - Successfully completed carousel placement sequence
2025-03-26 17:55:39,095 - meca_router - INFO - Starting carousel sequence for wafers 1 to 11
2025-03-26 17:55:39,098 - meca_router - INFO - Setting initial parameters
2025-03-26 17:55:39,117 - meca_router - ERROR - Error in carousel sequence: Automatically disconnected as a result of exception, set 'disconnect_on_exception' to False to disable.
2025-03-26 18:00:13,409 - meca_router - INFO - Starting carousel sequence for wafers 1 to 11
2025-03-26 18:00:13,411 - meca_router - INFO - Setting initial parameters
2025-03-26 18:00:13,420 - meca_router - INFO - Processing wafer 1 from baking tray to carousel
2025-03-26 18:00:13,448 - meca_router - INFO - Processing wafer 2 from baking tray to carousel
2025-03-26 18:00:13,470 - meca_router - INFO - Processing wafer 3 from baking tray to carousel
2025-03-26 18:00:13,491 - meca_router - INFO - Processing wafer 4 from baking tray to carousel
2025-03-26 18:00:13,512 - meca_router - INFO - Processing wafer 5 from baking tray to carousel
2025-03-26 18:00:13,528 - meca_router - INFO - Processing wafer 6 from baking tray to carousel
2025-03-26 18:00:13,541 - meca_router - INFO - Processing wafer 7 from baking tray to carousel
2025-03-26 18:00:13,555 - meca_router - INFO - Processing wafer 8 from baking tray to carousel
2025-03-26 18:00:13,568 - meca_router - INFO - Processing wafer 9 from baking tray to carousel
2025-03-26 18:00:13,584 - meca_router - INFO - Processing wafer 10 from baking tray to carousel
2025-03-26 18:00:13,599 - meca_router - INFO - Processing wafer 11 from baking tray to carousel
2025-03-26 18:00:13,614 - meca_router - INFO - Successfully completed carousel placement sequence
