2025-07-30 08:02:13,658 - ot2_service - INFO - _on_start:445 - Registered robot ot2 with state manager
2025-07-30 08:02:13,662 - ot2_service - WARNING - _on_start:233 - OT2 robot ot2 connection failed: OT2 connection error: Cannot connect to host 169.254.49.202:31950 ssl:default [Connection refused]
2025-07-30 08:02:13,666 - ot2_service - ERROR - _check_for_active_runs:892 - Failed to check for active runs: OT2 connection error: Cannot connect to host 169.254.49.202:31950 ssl:default [Connection refused]
2025-07-30 08:02:13,667 - ot2_service - INFO - _start_health_monitoring:187 - Started health monitoring for OT2Service
2025-07-30 08:02:13,668 - ot2_service - INFO - start:141 - OT2Service service started
2025-07-30 08:02:13,679 - protocol_service - INFO - start:141 - ProtocolExecutionService service started
2025-07-30 08:02:13,713 - ot2_service - INFO - _health_monitoring_loop:212 - Robot connection state changed: None -> False
2025-07-30 08:02:13,714 - ot2_service - WARNING - _handle_connection_state_change:157 - OT2 robot ot2 connection lost
2025-07-30 08:03:06,751 - ot2_service - WARNING - _health_monitoring_loop:223 - Connection check timeout for OT2Service
2025-07-30 08:03:14,732 - ot2_service - WARNING - _health_monitoring_loop:223 - Connection check timeout for OT2Service
2025-07-30 08:03:22,734 - ot2_service - WARNING - _health_monitoring_loop:223 - Connection check timeout for OT2Service
2025-07-30 08:03:30,737 - ot2_service - WARNING - _health_monitoring_loop:223 - Connection check timeout for OT2Service
2025-07-30 08:03:38,749 - ot2_service - WARNING - _health_monitoring_loop:223 - Connection check timeout for OT2Service
2025-07-30 08:03:46,751 - ot2_service - WARNING - _health_monitoring_loop:223 - Connection check timeout for OT2Service
2025-07-30 08:06:02,311 - ot2_service - INFO - _health_monitoring_loop:212 - Robot connection state changed: False -> True
2025-07-30 08:06:02,314 - ot2_service - INFO - _handle_connection_state_change:150 - OT2 robot ot2 connection restored
2025-07-30 09:29:07,679 - ot2_service - INFO - _stop_health_monitoring:197 - Stopped health monitoring for OT2Service
2025-07-30 09:29:07,682 - ot2_service - INFO - stop:160 - OT2Service service stopped
2025-07-30 09:29:07,683 - protocol_service - INFO - _stop_health_monitoring:197 - Stopped health monitoring for ProtocolExecutionService
2025-07-30 09:29:07,685 - protocol_service - INFO - stop:160 - ProtocolExecutionService service stopped
2025-07-30 09:29:14,450 - ot2_service - INFO - _on_start:445 - Registered robot ot2 with state manager
2025-07-30 09:29:14,548 - ot2_service - INFO - _on_start:226 - OT2 robot ot2 connected successfully
2025-07-30 09:29:15,691 - ot2_service - INFO - _start_health_monitoring:187 - Started health monitoring for OT2Service
2025-07-30 09:29:15,693 - ot2_service - INFO - start:141 - OT2Service service started
2025-07-30 09:29:15,728 - protocol_service - INFO - start:141 - ProtocolExecutionService service started
2025-07-30 09:29:15,865 - ot2_service - INFO - _health_monitoring_loop:212 - Robot connection state changed: None -> True
2025-07-30 09:29:15,868 - ot2_service - INFO - _handle_connection_state_change:150 - OT2 robot ot2 connection restored
2025-07-30 09:29:40,221 - ot2_service - INFO - _stop_health_monitoring:197 - Stopped health monitoring for OT2Service
2025-07-30 09:29:40,223 - ot2_service - INFO - stop:160 - OT2Service service stopped
2025-07-30 09:29:40,226 - protocol_service - INFO - _stop_health_monitoring:197 - Stopped health monitoring for ProtocolExecutionService
2025-07-30 09:29:40,234 - protocol_service - INFO - stop:160 - ProtocolExecutionService service stopped
2025-07-30 09:29:46,659 - ot2_service - INFO - _on_start:470 - Registered robot ot2 with state manager
2025-07-30 09:29:46,732 - ot2_service - INFO - _on_start:226 - OT2 robot ot2 connected successfully
2025-07-30 09:29:46,832 - ot2_service - INFO - _start_health_monitoring:212 - Started health monitoring for OT2Service
2025-07-30 09:29:46,835 - ot2_service - INFO - start:166 - OT2Service service started
2025-07-30 09:29:46,848 - protocol_service - INFO - start:166 - ProtocolExecutionService service started
2025-07-30 09:29:46,958 - ot2_service - INFO - _health_monitoring_loop:237 - Robot connection state changed: None -> True
2025-07-30 09:29:46,960 - ot2_service - INFO - _handle_connection_state_change:150 - OT2 robot ot2 connection restored
2025-07-30 09:30:31,833 - ot2_service - INFO - _stop_health_monitoring:222 - Stopped health monitoring for OT2Service
2025-07-30 09:30:31,835 - ot2_service - INFO - stop:185 - OT2Service service stopped
2025-07-30 09:30:31,836 - protocol_service - INFO - _stop_health_monitoring:222 - Stopped health monitoring for ProtocolExecutionService
2025-07-30 09:30:31,837 - protocol_service - INFO - stop:185 - ProtocolExecutionService service stopped
2025-07-30 09:30:38,251 - ot2_service - INFO - _on_start:470 - Registered robot ot2 with state manager
2025-07-30 09:30:38,359 - ot2_service - INFO - _on_start:226 - OT2 robot ot2 connected successfully
2025-07-30 09:30:38,456 - ot2_service - INFO - _start_health_monitoring:212 - Started health monitoring for OT2Service
2025-07-30 09:30:38,457 - ot2_service - INFO - start:166 - OT2Service service started
2025-07-30 09:30:38,472 - protocol_service - INFO - start:166 - ProtocolExecutionService service started
2025-07-30 09:30:38,581 - ot2_service - INFO - _health_monitoring_loop:237 - Robot connection state changed: None -> True
2025-07-30 09:30:38,584 - ot2_service - INFO - _handle_connection_state_change:150 - OT2 robot ot2 connection restored
2025-07-30 09:30:48,576 - ot2_service - INFO - _stop_health_monitoring:222 - Stopped health monitoring for OT2Service
2025-07-30 09:30:48,578 - ot2_service - INFO - stop:185 - OT2Service service stopped
2025-07-30 09:30:48,580 - protocol_service - INFO - _stop_health_monitoring:222 - Stopped health monitoring for ProtocolExecutionService
2025-07-30 09:30:48,581 - protocol_service - INFO - stop:185 - ProtocolExecutionService service stopped
2025-07-30 09:30:55,895 - ot2_service - INFO - _on_start:470 - Registered robot ot2 with state manager
2025-07-30 09:30:55,969 - ot2_service - INFO - _on_start:226 - OT2 robot ot2 connected successfully
2025-07-30 09:30:56,064 - ot2_service - INFO - _start_health_monitoring:212 - Started health monitoring for OT2Service
2025-07-30 09:30:56,065 - ot2_service - INFO - start:166 - OT2Service service started
2025-07-30 09:30:56,076 - protocol_service - INFO - start:166 - ProtocolExecutionService service started
2025-07-30 09:30:56,180 - ot2_service - INFO - _health_monitoring_loop:237 - Robot connection state changed: None -> True
2025-07-30 09:30:56,182 - ot2_service - INFO - _handle_connection_state_change:150 - OT2 robot ot2 connection restored
2025-07-30 09:31:06,145 - ot2_service - INFO - _stop_health_monitoring:222 - Stopped health monitoring for OT2Service
2025-07-30 09:31:06,147 - ot2_service - INFO - stop:185 - OT2Service service stopped
2025-07-30 09:31:06,149 - protocol_service - INFO - _stop_health_monitoring:222 - Stopped health monitoring for ProtocolExecutionService
2025-07-30 09:31:06,151 - protocol_service - INFO - stop:185 - ProtocolExecutionService service stopped
2025-07-30 09:31:12,608 - ot2_service - INFO - _on_start:470 - Registered robot ot2 with state manager
2025-07-30 09:31:12,731 - ot2_service - INFO - _on_start:226 - OT2 robot ot2 connected successfully
2025-07-30 09:31:12,827 - ot2_service - INFO - _start_health_monitoring:212 - Started health monitoring for OT2Service
2025-07-30 09:31:12,829 - ot2_service - INFO - start:166 - OT2Service service started
2025-07-30 09:31:12,843 - protocol_service - INFO - start:166 - ProtocolExecutionService service started
2025-07-30 09:31:12,972 - ot2_service - INFO - _health_monitoring_loop:237 - Robot connection state changed: None -> True
2025-07-30 09:31:12,975 - ot2_service - INFO - _handle_connection_state_change:150 - OT2 robot ot2 connection restored
2025-07-30 09:31:22,951 - ot2_service - INFO - _stop_health_monitoring:222 - Stopped health monitoring for OT2Service
2025-07-30 09:31:22,954 - ot2_service - INFO - stop:185 - OT2Service service stopped
2025-07-30 09:31:22,956 - protocol_service - INFO - _stop_health_monitoring:222 - Stopped health monitoring for ProtocolExecutionService
2025-07-30 09:31:22,958 - protocol_service - INFO - stop:185 - ProtocolExecutionService service stopped
2025-07-30 09:31:29,685 - ot2_service - INFO - _on_start:470 - Registered robot ot2 with state manager
2025-07-30 09:31:29,761 - ot2_service - INFO - _on_start:226 - OT2 robot ot2 connected successfully
2025-07-30 09:31:29,865 - ot2_service - INFO - _start_health_monitoring:212 - Started health monitoring for OT2Service
2025-07-30 09:31:29,867 - ot2_service - INFO - start:166 - OT2Service service started
2025-07-30 09:31:29,889 - protocol_service - INFO - start:166 - ProtocolExecutionService service started
2025-07-30 09:31:30,027 - ot2_service - INFO - _health_monitoring_loop:237 - Robot connection state changed: None -> True
2025-07-30 09:31:30,028 - ot2_service - INFO - _handle_connection_state_change:150 - OT2 robot ot2 connection restored
2025-07-30 09:32:17,696 - ot2_service - INFO - _stop_health_monitoring:222 - Stopped health monitoring for OT2Service
2025-07-30 09:32:17,699 - ot2_service - INFO - stop:185 - OT2Service service stopped
2025-07-30 09:32:17,700 - protocol_service - INFO - _stop_health_monitoring:222 - Stopped health monitoring for ProtocolExecutionService
2025-07-30 09:32:17,703 - protocol_service - INFO - stop:185 - ProtocolExecutionService service stopped
2025-07-30 09:32:23,864 - ot2_service - INFO - _on_start:470 - Registered robot ot2 with state manager
2025-07-30 09:32:23,943 - ot2_service - INFO - _on_start:226 - OT2 robot ot2 connected successfully
2025-07-30 09:32:24,041 - ot2_service - INFO - _start_health_monitoring:212 - Started health monitoring for OT2Service
2025-07-30 09:32:24,043 - ot2_service - INFO - start:166 - OT2Service service started
2025-07-30 09:32:24,059 - protocol_service - INFO - start:166 - ProtocolExecutionService service started
2025-07-30 09:32:24,186 - ot2_service - INFO - _health_monitoring_loop:237 - Robot connection state changed: None -> True
2025-07-30 09:32:24,188 - ot2_service - INFO - _handle_connection_state_change:150 - OT2 robot ot2 connection restored
2025-07-30 09:32:34,136 - ot2_service - INFO - _stop_health_monitoring:222 - Stopped health monitoring for OT2Service
2025-07-30 09:32:34,138 - ot2_service - INFO - stop:185 - OT2Service service stopped
2025-07-30 09:32:34,140 - protocol_service - INFO - _stop_health_monitoring:222 - Stopped health monitoring for ProtocolExecutionService
2025-07-30 09:32:34,141 - protocol_service - INFO - stop:185 - ProtocolExecutionService service stopped
2025-07-30 09:32:40,578 - ot2_service - INFO - _on_start:470 - Registered robot ot2 with state manager
2025-07-30 09:32:40,651 - ot2_service - INFO - _on_start:226 - OT2 robot ot2 connected successfully
2025-07-30 09:32:40,751 - ot2_service - INFO - _start_health_monitoring:212 - Started health monitoring for OT2Service
2025-07-30 09:32:40,753 - ot2_service - INFO - start:166 - OT2Service service started
2025-07-30 09:32:40,783 - protocol_service - INFO - start:166 - ProtocolExecutionService service started
2025-07-30 09:32:40,906 - ot2_service - INFO - _health_monitoring_loop:237 - Robot connection state changed: None -> True
2025-07-30 09:32:40,908 - ot2_service - INFO - _handle_connection_state_change:150 - OT2 robot ot2 connection restored
2025-07-30 09:32:52,683 - ot2_service - INFO - _stop_health_monitoring:222 - Stopped health monitoring for OT2Service
2025-07-30 09:32:52,684 - ot2_service - INFO - stop:185 - OT2Service service stopped
2025-07-30 09:32:52,686 - protocol_service - INFO - _stop_health_monitoring:222 - Stopped health monitoring for ProtocolExecutionService
2025-07-30 09:32:52,687 - protocol_service - INFO - stop:185 - ProtocolExecutionService service stopped
2025-07-30 09:32:59,146 - ot2_service - INFO - _on_start:470 - Registered robot ot2 with state manager
2025-07-30 09:32:59,214 - ot2_service - INFO - _on_start:226 - OT2 robot ot2 connected successfully
2025-07-30 09:32:59,311 - ot2_service - INFO - _start_health_monitoring:212 - Started health monitoring for OT2Service
2025-07-30 09:32:59,314 - ot2_service - INFO - start:166 - OT2Service service started
2025-07-30 09:32:59,334 - protocol_service - INFO - start:166 - ProtocolExecutionService service started
2025-07-30 09:32:59,452 - ot2_service - INFO - _health_monitoring_loop:237 - Robot connection state changed: None -> True
2025-07-30 09:32:59,462 - ot2_service - INFO - _handle_connection_state_change:150 - OT2 robot ot2 connection restored
2025-07-30 09:33:09,379 - ot2_service - INFO - _stop_health_monitoring:222 - Stopped health monitoring for OT2Service
2025-07-30 09:33:09,382 - ot2_service - INFO - stop:185 - OT2Service service stopped
2025-07-30 09:33:09,383 - protocol_service - INFO - _stop_health_monitoring:222 - Stopped health monitoring for ProtocolExecutionService
2025-07-30 09:33:09,384 - protocol_service - INFO - stop:185 - ProtocolExecutionService service stopped
2025-07-30 09:33:15,469 - ot2_service - INFO - _on_start:470 - Registered robot ot2 with state manager
2025-07-30 09:33:15,537 - ot2_service - INFO - _on_start:226 - OT2 robot ot2 connected successfully
2025-07-30 09:33:15,643 - ot2_service - INFO - _start_health_monitoring:212 - Started health monitoring for OT2Service
2025-07-30 09:33:15,645 - ot2_service - INFO - start:166 - OT2Service service started
2025-07-30 09:33:15,668 - protocol_service - INFO - start:166 - ProtocolExecutionService service started
2025-07-30 09:33:15,781 - ot2_service - INFO - _health_monitoring_loop:237 - Robot connection state changed: None -> True
2025-07-30 09:33:15,783 - ot2_service - INFO - _handle_connection_state_change:150 - OT2 robot ot2 connection restored
2025-07-30 09:33:42,729 - ot2_service - INFO - _stop_health_monitoring:222 - Stopped health monitoring for OT2Service
2025-07-30 09:33:42,731 - ot2_service - INFO - stop:185 - OT2Service service stopped
2025-07-30 09:33:42,734 - protocol_service - INFO - _stop_health_monitoring:222 - Stopped health monitoring for ProtocolExecutionService
2025-07-30 09:33:42,738 - protocol_service - INFO - stop:185 - ProtocolExecutionService service stopped
2025-07-30 09:33:49,017 - ot2_service - INFO - _on_start:470 - Registered robot ot2 with state manager
2025-07-30 09:33:49,086 - ot2_service - INFO - _on_start:226 - OT2 robot ot2 connected successfully
2025-07-30 09:33:49,185 - ot2_service - INFO - _start_health_monitoring:212 - Started health monitoring for OT2Service
2025-07-30 09:33:49,187 - ot2_service - INFO - start:166 - OT2Service service started
2025-07-30 09:33:49,217 - protocol_service - INFO - start:166 - ProtocolExecutionService service started
2025-07-30 09:33:49,338 - ot2_service - INFO - _health_monitoring_loop:237 - Robot connection state changed: None -> True
2025-07-30 09:33:49,340 - ot2_service - INFO - _handle_connection_state_change:150 - OT2 robot ot2 connection restored
2025-07-30 09:34:06,438 - ot2_service - INFO - _stop_health_monitoring:222 - Stopped health monitoring for OT2Service
2025-07-30 09:34:06,441 - ot2_service - INFO - stop:185 - OT2Service service stopped
2025-07-30 09:34:06,444 - protocol_service - INFO - _stop_health_monitoring:222 - Stopped health monitoring for ProtocolExecutionService
2025-07-30 09:34:06,446 - protocol_service - INFO - stop:185 - ProtocolExecutionService service stopped
2025-07-30 09:34:12,669 - ot2_service - INFO - _on_start:470 - Registered robot ot2 with state manager
2025-07-30 09:34:12,734 - ot2_service - INFO - _on_start:226 - OT2 robot ot2 connected successfully
2025-07-30 09:34:12,855 - ot2_service - INFO - _start_health_monitoring:212 - Started health monitoring for OT2Service
2025-07-30 09:34:12,858 - ot2_service - INFO - start:166 - OT2Service service started
2025-07-30 09:34:12,875 - protocol_service - INFO - start:166 - ProtocolExecutionService service started
2025-07-30 09:34:12,986 - ot2_service - INFO - _health_monitoring_loop:237 - Robot connection state changed: None -> True
2025-07-30 09:34:12,988 - ot2_service - INFO - _handle_connection_state_change:150 - OT2 robot ot2 connection restored
2025-07-30 09:34:22,874 - ot2_service - INFO - _stop_health_monitoring:222 - Stopped health monitoring for OT2Service
2025-07-30 09:34:22,876 - ot2_service - INFO - stop:185 - OT2Service service stopped
2025-07-30 09:34:22,878 - protocol_service - INFO - _stop_health_monitoring:222 - Stopped health monitoring for ProtocolExecutionService
2025-07-30 09:34:22,879 - protocol_service - INFO - stop:185 - ProtocolExecutionService service stopped
2025-07-30 09:34:29,153 - ot2_service - INFO - _on_start:470 - Registered robot ot2 with state manager
2025-07-30 09:34:29,221 - ot2_service - INFO - _on_start:226 - OT2 robot ot2 connected successfully
2025-07-30 09:34:29,327 - ot2_service - INFO - _start_health_monitoring:212 - Started health monitoring for OT2Service
2025-07-30 09:34:29,340 - ot2_service - INFO - start:166 - OT2Service service started
2025-07-30 09:34:29,369 - protocol_service - INFO - start:166 - ProtocolExecutionService service started
2025-07-30 09:34:29,489 - ot2_service - INFO - _health_monitoring_loop:237 - Robot connection state changed: None -> True
2025-07-30 09:34:29,491 - ot2_service - INFO - _handle_connection_state_change:150 - OT2 robot ot2 connection restored
2025-07-30 09:34:58,792 - ot2_service - INFO - _stop_health_monitoring:222 - Stopped health monitoring for OT2Service
2025-07-30 09:34:58,794 - ot2_service - INFO - stop:185 - OT2Service service stopped
2025-07-30 09:34:58,796 - protocol_service - INFO - _stop_health_monitoring:222 - Stopped health monitoring for ProtocolExecutionService
2025-07-30 09:34:58,799 - protocol_service - INFO - stop:185 - ProtocolExecutionService service stopped
2025-07-30 09:35:05,673 - ot2_service - INFO - _on_start:470 - Registered robot ot2 with state manager
2025-07-30 09:35:05,743 - ot2_service - INFO - _on_start:226 - OT2 robot ot2 connected successfully
2025-07-30 09:35:05,845 - ot2_service - INFO - _start_health_monitoring:212 - Started health monitoring for OT2Service
2025-07-30 09:35:05,849 - ot2_service - INFO - start:166 - OT2Service service started
2025-07-30 09:35:05,879 - protocol_service - INFO - start:166 - ProtocolExecutionService service started
2025-07-30 09:35:06,006 - ot2_service - INFO - _health_monitoring_loop:237 - Robot connection state changed: None -> True
2025-07-30 09:35:06,008 - ot2_service - INFO - _handle_connection_state_change:150 - OT2 robot ot2 connection restored
2025-07-30 09:35:15,948 - ot2_service - INFO - _stop_health_monitoring:222 - Stopped health monitoring for OT2Service
2025-07-30 09:35:15,950 - ot2_service - INFO - stop:185 - OT2Service service stopped
2025-07-30 09:35:15,954 - protocol_service - INFO - _stop_health_monitoring:222 - Stopped health monitoring for ProtocolExecutionService
2025-07-30 09:35:15,958 - protocol_service - INFO - stop:185 - ProtocolExecutionService service stopped
2025-07-30 09:35:22,623 - ot2_service - INFO - _on_start:470 - Registered robot ot2 with state manager
2025-07-30 09:35:22,734 - ot2_service - INFO - _on_start:226 - OT2 robot ot2 connected successfully
2025-07-30 09:35:22,831 - ot2_service - INFO - _start_health_monitoring:212 - Started health monitoring for OT2Service
2025-07-30 09:35:22,832 - ot2_service - INFO - start:166 - OT2Service service started
2025-07-30 09:35:22,849 - protocol_service - INFO - start:166 - ProtocolExecutionService service started
2025-07-30 09:35:22,982 - ot2_service - INFO - _health_monitoring_loop:237 - Robot connection state changed: None -> True
2025-07-30 09:35:22,984 - ot2_service - INFO - _handle_connection_state_change:150 - OT2 robot ot2 connection restored
2025-07-30 09:35:49,058 - ot2_service - INFO - _stop_health_monitoring:222 - Stopped health monitoring for OT2Service
2025-07-30 09:35:49,059 - ot2_service - INFO - stop:185 - OT2Service service stopped
2025-07-30 09:35:49,060 - protocol_service - INFO - _stop_health_monitoring:222 - Stopped health monitoring for ProtocolExecutionService
2025-07-30 09:35:49,061 - protocol_service - INFO - stop:185 - ProtocolExecutionService service stopped
2025-07-30 09:35:56,319 - ot2_service - INFO - _on_start:470 - Registered robot ot2 with state manager
2025-07-30 09:35:56,438 - ot2_service - INFO - _on_start:226 - OT2 robot ot2 connected successfully
2025-07-30 09:35:56,541 - ot2_service - INFO - _start_health_monitoring:212 - Started health monitoring for OT2Service
2025-07-30 09:35:56,543 - ot2_service - INFO - start:166 - OT2Service service started
2025-07-30 09:35:56,559 - protocol_service - INFO - start:166 - ProtocolExecutionService service started
2025-07-30 09:35:56,658 - ot2_service - INFO - _health_monitoring_loop:237 - Robot connection state changed: None -> True
2025-07-30 09:35:56,660 - ot2_service - INFO - _handle_connection_state_change:150 - OT2 robot ot2 connection restored
2025-07-30 09:36:18,690 - ot2_service - INFO - _stop_health_monitoring:222 - Stopped health monitoring for OT2Service
2025-07-30 09:36:18,691 - ot2_service - INFO - stop:185 - OT2Service service stopped
2025-07-30 09:36:18,692 - protocol_service - INFO - _stop_health_monitoring:222 - Stopped health monitoring for ProtocolExecutionService
2025-07-30 09:36:18,693 - protocol_service - INFO - stop:185 - ProtocolExecutionService service stopped
2025-07-30 09:36:24,848 - ot2_service - INFO - _on_start:470 - Registered robot ot2 with state manager
2025-07-30 09:36:24,919 - ot2_service - INFO - _on_start:226 - OT2 robot ot2 connected successfully
2025-07-30 09:36:25,018 - ot2_service - INFO - _start_health_monitoring:212 - Started health monitoring for OT2Service
2025-07-30 09:36:25,020 - ot2_service - INFO - start:166 - OT2Service service started
2025-07-30 09:36:25,037 - protocol_service - INFO - start:166 - ProtocolExecutionService service started
2025-07-30 09:36:25,143 - ot2_service - INFO - _health_monitoring_loop:237 - Robot connection state changed: None -> True
2025-07-30 09:36:25,145 - ot2_service - INFO - _handle_connection_state_change:150 - OT2 robot ot2 connection restored
2025-07-30 09:36:36,380 - ot2_service - INFO - _stop_health_monitoring:222 - Stopped health monitoring for OT2Service
2025-07-30 09:36:36,381 - ot2_service - INFO - stop:185 - OT2Service service stopped
2025-07-30 09:36:36,383 - protocol_service - INFO - _stop_health_monitoring:222 - Stopped health monitoring for ProtocolExecutionService
2025-07-30 09:36:36,384 - protocol_service - INFO - stop:185 - ProtocolExecutionService service stopped
2025-07-30 09:36:42,861 - ot2_service - INFO - _on_start:470 - Registered robot ot2 with state manager
2025-07-30 09:36:42,929 - ot2_service - INFO - _on_start:226 - OT2 robot ot2 connected successfully
2025-07-30 09:36:43,038 - ot2_service - INFO - _start_health_monitoring:212 - Started health monitoring for OT2Service
2025-07-30 09:36:43,041 - ot2_service - INFO - start:166 - OT2Service service started
2025-07-30 09:36:43,067 - protocol_service - INFO - start:166 - ProtocolExecutionService service started
2025-07-30 09:36:43,173 - ot2_service - INFO - _health_monitoring_loop:237 - Robot connection state changed: None -> True
2025-07-30 09:36:43,175 - ot2_service - INFO - _handle_connection_state_change:150 - OT2 robot ot2 connection restored
2025-07-30 09:42:22,767 - ot2_service - INFO - _health_monitoring_loop:237 - Robot connection state changed: True -> False
2025-07-30 09:42:22,892 - ot2_service - WARNING - _handle_connection_state_change:157 - OT2 robot ot2 connection lost
2025-07-30 09:42:38,001 - ot2_service - INFO - _health_monitoring_loop:237 - Robot connection state changed: False -> True
2025-07-30 09:42:38,023 - ot2_service - INFO - _handle_connection_state_change:150 - OT2 robot ot2 connection restored
2025-07-30 09:55:03,299 - ot2_service - INFO - _stop_health_monitoring:222 - Stopped health monitoring for OT2Service
2025-07-30 09:55:03,302 - ot2_service - INFO - stop:185 - OT2Service service stopped
2025-07-30 09:55:03,305 - protocol_service - INFO - _stop_health_monitoring:222 - Stopped health monitoring for ProtocolExecutionService
2025-07-30 09:55:03,308 - protocol_service - INFO - stop:185 - ProtocolExecutionService service stopped
2025-07-30 09:55:23,935 - ot2_service - INFO - _on_start:470 - Registered robot ot2 with state manager
2025-07-30 09:55:24,010 - ot2_service - INFO - _on_start:226 - OT2 robot ot2 connected successfully
2025-07-30 09:55:24,119 - ot2_service - INFO - _start_health_monitoring:212 - Started health monitoring for OT2Service
2025-07-30 09:55:24,133 - ot2_service - INFO - start:166 - OT2Service service started
2025-07-30 09:55:24,172 - protocol_service - INFO - start:166 - ProtocolExecutionService service started
2025-07-30 09:55:24,290 - ot2_service - INFO - _health_monitoring_loop:237 - Robot connection state changed: None -> True
2025-07-30 09:55:24,299 - ot2_service - INFO - _handle_connection_state_change:150 - OT2 robot ot2 connection restored
2025-07-30 10:03:05,201 - ot2_service - INFO - _health_monitoring_loop:237 - Robot connection state changed: True -> False
2025-07-30 10:03:05,203 - ot2_service - WARNING - _handle_connection_state_change:157 - OT2 robot ot2 connection lost
2025-07-30 10:03:20,296 - ot2_service - INFO - _health_monitoring_loop:237 - Robot connection state changed: False -> True
2025-07-30 10:03:20,299 - ot2_service - INFO - _handle_connection_state_change:150 - OT2 robot ot2 connection restored
2025-07-30 10:55:26,616 - ot2_service - INFO - _stop_health_monitoring:222 - Stopped health monitoring for OT2Service
2025-07-30 10:55:26,618 - ot2_service - INFO - stop:185 - OT2Service service stopped
2025-07-30 10:55:26,619 - protocol_service - INFO - _stop_health_monitoring:222 - Stopped health monitoring for ProtocolExecutionService
2025-07-30 10:55:26,621 - protocol_service - INFO - stop:185 - ProtocolExecutionService service stopped
2025-07-30 10:56:41,316 - ot2_service - INFO - _on_start:470 - Registered robot ot2 with state manager
2025-07-30 10:56:42,498 - ot2_service - INFO - _on_start:226 - OT2 robot ot2 connected successfully
2025-07-30 10:56:42,601 - ot2_service - INFO - _start_health_monitoring:212 - Started health monitoring for OT2Service
2025-07-30 10:56:42,603 - ot2_service - INFO - start:166 - OT2Service service started
2025-07-30 10:56:42,618 - protocol_service - INFO - start:166 - ProtocolExecutionService service started
2025-07-30 10:56:42,726 - ot2_service - INFO - _health_monitoring_loop:237 - Robot connection state changed: None -> True
2025-07-30 10:56:42,727 - ot2_service - INFO - _handle_connection_state_change:150 - OT2 robot ot2 connection restored
2025-07-30 10:56:44,907 - ot2_service - INFO - _stop_health_monitoring:222 - Stopped health monitoring for OT2Service
2025-07-30 10:56:44,910 - ot2_service - INFO - stop:185 - OT2Service service stopped
2025-07-30 10:56:44,912 - protocol_service - INFO - _stop_health_monitoring:222 - Stopped health monitoring for ProtocolExecutionService
2025-07-30 10:56:44,914 - protocol_service - INFO - stop:185 - ProtocolExecutionService service stopped
2025-07-30 10:56:52,202 - ot2_service - INFO - _on_start:470 - Registered robot ot2 with state manager
2025-07-30 10:56:52,268 - ot2_service - INFO - _on_start:226 - OT2 robot ot2 connected successfully
2025-07-30 10:56:52,365 - ot2_service - INFO - _start_health_monitoring:212 - Started health monitoring for OT2Service
2025-07-30 10:56:52,368 - ot2_service - INFO - start:166 - OT2Service service started
2025-07-30 10:56:52,390 - protocol_service - INFO - start:166 - ProtocolExecutionService service started
2025-07-30 10:56:52,529 - ot2_service - INFO - _health_monitoring_loop:237 - Robot connection state changed: None -> True
2025-07-30 10:56:52,530 - ot2_service - INFO - _handle_connection_state_change:150 - OT2 robot ot2 connection restored
2025-07-30 10:58:47,069 - ot2_service - INFO - _stop_health_monitoring:222 - Stopped health monitoring for OT2Service
2025-07-30 10:58:47,072 - ot2_service - INFO - stop:185 - OT2Service service stopped
2025-07-30 10:58:47,075 - protocol_service - INFO - _stop_health_monitoring:222 - Stopped health monitoring for ProtocolExecutionService
2025-07-30 10:58:47,078 - protocol_service - INFO - stop:185 - ProtocolExecutionService service stopped
2025-07-30 10:58:53,409 - ot2_service - INFO - _on_start:470 - Registered robot ot2 with state manager
2025-07-30 10:58:53,475 - ot2_service - INFO - _on_start:226 - OT2 robot ot2 connected successfully
2025-07-30 10:58:53,575 - ot2_service - INFO - _start_health_monitoring:212 - Started health monitoring for OT2Service
2025-07-30 10:58:53,581 - ot2_service - INFO - start:166 - OT2Service service started
2025-07-30 10:58:53,608 - protocol_service - INFO - start:166 - ProtocolExecutionService service started
2025-07-30 10:58:53,736 - ot2_service - INFO - _health_monitoring_loop:237 - Robot connection state changed: None -> True
2025-07-30 10:58:53,739 - ot2_service - INFO - _handle_connection_state_change:150 - OT2 robot ot2 connection restored
2025-07-30 10:59:37,980 - ot2_service - INFO - _stop_health_monitoring:222 - Stopped health monitoring for OT2Service
2025-07-30 10:59:37,982 - ot2_service - INFO - stop:185 - OT2Service service stopped
2025-07-30 10:59:37,984 - protocol_service - INFO - _stop_health_monitoring:222 - Stopped health monitoring for ProtocolExecutionService
2025-07-30 10:59:37,985 - protocol_service - INFO - stop:185 - ProtocolExecutionService service stopped
2025-07-30 10:59:44,144 - ot2_service - INFO - _on_start:470 - Registered robot ot2 with state manager
2025-07-30 10:59:44,214 - ot2_service - INFO - _on_start:226 - OT2 robot ot2 connected successfully
2025-07-30 10:59:44,310 - ot2_service - INFO - _start_health_monitoring:212 - Started health monitoring for OT2Service
2025-07-30 10:59:44,313 - ot2_service - INFO - start:166 - OT2Service service started
2025-07-30 10:59:44,331 - protocol_service - INFO - start:166 - ProtocolExecutionService service started
2025-07-30 10:59:44,427 - ot2_service - INFO - _health_monitoring_loop:237 - Robot connection state changed: None -> True
2025-07-30 10:59:44,429 - ot2_service - INFO - _handle_connection_state_change:150 - OT2 robot ot2 connection restored
2025-07-30 11:18:41,090 - ot2_service - INFO - _stop_health_monitoring:222 - Stopped health monitoring for OT2Service
2025-07-30 11:18:41,092 - ot2_service - INFO - stop:185 - OT2Service service stopped
2025-07-30 11:18:41,095 - protocol_service - INFO - _stop_health_monitoring:222 - Stopped health monitoring for ProtocolExecutionService
2025-07-30 11:18:41,099 - protocol_service - INFO - stop:185 - ProtocolExecutionService service stopped
2025-07-30 11:20:32,247 - ot2_service - INFO - _on_start:470 - Registered robot ot2 with state manager
2025-07-30 11:20:33,270 - ot2_service - INFO - _on_start:226 - OT2 robot ot2 connected successfully
2025-07-30 11:20:33,369 - ot2_service - INFO - _start_health_monitoring:212 - Started health monitoring for OT2Service
2025-07-30 11:20:33,380 - ot2_service - INFO - start:166 - OT2Service service started
2025-07-30 11:20:33,415 - protocol_service - INFO - start:166 - ProtocolExecutionService service started
2025-07-30 11:20:33,518 - ot2_service - INFO - _health_monitoring_loop:237 - Robot connection state changed: None -> True
2025-07-30 11:20:33,519 - ot2_service - INFO - _handle_connection_state_change:150 - OT2 robot ot2 connection restored
2025-07-30 11:20:37,275 - ot2_service - INFO - _stop_health_monitoring:222 - Stopped health monitoring for OT2Service
2025-07-30 11:20:37,277 - ot2_service - INFO - stop:185 - OT2Service service stopped
2025-07-30 11:20:37,280 - protocol_service - INFO - _stop_health_monitoring:222 - Stopped health monitoring for ProtocolExecutionService
2025-07-30 11:20:37,282 - protocol_service - INFO - stop:185 - ProtocolExecutionService service stopped
2025-07-30 11:20:43,521 - ot2_service - INFO - _on_start:470 - Registered robot ot2 with state manager
2025-07-30 11:20:43,605 - ot2_service - INFO - _on_start:226 - OT2 robot ot2 connected successfully
2025-07-30 11:20:43,704 - ot2_service - INFO - _start_health_monitoring:212 - Started health monitoring for OT2Service
2025-07-30 11:20:43,707 - ot2_service - INFO - start:166 - OT2Service service started
2025-07-30 11:20:43,734 - protocol_service - INFO - start:166 - ProtocolExecutionService service started
2025-07-30 11:20:43,823 - ot2_service - INFO - _health_monitoring_loop:237 - Robot connection state changed: None -> True
2025-07-30 11:20:43,825 - ot2_service - INFO - _handle_connection_state_change:150 - OT2 robot ot2 connection restored
2025-07-30 11:20:59,637 - ot2_service - INFO - _stop_health_monitoring:222 - Stopped health monitoring for OT2Service
2025-07-30 11:20:59,640 - ot2_service - INFO - stop:185 - OT2Service service stopped
2025-07-30 11:20:59,643 - protocol_service - INFO - _stop_health_monitoring:222 - Stopped health monitoring for ProtocolExecutionService
2025-07-30 11:20:59,648 - protocol_service - INFO - stop:185 - ProtocolExecutionService service stopped
2025-07-30 11:21:06,108 - ot2_service - INFO - _on_start:470 - Registered robot ot2 with state manager
2025-07-30 11:21:06,182 - ot2_service - INFO - _on_start:226 - OT2 robot ot2 connected successfully
2025-07-30 11:21:06,283 - ot2_service - INFO - _start_health_monitoring:212 - Started health monitoring for OT2Service
2025-07-30 11:21:06,286 - ot2_service - INFO - start:166 - OT2Service service started
2025-07-30 11:21:06,321 - protocol_service - INFO - start:166 - ProtocolExecutionService service started
2025-07-30 11:21:06,443 - ot2_service - INFO - _health_monitoring_loop:237 - Robot connection state changed: None -> True
2025-07-30 11:21:06,447 - ot2_service - INFO - _handle_connection_state_change:150 - OT2 robot ot2 connection restored
2025-07-30 11:21:10,214 - ot2_service - INFO - _stop_health_monitoring:222 - Stopped health monitoring for OT2Service
2025-07-30 11:21:10,215 - ot2_service - INFO - stop:185 - OT2Service service stopped
2025-07-30 11:21:10,216 - protocol_service - INFO - _stop_health_monitoring:222 - Stopped health monitoring for ProtocolExecutionService
2025-07-30 11:21:10,217 - protocol_service - INFO - stop:185 - ProtocolExecutionService service stopped
2025-07-30 11:21:16,275 - ot2_service - INFO - _on_start:470 - Registered robot ot2 with state manager
2025-07-30 11:21:16,383 - ot2_service - INFO - _on_start:226 - OT2 robot ot2 connected successfully
2025-07-30 11:21:16,485 - ot2_service - INFO - _start_health_monitoring:212 - Started health monitoring for OT2Service
2025-07-30 11:21:16,487 - ot2_service - INFO - start:166 - OT2Service service started
2025-07-30 11:21:16,515 - protocol_service - INFO - start:166 - ProtocolExecutionService service started
2025-07-30 11:22:51,180 - ot2_service - INFO - _on_start:470 - Registered robot ot2 with state manager
2025-07-30 11:22:52,232 - ot2_service - INFO - _on_start:226 - OT2 robot ot2 connected successfully
2025-07-30 11:22:52,334 - ot2_service - INFO - _start_health_monitoring:212 - Started health monitoring for OT2Service
2025-07-30 11:22:52,337 - ot2_service - INFO - start:166 - OT2Service service started
2025-07-30 11:22:52,354 - protocol_service - INFO - start:166 - ProtocolExecutionService service started
2025-07-30 11:22:58,580 - ot2_service - INFO - _on_start:470 - Registered robot ot2 with state manager
2025-07-30 11:22:58,653 - ot2_service - INFO - _on_start:226 - OT2 robot ot2 connected successfully
2025-07-30 11:22:58,751 - ot2_service - INFO - _start_health_monitoring:212 - Started health monitoring for OT2Service
2025-07-30 11:22:58,753 - ot2_service - INFO - start:166 - OT2Service service started
2025-07-30 11:22:58,780 - protocol_service - INFO - start:166 - ProtocolExecutionService service started
2025-07-30 11:23:05,008 - ot2_service - INFO - _on_start:470 - Registered robot ot2 with state manager
2025-07-30 11:23:05,074 - ot2_service - INFO - _on_start:226 - OT2 robot ot2 connected successfully
2025-07-30 11:23:05,172 - ot2_service - INFO - _start_health_monitoring:212 - Started health monitoring for OT2Service
2025-07-30 11:23:05,175 - ot2_service - INFO - start:166 - OT2Service service started
2025-07-30 11:23:05,223 - protocol_service - INFO - start:166 - ProtocolExecutionService service started
2025-07-30 11:23:11,290 - ot2_service - INFO - _on_start:470 - Registered robot ot2 with state manager
2025-07-30 11:23:11,356 - ot2_service - INFO - _on_start:226 - OT2 robot ot2 connected successfully
2025-07-30 11:23:11,456 - ot2_service - INFO - _start_health_monitoring:212 - Started health monitoring for OT2Service
2025-07-30 11:23:11,460 - ot2_service - INFO - start:166 - OT2Service service started
2025-07-30 11:23:11,489 - protocol_service - INFO - start:166 - ProtocolExecutionService service started
2025-07-30 11:23:17,850 - ot2_service - INFO - _on_start:470 - Registered robot ot2 with state manager
2025-07-30 11:23:17,965 - ot2_service - INFO - _on_start:226 - OT2 robot ot2 connected successfully
2025-07-30 11:23:18,066 - ot2_service - INFO - _start_health_monitoring:212 - Started health monitoring for OT2Service
2025-07-30 11:23:18,068 - ot2_service - INFO - start:166 - OT2Service service started
2025-07-30 11:23:18,096 - protocol_service - INFO - start:166 - ProtocolExecutionService service started
2025-07-30 11:23:18,191 - ot2_service - INFO - _health_monitoring_loop:237 - Robot connection state changed: None -> True
2025-07-30 11:23:18,194 - ot2_service - INFO - _handle_connection_state_change:150 - OT2 robot ot2 connection restored
2025-07-30 11:23:18,672 - ot2_service - INFO - _stop_health_monitoring:222 - Stopped health monitoring for OT2Service
2025-07-30 11:23:18,674 - ot2_service - INFO - stop:185 - OT2Service service stopped
2025-07-30 11:23:18,675 - protocol_service - INFO - _stop_health_monitoring:222 - Stopped health monitoring for ProtocolExecutionService
2025-07-30 11:23:18,677 - protocol_service - INFO - stop:185 - ProtocolExecutionService service stopped
2025-07-30 11:23:25,365 - ot2_service - INFO - _on_start:470 - Registered robot ot2 with state manager
2025-07-30 11:23:25,434 - ot2_service - INFO - _on_start:226 - OT2 robot ot2 connected successfully
2025-07-30 11:23:25,532 - ot2_service - INFO - _start_health_monitoring:212 - Started health monitoring for OT2Service
2025-07-30 11:23:25,533 - ot2_service - INFO - start:166 - OT2Service service started
2025-07-30 11:23:25,547 - protocol_service - INFO - start:166 - ProtocolExecutionService service started
2025-07-30 11:23:25,631 - ot2_service - INFO - _health_monitoring_loop:237 - Robot connection state changed: None -> True
2025-07-30 11:23:25,632 - ot2_service - INFO - _handle_connection_state_change:150 - OT2 robot ot2 connection restored
2025-07-30 11:23:35,833 - ot2_service - INFO - _stop_health_monitoring:222 - Stopped health monitoring for OT2Service
2025-07-30 11:23:35,837 - ot2_service - INFO - stop:185 - OT2Service service stopped
2025-07-30 11:23:35,840 - protocol_service - INFO - _stop_health_monitoring:222 - Stopped health monitoring for ProtocolExecutionService
2025-07-30 11:23:35,843 - protocol_service - INFO - stop:185 - ProtocolExecutionService service stopped
2025-07-30 11:23:41,903 - ot2_service - INFO - _on_start:470 - Registered robot ot2 with state manager
2025-07-30 11:23:41,976 - ot2_service - INFO - _on_start:226 - OT2 robot ot2 connected successfully
2025-07-30 11:23:42,083 - ot2_service - INFO - _start_health_monitoring:212 - Started health monitoring for OT2Service
2025-07-30 11:23:42,085 - ot2_service - INFO - start:166 - OT2Service service started
2025-07-30 11:23:42,105 - protocol_service - INFO - start:166 - ProtocolExecutionService service started
2025-07-30 11:23:42,177 - ot2_service - INFO - _stop_health_monitoring:222 - Stopped health monitoring for OT2Service
2025-07-30 11:23:42,180 - ot2_service - INFO - stop:185 - OT2Service service stopped
2025-07-30 11:23:42,181 - protocol_service - INFO - _stop_health_monitoring:222 - Stopped health monitoring for ProtocolExecutionService
2025-07-30 11:23:42,183 - protocol_service - INFO - stop:185 - ProtocolExecutionService service stopped
2025-07-30 11:23:48,393 - ot2_service - INFO - _on_start:470 - Registered robot ot2 with state manager
2025-07-30 11:23:48,499 - ot2_service - INFO - _on_start:226 - OT2 robot ot2 connected successfully
2025-07-30 11:23:48,602 - ot2_service - INFO - _start_health_monitoring:212 - Started health monitoring for OT2Service
2025-07-30 11:23:48,604 - ot2_service - INFO - start:166 - OT2Service service started
2025-07-30 11:23:48,631 - protocol_service - INFO - start:166 - ProtocolExecutionService service started
2025-07-30 11:23:48,770 - ot2_service - INFO - _health_monitoring_loop:237 - Robot connection state changed: None -> True
2025-07-30 11:23:48,771 - ot2_service - INFO - _handle_connection_state_change:150 - OT2 robot ot2 connection restored
2025-07-30 11:24:11,132 - ot2_service - INFO - _stop_health_monitoring:222 - Stopped health monitoring for OT2Service
2025-07-30 11:24:11,135 - ot2_service - INFO - stop:185 - OT2Service service stopped
2025-07-30 11:24:11,138 - protocol_service - INFO - _stop_health_monitoring:222 - Stopped health monitoring for ProtocolExecutionService
2025-07-30 11:24:11,141 - protocol_service - INFO - stop:185 - ProtocolExecutionService service stopped
2025-07-30 11:24:17,232 - ot2_service - INFO - _on_start:470 - Registered robot ot2 with state manager
2025-07-30 11:24:17,345 - ot2_service - INFO - _on_start:226 - OT2 robot ot2 connected successfully
2025-07-30 11:24:17,442 - ot2_service - INFO - _start_health_monitoring:212 - Started health monitoring for OT2Service
2025-07-30 11:24:17,444 - ot2_service - INFO - start:166 - OT2Service service started
2025-07-30 11:24:17,457 - protocol_service - INFO - start:166 - ProtocolExecutionService service started
2025-07-30 11:24:17,542 - ot2_service - INFO - _health_monitoring_loop:237 - Robot connection state changed: None -> True
2025-07-30 11:24:17,543 - ot2_service - INFO - _handle_connection_state_change:150 - OT2 robot ot2 connection restored
2025-07-30 11:26:08,959 - ot2_service - INFO - _stop_health_monitoring:222 - Stopped health monitoring for OT2Service
2025-07-30 11:26:08,962 - ot2_service - INFO - stop:185 - OT2Service service stopped
2025-07-30 11:26:08,963 - protocol_service - INFO - _stop_health_monitoring:222 - Stopped health monitoring for ProtocolExecutionService
2025-07-30 11:26:08,967 - protocol_service - INFO - stop:185 - ProtocolExecutionService service stopped
2025-07-30 11:26:16,613 - ot2_service - INFO - _on_start:470 - Registered robot ot2 with state manager
2025-07-30 11:26:16,693 - ot2_service - INFO - _on_start:226 - OT2 robot ot2 connected successfully
2025-07-30 11:26:16,795 - ot2_service - INFO - _start_health_monitoring:212 - Started health monitoring for OT2Service
2025-07-30 11:26:16,797 - ot2_service - INFO - start:166 - OT2Service service started
2025-07-30 11:26:16,822 - protocol_service - INFO - start:166 - ProtocolExecutionService service started
2025-07-30 11:26:16,909 - ot2_service - INFO - _stop_health_monitoring:222 - Stopped health monitoring for OT2Service
2025-07-30 11:26:16,912 - ot2_service - INFO - stop:185 - OT2Service service stopped
2025-07-30 11:26:16,914 - protocol_service - INFO - _stop_health_monitoring:222 - Stopped health monitoring for ProtocolExecutionService
2025-07-30 11:26:16,917 - protocol_service - INFO - stop:185 - ProtocolExecutionService service stopped
2025-07-30 11:26:23,448 - ot2_service - INFO - _on_start:470 - Registered robot ot2 with state manager
2025-07-30 11:26:23,523 - ot2_service - INFO - _on_start:226 - OT2 robot ot2 connected successfully
2025-07-30 11:26:23,641 - ot2_service - INFO - _start_health_monitoring:212 - Started health monitoring for OT2Service
2025-07-30 11:26:23,643 - ot2_service - INFO - start:166 - OT2Service service started
2025-07-30 11:26:23,661 - protocol_service - INFO - start:166 - ProtocolExecutionService service started
2025-07-30 11:26:23,768 - ot2_service - INFO - _health_monitoring_loop:237 - Robot connection state changed: None -> True
2025-07-30 11:26:23,770 - ot2_service - INFO - _handle_connection_state_change:150 - OT2 robot ot2 connection restored
2025-07-30 11:26:38,564 - ot2_service - INFO - _stop_health_monitoring:222 - Stopped health monitoring for OT2Service
2025-07-30 11:26:38,566 - ot2_service - INFO - stop:185 - OT2Service service stopped
2025-07-30 11:26:38,568 - protocol_service - INFO - _stop_health_monitoring:222 - Stopped health monitoring for ProtocolExecutionService
2025-07-30 11:26:38,570 - protocol_service - INFO - stop:185 - ProtocolExecutionService service stopped
2025-07-30 11:26:44,876 - ot2_service - INFO - _on_start:470 - Registered robot ot2 with state manager
2025-07-30 11:26:44,952 - ot2_service - INFO - _on_start:226 - OT2 robot ot2 connected successfully
2025-07-30 11:26:45,053 - ot2_service - INFO - _start_health_monitoring:212 - Started health monitoring for OT2Service
2025-07-30 11:26:45,054 - ot2_service - INFO - start:166 - OT2Service service started
2025-07-30 11:26:45,069 - protocol_service - INFO - start:166 - ProtocolExecutionService service started
2025-07-30 11:26:45,152 - ot2_service - INFO - _health_monitoring_loop:237 - Robot connection state changed: None -> True
2025-07-30 11:26:45,153 - ot2_service - INFO - _handle_connection_state_change:150 - OT2 robot ot2 connection restored
2025-07-30 11:27:03,785 - ot2_service - INFO - _stop_health_monitoring:222 - Stopped health monitoring for OT2Service
2025-07-30 11:27:03,788 - ot2_service - INFO - stop:185 - OT2Service service stopped
2025-07-30 11:27:03,790 - protocol_service - INFO - _stop_health_monitoring:222 - Stopped health monitoring for ProtocolExecutionService
2025-07-30 11:27:03,794 - protocol_service - INFO - stop:185 - ProtocolExecutionService service stopped
2025-07-30 11:27:10,022 - ot2_service - INFO - _on_start:470 - Registered robot ot2 with state manager
2025-07-30 11:27:10,095 - ot2_service - INFO - _on_start:226 - OT2 robot ot2 connected successfully
2025-07-30 11:27:10,192 - ot2_service - INFO - _start_health_monitoring:212 - Started health monitoring for OT2Service
2025-07-30 11:27:10,194 - ot2_service - INFO - start:166 - OT2Service service started
2025-07-30 11:27:10,219 - protocol_service - INFO - start:166 - ProtocolExecutionService service started
2025-07-30 11:27:10,301 - ot2_service - INFO - _health_monitoring_loop:237 - Robot connection state changed: None -> True
2025-07-30 11:27:10,303 - ot2_service - INFO - _handle_connection_state_change:150 - OT2 robot ot2 connection restored
2025-07-30 13:35:19,392 - ot2_service - INFO - _stop_health_monitoring:222 - Stopped health monitoring for OT2Service
2025-07-30 13:35:19,395 - ot2_service - INFO - stop:185 - OT2Service service stopped
2025-07-30 13:35:19,399 - protocol_service - INFO - _stop_health_monitoring:222 - Stopped health monitoring for ProtocolExecutionService
2025-07-30 13:35:19,402 - protocol_service - INFO - stop:185 - ProtocolExecutionService service stopped
2025-07-30 13:35:27,605 - ot2_service - INFO - _on_start:470 - Registered robot ot2 with state manager
2025-07-30 13:35:27,679 - ot2_service - INFO - _on_start:226 - OT2 robot ot2 connected successfully
2025-07-30 13:35:27,776 - ot2_service - INFO - _start_health_monitoring:212 - Started health monitoring for OT2Service
2025-07-30 13:35:27,777 - ot2_service - INFO - start:166 - OT2Service service started
2025-07-30 13:35:27,788 - protocol_service - INFO - start:166 - ProtocolExecutionService service started
2025-07-30 13:35:27,880 - ot2_service - INFO - _health_monitoring_loop:237 - Robot connection state changed: None -> True
2025-07-30 13:35:27,881 - ot2_service - INFO - _handle_connection_state_change:150 - OT2 robot ot2 connection restored
2025-07-30 13:36:11,675 - ot2_service - INFO - _stop_health_monitoring:222 - Stopped health monitoring for OT2Service
2025-07-30 13:36:11,676 - ot2_service - INFO - stop:185 - OT2Service service stopped
2025-07-30 13:36:11,678 - protocol_service - INFO - _stop_health_monitoring:222 - Stopped health monitoring for ProtocolExecutionService
2025-07-30 13:36:11,700 - protocol_service - INFO - stop:185 - ProtocolExecutionService service stopped
2025-07-30 13:37:30,326 - ot2_service - INFO - _on_start:470 - Registered robot ot2 with state manager
2025-07-30 13:37:31,390 - ot2_service - INFO - _on_start:226 - OT2 robot ot2 connected successfully
2025-07-30 13:37:31,490 - ot2_service - INFO - _start_health_monitoring:212 - Started health monitoring for OT2Service
2025-07-30 13:37:31,511 - ot2_service - INFO - start:166 - OT2Service service started
2025-07-30 13:37:31,544 - protocol_service - INFO - start:166 - ProtocolExecutionService service started
2025-07-30 13:37:31,645 - ot2_service - INFO - _health_monitoring_loop:237 - Robot connection state changed: None -> True
2025-07-30 13:37:31,648 - ot2_service - INFO - _handle_connection_state_change:150 - OT2 robot ot2 connection restored
2025-07-30 13:42:16,798 - ot2_service - INFO - _stop_health_monitoring:222 - Stopped health monitoring for OT2Service
2025-07-30 13:42:16,800 - ot2_service - INFO - stop:185 - OT2Service service stopped
2025-07-30 13:42:16,803 - protocol_service - INFO - _stop_health_monitoring:222 - Stopped health monitoring for ProtocolExecutionService
2025-07-30 13:42:16,805 - protocol_service - INFO - stop:185 - ProtocolExecutionService service stopped
2025-07-30 13:42:23,609 - ot2_service - INFO - _on_start:470 - Registered robot ot2 with state manager
2025-07-30 13:42:23,681 - ot2_service - INFO - _on_start:226 - OT2 robot ot2 connected successfully
2025-07-30 13:42:23,788 - ot2_service - INFO - _start_health_monitoring:212 - Started health monitoring for OT2Service
2025-07-30 13:42:23,789 - ot2_service - INFO - start:166 - OT2Service service started
2025-07-30 13:42:23,804 - protocol_service - INFO - start:166 - ProtocolExecutionService service started
2025-07-30 13:42:23,897 - ot2_service - INFO - _health_monitoring_loop:237 - Robot connection state changed: None -> True
2025-07-30 13:42:23,900 - ot2_service - INFO - _handle_connection_state_change:150 - OT2 robot ot2 connection restored
2025-07-30 13:43:01,976 - ot2_service - INFO - _stop_health_monitoring:222 - Stopped health monitoring for OT2Service
2025-07-30 13:43:01,977 - ot2_service - INFO - stop:185 - OT2Service service stopped
2025-07-30 13:43:01,979 - protocol_service - INFO - _stop_health_monitoring:222 - Stopped health monitoring for ProtocolExecutionService
2025-07-30 13:43:01,981 - protocol_service - INFO - stop:185 - ProtocolExecutionService service stopped
2025-07-30 13:43:08,381 - ot2_service - INFO - _on_start:470 - Registered robot ot2 with state manager
2025-07-30 13:43:08,459 - ot2_service - INFO - _on_start:226 - OT2 robot ot2 connected successfully
2025-07-30 13:43:08,591 - ot2_service - INFO - _start_health_monitoring:212 - Started health monitoring for OT2Service
2025-07-30 13:43:08,593 - ot2_service - INFO - start:166 - OT2Service service started
2025-07-30 13:43:08,716 - protocol_service - INFO - start:166 - ProtocolExecutionService service started
2025-07-30 13:43:08,840 - ot2_service - INFO - _health_monitoring_loop:237 - Robot connection state changed: None -> True
2025-07-30 13:43:08,844 - ot2_service - INFO - _handle_connection_state_change:150 - OT2 robot ot2 connection restored
2025-07-30 13:44:56,026 - ot2_service - INFO - _stop_health_monitoring:222 - Stopped health monitoring for OT2Service
2025-07-30 13:44:56,028 - ot2_service - INFO - stop:185 - OT2Service service stopped
2025-07-30 13:44:56,030 - protocol_service - INFO - _stop_health_monitoring:222 - Stopped health monitoring for ProtocolExecutionService
2025-07-30 13:44:56,032 - protocol_service - INFO - stop:185 - ProtocolExecutionService service stopped
2025-07-30 13:45:02,403 - ot2_service - INFO - _on_start:470 - Registered robot ot2 with state manager
2025-07-30 13:45:02,478 - ot2_service - INFO - _on_start:226 - OT2 robot ot2 connected successfully
2025-07-30 13:45:02,579 - ot2_service - INFO - _start_health_monitoring:212 - Started health monitoring for OT2Service
2025-07-30 13:45:02,581 - ot2_service - INFO - start:166 - OT2Service service started
2025-07-30 13:45:02,609 - protocol_service - INFO - start:166 - ProtocolExecutionService service started
2025-07-30 13:45:02,718 - ot2_service - INFO - _health_monitoring_loop:237 - Robot connection state changed: None -> True
2025-07-30 13:45:02,720 - ot2_service - INFO - _handle_connection_state_change:150 - OT2 robot ot2 connection restored
2025-07-30 13:45:16,407 - ot2_service - INFO - _stop_health_monitoring:222 - Stopped health monitoring for OT2Service
2025-07-30 13:45:16,409 - ot2_service - INFO - stop:185 - OT2Service service stopped
2025-07-30 13:45:16,410 - protocol_service - INFO - _stop_health_monitoring:222 - Stopped health monitoring for ProtocolExecutionService
2025-07-30 13:45:16,411 - protocol_service - INFO - stop:185 - ProtocolExecutionService service stopped
2025-07-30 13:45:24,258 - ot2_service - INFO - _on_start:470 - Registered robot ot2 with state manager
2025-07-30 13:45:24,330 - ot2_service - INFO - _on_start:226 - OT2 robot ot2 connected successfully
2025-07-30 13:45:24,429 - ot2_service - INFO - _start_health_monitoring:212 - Started health monitoring for OT2Service
2025-07-30 13:45:24,433 - ot2_service - INFO - start:166 - OT2Service service started
2025-07-30 13:45:24,461 - protocol_service - INFO - start:166 - ProtocolExecutionService service started
2025-07-30 13:45:24,546 - ot2_service - INFO - _health_monitoring_loop:237 - Robot connection state changed: None -> True
2025-07-30 13:45:24,549 - ot2_service - INFO - _handle_connection_state_change:150 - OT2 robot ot2 connection restored
2025-07-30 13:47:16,465 - ot2_service - INFO - _stop_health_monitoring:222 - Stopped health monitoring for OT2Service
2025-07-30 13:47:16,467 - ot2_service - INFO - stop:185 - OT2Service service stopped
2025-07-30 13:47:16,468 - protocol_service - INFO - _stop_health_monitoring:222 - Stopped health monitoring for ProtocolExecutionService
2025-07-30 13:47:16,470 - protocol_service - INFO - stop:185 - ProtocolExecutionService service stopped
2025-07-30 13:47:23,123 - ot2_service - INFO - _on_start:470 - Registered robot ot2 with state manager
2025-07-30 13:47:23,235 - ot2_service - INFO - _on_start:226 - OT2 robot ot2 connected successfully
2025-07-30 13:47:23,334 - ot2_service - INFO - _start_health_monitoring:212 - Started health monitoring for OT2Service
2025-07-30 13:47:23,337 - ot2_service - INFO - start:166 - OT2Service service started
2025-07-30 13:47:23,374 - protocol_service - INFO - start:166 - ProtocolExecutionService service started
2025-07-30 13:47:23,484 - ot2_service - INFO - _health_monitoring_loop:237 - Robot connection state changed: None -> True
2025-07-30 13:47:23,486 - ot2_service - INFO - _handle_connection_state_change:150 - OT2 robot ot2 connection restored
2025-07-30 13:48:44,774 - ot2_service - INFO - _stop_health_monitoring:222 - Stopped health monitoring for OT2Service
2025-07-30 13:48:44,777 - ot2_service - INFO - stop:185 - OT2Service service stopped
2025-07-30 13:48:44,780 - protocol_service - INFO - _stop_health_monitoring:222 - Stopped health monitoring for ProtocolExecutionService
2025-07-30 13:48:44,785 - protocol_service - INFO - stop:185 - ProtocolExecutionService service stopped
2025-07-30 13:48:50,969 - ot2_service - INFO - _on_start:470 - Registered robot ot2 with state manager
2025-07-30 13:48:51,077 - ot2_service - INFO - _on_start:226 - OT2 robot ot2 connected successfully
2025-07-30 13:48:51,176 - ot2_service - INFO - _start_health_monitoring:212 - Started health monitoring for OT2Service
2025-07-30 13:48:51,177 - ot2_service - INFO - start:166 - OT2Service service started
2025-07-30 13:48:51,187 - protocol_service - INFO - start:166 - ProtocolExecutionService service started
2025-07-30 13:48:51,267 - ot2_service - INFO - _health_monitoring_loop:237 - Robot connection state changed: None -> True
2025-07-30 13:48:51,269 - ot2_service - INFO - _handle_connection_state_change:150 - OT2 robot ot2 connection restored
2025-07-30 14:02:46,247 - ot2_service - INFO - _stop_health_monitoring:222 - Stopped health monitoring for OT2Service
2025-07-30 14:02:46,252 - ot2_service - INFO - stop:185 - OT2Service service stopped
2025-07-30 14:02:46,255 - protocol_service - INFO - _stop_health_monitoring:222 - Stopped health monitoring for ProtocolExecutionService
2025-07-30 14:02:46,259 - protocol_service - INFO - stop:185 - ProtocolExecutionService service stopped
2025-07-30 14:02:52,954 - ot2_service - INFO - _on_start:470 - Registered robot ot2 with state manager
2025-07-30 14:02:53,025 - ot2_service - INFO - _on_start:226 - OT2 robot ot2 connected successfully
2025-07-30 14:02:53,127 - ot2_service - INFO - _start_health_monitoring:212 - Started health monitoring for OT2Service
2025-07-30 14:02:53,130 - ot2_service - INFO - start:166 - OT2Service service started
2025-07-30 14:02:53,160 - protocol_service - INFO - start:166 - ProtocolExecutionService service started
2025-07-30 14:02:53,261 - ot2_service - INFO - _health_monitoring_loop:237 - Robot connection state changed: None -> True
2025-07-30 14:02:53,263 - ot2_service - INFO - _handle_connection_state_change:150 - OT2 robot ot2 connection restored
2025-07-30 14:03:02,247 - ot2_service - INFO - _stop_health_monitoring:222 - Stopped health monitoring for OT2Service
2025-07-30 14:03:02,249 - ot2_service - INFO - stop:185 - OT2Service service stopped
2025-07-30 14:03:02,252 - protocol_service - INFO - _stop_health_monitoring:222 - Stopped health monitoring for ProtocolExecutionService
2025-07-30 14:03:02,257 - protocol_service - INFO - stop:185 - ProtocolExecutionService service stopped
2025-07-30 14:03:08,376 - ot2_service - INFO - _on_start:470 - Registered robot ot2 with state manager
2025-07-30 14:03:08,449 - ot2_service - INFO - _on_start:226 - OT2 robot ot2 connected successfully
2025-07-30 14:03:08,568 - ot2_service - INFO - _start_health_monitoring:212 - Started health monitoring for OT2Service
2025-07-30 14:03:08,573 - ot2_service - INFO - start:166 - OT2Service service started
2025-07-30 14:03:08,600 - protocol_service - INFO - start:166 - ProtocolExecutionService service started
2025-07-30 14:03:08,691 - ot2_service - INFO - _health_monitoring_loop:237 - Robot connection state changed: None -> True
2025-07-30 14:03:08,696 - ot2_service - INFO - _handle_connection_state_change:150 - OT2 robot ot2 connection restored
2025-07-30 14:03:13,153 - ot2_service - INFO - _stop_health_monitoring:222 - Stopped health monitoring for OT2Service
2025-07-30 14:03:13,155 - ot2_service - INFO - stop:185 - OT2Service service stopped
2025-07-30 14:03:13,156 - protocol_service - INFO - _stop_health_monitoring:222 - Stopped health monitoring for ProtocolExecutionService
2025-07-30 14:03:13,157 - protocol_service - INFO - stop:185 - ProtocolExecutionService service stopped
2025-07-30 14:03:20,645 - ot2_service - INFO - _on_start:470 - Registered robot ot2 with state manager
2025-07-30 14:03:20,783 - ot2_service - INFO - _on_start:226 - OT2 robot ot2 connected successfully
2025-07-30 14:03:20,893 - ot2_service - INFO - _start_health_monitoring:212 - Started health monitoring for OT2Service
2025-07-30 14:03:20,896 - ot2_service - INFO - start:166 - OT2Service service started
2025-07-30 14:03:20,924 - protocol_service - INFO - start:166 - ProtocolExecutionService service started
2025-07-30 14:03:21,008 - ot2_service - INFO - _health_monitoring_loop:237 - Robot connection state changed: None -> True
2025-07-30 14:03:21,011 - ot2_service - INFO - _handle_connection_state_change:150 - OT2 robot ot2 connection restored
2025-07-30 14:13:17,592 - ot2_service - INFO - _stop_health_monitoring:222 - Stopped health monitoring for OT2Service
2025-07-30 14:13:17,593 - ot2_service - INFO - stop:185 - OT2Service service stopped
2025-07-30 14:13:17,595 - protocol_service - INFO - _stop_health_monitoring:222 - Stopped health monitoring for ProtocolExecutionService
2025-07-30 14:13:17,596 - protocol_service - INFO - stop:185 - ProtocolExecutionService service stopped
2025-07-30 14:13:24,244 - ot2_service - INFO - _on_start:470 - Registered robot ot2 with state manager
2025-07-30 14:13:24,321 - ot2_service - INFO - _on_start:226 - OT2 robot ot2 connected successfully
2025-07-30 14:13:24,422 - ot2_service - INFO - _start_health_monitoring:212 - Started health monitoring for OT2Service
2025-07-30 14:13:24,423 - ot2_service - INFO - start:166 - OT2Service service started
2025-07-30 14:13:24,438 - protocol_service - INFO - start:166 - ProtocolExecutionService service started
2025-07-30 14:13:24,517 - ot2_service - INFO - _health_monitoring_loop:237 - Robot connection state changed: None -> True
2025-07-30 14:13:24,518 - ot2_service - INFO - _handle_connection_state_change:150 - OT2 robot ot2 connection restored
2025-07-30 14:13:32,835 - ot2_service - INFO - _stop_health_monitoring:222 - Stopped health monitoring for OT2Service
2025-07-30 14:13:32,837 - ot2_service - INFO - stop:185 - OT2Service service stopped
2025-07-30 14:13:32,840 - protocol_service - INFO - _stop_health_monitoring:222 - Stopped health monitoring for ProtocolExecutionService
2025-07-30 14:13:32,841 - protocol_service - INFO - stop:185 - ProtocolExecutionService service stopped
2025-07-30 14:13:39,782 - ot2_service - INFO - _on_start:470 - Registered robot ot2 with state manager
2025-07-30 14:13:39,850 - ot2_service - INFO - _on_start:226 - OT2 robot ot2 connected successfully
2025-07-30 14:13:39,953 - ot2_service - INFO - _start_health_monitoring:212 - Started health monitoring for OT2Service
2025-07-30 14:13:39,956 - ot2_service - INFO - start:166 - OT2Service service started
2025-07-30 14:13:39,998 - protocol_service - INFO - start:166 - ProtocolExecutionService service started
2025-07-30 14:13:40,118 - ot2_service - INFO - _health_monitoring_loop:237 - Robot connection state changed: None -> True
2025-07-30 14:13:40,120 - ot2_service - INFO - _handle_connection_state_change:150 - OT2 robot ot2 connection restored
2025-07-30 14:13:40,477 - ot2_service - INFO - _stop_health_monitoring:222 - Stopped health monitoring for OT2Service
2025-07-30 14:13:40,479 - ot2_service - INFO - stop:185 - OT2Service service stopped
2025-07-30 14:13:40,480 - protocol_service - INFO - _stop_health_monitoring:222 - Stopped health monitoring for ProtocolExecutionService
2025-07-30 14:13:40,483 - protocol_service - INFO - stop:185 - ProtocolExecutionService service stopped
2025-07-30 14:13:48,170 - ot2_service - INFO - _on_start:470 - Registered robot ot2 with state manager
2025-07-30 14:13:48,254 - ot2_service - INFO - _on_start:226 - OT2 robot ot2 connected successfully
2025-07-30 14:13:48,353 - ot2_service - INFO - _start_health_monitoring:212 - Started health monitoring for OT2Service
2025-07-30 14:13:48,358 - ot2_service - INFO - start:166 - OT2Service service started
2025-07-30 14:13:48,388 - protocol_service - INFO - start:166 - ProtocolExecutionService service started
2025-07-30 14:13:48,486 - ot2_service - INFO - _health_monitoring_loop:237 - Robot connection state changed: None -> True
2025-07-30 14:13:48,489 - ot2_service - INFO - _handle_connection_state_change:150 - OT2 robot ot2 connection restored
2025-07-30 14:18:25,929 - ot2_service - INFO - _stop_health_monitoring:222 - Stopped health monitoring for OT2Service
2025-07-30 14:18:25,932 - ot2_service - INFO - stop:185 - OT2Service service stopped
2025-07-30 14:18:25,935 - protocol_service - INFO - _stop_health_monitoring:222 - Stopped health monitoring for ProtocolExecutionService
2025-07-30 14:18:25,939 - protocol_service - INFO - stop:185 - ProtocolExecutionService service stopped
2025-07-30 14:18:32,579 - ot2_service - INFO - _on_start:470 - Registered robot ot2 with state manager
2025-07-30 14:18:32,703 - ot2_service - INFO - _on_start:226 - OT2 robot ot2 connected successfully
2025-07-30 14:18:32,806 - ot2_service - INFO - _start_health_monitoring:212 - Started health monitoring for OT2Service
2025-07-30 14:18:32,810 - ot2_service - INFO - start:166 - OT2Service service started
2025-07-30 14:18:32,826 - protocol_service - INFO - start:166 - ProtocolExecutionService service started
2025-07-30 14:18:32,908 - ot2_service - INFO - _health_monitoring_loop:237 - Robot connection state changed: None -> True
2025-07-30 14:18:32,909 - ot2_service - INFO - _handle_connection_state_change:150 - OT2 robot ot2 connection restored
2025-07-30 14:18:44,201 - ot2_service - INFO - _stop_health_monitoring:222 - Stopped health monitoring for OT2Service
2025-07-30 14:18:44,204 - ot2_service - INFO - stop:185 - OT2Service service stopped
2025-07-30 14:18:44,206 - protocol_service - INFO - _stop_health_monitoring:222 - Stopped health monitoring for ProtocolExecutionService
2025-07-30 14:18:44,208 - protocol_service - INFO - stop:185 - ProtocolExecutionService service stopped
2025-07-30 14:18:50,222 - ot2_service - INFO - _on_start:470 - Registered robot ot2 with state manager
2025-07-30 14:18:50,290 - ot2_service - INFO - _on_start:226 - OT2 robot ot2 connected successfully
2025-07-30 14:18:50,391 - ot2_service - INFO - _start_health_monitoring:212 - Started health monitoring for OT2Service
2025-07-30 14:18:50,394 - ot2_service - INFO - start:166 - OT2Service service started
2025-07-30 14:18:50,423 - protocol_service - INFO - start:166 - ProtocolExecutionService service started
2025-07-30 14:18:50,513 - ot2_service - INFO - _health_monitoring_loop:237 - Robot connection state changed: None -> True
2025-07-30 14:18:50,516 - ot2_service - INFO - _handle_connection_state_change:150 - OT2 robot ot2 connection restored
2025-07-30 14:18:54,604 - ot2_service - INFO - _stop_health_monitoring:222 - Stopped health monitoring for OT2Service
2025-07-30 14:18:54,605 - ot2_service - INFO - stop:185 - OT2Service service stopped
2025-07-30 14:18:54,607 - protocol_service - INFO - _stop_health_monitoring:222 - Stopped health monitoring for ProtocolExecutionService
2025-07-30 14:18:54,608 - protocol_service - INFO - stop:185 - ProtocolExecutionService service stopped
2025-07-30 14:19:01,883 - ot2_service - INFO - _on_start:470 - Registered robot ot2 with state manager
2025-07-30 14:19:01,957 - ot2_service - INFO - _on_start:226 - OT2 robot ot2 connected successfully
2025-07-30 14:19:02,066 - ot2_service - INFO - _start_health_monitoring:212 - Started health monitoring for OT2Service
2025-07-30 14:19:02,082 - ot2_service - INFO - start:166 - OT2Service service started
2025-07-30 14:19:02,112 - protocol_service - INFO - start:166 - ProtocolExecutionService service started
2025-07-30 14:19:02,220 - ot2_service - INFO - _health_monitoring_loop:237 - Robot connection state changed: None -> True
2025-07-30 14:19:02,222 - ot2_service - INFO - _handle_connection_state_change:150 - OT2 robot ot2 connection restored
2025-07-30 14:29:00,889 - ot2_service - ERROR - _home_robot:829 - Failed to home robot: OT2 API error: 403 - {"message":"opentrons.hardware_control.threaded_async_lock.ThreadedAsyncForbidden: Robot is currently moving. Please wait and try this command again.","errorCode":"4000"}
2025-07-30 14:36:10,000 - ot2_service - INFO - _stop_health_monitoring:222 - Stopped health monitoring for OT2Service
2025-07-30 14:36:10,003 - ot2_service - INFO - stop:185 - OT2Service service stopped
2025-07-30 14:36:10,005 - protocol_service - INFO - _stop_health_monitoring:222 - Stopped health monitoring for ProtocolExecutionService
2025-07-30 14:36:10,006 - protocol_service - INFO - stop:185 - ProtocolExecutionService service stopped
2025-07-30 14:36:16,357 - ot2_service - INFO - _on_start:470 - Registered robot ot2 with state manager
2025-07-30 14:36:16,474 - ot2_service - INFO - _on_start:226 - OT2 robot ot2 connected successfully
2025-07-30 14:36:16,580 - ot2_service - INFO - _start_health_monitoring:212 - Started health monitoring for OT2Service
2025-07-30 14:36:16,584 - ot2_service - INFO - start:166 - OT2Service service started
2025-07-30 14:36:16,614 - protocol_service - INFO - start:166 - ProtocolExecutionService service started
2025-07-30 14:36:16,722 - ot2_service - INFO - _health_monitoring_loop:237 - Robot connection state changed: None -> True
2025-07-30 14:36:16,729 - ot2_service - INFO - _handle_connection_state_change:150 - OT2 robot ot2 connection restored
2025-07-30 14:36:40,478 - ot2_service - INFO - _stop_health_monitoring:222 - Stopped health monitoring for OT2Service
2025-07-30 14:36:40,479 - ot2_service - INFO - stop:185 - OT2Service service stopped
2025-07-30 14:36:40,481 - protocol_service - INFO - _stop_health_monitoring:222 - Stopped health monitoring for ProtocolExecutionService
2025-07-30 14:36:40,482 - protocol_service - INFO - stop:185 - ProtocolExecutionService service stopped
2025-07-30 14:36:46,709 - ot2_service - INFO - _on_start:470 - Registered robot ot2 with state manager
2025-07-30 14:36:46,827 - ot2_service - INFO - _on_start:226 - OT2 robot ot2 connected successfully
2025-07-30 14:36:46,936 - ot2_service - INFO - _start_health_monitoring:212 - Started health monitoring for OT2Service
2025-07-30 14:36:46,944 - ot2_service - INFO - start:166 - OT2Service service started
2025-07-30 14:36:46,975 - protocol_service - INFO - start:166 - ProtocolExecutionService service started
2025-07-30 14:36:47,076 - ot2_service - INFO - _health_monitoring_loop:237 - Robot connection state changed: None -> True
2025-07-30 14:36:47,086 - ot2_service - INFO - _handle_connection_state_change:150 - OT2 robot ot2 connection restored
2025-07-30 14:37:11,715 - ot2_service - INFO - _stop_health_monitoring:222 - Stopped health monitoring for OT2Service
2025-07-30 14:37:11,717 - ot2_service - INFO - stop:185 - OT2Service service stopped
2025-07-30 14:37:11,719 - protocol_service - INFO - _stop_health_monitoring:222 - Stopped health monitoring for ProtocolExecutionService
2025-07-30 14:37:11,722 - protocol_service - INFO - stop:185 - ProtocolExecutionService service stopped
2025-07-30 14:37:17,932 - ot2_service - INFO - _on_start:470 - Registered robot ot2 with state manager
2025-07-30 14:37:18,010 - ot2_service - INFO - _on_start:226 - OT2 robot ot2 connected successfully
2025-07-30 14:37:18,157 - ot2_service - INFO - _start_health_monitoring:212 - Started health monitoring for OT2Service
2025-07-30 14:37:18,161 - ot2_service - INFO - start:166 - OT2Service service started
2025-07-30 14:37:18,183 - protocol_service - INFO - start:166 - ProtocolExecutionService service started
2025-07-30 14:37:18,277 - ot2_service - INFO - _health_monitoring_loop:237 - Robot connection state changed: None -> True
2025-07-30 14:37:18,280 - ot2_service - INFO - _handle_connection_state_change:150 - OT2 robot ot2 connection restored
2025-07-30 14:37:28,976 - ot2_service - INFO - _stop_health_monitoring:222 - Stopped health monitoring for OT2Service
2025-07-30 14:37:28,979 - ot2_service - INFO - stop:185 - OT2Service service stopped
2025-07-30 14:37:28,982 - protocol_service - INFO - _stop_health_monitoring:222 - Stopped health monitoring for ProtocolExecutionService
2025-07-30 14:37:28,985 - protocol_service - INFO - stop:185 - ProtocolExecutionService service stopped
2025-07-30 14:43:47,028 - ot2_service - INFO - _on_start:470 - Registered robot ot2 with state manager
2025-07-30 14:43:48,092 - ot2_service - INFO - _on_start:226 - OT2 robot ot2 connected successfully
2025-07-30 14:43:48,188 - ot2_service - INFO - _start_health_monitoring:212 - Started health monitoring for OT2Service
2025-07-30 14:43:48,189 - ot2_service - INFO - start:166 - OT2Service service started
2025-07-30 14:43:48,199 - protocol_service - INFO - start:166 - ProtocolExecutionService service started
2025-07-30 14:43:48,231 - ot2_service - INFO - _stop_health_monitoring:222 - Stopped health monitoring for OT2Service
2025-07-30 14:43:48,232 - ot2_service - INFO - stop:185 - OT2Service service stopped
2025-07-30 14:43:48,234 - protocol_service - INFO - _stop_health_monitoring:222 - Stopped health monitoring for ProtocolExecutionService
2025-07-30 14:43:48,236 - protocol_service - INFO - stop:185 - ProtocolExecutionService service stopped
2025-07-30 14:43:55,904 - ot2_service - INFO - _on_start:470 - Registered robot ot2 with state manager
2025-07-30 14:43:55,977 - ot2_service - INFO - _on_start:226 - OT2 robot ot2 connected successfully
2025-07-30 14:43:56,075 - ot2_service - INFO - _start_health_monitoring:212 - Started health monitoring for OT2Service
2025-07-30 14:43:56,079 - ot2_service - INFO - start:166 - OT2Service service started
2025-07-30 14:43:56,105 - protocol_service - INFO - start:166 - ProtocolExecutionService service started
2025-07-30 14:43:56,204 - ot2_service - INFO - _health_monitoring_loop:237 - Robot connection state changed: None -> True
2025-07-30 14:43:56,207 - ot2_service - INFO - _handle_connection_state_change:150 - OT2 robot ot2 connection restored
