2025-07-20 07:43:14,441 - ot2_service - INFO - _on_start:356 - Registered robot ot2 with state manager
2025-07-20 07:43:14,448 - ot2_service - WARNING - _on_start:153 - OT2 robot ot2 connection failed: OT2 connection error: Cannot connect to host 169.254.49.202:31950 ssl:default [Connection refused]
2025-07-20 07:43:14,452 - ot2_service - ERROR - _check_for_active_runs:731 - Failed to check for active runs: OT2 connection error: Cannot connect to host 169.254.49.202:31950 ssl:default [Connection refused]
2025-07-20 07:43:14,454 - ot2_service - INFO - start:132 - OT2Service service started
2025-07-20 07:43:14,467 - protocol_service - INFO - start:132 - ProtocolExecutionService service started
2025-07-20 10:36:52,292 - ot2_service - INFO - stop:148 - OT2Service service stopped
2025-07-20 10:36:52,315 - protocol_service - INFO - stop:148 - ProtocolExecutionService service stopped
2025-07-20 14:16:12,936 - ot2_service - INFO - _on_start:356 - Registered robot ot2 with state manager
2025-07-20 14:16:12,944 - ot2_service - WARNING - _on_start:153 - OT2 robot ot2 connection failed: OT2 connection error: Cannot connect to host 169.254.49.202:31950 ssl:default [Connection refused]
2025-07-20 14:16:12,951 - ot2_service - ERROR - _check_for_active_runs:731 - Failed to check for active runs: OT2 connection error: Cannot connect to host 169.254.49.202:31950 ssl:default [Connection refused]
2025-07-20 14:16:12,953 - ot2_service - INFO - start:132 - OT2Service service started
2025-07-20 14:16:12,983 - protocol_service - INFO - start:132 - ProtocolExecutionService service started
2025-07-20 14:16:13,043 - ot2_service - INFO - stop:148 - OT2Service service stopped
2025-07-20 14:16:13,046 - protocol_service - INFO - stop:148 - ProtocolExecutionService service stopped
2025-07-20 14:16:18,304 - ot2_service - INFO - _on_start:356 - Registered robot ot2 with state manager
2025-07-20 14:16:18,323 - ot2_service - WARNING - _on_start:153 - OT2 robot ot2 connection failed: OT2 connection error: Cannot connect to host 169.254.49.202:31950 ssl:default [Connection refused]
2025-07-20 14:16:18,332 - ot2_service - ERROR - _check_for_active_runs:731 - Failed to check for active runs: OT2 connection error: Cannot connect to host 169.254.49.202:31950 ssl:default [Connection refused]
2025-07-20 14:16:18,334 - ot2_service - INFO - start:132 - OT2Service service started
2025-07-20 14:16:18,361 - protocol_service - INFO - start:132 - ProtocolExecutionService service started
2025-07-20 14:16:18,947 - ot2_service - INFO - stop:148 - OT2Service service stopped
2025-07-20 14:16:18,948 - protocol_service - INFO - stop:148 - ProtocolExecutionService service stopped
2025-07-20 14:16:34,477 - ot2_service - INFO - _on_start:356 - Registered robot ot2 with state manager
2025-07-20 14:16:34,483 - ot2_service - WARNING - _on_start:153 - OT2 robot ot2 connection failed: OT2 connection error: Cannot connect to host 169.254.49.202:31950 ssl:default [Connection refused]
2025-07-20 14:16:34,489 - ot2_service - ERROR - _check_for_active_runs:731 - Failed to check for active runs: OT2 connection error: Cannot connect to host 169.254.49.202:31950 ssl:default [Connection refused]
2025-07-20 14:16:34,491 - ot2_service - INFO - start:132 - OT2Service service started
2025-07-20 14:16:34,515 - protocol_service - INFO - start:132 - ProtocolExecutionService service started
2025-07-20 14:18:32,128 - ot2_service - INFO - execute_operation:191 - Starting operation ot2_status: status_check for robot ot2
2025-07-20 14:18:32,133 - ot2_service - ERROR - execute_operation:238 - Operation ot2_status failed: OT2 connection error: Cannot connect to host 169.254.49.202:31950 ssl:default [Connection refused]
Traceback (most recent call last):
  File "/usr/local/lib/python3.9/site-packages/aiohttp/connector.py", line 992, in _wrap_create_connection
    return await self._loop.create_connection(*args, **kwargs)
  File "uvloop/loop.pyx", line 2043, in create_connection
  File "uvloop/loop.pyx", line 2020, in uvloop.loop.Loop.create_connection
ConnectionRefusedError: [Errno 111] Connection refused

The above exception was the direct cause of the following exception:

Traceback (most recent call last):
  File "/app/services/ot2_service.py", line 496, in _api_request
    async with self._session.request(method, url, **kwargs) as response:
  File "/usr/local/lib/python3.9/site-packages/aiohttp/client.py", line 1187, in __aenter__
    self._resp = await self._coro
  File "/usr/local/lib/python3.9/site-packages/aiohttp/client.py", line 574, in _request
    conn = await self._connector.connect(
  File "/usr/local/lib/python3.9/site-packages/aiohttp/connector.py", line 544, in connect
    proto = await self._create_connection(req, traces, timeout)
  File "/usr/local/lib/python3.9/site-packages/aiohttp/connector.py", line 911, in _create_connection
    _, proto = await self._create_direct_connection(req, traces, timeout)
  File "/usr/local/lib/python3.9/site-packages/aiohttp/connector.py", line 1235, in _create_direct_connection
    raise last_exc
  File "/usr/local/lib/python3.9/site-packages/aiohttp/connector.py", line 1204, in _create_direct_connection
    transp, proto = await self._wrap_create_connection(
  File "/usr/local/lib/python3.9/site-packages/aiohttp/connector.py", line 1000, in _wrap_create_connection
    raise client_error(req.connection_key, exc) from exc
aiohttp.client_exceptions.ClientConnectorError: Cannot connect to host 169.254.49.202:31950 ssl:default [Connection refused]

During handling of the above exception, another exception occurred:

Traceback (most recent call last):
  File "/app/services/base.py", line 203, in execute_operation
    result = await operation_func(*args, **kwargs)
  File "/app/services/ot2_service.py", line 426, in _get_status
    health_data = await self._get_health_status()
  File "/app/services/ot2_service.py", line 649, in _get_health_status
    return await self._api_request("GET", "/health")
  File "/app/services/ot2_service.py", line 507, in _api_request
    raise HardwareError(f"OT2 connection error: {e}", robot_id=self.robot_id)
core.exceptions.HardwareError: OT2 connection error: Cannot connect to host 169.254.49.202:31950 ssl:default [Connection refused]
2025-07-20 14:18:33,226 - ot2_service - INFO - execute_operation:191 - Starting operation ot2_status: status_check for robot ot2
2025-07-20 14:18:33,230 - ot2_service - ERROR - execute_operation:238 - Operation ot2_status failed: OT2 connection error: Cannot connect to host 169.254.49.202:31950 ssl:default [Connection refused]
Traceback (most recent call last):
  File "/usr/local/lib/python3.9/site-packages/aiohttp/connector.py", line 992, in _wrap_create_connection
    return await self._loop.create_connection(*args, **kwargs)
  File "uvloop/loop.pyx", line 2043, in create_connection
  File "uvloop/loop.pyx", line 2020, in uvloop.loop.Loop.create_connection
ConnectionRefusedError: [Errno 111] Connection refused

The above exception was the direct cause of the following exception:

Traceback (most recent call last):
  File "/app/services/ot2_service.py", line 496, in _api_request
    async with self._session.request(method, url, **kwargs) as response:
  File "/usr/local/lib/python3.9/site-packages/aiohttp/client.py", line 1187, in __aenter__
    self._resp = await self._coro
  File "/usr/local/lib/python3.9/site-packages/aiohttp/client.py", line 574, in _request
    conn = await self._connector.connect(
  File "/usr/local/lib/python3.9/site-packages/aiohttp/connector.py", line 544, in connect
    proto = await self._create_connection(req, traces, timeout)
  File "/usr/local/lib/python3.9/site-packages/aiohttp/connector.py", line 911, in _create_connection
    _, proto = await self._create_direct_connection(req, traces, timeout)
  File "/usr/local/lib/python3.9/site-packages/aiohttp/connector.py", line 1235, in _create_direct_connection
    raise last_exc
  File "/usr/local/lib/python3.9/site-packages/aiohttp/connector.py", line 1204, in _create_direct_connection
    transp, proto = await self._wrap_create_connection(
  File "/usr/local/lib/python3.9/site-packages/aiohttp/connector.py", line 1000, in _wrap_create_connection
    raise client_error(req.connection_key, exc) from exc
aiohttp.client_exceptions.ClientConnectorError: Cannot connect to host 169.254.49.202:31950 ssl:default [Connection refused]

During handling of the above exception, another exception occurred:

Traceback (most recent call last):
  File "/app/services/base.py", line 203, in execute_operation
    result = await operation_func(*args, **kwargs)
  File "/app/services/ot2_service.py", line 426, in _get_status
    health_data = await self._get_health_status()
  File "/app/services/ot2_service.py", line 649, in _get_health_status
    return await self._api_request("GET", "/health")
  File "/app/services/ot2_service.py", line 507, in _api_request
    raise HardwareError(f"OT2 connection error: {e}", robot_id=self.robot_id)
core.exceptions.HardwareError: OT2 connection error: Cannot connect to host 169.254.49.202:31950 ssl:default [Connection refused]
2025-07-20 14:23:38,613 - ot2_service - INFO - stop:148 - OT2Service service stopped
2025-07-20 14:23:38,615 - protocol_service - INFO - stop:148 - ProtocolExecutionService service stopped
2025-07-20 14:23:41,647 - ot2_service - INFO - _on_start:356 - Registered robot ot2 with state manager
2025-07-20 14:23:41,651 - ot2_service - WARNING - _on_start:153 - OT2 robot ot2 connection failed: OT2 connection error: Cannot connect to host 169.254.49.202:31950 ssl:default [Connection refused]
2025-07-20 14:23:41,656 - ot2_service - ERROR - _check_for_active_runs:731 - Failed to check for active runs: OT2 connection error: Cannot connect to host 169.254.49.202:31950 ssl:default [Connection refused]
2025-07-20 14:23:41,658 - ot2_service - INFO - start:132 - OT2Service service started
2025-07-20 14:23:41,680 - protocol_service - INFO - start:132 - ProtocolExecutionService service started
2025-07-20 14:23:58,300 - ot2_service - INFO - stop:148 - OT2Service service stopped
2025-07-20 14:23:58,301 - protocol_service - INFO - stop:148 - ProtocolExecutionService service stopped
2025-07-20 14:24:06,631 - ot2_service - INFO - _on_start:356 - Registered robot ot2 with state manager
2025-07-20 14:24:06,635 - ot2_service - WARNING - _on_start:153 - OT2 robot ot2 connection failed: OT2 connection error: Cannot connect to host 169.254.49.202:31950 ssl:default [Connection refused]
2025-07-20 14:24:06,639 - ot2_service - ERROR - _check_for_active_runs:731 - Failed to check for active runs: OT2 connection error: Cannot connect to host 169.254.49.202:31950 ssl:default [Connection refused]
2025-07-20 14:24:06,641 - ot2_service - INFO - start:132 - OT2Service service started
2025-07-20 14:24:06,667 - protocol_service - INFO - start:132 - ProtocolExecutionService service started
2025-07-20 14:44:24,086 - ot2_service - INFO - stop:148 - OT2Service service stopped
2025-07-20 14:44:24,089 - protocol_service - INFO - stop:148 - ProtocolExecutionService service stopped
2025-07-20 14:44:34,368 - ot2_service - INFO - _on_start:356 - Registered robot ot2 with state manager
2025-07-20 14:44:34,443 - ot2_service - INFO - _on_start:146 - OT2 robot ot2 connected successfully
2025-07-20 14:44:34,607 - ot2_service - INFO - start:132 - OT2Service service started
2025-07-20 14:44:34,745 - protocol_service - INFO - start:132 - ProtocolExecutionService service started
2025-07-20 14:56:42,115 - ot2_service - INFO - stop:148 - OT2Service service stopped
2025-07-20 14:56:42,116 - protocol_service - INFO - stop:148 - ProtocolExecutionService service stopped
2025-07-20 14:56:50,757 - ot2_service - INFO - _on_start:360 - Registered robot ot2 with state manager
2025-07-20 14:56:50,825 - ot2_service - INFO - _on_start:146 - OT2 robot ot2 connected successfully
2025-07-20 14:56:50,924 - ot2_service - INFO - start:136 - OT2Service service started
2025-07-20 14:56:50,946 - protocol_service - INFO - start:136 - ProtocolExecutionService service started
2025-07-20 14:56:56,208 - ot2_service - INFO - stop:152 - OT2Service service stopped
2025-07-20 14:56:56,209 - protocol_service - INFO - stop:152 - ProtocolExecutionService service stopped
2025-07-20 14:57:20,719 - ot2_service - INFO - _on_start:442 - Registered robot ot2 with state manager
2025-07-20 14:57:20,786 - ot2_service - INFO - _on_start:146 - OT2 robot ot2 connected successfully
2025-07-20 14:57:20,889 - ot2_service - INFO - _start_health_monitoring:184 - Started health monitoring for OT2Service
2025-07-20 14:57:20,893 - ot2_service - INFO - start:141 - OT2Service service started
2025-07-20 14:57:20,924 - protocol_service - INFO - _start_health_monitoring:184 - Started health monitoring for ProtocolExecutionService
2025-07-20 14:57:20,926 - protocol_service - INFO - start:141 - ProtocolExecutionService service started
2025-07-20 14:57:20,957 - ot2_service - INFO - _health_monitoring_loop:209 - Robot connection state changed: None -> True
2025-07-20 14:57:20,958 - ot2_service - INFO - _handle_connection_state_change:242 - Robot connection state: connected
2025-07-20 14:57:20,960 - protocol_service - INFO - _health_monitoring_loop:209 - Robot connection state changed: None -> True
2025-07-20 14:57:20,962 - protocol_service - INFO - _handle_connection_state_change:242 - Robot connection state: connected
2025-07-20 14:57:21,787 - ot2_service - INFO - stop:157 - OT2Service service stopped
2025-07-20 14:57:21,789 - protocol_service - INFO - stop:157 - ProtocolExecutionService service stopped
2025-07-20 14:57:32,138 - ot2_service - INFO - _on_start:445 - Registered robot ot2 with state manager
2025-07-20 14:57:32,262 - ot2_service - INFO - _on_start:146 - OT2 robot ot2 connected successfully
2025-07-20 14:57:32,416 - ot2_service - INFO - _start_health_monitoring:187 - Started health monitoring for OT2Service
2025-07-20 14:57:32,436 - ot2_service - INFO - start:141 - OT2Service service started
2025-07-20 14:57:32,452 - protocol_service - INFO - _start_health_monitoring:187 - Started health monitoring for ProtocolExecutionService
2025-07-20 14:57:32,453 - protocol_service - INFO - start:141 - ProtocolExecutionService service started
2025-07-20 14:57:32,477 - ot2_service - INFO - _health_monitoring_loop:212 - Robot connection state changed: None -> True
2025-07-20 14:57:32,478 - ot2_service - INFO - _handle_connection_state_change:245 - Robot connection state: connected
2025-07-20 14:57:32,480 - protocol_service - INFO - _health_monitoring_loop:212 - Robot connection state changed: None -> True
2025-07-20 14:57:32,485 - protocol_service - INFO - _handle_connection_state_change:245 - Robot connection state: connected
2025-07-20 14:58:08,504 - ot2_service - INFO - _stop_health_monitoring:197 - Stopped health monitoring for OT2Service
2025-07-20 14:58:08,528 - ot2_service - INFO - stop:160 - OT2Service service stopped
2025-07-20 14:58:08,532 - protocol_service - INFO - _stop_health_monitoring:197 - Stopped health monitoring for ProtocolExecutionService
2025-07-20 14:58:08,545 - protocol_service - INFO - stop:160 - ProtocolExecutionService service stopped
2025-07-20 14:58:16,479 - ot2_service - INFO - _on_start:445 - Registered robot ot2 with state manager
2025-07-20 14:58:16,549 - ot2_service - INFO - _on_start:146 - OT2 robot ot2 connected successfully
2025-07-20 14:58:16,651 - ot2_service - INFO - _start_health_monitoring:187 - Started health monitoring for OT2Service
2025-07-20 14:58:16,652 - ot2_service - INFO - start:141 - OT2Service service started
2025-07-20 14:58:16,677 - protocol_service - INFO - _start_health_monitoring:187 - Started health monitoring for ProtocolExecutionService
2025-07-20 14:58:16,680 - protocol_service - INFO - start:141 - ProtocolExecutionService service started
2025-07-20 14:58:16,716 - ot2_service - INFO - _health_monitoring_loop:212 - Robot connection state changed: None -> True
2025-07-20 14:58:16,717 - ot2_service - INFO - _handle_connection_state_change:245 - Robot connection state: connected
2025-07-20 14:58:16,718 - protocol_service - INFO - _health_monitoring_loop:212 - Robot connection state changed: None -> True
2025-07-20 14:58:16,719 - protocol_service - INFO - _handle_connection_state_change:245 - Robot connection state: connected
2025-07-20 14:58:38,074 - ot2_service - INFO - _stop_health_monitoring:197 - Stopped health monitoring for OT2Service
2025-07-20 14:58:38,076 - ot2_service - INFO - stop:160 - OT2Service service stopped
2025-07-20 14:58:38,078 - protocol_service - INFO - _stop_health_monitoring:197 - Stopped health monitoring for ProtocolExecutionService
2025-07-20 14:58:38,080 - protocol_service - INFO - stop:160 - ProtocolExecutionService service stopped
2025-07-20 14:58:48,892 - ot2_service - INFO - _on_start:445 - Registered robot ot2 with state manager
2025-07-20 14:58:48,960 - ot2_service - INFO - _on_start:207 - OT2 robot ot2 connected successfully
2025-07-20 14:58:49,183 - ot2_service - INFO - _start_health_monitoring:187 - Started health monitoring for OT2Service
2025-07-20 14:58:49,220 - ot2_service - INFO - start:141 - OT2Service service started
2025-07-20 14:58:49,315 - protocol_service - INFO - _start_health_monitoring:187 - Started health monitoring for ProtocolExecutionService
2025-07-20 14:58:49,317 - protocol_service - INFO - start:141 - ProtocolExecutionService service started
2025-07-20 14:58:49,373 - protocol_service - INFO - _health_monitoring_loop:212 - Robot connection state changed: None -> True
2025-07-20 14:58:49,375 - protocol_service - INFO - _handle_connection_state_change:245 - Robot connection state: connected
2025-07-20 14:58:49,401 - ot2_service - INFO - _stop_health_monitoring:197 - Stopped health monitoring for OT2Service
2025-07-20 14:58:49,402 - ot2_service - INFO - stop:160 - OT2Service service stopped
2025-07-20 14:58:49,404 - protocol_service - INFO - _stop_health_monitoring:197 - Stopped health monitoring for ProtocolExecutionService
2025-07-20 14:58:49,406 - protocol_service - INFO - stop:160 - ProtocolExecutionService service stopped
2025-07-20 14:58:58,304 - ot2_service - INFO - _on_start:445 - Registered robot ot2 with state manager
2025-07-20 14:58:58,376 - ot2_service - INFO - _on_start:207 - OT2 robot ot2 connected successfully
2025-07-20 14:58:58,480 - ot2_service - INFO - _start_health_monitoring:187 - Started health monitoring for OT2Service
2025-07-20 14:58:58,484 - ot2_service - INFO - start:141 - OT2Service service started
2025-07-20 14:58:58,515 - protocol_service - INFO - start:141 - ProtocolExecutionService service started
2025-07-20 14:58:58,584 - ot2_service - INFO - _stop_health_monitoring:197 - Stopped health monitoring for OT2Service
2025-07-20 14:58:58,587 - ot2_service - INFO - stop:160 - OT2Service service stopped
2025-07-20 14:58:58,589 - protocol_service - INFO - _stop_health_monitoring:197 - Stopped health monitoring for ProtocolExecutionService
2025-07-20 14:58:58,592 - protocol_service - INFO - stop:160 - ProtocolExecutionService service stopped
2025-07-20 14:59:08,877 - ot2_service - INFO - _on_start:445 - Registered robot ot2 with state manager
2025-07-20 14:59:08,950 - ot2_service - INFO - _on_start:207 - OT2 robot ot2 connected successfully
2025-07-20 14:59:09,050 - ot2_service - INFO - _start_health_monitoring:187 - Started health monitoring for OT2Service
2025-07-20 14:59:09,051 - ot2_service - INFO - start:141 - OT2Service service started
2025-07-20 14:59:09,067 - protocol_service - INFO - start:141 - ProtocolExecutionService service started
2025-07-20 14:59:09,160 - ot2_service - INFO - _health_monitoring_loop:212 - Robot connection state changed: None -> True
2025-07-20 14:59:09,162 - ot2_service - INFO - _handle_connection_state_change:139 - OT2 robot ot2 connection restored
2025-07-20 14:59:39,492 - ot2_service - INFO - _health_monitoring_loop:212 - Robot connection state changed: True -> False
2025-07-20 14:59:39,513 - ot2_service - WARNING - _handle_connection_state_change:146 - OT2 robot ot2 connection lost
2025-07-20 14:59:41,162 - ot2_service - INFO - _stop_health_monitoring:197 - Stopped health monitoring for OT2Service
2025-07-20 14:59:41,175 - ot2_service - INFO - stop:160 - OT2Service service stopped
2025-07-20 14:59:41,179 - protocol_service - INFO - _stop_health_monitoring:197 - Stopped health monitoring for ProtocolExecutionService
2025-07-20 14:59:41,193 - protocol_service - INFO - stop:160 - ProtocolExecutionService service stopped
2025-07-20 14:59:50,220 - ot2_service - INFO - _on_start:445 - Registered robot ot2 with state manager
2025-07-20 14:59:50,348 - ot2_service - INFO - _on_start:207 - OT2 robot ot2 connected successfully
2025-07-20 14:59:50,474 - ot2_service - INFO - _start_health_monitoring:187 - Started health monitoring for OT2Service
2025-07-20 14:59:50,481 - ot2_service - INFO - start:141 - OT2Service service started
2025-07-20 14:59:50,514 - protocol_service - INFO - start:141 - ProtocolExecutionService service started
2025-07-20 14:59:50,600 - ot2_service - INFO - _stop_health_monitoring:197 - Stopped health monitoring for OT2Service
2025-07-20 14:59:50,604 - ot2_service - INFO - stop:160 - OT2Service service stopped
2025-07-20 14:59:50,607 - protocol_service - INFO - _stop_health_monitoring:197 - Stopped health monitoring for ProtocolExecutionService
2025-07-20 14:59:50,610 - protocol_service - INFO - stop:160 - ProtocolExecutionService service stopped
2025-07-20 15:00:00,125 - ot2_service - INFO - _on_start:445 - Registered robot ot2 with state manager
2025-07-20 15:00:00,194 - ot2_service - INFO - _on_start:207 - OT2 robot ot2 connected successfully
2025-07-20 15:00:00,298 - ot2_service - INFO - _start_health_monitoring:187 - Started health monitoring for OT2Service
2025-07-20 15:00:00,300 - ot2_service - INFO - start:141 - OT2Service service started
2025-07-20 15:00:00,321 - protocol_service - INFO - start:141 - ProtocolExecutionService service started
2025-07-20 15:00:00,370 - ot2_service - INFO - _stop_health_monitoring:197 - Stopped health monitoring for OT2Service
2025-07-20 15:00:00,373 - ot2_service - INFO - stop:160 - OT2Service service stopped
2025-07-20 15:00:00,376 - protocol_service - INFO - _stop_health_monitoring:197 - Stopped health monitoring for ProtocolExecutionService
2025-07-20 15:00:00,378 - protocol_service - INFO - stop:160 - ProtocolExecutionService service stopped
2025-07-20 15:00:10,043 - ot2_service - INFO - _on_start:445 - Registered robot ot2 with state manager
2025-07-20 15:00:10,159 - ot2_service - INFO - _on_start:207 - OT2 robot ot2 connected successfully
2025-07-20 15:00:10,321 - ot2_service - INFO - _start_health_monitoring:187 - Started health monitoring for OT2Service
2025-07-20 15:00:10,327 - ot2_service - INFO - start:141 - OT2Service service started
2025-07-20 15:00:10,352 - protocol_service - INFO - start:141 - ProtocolExecutionService service started
2025-07-20 15:00:10,510 - ot2_service - INFO - _health_monitoring_loop:212 - Robot connection state changed: None -> True
2025-07-20 15:00:10,513 - ot2_service - INFO - _handle_connection_state_change:139 - OT2 robot ot2 connection restored
2025-07-20 15:03:06,145 - ot2_service - INFO - execute_operation:280 - Starting operation ot2_protocol_liquid_handling: protocol_execution for robot ot2
2025-07-20 15:03:06,148 - ot2_service - ERROR - _execute_protocol:314 - Protocol execution failed: [Errno 21] Is a directory: '.'
2025-07-20 15:03:06,149 - ot2_service - ERROR - execute_operation:327 - Operation ot2_protocol_liquid_handling failed: [Errno 21] Is a directory: '.'
Traceback (most recent call last):
  File "/app/services/base.py", line 287, in execute_operation
    result = await asyncio.wait_for(
  File "/usr/local/lib/python3.9/asyncio/tasks.py", line 479, in wait_for
    return fut.result()
  File "/app/services/ot2_service.py", line 292, in _execute_protocol
    protocol_id = await self._upload_protocol(protocol_config)
  File "/app/services/ot2_service.py", line 577, in _upload_protocol
    with open(protocol_file, 'r') as f:
IsADirectoryError: [Errno 21] Is a directory: '.'
2025-07-20 15:10:52,146 - ot2_service - INFO - _stop_health_monitoring:197 - Stopped health monitoring for OT2Service
2025-07-20 15:10:52,148 - ot2_service - INFO - stop:160 - OT2Service service stopped
2025-07-20 15:10:52,149 - protocol_service - INFO - _stop_health_monitoring:197 - Stopped health monitoring for ProtocolExecutionService
2025-07-20 15:10:52,150 - protocol_service - INFO - stop:160 - ProtocolExecutionService service stopped
2025-07-20 15:10:56,289 - ot2_service - INFO - _on_start:445 - Registered robot ot2 with state manager
2025-07-20 15:10:56,366 - ot2_service - INFO - _on_start:207 - OT2 robot ot2 connected successfully
2025-07-20 15:10:56,473 - ot2_service - INFO - _start_health_monitoring:187 - Started health monitoring for OT2Service
2025-07-20 15:10:56,476 - ot2_service - INFO - start:141 - OT2Service service started
2025-07-20 15:10:56,509 - protocol_service - INFO - start:141 - ProtocolExecutionService service started
2025-07-20 15:10:56,619 - ot2_service - INFO - _health_monitoring_loop:212 - Robot connection state changed: None -> True
2025-07-20 15:10:56,620 - ot2_service - INFO - _handle_connection_state_change:139 - OT2 robot ot2 connection restored
2025-07-20 15:10:58,682 - ot2_service - INFO - _stop_health_monitoring:197 - Stopped health monitoring for OT2Service
2025-07-20 15:10:58,685 - ot2_service - INFO - stop:160 - OT2Service service stopped
2025-07-20 15:10:58,688 - protocol_service - INFO - _stop_health_monitoring:197 - Stopped health monitoring for ProtocolExecutionService
2025-07-20 15:10:58,693 - protocol_service - INFO - stop:160 - ProtocolExecutionService service stopped
2025-07-20 15:11:02,175 - ot2_service - INFO - _on_start:445 - Registered robot ot2 with state manager
2025-07-20 15:11:02,257 - ot2_service - INFO - _on_start:207 - OT2 robot ot2 connected successfully
2025-07-20 15:11:02,356 - ot2_service - INFO - _start_health_monitoring:187 - Started health monitoring for OT2Service
2025-07-20 15:11:02,358 - ot2_service - INFO - start:141 - OT2Service service started
2025-07-20 15:11:02,374 - protocol_service - INFO - start:141 - ProtocolExecutionService service started
2025-07-20 15:11:02,471 - ot2_service - INFO - _health_monitoring_loop:212 - Robot connection state changed: None -> True
2025-07-20 15:11:02,474 - ot2_service - INFO - _handle_connection_state_change:139 - OT2 robot ot2 connection restored
2025-07-20 15:11:12,552 - ot2_service - INFO - _stop_health_monitoring:197 - Stopped health monitoring for OT2Service
2025-07-20 15:11:12,553 - ot2_service - INFO - stop:160 - OT2Service service stopped
2025-07-20 15:11:12,555 - protocol_service - INFO - _stop_health_monitoring:197 - Stopped health monitoring for ProtocolExecutionService
2025-07-20 15:11:12,556 - protocol_service - INFO - stop:160 - ProtocolExecutionService service stopped
2025-07-20 15:11:16,109 - ot2_service - INFO - _on_start:445 - Registered robot ot2 with state manager
2025-07-20 15:11:16,189 - ot2_service - INFO - _on_start:207 - OT2 robot ot2 connected successfully
2025-07-20 15:11:16,292 - ot2_service - INFO - _start_health_monitoring:187 - Started health monitoring for OT2Service
2025-07-20 15:11:16,295 - ot2_service - INFO - start:141 - OT2Service service started
2025-07-20 15:11:16,320 - protocol_service - INFO - start:141 - ProtocolExecutionService service started
2025-07-20 15:11:16,441 - ot2_service - INFO - _health_monitoring_loop:212 - Robot connection state changed: None -> True
2025-07-20 15:11:16,443 - ot2_service - INFO - _handle_connection_state_change:139 - OT2 robot ot2 connection restored
2025-07-20 15:11:36,340 - ot2_service - INFO - _stop_health_monitoring:197 - Stopped health monitoring for OT2Service
2025-07-20 15:11:36,343 - ot2_service - INFO - stop:160 - OT2Service service stopped
2025-07-20 15:11:36,346 - protocol_service - INFO - _stop_health_monitoring:197 - Stopped health monitoring for ProtocolExecutionService
2025-07-20 15:11:36,349 - protocol_service - INFO - stop:160 - ProtocolExecutionService service stopped
2025-07-20 15:11:39,524 - ot2_service - INFO - _on_start:445 - Registered robot ot2 with state manager
2025-07-20 15:11:39,597 - ot2_service - INFO - _on_start:207 - OT2 robot ot2 connected successfully
2025-07-20 15:11:39,695 - ot2_service - INFO - _start_health_monitoring:187 - Started health monitoring for OT2Service
2025-07-20 15:11:39,697 - ot2_service - INFO - start:141 - OT2Service service started
2025-07-20 15:11:39,714 - protocol_service - INFO - start:141 - ProtocolExecutionService service started
2025-07-20 15:11:39,806 - ot2_service - INFO - _health_monitoring_loop:212 - Robot connection state changed: None -> True
2025-07-20 15:11:39,809 - ot2_service - INFO - _handle_connection_state_change:139 - OT2 robot ot2 connection restored
2025-07-20 15:11:49,101 - ot2_service - INFO - _stop_health_monitoring:197 - Stopped health monitoring for OT2Service
2025-07-20 15:11:49,104 - ot2_service - INFO - stop:160 - OT2Service service stopped
2025-07-20 15:11:49,107 - protocol_service - INFO - _stop_health_monitoring:197 - Stopped health monitoring for ProtocolExecutionService
2025-07-20 15:11:49,110 - protocol_service - INFO - stop:160 - ProtocolExecutionService service stopped
2025-07-20 15:11:53,152 - ot2_service - INFO - _on_start:445 - Registered robot ot2 with state manager
2025-07-20 15:11:53,229 - ot2_service - INFO - _on_start:207 - OT2 robot ot2 connected successfully
2025-07-20 15:11:53,330 - ot2_service - INFO - _start_health_monitoring:187 - Started health monitoring for OT2Service
2025-07-20 15:11:53,333 - ot2_service - INFO - start:141 - OT2Service service started
2025-07-20 15:11:53,355 - protocol_service - INFO - start:141 - ProtocolExecutionService service started
2025-07-20 15:11:53,470 - ot2_service - INFO - _health_monitoring_loop:212 - Robot connection state changed: None -> True
2025-07-20 15:11:53,473 - ot2_service - INFO - _handle_connection_state_change:139 - OT2 robot ot2 connection restored
2025-07-20 15:12:00,034 - ot2_service - INFO - _stop_health_monitoring:197 - Stopped health monitoring for OT2Service
2025-07-20 15:12:00,036 - ot2_service - INFO - stop:160 - OT2Service service stopped
2025-07-20 15:12:00,038 - protocol_service - INFO - _stop_health_monitoring:197 - Stopped health monitoring for ProtocolExecutionService
2025-07-20 15:12:00,039 - protocol_service - INFO - stop:160 - ProtocolExecutionService service stopped
2025-07-20 15:12:03,320 - ot2_service - INFO - _on_start:445 - Registered robot ot2 with state manager
2025-07-20 15:12:03,394 - ot2_service - INFO - _on_start:207 - OT2 robot ot2 connected successfully
2025-07-20 15:12:03,497 - ot2_service - INFO - _start_health_monitoring:187 - Started health monitoring for OT2Service
2025-07-20 15:12:03,500 - ot2_service - INFO - start:141 - OT2Service service started
2025-07-20 15:12:03,519 - protocol_service - INFO - start:141 - ProtocolExecutionService service started
2025-07-20 15:12:03,608 - ot2_service - INFO - _health_monitoring_loop:212 - Robot connection state changed: None -> True
2025-07-20 15:12:03,611 - ot2_service - INFO - _handle_connection_state_change:139 - OT2 robot ot2 connection restored
2025-07-20 15:12:43,018 - ot2_router - INFO - run_ot2_protocol:379 - Starting OT2 protocol execution through service layer
2025-07-20 15:12:43,020 - protocol_service - INFO - execute_operation:280 - Starting operation create_ot2_protocol_1753024363019: create_protocol for robot ot2
2025-07-20 15:12:43,022 - protocol_service - INFO - _create_protocol_execution:389 - Created protocol execution: exec_31041ace for protocol: OT2_Liquid_Handling
2025-07-20 15:12:43,024 - protocol_service - INFO - execute_operation:299 - Operation create_ot2_protocol_1753024363019 completed successfully in 0.00s
2025-07-20 15:12:43,025 - protocol_service - INFO - execute_operation:280 - Starting operation start_protocol_exec_31041ace: start_protocol for robot protocol_service
2025-07-20 15:12:43,027 - protocol_service - INFO - execute_operation:299 - Operation start_protocol_exec_31041ace completed successfully in 0.00s
2025-07-20 15:12:43,029 - ot2_router - INFO - run_ot2_protocol:409 - OT2 protocol execution started: exec_31041ace
2025-07-20 15:12:43,031 - protocol_service - INFO - _execute_protocol:449 - Starting protocol execution: exec_31041ace
2025-07-20 15:12:43,033 - protocol_service - INFO - _execute_step:541 - Executing step init_ot2 on robot ot2
2025-07-20 15:12:43,102 - ot2_service - INFO - initialize_protocol:492 - OT2 protocol initialized: protocols/ot2Protocole.py
2025-07-20 15:12:43,104 - protocol_service - INFO - _execute_step:568 - Step init_ot2 completed successfully
2025-07-20 15:12:43,106 - protocol_service - INFO - _execute_step:541 - Executing step execute_ot2_protocol on robot ot2
2025-07-20 15:12:43,107 - protocol_service - ERROR - _execute_step:596 - Step execute_ot2_protocol failed: run_protocol() got an unexpected keyword argument 'test'
2025-07-20 15:12:43,109 - protocol_service - INFO - _execute_step:601 - Retrying step execute_ot2_protocol (attempt 2)
2025-07-20 15:12:43,110 - protocol_service - INFO - _execute_step:541 - Executing step execute_ot2_protocol on robot ot2
2025-07-20 15:12:43,111 - protocol_service - ERROR - _execute_step:596 - Step execute_ot2_protocol failed: run_protocol() got an unexpected keyword argument 'test'
2025-07-20 15:12:43,113 - protocol_service - INFO - _execute_step:601 - Retrying step execute_ot2_protocol (attempt 3)
2025-07-20 15:12:43,115 - protocol_service - INFO - _execute_step:541 - Executing step execute_ot2_protocol on robot ot2
2025-07-20 15:12:43,116 - protocol_service - ERROR - _execute_step:596 - Step execute_ot2_protocol failed: run_protocol() got an unexpected keyword argument 'test'
2025-07-20 15:12:43,119 - protocol_service - INFO - _execute_step:601 - Retrying step execute_ot2_protocol (attempt 4)
2025-07-20 15:12:43,120 - protocol_service - INFO - _execute_step:541 - Executing step execute_ot2_protocol on robot ot2
2025-07-20 15:12:43,122 - protocol_service - ERROR - _execute_step:596 - Step execute_ot2_protocol failed: run_protocol() got an unexpected keyword argument 'test'
2025-07-20 15:12:43,123 - protocol_service - ERROR - _execute_protocol:530 - Protocol execution error: exec_31041ace: Protocol blocked by failed steps: ['execute_ot2_protocol']
2025-07-20 15:12:57,576 - ot2_service - INFO - _stop_health_monitoring:197 - Stopped health monitoring for OT2Service
2025-07-20 15:12:57,577 - ot2_service - INFO - stop:160 - OT2Service service stopped
2025-07-20 15:12:57,580 - protocol_service - INFO - _stop_health_monitoring:197 - Stopped health monitoring for ProtocolExecutionService
2025-07-20 15:12:57,582 - protocol_service - INFO - stop:160 - ProtocolExecutionService service stopped
2025-07-20 15:13:01,021 - ot2_service - INFO - _on_start:445 - Registered robot ot2 with state manager
2025-07-20 15:13:01,099 - ot2_service - INFO - _on_start:207 - OT2 robot ot2 connected successfully
2025-07-20 15:13:01,200 - ot2_service - INFO - _start_health_monitoring:187 - Started health monitoring for OT2Service
2025-07-20 15:13:01,203 - ot2_service - INFO - start:141 - OT2Service service started
2025-07-20 15:13:01,232 - protocol_service - INFO - start:141 - ProtocolExecutionService service started
2025-07-20 15:13:01,324 - ot2_service - INFO - _health_monitoring_loop:212 - Robot connection state changed: None -> True
2025-07-20 15:13:01,331 - ot2_service - INFO - _handle_connection_state_change:139 - OT2 robot ot2 connection restored
2025-07-20 15:13:09,807 - ot2_service - INFO - _stop_health_monitoring:197 - Stopped health monitoring for OT2Service
2025-07-20 15:13:09,810 - ot2_service - INFO - stop:160 - OT2Service service stopped
2025-07-20 15:13:09,812 - protocol_service - INFO - _stop_health_monitoring:197 - Stopped health monitoring for ProtocolExecutionService
2025-07-20 15:13:09,814 - protocol_service - INFO - stop:160 - ProtocolExecutionService service stopped
2025-07-20 15:13:12,693 - ot2_service - INFO - _on_start:445 - Registered robot ot2 with state manager
2025-07-20 15:13:12,774 - ot2_service - INFO - _on_start:207 - OT2 robot ot2 connected successfully
2025-07-20 15:13:12,872 - ot2_service - INFO - _start_health_monitoring:187 - Started health monitoring for OT2Service
2025-07-20 15:13:12,874 - ot2_service - INFO - start:141 - OT2Service service started
2025-07-20 15:13:12,891 - protocol_service - INFO - start:141 - ProtocolExecutionService service started
2025-07-20 15:13:12,995 - ot2_service - INFO - _health_monitoring_loop:212 - Robot connection state changed: None -> True
2025-07-20 15:13:12,997 - ot2_service - INFO - _handle_connection_state_change:139 - OT2 robot ot2 connection restored
2025-07-20 15:13:18,767 - ot2_router - INFO - run_ot2_protocol:379 - Starting OT2 protocol execution through service layer
2025-07-20 15:13:18,769 - protocol_service - INFO - execute_operation:280 - Starting operation create_ot2_protocol_1753024398769: create_protocol for robot ot2
2025-07-20 15:13:18,770 - protocol_service - INFO - _create_protocol_execution:389 - Created protocol execution: exec_ff4342a0 for protocol: OT2_Liquid_Handling
2025-07-20 15:13:18,772 - protocol_service - INFO - execute_operation:299 - Operation create_ot2_protocol_1753024398769 completed successfully in 0.00s
2025-07-20 15:13:18,773 - protocol_service - INFO - execute_operation:280 - Starting operation start_protocol_exec_ff4342a0: start_protocol for robot protocol_service
2025-07-20 15:13:18,775 - protocol_service - INFO - execute_operation:299 - Operation start_protocol_exec_ff4342a0 completed successfully in 0.00s
2025-07-20 15:13:18,776 - ot2_router - INFO - run_ot2_protocol:409 - OT2 protocol execution started: exec_ff4342a0
2025-07-20 15:13:18,779 - protocol_service - INFO - _execute_protocol:449 - Starting protocol execution: exec_ff4342a0
2025-07-20 15:13:18,781 - protocol_service - INFO - _execute_step:541 - Executing step init_ot2 on robot ot2
2025-07-20 15:13:18,845 - ot2_service - INFO - initialize_protocol:492 - OT2 protocol initialized: protocols/ot2Protocole.py
2025-07-20 15:13:18,848 - protocol_service - INFO - _execute_step:568 - Step init_ot2 completed successfully
2025-07-20 15:13:18,851 - protocol_service - INFO - _execute_step:541 - Executing step execute_ot2_protocol on robot ot2
2025-07-20 15:13:18,857 - ot2_service - INFO - execute_operation:280 - Starting operation ot2_protocol_OT2_Liquid_Handling: protocol_execution for robot ot2
2025-07-20 15:13:18,978 - ot2_service - ERROR - _execute_protocol:314 - Protocol execution failed: OT2 API error: 422 - {"errors":[{"id":"InvalidRequest","title":"Invalid Request","detail":"Field required","source":{"pointer":"/files"},"errorCode":"4000"}]}
2025-07-20 15:13:18,980 - ot2_service - ERROR - execute_operation:327 - Operation ot2_protocol_OT2_Liquid_Handling failed: OT2 API error: 422 - {"errors":[{"id":"InvalidRequest","title":"Invalid Request","detail":"Field required","source":{"pointer":"/files"},"errorCode":"4000"}]}
Traceback (most recent call last):
  File "/app/services/base.py", line 287, in execute_operation
    result = await asyncio.wait_for(
  File "/usr/local/lib/python3.9/asyncio/tasks.py", line 479, in wait_for
    return fut.result()
  File "/app/services/ot2_service.py", line 292, in _execute_protocol
    protocol_id = await self._upload_protocol(protocol_config)
  File "/app/services/ot2_service.py", line 647, in _upload_protocol
    response = await self._api_request("POST", "/protocols", data)
  File "/app/services/ot2_service.py", line 616, in _api_request
    raise HardwareError(
core.exceptions.HardwareError: OT2 API error: 422 - {"errors":[{"id":"InvalidRequest","title":"Invalid Request","detail":"Field required","source":{"pointer":"/files"},"errorCode":"4000"}]}
2025-07-20 15:13:19,004 - protocol_service - INFO - _execute_step:568 - Step execute_ot2_protocol completed successfully
2025-07-20 15:13:19,006 - protocol_service - INFO - _execute_protocol:513 - Protocol execution completed successfully: exec_ff4342a0
2025-07-20 15:15:21,427 - ot2_service - INFO - _stop_health_monitoring:197 - Stopped health monitoring for OT2Service
2025-07-20 15:15:21,429 - ot2_service - INFO - stop:160 - OT2Service service stopped
2025-07-20 15:15:21,430 - protocol_service - INFO - _stop_health_monitoring:197 - Stopped health monitoring for ProtocolExecutionService
2025-07-20 15:15:21,432 - protocol_service - INFO - stop:160 - ProtocolExecutionService service stopped
2025-07-20 15:15:24,719 - ot2_service - INFO - _on_start:445 - Registered robot ot2 with state manager
2025-07-20 15:15:24,792 - ot2_service - INFO - _on_start:207 - OT2 robot ot2 connected successfully
2025-07-20 15:15:24,892 - ot2_service - INFO - _start_health_monitoring:187 - Started health monitoring for OT2Service
2025-07-20 15:15:24,894 - ot2_service - INFO - start:141 - OT2Service service started
2025-07-20 15:15:24,923 - protocol_service - INFO - start:141 - ProtocolExecutionService service started
2025-07-20 15:15:25,041 - ot2_service - INFO - _health_monitoring_loop:212 - Robot connection state changed: None -> True
2025-07-20 15:15:25,043 - ot2_service - INFO - _handle_connection_state_change:139 - OT2 robot ot2 connection restored
2025-07-20 15:15:31,717 - ot2_service - INFO - _stop_health_monitoring:197 - Stopped health monitoring for OT2Service
2025-07-20 15:15:31,721 - ot2_service - INFO - stop:160 - OT2Service service stopped
2025-07-20 15:15:31,725 - protocol_service - INFO - _stop_health_monitoring:197 - Stopped health monitoring for ProtocolExecutionService
2025-07-20 15:15:31,727 - protocol_service - INFO - stop:160 - ProtocolExecutionService service stopped
2025-07-20 15:15:35,386 - ot2_service - INFO - _on_start:445 - Registered robot ot2 with state manager
2025-07-20 15:15:35,458 - ot2_service - INFO - _on_start:207 - OT2 robot ot2 connected successfully
2025-07-20 15:15:35,556 - ot2_service - INFO - _start_health_monitoring:187 - Started health monitoring for OT2Service
2025-07-20 15:15:35,558 - ot2_service - INFO - start:141 - OT2Service service started
2025-07-20 15:15:35,574 - protocol_service - INFO - start:141 - ProtocolExecutionService service started
2025-07-20 15:15:35,661 - ot2_service - INFO - _health_monitoring_loop:212 - Robot connection state changed: None -> True
2025-07-20 15:15:35,663 - ot2_service - INFO - _handle_connection_state_change:139 - OT2 robot ot2 connection restored
2025-07-20 15:15:40,634 - ot2_service - INFO - _stop_health_monitoring:197 - Stopped health monitoring for OT2Service
2025-07-20 15:15:40,636 - ot2_service - INFO - stop:160 - OT2Service service stopped
2025-07-20 15:15:40,637 - protocol_service - INFO - _stop_health_monitoring:197 - Stopped health monitoring for ProtocolExecutionService
2025-07-20 15:15:40,639 - protocol_service - INFO - stop:160 - ProtocolExecutionService service stopped
2025-07-20 15:15:44,818 - ot2_service - INFO - _on_start:445 - Registered robot ot2 with state manager
2025-07-20 15:15:44,892 - ot2_service - INFO - _on_start:207 - OT2 robot ot2 connected successfully
2025-07-20 15:15:44,998 - ot2_service - INFO - _start_health_monitoring:187 - Started health monitoring for OT2Service
2025-07-20 15:15:45,007 - ot2_service - INFO - start:141 - OT2Service service started
2025-07-20 15:15:45,084 - protocol_service - INFO - start:141 - ProtocolExecutionService service started
2025-07-20 15:15:45,290 - ot2_service - INFO - _health_monitoring_loop:212 - Robot connection state changed: None -> True
2025-07-20 15:15:45,316 - ot2_service - INFO - _handle_connection_state_change:139 - OT2 robot ot2 connection restored
2025-07-20 15:15:49,066 - ot2_service - INFO - _stop_health_monitoring:197 - Stopped health monitoring for OT2Service
2025-07-20 15:15:49,070 - ot2_service - INFO - stop:160 - OT2Service service stopped
2025-07-20 15:15:49,073 - protocol_service - INFO - _stop_health_monitoring:197 - Stopped health monitoring for ProtocolExecutionService
2025-07-20 15:15:49,075 - protocol_service - INFO - stop:160 - ProtocolExecutionService service stopped
2025-07-20 15:15:52,423 - ot2_service - INFO - _on_start:445 - Registered robot ot2 with state manager
2025-07-20 15:15:52,504 - ot2_service - INFO - _on_start:207 - OT2 robot ot2 connected successfully
2025-07-20 15:15:52,608 - ot2_service - INFO - _start_health_monitoring:187 - Started health monitoring for OT2Service
2025-07-20 15:15:52,610 - ot2_service - INFO - start:141 - OT2Service service started
2025-07-20 15:15:52,628 - protocol_service - INFO - start:141 - ProtocolExecutionService service started
2025-07-20 15:15:52,743 - ot2_service - INFO - _health_monitoring_loop:212 - Robot connection state changed: None -> True
2025-07-20 15:15:52,746 - ot2_service - INFO - _handle_connection_state_change:139 - OT2 robot ot2 connection restored
2025-07-20 15:16:02,222 - ot2_service - INFO - _stop_health_monitoring:197 - Stopped health monitoring for OT2Service
2025-07-20 15:16:02,224 - ot2_service - INFO - stop:160 - OT2Service service stopped
2025-07-20 15:16:02,226 - protocol_service - INFO - _stop_health_monitoring:197 - Stopped health monitoring for ProtocolExecutionService
2025-07-20 15:16:02,228 - protocol_service - INFO - stop:160 - ProtocolExecutionService service stopped
2025-07-20 15:16:05,831 - ot2_service - INFO - _on_start:445 - Registered robot ot2 with state manager
2025-07-20 15:16:05,905 - ot2_service - INFO - _on_start:207 - OT2 robot ot2 connected successfully
2025-07-20 15:16:06,009 - ot2_service - INFO - _start_health_monitoring:187 - Started health monitoring for OT2Service
2025-07-20 15:16:06,012 - ot2_service - INFO - start:141 - OT2Service service started
2025-07-20 15:16:06,040 - protocol_service - INFO - start:141 - ProtocolExecutionService service started
2025-07-20 15:16:06,141 - ot2_service - INFO - _health_monitoring_loop:212 - Robot connection state changed: None -> True
2025-07-20 15:16:06,142 - ot2_service - INFO - _handle_connection_state_change:139 - OT2 robot ot2 connection restored
2025-07-20 15:17:08,356 - ot2_service - INFO - execute_operation:280 - Starting operation ot2_protocol_liquid_handling: protocol_execution for robot ot2
2025-07-20 15:17:08,416 - ot2_service - ERROR - _execute_protocol:314 - Protocol execution failed: [Errno 21] Is a directory: '.'
2025-07-20 15:17:08,433 - ot2_service - ERROR - execute_operation:327 - Operation ot2_protocol_liquid_handling failed: [Errno 21] Is a directory: '.'
Traceback (most recent call last):
  File "/app/services/base.py", line 287, in execute_operation
    result = await asyncio.wait_for(
  File "/usr/local/lib/python3.9/asyncio/tasks.py", line 479, in wait_for
    return fut.result()
  File "/app/services/ot2_service.py", line 292, in _execute_protocol
    protocol_id = await self._upload_protocol(protocol_config)
  File "/app/services/ot2_service.py", line 633, in _upload_protocol
    with open(protocol_file, 'r') as f:
IsADirectoryError: [Errno 21] Is a directory: '.'
2025-07-20 15:29:18,825 - ot2_service - INFO - _stop_health_monitoring:197 - Stopped health monitoring for OT2Service
2025-07-20 15:29:18,828 - ot2_service - INFO - stop:160 - OT2Service service stopped
2025-07-20 15:29:18,831 - protocol_service - INFO - _stop_health_monitoring:197 - Stopped health monitoring for ProtocolExecutionService
2025-07-20 15:29:18,833 - protocol_service - INFO - stop:160 - ProtocolExecutionService service stopped
2025-07-20 15:29:22,278 - ot2_service - INFO - _on_start:445 - Registered robot ot2 with state manager
2025-07-20 15:29:22,354 - ot2_service - INFO - _on_start:207 - OT2 robot ot2 connected successfully
2025-07-20 15:29:22,455 - ot2_service - INFO - _start_health_monitoring:187 - Started health monitoring for OT2Service
2025-07-20 15:29:22,457 - ot2_service - INFO - start:141 - OT2Service service started
2025-07-20 15:29:22,476 - protocol_service - INFO - start:141 - ProtocolExecutionService service started
2025-07-20 15:29:22,590 - ot2_service - INFO - _health_monitoring_loop:212 - Robot connection state changed: None -> True
2025-07-20 15:29:22,591 - ot2_service - INFO - _handle_connection_state_change:139 - OT2 robot ot2 connection restored
2025-07-20 15:30:27,024 - ot2_service - INFO - _stop_health_monitoring:197 - Stopped health monitoring for OT2Service
2025-07-20 15:30:27,027 - ot2_service - INFO - stop:160 - OT2Service service stopped
2025-07-20 15:30:27,030 - protocol_service - INFO - _stop_health_monitoring:197 - Stopped health monitoring for ProtocolExecutionService
2025-07-20 15:30:27,033 - protocol_service - INFO - stop:160 - ProtocolExecutionService service stopped
2025-07-20 15:30:29,975 - ot2_service - INFO - _on_start:445 - Registered robot ot2 with state manager
2025-07-20 15:30:30,041 - ot2_service - INFO - _on_start:207 - OT2 robot ot2 connected successfully
2025-07-20 15:30:30,143 - ot2_service - INFO - _start_health_monitoring:187 - Started health monitoring for OT2Service
2025-07-20 15:30:30,146 - ot2_service - INFO - start:141 - OT2Service service started
2025-07-20 15:30:30,167 - protocol_service - INFO - start:141 - ProtocolExecutionService service started
2025-07-20 15:30:30,260 - ot2_service - INFO - _health_monitoring_loop:212 - Robot connection state changed: None -> True
2025-07-20 15:30:30,261 - ot2_service - INFO - _handle_connection_state_change:139 - OT2 robot ot2 connection restored
2025-07-20 15:30:38,535 - ot2_service - INFO - _stop_health_monitoring:197 - Stopped health monitoring for OT2Service
2025-07-20 15:30:38,537 - ot2_service - INFO - stop:160 - OT2Service service stopped
2025-07-20 15:30:38,538 - protocol_service - INFO - _stop_health_monitoring:197 - Stopped health monitoring for ProtocolExecutionService
2025-07-20 15:30:38,540 - protocol_service - INFO - stop:160 - ProtocolExecutionService service stopped
2025-07-20 15:30:43,428 - ot2_service - INFO - _on_start:445 - Registered robot ot2 with state manager
2025-07-20 15:30:43,503 - ot2_service - INFO - _on_start:207 - OT2 robot ot2 connected successfully
2025-07-20 15:30:43,600 - ot2_service - INFO - _start_health_monitoring:187 - Started health monitoring for OT2Service
2025-07-20 15:30:43,603 - ot2_service - INFO - start:141 - OT2Service service started
2025-07-20 15:30:43,619 - protocol_service - INFO - start:141 - ProtocolExecutionService service started
2025-07-20 15:30:43,725 - ot2_service - INFO - _health_monitoring_loop:212 - Robot connection state changed: None -> True
2025-07-20 15:30:43,726 - ot2_service - INFO - _handle_connection_state_change:139 - OT2 robot ot2 connection restored
2025-07-20 15:31:08,634 - ot2_service - INFO - execute_operation:280 - Starting operation ot2_status: status_check for robot ot2
2025-07-20 15:31:08,796 - ot2_service - INFO - execute_operation:299 - Operation ot2_status completed successfully in 0.16s
2025-07-20 15:45:28,808 - ot2_service - INFO - _stop_health_monitoring:197 - Stopped health monitoring for OT2Service
2025-07-20 15:45:28,811 - ot2_service - INFO - stop:160 - OT2Service service stopped
2025-07-20 15:45:28,812 - protocol_service - INFO - _stop_health_monitoring:197 - Stopped health monitoring for ProtocolExecutionService
2025-07-20 15:45:28,814 - protocol_service - INFO - stop:160 - ProtocolExecutionService service stopped
2025-07-20 15:45:35,885 - ot2_service - INFO - _on_start:445 - Registered robot ot2 with state manager
2025-07-20 15:45:35,968 - ot2_service - INFO - _on_start:207 - OT2 robot ot2 connected successfully
2025-07-20 15:45:36,100 - ot2_service - INFO - _start_health_monitoring:187 - Started health monitoring for OT2Service
2025-07-20 15:45:36,103 - ot2_service - INFO - start:141 - OT2Service service started
2025-07-20 15:45:36,141 - protocol_service - INFO - start:141 - ProtocolExecutionService service started
2025-07-20 15:45:36,227 - ot2_service - INFO - _stop_health_monitoring:197 - Stopped health monitoring for OT2Service
2025-07-20 15:45:36,229 - ot2_service - INFO - stop:160 - OT2Service service stopped
2025-07-20 15:45:36,231 - protocol_service - INFO - _stop_health_monitoring:197 - Stopped health monitoring for ProtocolExecutionService
2025-07-20 15:45:36,234 - protocol_service - INFO - stop:160 - ProtocolExecutionService service stopped
2025-07-20 15:45:40,957 - ot2_service - INFO - _on_start:445 - Registered robot ot2 with state manager
2025-07-20 15:45:41,201 - ot2_service - INFO - _on_start:207 - OT2 robot ot2 connected successfully
2025-07-20 15:45:41,361 - ot2_service - INFO - _start_health_monitoring:187 - Started health monitoring for OT2Service
2025-07-20 15:45:41,377 - ot2_service - INFO - start:141 - OT2Service service started
2025-07-20 15:45:41,462 - protocol_service - INFO - start:141 - ProtocolExecutionService service started
2025-07-20 15:45:41,920 - ot2_service - INFO - _health_monitoring_loop:212 - Robot connection state changed: None -> True
2025-07-20 15:45:41,922 - ot2_service - INFO - _handle_connection_state_change:139 - OT2 robot ot2 connection restored
2025-07-20 15:46:34,748 - ot2_service - INFO - _stop_health_monitoring:197 - Stopped health monitoring for OT2Service
2025-07-20 15:46:34,751 - ot2_service - INFO - stop:160 - OT2Service service stopped
2025-07-20 15:46:34,753 - protocol_service - INFO - _stop_health_monitoring:197 - Stopped health monitoring for ProtocolExecutionService
2025-07-20 15:46:34,755 - protocol_service - INFO - stop:160 - ProtocolExecutionService service stopped
2025-07-20 15:46:38,397 - ot2_service - INFO - _on_start:445 - Registered robot ot2 with state manager
2025-07-20 15:46:38,481 - ot2_service - INFO - _on_start:207 - OT2 robot ot2 connected successfully
2025-07-20 15:46:38,698 - ot2_service - INFO - _start_health_monitoring:187 - Started health monitoring for OT2Service
2025-07-20 15:46:38,701 - ot2_service - INFO - start:141 - OT2Service service started
2025-07-20 15:46:38,718 - protocol_service - INFO - start:141 - ProtocolExecutionService service started
2025-07-20 15:46:38,849 - ot2_service - INFO - _health_monitoring_loop:212 - Robot connection state changed: None -> True
2025-07-20 15:46:38,850 - ot2_service - INFO - _handle_connection_state_change:139 - OT2 robot ot2 connection restored
2025-07-20 15:47:22,272 - ot2_service - INFO - execute_operation:280 - Starting operation ot2_protocol_liquid_handling: protocol_execution for robot ot2
2025-07-20 15:47:22,276 - ot2_service - ERROR - _execute_protocol:314 - Protocol execution failed: [Errno 21] Is a directory: '/app'
2025-07-20 15:47:22,277 - ot2_service - ERROR - execute_operation:327 - Operation ot2_protocol_liquid_handling failed: [Errno 21] Is a directory: '/app'
Traceback (most recent call last):
  File "/app/services/base.py", line 287, in execute_operation
    result = await asyncio.wait_for(
  File "/usr/local/lib/python3.9/asyncio/tasks.py", line 479, in wait_for
    return fut.result()
  File "/app/services/ot2_service.py", line 292, in _execute_protocol
    protocol_id = await self._upload_protocol(protocol_config)
  File "/app/services/ot2_service.py", line 652, in _upload_protocol
    open(protocol_file, 'rb'),
IsADirectoryError: [Errno 21] Is a directory: '/app'
2025-07-20 15:47:28,962 - ot2_service - INFO - _stop_health_monitoring:197 - Stopped health monitoring for OT2Service
2025-07-20 15:47:28,964 - ot2_service - INFO - stop:160 - OT2Service service stopped
2025-07-20 15:47:28,967 - protocol_service - INFO - _stop_health_monitoring:197 - Stopped health monitoring for ProtocolExecutionService
2025-07-20 15:47:28,969 - protocol_service - INFO - stop:160 - ProtocolExecutionService service stopped
2025-07-20 15:47:33,488 - ot2_service - INFO - _on_start:445 - Registered robot ot2 with state manager
2025-07-20 15:47:33,561 - ot2_service - INFO - _on_start:207 - OT2 robot ot2 connected successfully
2025-07-20 15:47:33,665 - ot2_service - INFO - _start_health_monitoring:187 - Started health monitoring for OT2Service
2025-07-20 15:47:33,667 - ot2_service - INFO - start:141 - OT2Service service started
2025-07-20 15:47:33,685 - protocol_service - INFO - start:141 - ProtocolExecutionService service started
2025-07-20 15:47:33,773 - ot2_service - INFO - _health_monitoring_loop:212 - Robot connection state changed: None -> True
2025-07-20 15:47:33,775 - ot2_service - INFO - _handle_connection_state_change:139 - OT2 robot ot2 connection restored
2025-07-20 15:47:58,180 - ot2_service - INFO - _stop_health_monitoring:197 - Stopped health monitoring for OT2Service
2025-07-20 15:47:58,181 - ot2_service - INFO - stop:160 - OT2Service service stopped
2025-07-20 15:47:58,183 - protocol_service - INFO - _stop_health_monitoring:197 - Stopped health monitoring for ProtocolExecutionService
2025-07-20 15:47:58,184 - protocol_service - INFO - stop:160 - ProtocolExecutionService service stopped
2025-07-20 15:48:01,369 - ot2_service - INFO - _on_start:445 - Registered robot ot2 with state manager
2025-07-20 15:48:01,440 - ot2_service - INFO - _on_start:207 - OT2 robot ot2 connected successfully
2025-07-20 15:48:01,542 - ot2_service - INFO - _start_health_monitoring:187 - Started health monitoring for OT2Service
2025-07-20 15:48:01,544 - ot2_service - INFO - start:141 - OT2Service service started
2025-07-20 15:48:01,559 - protocol_service - INFO - start:141 - ProtocolExecutionService service started
2025-07-20 15:48:01,649 - ot2_service - INFO - _health_monitoring_loop:212 - Robot connection state changed: None -> True
2025-07-20 15:48:01,653 - ot2_service - INFO - _handle_connection_state_change:139 - OT2 robot ot2 connection restored
2025-07-20 15:48:58,774 - ot2_service - INFO - _stop_health_monitoring:197 - Stopped health monitoring for OT2Service
2025-07-20 15:48:58,776 - ot2_service - INFO - stop:160 - OT2Service service stopped
2025-07-20 15:48:58,777 - protocol_service - INFO - _stop_health_monitoring:197 - Stopped health monitoring for ProtocolExecutionService
2025-07-20 15:48:58,778 - protocol_service - INFO - stop:160 - ProtocolExecutionService service stopped
2025-07-20 15:49:01,619 - ot2_service - INFO - _on_start:445 - Registered robot ot2 with state manager
2025-07-20 15:49:01,697 - ot2_service - INFO - _on_start:207 - OT2 robot ot2 connected successfully
2025-07-20 15:49:01,795 - ot2_service - INFO - _start_health_monitoring:187 - Started health monitoring for OT2Service
2025-07-20 15:49:01,797 - ot2_service - INFO - start:141 - OT2Service service started
2025-07-20 15:49:01,830 - protocol_service - INFO - start:141 - ProtocolExecutionService service started
2025-07-20 15:49:01,941 - ot2_service - INFO - _health_monitoring_loop:212 - Robot connection state changed: None -> True
2025-07-20 15:49:01,944 - ot2_service - INFO - _handle_connection_state_change:139 - OT2 robot ot2 connection restored
2025-07-20 15:49:38,302 - ot2_service - INFO - _stop_health_monitoring:197 - Stopped health monitoring for OT2Service
2025-07-20 15:49:38,305 - ot2_service - INFO - stop:160 - OT2Service service stopped
2025-07-20 15:49:38,308 - protocol_service - INFO - _stop_health_monitoring:197 - Stopped health monitoring for ProtocolExecutionService
2025-07-20 15:49:38,310 - protocol_service - INFO - stop:160 - ProtocolExecutionService service stopped
2025-07-20 15:49:41,362 - ot2_service - INFO - _on_start:445 - Registered robot ot2 with state manager
2025-07-20 15:49:41,429 - ot2_service - INFO - _on_start:207 - OT2 robot ot2 connected successfully
2025-07-20 15:49:41,528 - ot2_service - INFO - _start_health_monitoring:187 - Started health monitoring for OT2Service
2025-07-20 15:49:41,530 - ot2_service - INFO - start:141 - OT2Service service started
2025-07-20 15:49:41,545 - protocol_service - INFO - start:141 - ProtocolExecutionService service started
2025-07-20 15:49:41,628 - ot2_service - INFO - _health_monitoring_loop:212 - Robot connection state changed: None -> True
2025-07-20 15:49:41,630 - ot2_service - INFO - _handle_connection_state_change:139 - OT2 robot ot2 connection restored
2025-07-20 15:50:38,848 - ot2_service - INFO - _stop_health_monitoring:197 - Stopped health monitoring for OT2Service
2025-07-20 15:50:38,849 - ot2_service - INFO - stop:160 - OT2Service service stopped
2025-07-20 15:50:38,850 - protocol_service - INFO - _stop_health_monitoring:197 - Stopped health monitoring for ProtocolExecutionService
2025-07-20 15:50:38,852 - protocol_service - INFO - stop:160 - ProtocolExecutionService service stopped
2025-07-20 15:50:41,716 - ot2_service - INFO - _on_start:445 - Registered robot ot2 with state manager
2025-07-20 15:50:41,794 - ot2_service - INFO - _on_start:207 - OT2 robot ot2 connected successfully
2025-07-20 15:50:41,898 - ot2_service - INFO - _start_health_monitoring:187 - Started health monitoring for OT2Service
2025-07-20 15:50:41,901 - ot2_service - INFO - start:141 - OT2Service service started
2025-07-20 15:50:41,932 - protocol_service - INFO - start:141 - ProtocolExecutionService service started
2025-07-20 15:50:42,028 - ot2_service - INFO - _health_monitoring_loop:212 - Robot connection state changed: None -> True
2025-07-20 15:50:42,030 - ot2_service - INFO - _handle_connection_state_change:139 - OT2 robot ot2 connection restored
2025-07-20 15:51:14,581 - ot2_service - INFO - _stop_health_monitoring:197 - Stopped health monitoring for OT2Service
2025-07-20 15:51:14,585 - ot2_service - INFO - stop:160 - OT2Service service stopped
2025-07-20 15:51:14,588 - protocol_service - INFO - _stop_health_monitoring:197 - Stopped health monitoring for ProtocolExecutionService
2025-07-20 15:51:14,591 - protocol_service - INFO - stop:160 - ProtocolExecutionService service stopped
2025-07-20 15:51:18,445 - ot2_service - INFO - _on_start:445 - Registered robot ot2 with state manager
2025-07-20 15:51:18,517 - ot2_service - INFO - _on_start:207 - OT2 robot ot2 connected successfully
2025-07-20 15:51:18,621 - ot2_service - INFO - _start_health_monitoring:187 - Started health monitoring for OT2Service
2025-07-20 15:51:18,623 - ot2_service - INFO - start:141 - OT2Service service started
2025-07-20 15:51:18,637 - protocol_service - INFO - start:141 - ProtocolExecutionService service started
2025-07-20 15:51:18,728 - ot2_service - INFO - _health_monitoring_loop:212 - Robot connection state changed: None -> True
2025-07-20 15:51:18,730 - ot2_service - INFO - _handle_connection_state_change:139 - OT2 robot ot2 connection restored
2025-07-20 15:51:30,007 - ot2_service - INFO - _stop_health_monitoring:197 - Stopped health monitoring for OT2Service
2025-07-20 15:51:30,011 - ot2_service - INFO - stop:160 - OT2Service service stopped
2025-07-20 15:51:30,014 - protocol_service - INFO - _stop_health_monitoring:197 - Stopped health monitoring for ProtocolExecutionService
2025-07-20 15:51:30,017 - protocol_service - INFO - stop:160 - ProtocolExecutionService service stopped
2025-07-20 15:51:32,986 - ot2_service - INFO - _on_start:445 - Registered robot ot2 with state manager
2025-07-20 15:51:33,060 - ot2_service - INFO - _on_start:207 - OT2 robot ot2 connected successfully
2025-07-20 15:51:33,161 - ot2_service - INFO - _start_health_monitoring:187 - Started health monitoring for OT2Service
2025-07-20 15:51:33,163 - ot2_service - INFO - start:141 - OT2Service service started
2025-07-20 15:51:33,182 - protocol_service - INFO - start:141 - ProtocolExecutionService service started
2025-07-20 15:51:33,283 - ot2_service - INFO - _health_monitoring_loop:212 - Robot connection state changed: None -> True
2025-07-20 15:51:33,285 - ot2_service - INFO - _handle_connection_state_change:139 - OT2 robot ot2 connection restored
2025-07-20 15:51:40,959 - ot2_service - INFO - _stop_health_monitoring:197 - Stopped health monitoring for OT2Service
2025-07-20 15:51:40,963 - ot2_service - INFO - stop:160 - OT2Service service stopped
2025-07-20 15:51:40,966 - protocol_service - INFO - _stop_health_monitoring:197 - Stopped health monitoring for ProtocolExecutionService
2025-07-20 15:51:40,968 - protocol_service - INFO - stop:160 - ProtocolExecutionService service stopped
2025-07-20 15:51:44,113 - ot2_service - INFO - _on_start:445 - Registered robot ot2 with state manager
2025-07-20 15:51:44,187 - ot2_service - INFO - _on_start:207 - OT2 robot ot2 connected successfully
2025-07-20 15:51:44,287 - ot2_service - INFO - _start_health_monitoring:187 - Started health monitoring for OT2Service
2025-07-20 15:51:44,289 - ot2_service - INFO - start:141 - OT2Service service started
2025-07-20 15:51:44,310 - protocol_service - INFO - start:141 - ProtocolExecutionService service started
2025-07-20 15:51:44,412 - ot2_service - INFO - _health_monitoring_loop:212 - Robot connection state changed: None -> True
2025-07-20 15:51:44,414 - ot2_service - INFO - _handle_connection_state_change:139 - OT2 robot ot2 connection restored
2025-07-20 15:52:06,333 - ot2_service - INFO - _stop_health_monitoring:197 - Stopped health monitoring for OT2Service
2025-07-20 15:52:06,335 - ot2_service - INFO - stop:160 - OT2Service service stopped
2025-07-20 15:52:06,336 - protocol_service - INFO - _stop_health_monitoring:197 - Stopped health monitoring for ProtocolExecutionService
2025-07-20 15:52:06,338 - protocol_service - INFO - stop:160 - ProtocolExecutionService service stopped
2025-07-20 15:52:10,430 - ot2_service - INFO - _on_start:445 - Registered robot ot2 with state manager
2025-07-20 15:52:10,507 - ot2_service - INFO - _on_start:207 - OT2 robot ot2 connected successfully
2025-07-20 15:52:10,612 - ot2_service - INFO - _start_health_monitoring:187 - Started health monitoring for OT2Service
2025-07-20 15:52:10,615 - ot2_service - INFO - start:141 - OT2Service service started
2025-07-20 15:52:10,636 - protocol_service - INFO - start:141 - ProtocolExecutionService service started
2025-07-20 15:52:10,736 - ot2_service - INFO - _health_monitoring_loop:212 - Robot connection state changed: None -> True
2025-07-20 15:52:10,738 - ot2_service - INFO - _handle_connection_state_change:139 - OT2 robot ot2 connection restored
2025-07-20 15:54:29,034 - ot2_service - INFO - _stop_health_monitoring:197 - Stopped health monitoring for OT2Service
2025-07-20 15:54:29,036 - ot2_service - INFO - stop:160 - OT2Service service stopped
2025-07-20 15:54:29,039 - protocol_service - INFO - _stop_health_monitoring:197 - Stopped health monitoring for ProtocolExecutionService
2025-07-20 15:54:29,041 - protocol_service - INFO - stop:160 - ProtocolExecutionService service stopped
2025-07-20 15:54:35,222 - ot2_service - INFO - _on_start:445 - Registered robot ot2 with state manager
2025-07-20 15:54:35,296 - ot2_service - INFO - _on_start:207 - OT2 robot ot2 connected successfully
2025-07-20 15:54:35,396 - ot2_service - INFO - _start_health_monitoring:187 - Started health monitoring for OT2Service
2025-07-20 15:54:35,398 - ot2_service - INFO - start:141 - OT2Service service started
2025-07-20 15:54:35,419 - protocol_service - INFO - start:141 - ProtocolExecutionService service started
2025-07-20 15:54:35,508 - ot2_service - INFO - _health_monitoring_loop:212 - Robot connection state changed: None -> True
2025-07-20 15:54:35,510 - ot2_service - INFO - _handle_connection_state_change:139 - OT2 robot ot2 connection restored
2025-07-20 15:56:27,313 - ot2_service - INFO - _health_monitoring_loop:212 - Robot connection state changed: True -> False
2025-07-20 15:56:27,315 - ot2_service - WARNING - _handle_connection_state_change:146 - OT2 robot ot2 connection lost
2025-07-21 08:27:54,444 - ot2_service - WARNING - _health_monitoring_loop:223 - Connection check timeout for OT2Service
2025-07-21 08:28:02,465 - ot2_service - WARNING - _health_monitoring_loop:223 - Connection check timeout for OT2Service
2025-07-21 08:28:10,470 - ot2_service - WARNING - _health_monitoring_loop:223 - Connection check timeout for OT2Service
2025-07-21 08:28:18,491 - ot2_service - WARNING - _health_monitoring_loop:223 - Connection check timeout for OT2Service
2025-07-21 08:28:26,497 - ot2_service - WARNING - _health_monitoring_loop:223 - Connection check timeout for OT2Service
2025-07-21 08:28:34,514 - ot2_service - WARNING - _health_monitoring_loop:223 - Connection check timeout for OT2Service
2025-07-21 08:30:50,664 - ot2_service - INFO - _health_monitoring_loop:212 - Robot connection state changed: False -> True
2025-07-21 08:30:50,666 - ot2_service - INFO - _handle_connection_state_change:139 - OT2 robot ot2 connection restored
2025-07-21 08:50:37,194 - ot2_service - INFO - _stop_health_monitoring:197 - Stopped health monitoring for OT2Service
2025-07-21 08:50:37,215 - ot2_service - INFO - stop:160 - OT2Service service stopped
2025-07-21 08:50:37,239 - protocol_service - INFO - _stop_health_monitoring:197 - Stopped health monitoring for ProtocolExecutionService
2025-07-21 08:50:37,257 - protocol_service - INFO - stop:160 - ProtocolExecutionService service stopped
