2025-07-14 07:13:04,735 - orchestrator - INFO - register_robot_service:124 - Registered robot service: meca
2025-07-14 07:13:04,737 - orchestrator - INFO - register_robot_service:124 - Registered robot service: ot2
2025-07-14 07:13:04,738 - orchestrator - INFO - register_protocol_service:129 - Registered protocol execution service
2025-07-14 07:13:04,784 - orchestrator - INFO - start:132 - RobotOrchestrator service started
2025-07-14 07:13:04,786 - command_service - INFO - _on_start:133 - Starting Robot command service...
2025-07-14 07:13:04,789 - command_service - INFO - _on_start:138 - Orchestrator available with registered services: {'meca': 'MecaService', 'ot2': 'OT2Service'}
2025-07-14 07:13:04,791 - command_service - INFO - _on_start:143 - Available command processors: ['meca', 'ot2', 'arduino', 'carousel']
2025-07-14 07:13:04,793 - command_service - INFO - _on_start:147 - Robot command service started with command queue processor
2025-07-14 07:13:04,795 - command_service - INFO - start:132 - RobotCommandService service started
2025-07-14 07:13:04,817 - command_service - INFO - _process_command_queue:395 - Command queue processor started
2025-07-14 07:13:09,818 - orchestrator - WARNING - _monitor_system_status:397 - Robots needing attention: ['ot2']
2025-07-14 07:13:14,822 - orchestrator - WARNING - _monitor_system_status:397 - Robots needing attention: ['ot2']
2025-07-14 07:13:19,825 - orchestrator - WARNING - _monitor_system_status:397 - Robots needing attention: ['ot2']
2025-07-14 07:13:24,828 - orchestrator - WARNING - _monitor_system_status:397 - Robots needing attention: ['ot2']
2025-07-14 07:13:29,787 - orchestrator - WARNING - _monitor_system_status:397 - Robots needing attention: ['ot2']
2025-07-14 07:13:34,788 - orchestrator - WARNING - _monitor_system_status:397 - Robots needing attention: ['ot2']
2025-07-14 07:13:39,884 - orchestrator - WARNING - _monitor_system_status:397 - Robots needing attention: ['ot2']
2025-07-14 07:13:44,945 - orchestrator - WARNING - _monitor_system_status:397 - Robots needing attention: ['ot2']
2025-07-14 07:13:49,947 - orchestrator - WARNING - _monitor_system_status:397 - Robots needing attention: ['ot2']
2025-07-14 07:13:54,949 - orchestrator - WARNING - _monitor_system_status:397 - Robots needing attention: ['ot2']
2025-07-14 07:13:59,910 - orchestrator - WARNING - _monitor_system_status:397 - Robots needing attention: ['ot2']
2025-07-14 07:14:04,934 - orchestrator - WARNING - _monitor_system_status:397 - Robots needing attention: ['ot2']
2025-07-14 07:14:09,952 - orchestrator - WARNING - _monitor_system_status:397 - Robots needing attention: ['ot2']
2025-07-14 07:14:15,008 - orchestrator - WARNING - _monitor_system_status:397 - Robots needing attention: ['ot2']
2025-07-14 07:14:20,061 - orchestrator - WARNING - _monitor_system_status:397 - Robots needing attention: ['ot2']
2025-07-14 07:14:25,063 - orchestrator - WARNING - _monitor_system_status:397 - Robots needing attention: ['ot2']
2025-07-14 07:14:30,023 - orchestrator - WARNING - _monitor_system_status:397 - Robots needing attention: ['ot2']
2025-07-14 07:14:35,025 - orchestrator - WARNING - _monitor_system_status:397 - Robots needing attention: ['ot2']
2025-07-14 07:14:40,027 - orchestrator - WARNING - _monitor_system_status:397 - Robots needing attention: ['ot2']
2025-07-14 07:14:45,031 - orchestrator - WARNING - _monitor_system_status:397 - Robots needing attention: ['ot2']
2025-07-14 07:14:50,073 - orchestrator - WARNING - _monitor_system_status:397 - Robots needing attention: ['ot2']
2025-07-14 07:14:55,076 - orchestrator - WARNING - _monitor_system_status:397 - Robots needing attention: ['ot2']
2025-07-14 07:15:00,143 - orchestrator - WARNING - _monitor_system_status:397 - Robots needing attention: ['ot2']
2025-07-14 07:15:05,603 - orchestrator - WARNING - _monitor_system_status:397 - Robots needing attention: ['ot2']
2025-07-14 07:15:10,607 - orchestrator - WARNING - _monitor_system_status:397 - Robots needing attention: ['ot2']
2025-07-14 07:15:15,611 - orchestrator - WARNING - _monitor_system_status:397 - Robots needing attention: ['ot2']
2025-07-14 07:15:20,689 - orchestrator - WARNING - _monitor_system_status:397 - Robots needing attention: ['ot2']
2025-07-14 07:15:25,746 - orchestrator - WARNING - _monitor_system_status:397 - Robots needing attention: ['ot2']
2025-07-14 07:15:30,940 - orchestrator - WARNING - _monitor_system_status:397 - Robots needing attention: ['ot2']
2025-07-14 07:15:35,946 - orchestrator - WARNING - _monitor_system_status:397 - Robots needing attention: ['ot2']
2025-07-14 07:15:41,357 - orchestrator - WARNING - _monitor_system_status:397 - Robots needing attention: ['ot2']
2025-07-14 07:15:46,469 - orchestrator - WARNING - _monitor_system_status:397 - Robots needing attention: ['ot2']
2025-07-14 07:15:51,523 - orchestrator - WARNING - _monitor_system_status:397 - Robots needing attention: ['ot2']
2025-07-14 07:15:56,669 - orchestrator - WARNING - _monitor_system_status:397 - Robots needing attention: ['ot2']
2025-07-14 07:16:01,700 - orchestrator - WARNING - _monitor_system_status:397 - Robots needing attention: ['ot2']
2025-07-14 07:16:06,850 - orchestrator - WARNING - _monitor_system_status:397 - Robots needing attention: ['ot2']
2025-07-14 07:16:11,933 - orchestrator - WARNING - _monitor_system_status:397 - Robots needing attention: ['ot2']
2025-07-14 07:16:17,026 - orchestrator - WARNING - _monitor_system_status:397 - Robots needing attention: ['ot2']
2025-07-14 07:16:22,030 - orchestrator - WARNING - _monitor_system_status:397 - Robots needing attention: ['ot2']
2025-07-14 07:16:27,057 - orchestrator - WARNING - _monitor_system_status:397 - Robots needing attention: ['ot2']
2025-07-14 07:16:32,019 - orchestrator - WARNING - _monitor_system_status:397 - Robots needing attention: ['ot2']
2025-07-14 07:16:37,079 - orchestrator - WARNING - _monitor_system_status:397 - Robots needing attention: ['ot2']
2025-07-14 07:16:42,199 - orchestrator - WARNING - _monitor_system_status:397 - Robots needing attention: ['ot2']
2025-07-14 07:16:47,338 - orchestrator - WARNING - _monitor_system_status:397 - Robots needing attention: ['ot2']
2025-07-14 07:16:52,345 - orchestrator - WARNING - _monitor_system_status:397 - Robots needing attention: ['ot2']
2025-07-14 07:16:57,562 - orchestrator - WARNING - _monitor_system_status:397 - Robots needing attention: ['ot2']
2025-07-14 07:17:02,551 - orchestrator - WARNING - _monitor_system_status:397 - Robots needing attention: ['ot2']
2025-07-14 07:17:07,571 - orchestrator - WARNING - _monitor_system_status:397 - Robots needing attention: ['ot2']
2025-07-14 07:17:12,586 - orchestrator - WARNING - _monitor_system_status:397 - Robots needing attention: ['ot2']
2025-07-14 07:17:17,590 - orchestrator - WARNING - _monitor_system_status:397 - Robots needing attention: ['ot2']
2025-07-14 07:17:22,592 - orchestrator - WARNING - _monitor_system_status:397 - Robots needing attention: ['ot2']
2025-07-14 07:17:27,626 - orchestrator - WARNING - _monitor_system_status:397 - Robots needing attention: ['ot2']
2025-07-14 07:17:32,566 - orchestrator - WARNING - _monitor_system_status:397 - Robots needing attention: ['ot2']
2025-07-14 07:17:37,568 - orchestrator - WARNING - _monitor_system_status:397 - Robots needing attention: ['ot2']
2025-07-14 07:17:42,619 - orchestrator - WARNING - _monitor_system_status:397 - Robots needing attention: ['ot2']
2025-07-14 07:17:47,635 - orchestrator - WARNING - _monitor_system_status:397 - Robots needing attention: ['ot2']
2025-07-14 07:17:52,704 - orchestrator - WARNING - _monitor_system_status:397 - Robots needing attention: ['ot2']
2025-07-14 07:17:57,718 - orchestrator - WARNING - _monitor_system_status:397 - Robots needing attention: ['ot2']
2025-07-14 07:18:02,661 - orchestrator - WARNING - _monitor_system_status:397 - Robots needing attention: ['ot2']
2025-07-14 07:18:07,704 - orchestrator - WARNING - _monitor_system_status:397 - Robots needing attention: ['ot2']
2025-07-14 07:18:12,715 - orchestrator - WARNING - _monitor_system_status:397 - Robots needing attention: ['ot2']
2025-07-14 07:18:17,735 - orchestrator - WARNING - _monitor_system_status:397 - Robots needing attention: ['ot2']
2025-07-14 07:18:22,739 - orchestrator - WARNING - _monitor_system_status:397 - Robots needing attention: ['ot2']
2025-07-14 07:18:27,742 - orchestrator - WARNING - _monitor_system_status:397 - Robots needing attention: ['ot2']
2025-07-14 07:18:32,682 - orchestrator - WARNING - _monitor_system_status:397 - Robots needing attention: ['ot2']
2025-07-14 07:18:37,688 - orchestrator - WARNING - _monitor_system_status:397 - Robots needing attention: ['ot2']
2025-07-14 07:18:42,690 - orchestrator - WARNING - _monitor_system_status:397 - Robots needing attention: ['ot2']
2025-07-14 07:18:47,694 - orchestrator - WARNING - _monitor_system_status:397 - Robots needing attention: ['ot2']
2025-07-14 07:18:52,711 - orchestrator - WARNING - _monitor_system_status:397 - Robots needing attention: ['ot2']
2025-07-14 07:18:57,713 - orchestrator - WARNING - _monitor_system_status:397 - Robots needing attention: ['ot2']
2025-07-14 07:19:02,645 - orchestrator - WARNING - _monitor_system_status:397 - Robots needing attention: ['ot2']
2025-07-14 07:19:07,649 - orchestrator - WARNING - _monitor_system_status:397 - Robots needing attention: ['ot2']
2025-07-14 07:19:12,654 - orchestrator - WARNING - _monitor_system_status:397 - Robots needing attention: ['ot2']
2025-07-14 07:19:17,659 - orchestrator - WARNING - _monitor_system_status:397 - Robots needing attention: ['ot2']
2025-07-14 07:19:22,663 - orchestrator - WARNING - _monitor_system_status:397 - Robots needing attention: ['ot2']
2025-07-14 07:19:27,613 - orchestrator - WARNING - _monitor_system_status:397 - Robots needing attention: ['ot2']
2025-07-14 07:19:32,617 - orchestrator - WARNING - _monitor_system_status:397 - Robots needing attention: ['ot2']
2025-07-14 07:19:37,620 - orchestrator - WARNING - _monitor_system_status:397 - Robots needing attention: ['ot2']
2025-07-14 07:19:42,624 - orchestrator - WARNING - _monitor_system_status:397 - Robots needing attention: ['ot2']
2025-07-14 07:19:47,627 - orchestrator - WARNING - _monitor_system_status:397 - Robots needing attention: ['ot2']
2025-07-14 07:19:52,632 - orchestrator - WARNING - _monitor_system_status:397 - Robots needing attention: ['ot2']
2025-07-14 07:19:57,610 - orchestrator - WARNING - _monitor_system_status:397 - Robots needing attention: ['ot2']
2025-07-14 07:20:02,614 - orchestrator - WARNING - _monitor_system_status:397 - Robots needing attention: ['ot2']
2025-07-14 07:20:07,617 - orchestrator - WARNING - _monitor_system_status:397 - Robots needing attention: ['ot2']
2025-07-14 07:20:12,658 - orchestrator - WARNING - _monitor_system_status:397 - Robots needing attention: ['ot2']
2025-07-14 07:20:17,661 - orchestrator - WARNING - _monitor_system_status:397 - Robots needing attention: ['ot2']
2025-07-14 07:20:22,669 - orchestrator - WARNING - _monitor_system_status:397 - Robots needing attention: ['ot2']
2025-07-14 07:20:27,741 - orchestrator - WARNING - _monitor_system_status:397 - Robots needing attention: ['ot2']
2025-07-14 07:20:32,744 - orchestrator - WARNING - _monitor_system_status:397 - Robots needing attention: ['ot2']
2025-07-14 07:20:37,746 - orchestrator - WARNING - _monitor_system_status:397 - Robots needing attention: ['ot2']
2025-07-14 07:20:42,829 - orchestrator - WARNING - _monitor_system_status:397 - Robots needing attention: ['ot2']
2025-07-14 07:20:47,831 - orchestrator - WARNING - _monitor_system_status:397 - Robots needing attention: ['ot2']
2025-07-14 07:20:53,074 - orchestrator - WARNING - _monitor_system_status:397 - Robots needing attention: ['ot2']
2025-07-14 07:20:58,065 - orchestrator - WARNING - _monitor_system_status:397 - Robots needing attention: ['ot2']
2025-07-14 07:21:03,067 - orchestrator - WARNING - _monitor_system_status:397 - Robots needing attention: ['ot2']
2025-07-14 07:21:08,071 - orchestrator - WARNING - _monitor_system_status:397 - Robots needing attention: ['ot2']
2025-07-14 07:21:13,073 - orchestrator - WARNING - _monitor_system_status:397 - Robots needing attention: ['ot2']
2025-07-14 07:21:18,075 - orchestrator - WARNING - _monitor_system_status:397 - Robots needing attention: ['ot2']
2025-07-14 07:21:23,150 - orchestrator - WARNING - _monitor_system_status:397 - Robots needing attention: ['ot2']
2025-07-14 07:21:28,147 - orchestrator - WARNING - _monitor_system_status:397 - Robots needing attention: ['ot2']
2025-07-14 07:21:33,149 - orchestrator - WARNING - _monitor_system_status:397 - Robots needing attention: ['ot2']
2025-07-14 07:21:38,152 - orchestrator - WARNING - _monitor_system_status:397 - Robots needing attention: ['ot2']
2025-07-14 07:21:43,154 - orchestrator - WARNING - _monitor_system_status:397 - Robots needing attention: ['ot2']
2025-07-14 07:21:48,156 - orchestrator - WARNING - _monitor_system_status:397 - Robots needing attention: ['ot2']
2025-07-14 07:21:53,158 - orchestrator - WARNING - _monitor_system_status:397 - Robots needing attention: ['ot2']
2025-07-14 07:21:58,277 - orchestrator - WARNING - _monitor_system_status:397 - Robots needing attention: ['ot2']
2025-07-14 07:22:03,280 - orchestrator - WARNING - _monitor_system_status:397 - Robots needing attention: ['ot2']
2025-07-14 07:22:08,282 - orchestrator - WARNING - _monitor_system_status:397 - Robots needing attention: ['ot2']
2025-07-14 07:22:13,284 - orchestrator - WARNING - _monitor_system_status:397 - Robots needing attention: ['ot2']
2025-07-14 07:22:18,286 - orchestrator - WARNING - _monitor_system_status:397 - Robots needing attention: ['ot2']
2025-07-14 07:22:23,361 - orchestrator - WARNING - _monitor_system_status:397 - Robots needing attention: ['ot2']
2025-07-14 07:22:28,374 - orchestrator - WARNING - _monitor_system_status:397 - Robots needing attention: ['ot2']
2025-07-14 07:22:33,382 - orchestrator - WARNING - _monitor_system_status:397 - Robots needing attention: ['ot2']
2025-07-14 07:22:38,385 - orchestrator - WARNING - _monitor_system_status:397 - Robots needing attention: ['ot2']
2025-07-14 07:22:43,427 - orchestrator - WARNING - _monitor_system_status:397 - Robots needing attention: ['ot2']
2025-07-14 07:22:48,542 - orchestrator - WARNING - _monitor_system_status:397 - Robots needing attention: ['ot2']
2025-07-14 07:22:53,554 - orchestrator - WARNING - _monitor_system_status:397 - Robots needing attention: ['ot2']
2025-07-14 07:22:58,640 - orchestrator - WARNING - _monitor_system_status:397 - Robots needing attention: ['ot2']
2025-07-14 07:23:03,741 - orchestrator - WARNING - _monitor_system_status:397 - Robots needing attention: ['ot2']
2025-07-14 07:23:08,744 - orchestrator - WARNING - _monitor_system_status:397 - Robots needing attention: ['ot2']
2025-07-14 07:23:13,746 - orchestrator - WARNING - _monitor_system_status:397 - Robots needing attention: ['ot2']
2025-07-14 07:23:18,787 - orchestrator - WARNING - _monitor_system_status:397 - Robots needing attention: ['ot2']
2025-07-14 07:23:23,852 - orchestrator - WARNING - _monitor_system_status:397 - Robots needing attention: ['ot2']
2025-07-14 07:23:28,902 - orchestrator - WARNING - _monitor_system_status:397 - Robots needing attention: ['ot2']
2025-07-14 07:23:33,904 - orchestrator - WARNING - _monitor_system_status:397 - Robots needing attention: ['ot2']
2025-07-14 07:23:38,911 - orchestrator - WARNING - _monitor_system_status:397 - Robots needing attention: ['ot2']
2025-07-14 07:23:43,913 - orchestrator - WARNING - _monitor_system_status:397 - Robots needing attention: ['ot2']
2025-07-14 07:23:48,922 - orchestrator - WARNING - _monitor_system_status:397 - Robots needing attention: ['ot2']
2025-07-14 07:23:53,925 - orchestrator - WARNING - _monitor_system_status:397 - Robots needing attention: ['ot2']
2025-07-14 07:23:58,933 - orchestrator - WARNING - _monitor_system_status:397 - Robots needing attention: ['ot2']
2025-07-14 07:24:03,938 - orchestrator - WARNING - _monitor_system_status:397 - Robots needing attention: ['ot2']
2025-07-14 07:24:08,959 - orchestrator - WARNING - _monitor_system_status:397 - Robots needing attention: ['ot2']
2025-07-14 07:24:14,026 - orchestrator - WARNING - _monitor_system_status:397 - Robots needing attention: ['ot2']
2025-07-14 07:24:19,032 - orchestrator - WARNING - _monitor_system_status:397 - Robots needing attention: ['ot2']
2025-07-14 07:24:24,287 - orchestrator - WARNING - _monitor_system_status:397 - Robots needing attention: ['ot2']
2025-07-14 07:24:29,362 - orchestrator - WARNING - _monitor_system_status:397 - Robots needing attention: ['ot2']
2025-07-14 07:24:34,443 - orchestrator - WARNING - _monitor_system_status:397 - Robots needing attention: ['ot2']
2025-07-14 07:24:39,448 - orchestrator - WARNING - _monitor_system_status:397 - Robots needing attention: ['ot2']
2025-07-14 07:24:44,504 - orchestrator - WARNING - _monitor_system_status:397 - Robots needing attention: ['ot2']
2025-07-14 07:24:49,605 - orchestrator - WARNING - _monitor_system_status:397 - Robots needing attention: ['ot2']
2025-07-14 07:24:54,660 - orchestrator - WARNING - _monitor_system_status:397 - Robots needing attention: ['ot2']
2025-07-14 07:24:59,686 - orchestrator - WARNING - _monitor_system_status:397 - Robots needing attention: ['ot2']
2025-07-14 07:25:04,765 - orchestrator - WARNING - _monitor_system_status:397 - Robots needing attention: ['ot2']
2025-07-14 07:25:09,774 - orchestrator - WARNING - _monitor_system_status:397 - Robots needing attention: ['ot2']
2025-07-14 07:25:14,970 - orchestrator - WARNING - _monitor_system_status:397 - Robots needing attention: ['ot2']
2025-07-14 07:25:20,188 - orchestrator - WARNING - _monitor_system_status:397 - Robots needing attention: ['ot2']
2025-07-14 07:25:25,289 - orchestrator - WARNING - _monitor_system_status:397 - Robots needing attention: ['ot2']
2025-07-14 07:25:30,404 - orchestrator - WARNING - _monitor_system_status:397 - Robots needing attention: ['ot2']
2025-07-14 07:25:35,481 - orchestrator - WARNING - _monitor_system_status:397 - Robots needing attention: ['ot2']
2025-07-14 07:25:40,698 - orchestrator - WARNING - _monitor_system_status:397 - Robots needing attention: ['ot2']
2025-07-14 07:25:45,918 - orchestrator - WARNING - _monitor_system_status:397 - Robots needing attention: ['ot2']
2025-07-14 07:25:50,956 - orchestrator - WARNING - _monitor_system_status:397 - Robots needing attention: ['ot2']
2025-07-14 07:25:55,978 - orchestrator - WARNING - _monitor_system_status:397 - Robots needing attention: ['ot2']
2025-07-14 07:26:00,986 - orchestrator - WARNING - _monitor_system_status:397 - Robots needing attention: ['ot2']
2025-07-14 07:26:06,098 - orchestrator - WARNING - _monitor_system_status:397 - Robots needing attention: ['ot2']
2025-07-14 07:26:11,116 - orchestrator - WARNING - _monitor_system_status:397 - Robots needing attention: ['ot2']
2025-07-14 07:26:16,137 - orchestrator - WARNING - _monitor_system_status:397 - Robots needing attention: ['ot2']
2025-07-14 07:26:21,155 - orchestrator - WARNING - _monitor_system_status:397 - Robots needing attention: ['ot2']
2025-07-14 07:26:26,156 - orchestrator - WARNING - _monitor_system_status:397 - Robots needing attention: ['ot2']
2025-07-14 07:26:31,232 - orchestrator - WARNING - _monitor_system_status:397 - Robots needing attention: ['ot2']
2025-07-14 07:26:36,258 - orchestrator - WARNING - _monitor_system_status:397 - Robots needing attention: ['ot2']
2025-07-14 07:26:41,285 - orchestrator - WARNING - _monitor_system_status:397 - Robots needing attention: ['ot2']
2025-07-14 07:26:46,327 - orchestrator - WARNING - _monitor_system_status:397 - Robots needing attention: ['ot2']
2025-07-14 07:26:51,340 - orchestrator - WARNING - _monitor_system_status:397 - Robots needing attention: ['ot2']
2025-07-14 07:26:56,342 - orchestrator - WARNING - _monitor_system_status:397 - Robots needing attention: ['ot2']
2025-07-14 07:27:01,443 - orchestrator - WARNING - _monitor_system_status:397 - Robots needing attention: ['ot2']
2025-07-14 07:27:06,445 - orchestrator - WARNING - _monitor_system_status:397 - Robots needing attention: ['ot2']
2025-07-14 07:27:11,544 - orchestrator - WARNING - _monitor_system_status:397 - Robots needing attention: ['ot2']
2025-07-14 07:27:16,547 - orchestrator - WARNING - _monitor_system_status:397 - Robots needing attention: ['ot2']
2025-07-14 07:27:21,548 - orchestrator - WARNING - _monitor_system_status:397 - Robots needing attention: ['ot2']
2025-07-14 07:27:26,550 - orchestrator - WARNING - _monitor_system_status:397 - Robots needing attention: ['ot2']
2025-07-14 07:27:31,601 - orchestrator - WARNING - _monitor_system_status:397 - Robots needing attention: ['ot2']
2025-07-14 07:27:36,698 - orchestrator - WARNING - _monitor_system_status:397 - Robots needing attention: ['ot2']
2025-07-14 07:27:41,708 - orchestrator - WARNING - _monitor_system_status:397 - Robots needing attention: ['ot2']
2025-07-14 07:27:42,907 - command_service - INFO - _process_command_queue:416 - Command queue processor cancelled
2025-07-14 07:27:42,915 - command_service - INFO - _on_stop:166 - Robot command service stopped
2025-07-14 07:27:42,939 - command_service - INFO - stop:148 - RobotCommandService service stopped
2025-07-14 07:27:43,012 - orchestrator - INFO - stop:148 - RobotOrchestrator service stopped
