2025-07-21 08:50:54,633 - main - INFO - startup_event:151 - Starting application initialization...
2025-07-21 08:50:55,197 - main - INFO - initialize_application:60 - Application services initialized successfully
2025-07-21 08:50:55,200 - main - INFO - startup_event:165 - Application startup completed successfully
2025-07-21 08:50:55,209 - main - INFO - shutdown_event:178 - Starting application shutdown...
2025-07-21 08:50:55,431 - main - INFO - shutdown_event:191 - Application shutdown completed successfully
2025-07-21 08:51:18,982 - main - INFO - startup_event:151 - Starting application initialization...
2025-07-21 08:51:20,388 - main - INFO - initialize_application:60 - Application services initialized successfully
2025-07-21 08:51:20,487 - main - INFO - startup_event:165 - Application startup completed successfully
2025-07-21 09:17:43,097 - main - INFO - websocket_endpoint:84 - Client client-134308164620048 connected successfully
2025-07-21 09:25:28,257 - main - INFO - websocket_endpoint:117 - Client client-134308164620048 disconnected normally
2025-07-21 09:25:28,269 - main - INFO - websocket_endpoint:140 - Client client-134308164620048 connection cleaned up successfully
2025-07-21 09:25:28,357 - main - INFO - shutdown_event:178 - Starting application shutdown...
2025-07-21 09:25:28,556 - main - INFO - shutdown_event:191 - Application shutdown completed successfully
2025-07-21 09:25:34,264 - main - INFO - startup_event:151 - Starting application initialization...
2025-07-21 09:25:34,802 - main - INFO - initialize_application:60 - Application services initialized successfully
2025-07-21 09:25:34,805 - main - INFO - startup_event:165 - Application startup completed successfully
2025-07-21 09:25:59,810 - main - INFO - shutdown_event:178 - Starting application shutdown...
2025-07-21 09:25:59,849 - main - INFO - shutdown_event:191 - Application shutdown completed successfully
2025-07-21 09:26:04,628 - main - INFO - startup_event:151 - Starting application initialization...
2025-07-21 09:26:05,113 - main - INFO - initialize_application:60 - Application services initialized successfully
2025-07-21 09:26:05,116 - main - INFO - startup_event:165 - Application startup completed successfully
2025-07-21 09:26:24,073 - main - INFO - shutdown_event:178 - Starting application shutdown...
2025-07-21 09:26:24,129 - main - INFO - shutdown_event:191 - Application shutdown completed successfully
2025-07-21 09:26:29,084 - main - INFO - startup_event:151 - Starting application initialization...
2025-07-21 09:26:29,487 - main - INFO - initialize_application:60 - Application services initialized successfully
2025-07-21 09:26:29,489 - main - INFO - startup_event:165 - Application startup completed successfully
2025-07-21 09:26:44,537 - main - INFO - shutdown_event:178 - Starting application shutdown...
2025-07-21 09:26:44,620 - main - INFO - shutdown_event:191 - Application shutdown completed successfully
2025-07-21 09:26:48,910 - main - INFO - startup_event:151 - Starting application initialization...
2025-07-21 09:26:49,274 - main - INFO - initialize_application:60 - Application services initialized successfully
2025-07-21 09:26:49,276 - main - INFO - startup_event:165 - Application startup completed successfully
2025-07-21 09:26:49,585 - main - INFO - shutdown_event:178 - Starting application shutdown...
2025-07-21 09:26:49,617 - main - INFO - shutdown_event:191 - Application shutdown completed successfully
2025-07-21 09:26:54,856 - main - INFO - startup_event:151 - Starting application initialization...
2025-07-21 09:26:55,384 - main - INFO - initialize_application:60 - Application services initialized successfully
2025-07-21 09:26:55,387 - main - INFO - startup_event:165 - Application startup completed successfully
2025-07-21 09:27:37,666 - main - INFO - shutdown_event:178 - Starting application shutdown...
2025-07-21 09:27:37,786 - main - INFO - shutdown_event:191 - Application shutdown completed successfully
2025-07-21 09:27:42,218 - main - INFO - startup_event:151 - Starting application initialization...
2025-07-21 09:27:42,715 - main - INFO - initialize_application:60 - Application services initialized successfully
2025-07-21 09:27:42,718 - main - INFO - startup_event:165 - Application startup completed successfully
2025-07-21 09:28:00,214 - main - INFO - shutdown_event:178 - Starting application shutdown...
2025-07-21 09:28:00,347 - main - INFO - shutdown_event:191 - Application shutdown completed successfully
2025-07-21 09:28:10,093 - main - INFO - startup_event:151 - Starting application initialization...
2025-07-21 09:28:10,462 - main - INFO - initialize_application:60 - Application services initialized successfully
2025-07-21 09:28:10,464 - main - INFO - startup_event:165 - Application startup completed successfully
2025-07-21 09:28:41,972 - main - INFO - websocket_endpoint:84 - Client client-128846071725120 connected successfully
2025-07-21 10:11:43,213 - main - INFO - websocket_endpoint:117 - Client client-128846071725120 disconnected normally
2025-07-21 10:11:43,720 - main - INFO - websocket_endpoint:140 - Client client-128846071725120 connection cleaned up successfully
2025-07-21 10:11:43,856 - main - INFO - websocket_endpoint:84 - Client client-128846071856720 connected successfully
2025-07-21 10:46:58,914 - main - INFO - websocket_endpoint:117 - Client client-128846071856720 disconnected normally
2025-07-21 10:46:58,941 - main - INFO - websocket_endpoint:140 - Client client-128846071856720 connection cleaned up successfully
2025-07-21 10:57:57,004 - main - INFO - shutdown_event:178 - Starting application shutdown...
2025-07-21 10:57:57,047 - main - INFO - shutdown_event:191 - Application shutdown completed successfully
2025-07-21 10:58:01,855 - main - INFO - startup_event:151 - Starting application initialization...
2025-07-21 10:58:02,263 - main - INFO - initialize_application:60 - Application services initialized successfully
2025-07-21 10:58:02,265 - main - INFO - startup_event:165 - Application startup completed successfully
2025-07-21 10:58:08,824 - main - INFO - shutdown_event:178 - Starting application shutdown...
2025-07-21 10:58:08,857 - main - INFO - shutdown_event:191 - Application shutdown completed successfully
2025-07-21 10:58:12,242 - main - INFO - startup_event:151 - Starting application initialization...
2025-07-21 10:58:12,613 - main - INFO - initialize_application:60 - Application services initialized successfully
2025-07-21 10:58:12,618 - main - INFO - startup_event:165 - Application startup completed successfully
2025-07-21 10:58:27,073 - main - INFO - shutdown_event:178 - Starting application shutdown...
2025-07-21 10:58:27,102 - main - INFO - shutdown_event:191 - Application shutdown completed successfully
2025-07-21 10:58:30,683 - main - INFO - startup_event:151 - Starting application initialization...
2025-07-21 10:58:31,002 - main - INFO - initialize_application:60 - Application services initialized successfully
2025-07-21 10:58:31,004 - main - INFO - startup_event:165 - Application startup completed successfully
2025-07-21 11:19:31,977 - main - INFO - websocket_endpoint:84 - Client client-137252559752736 connected successfully
2025-07-21 11:19:35,709 - main - INFO - websocket_endpoint:117 - Client client-137252559752736 disconnected normally
2025-07-21 11:19:35,714 - main - INFO - websocket_endpoint:140 - Client client-137252559752736 connection cleaned up successfully
2025-07-21 11:19:36,385 - main - INFO - websocket_endpoint:84 - Client client-137252559833024 connected successfully
2025-07-21 11:20:24,239 - main - INFO - websocket_endpoint:117 - Client client-137252559833024 disconnected normally
2025-07-21 11:20:24,245 - main - INFO - websocket_endpoint:140 - Client client-137252559833024 connection cleaned up successfully
2025-07-21 11:20:24,339 - main - INFO - shutdown_event:178 - Starting application shutdown...
2025-07-21 11:20:24,377 - main - INFO - shutdown_event:191 - Application shutdown completed successfully
2025-07-21 11:20:33,913 - main - INFO - startup_event:151 - Starting application initialization...
2025-07-21 11:20:34,310 - main - INFO - initialize_application:60 - Application services initialized successfully
2025-07-21 11:20:34,313 - main - INFO - startup_event:165 - Application startup completed successfully
2025-07-21 11:20:34,820 - main - INFO - shutdown_event:178 - Starting application shutdown...
2025-07-21 11:20:34,871 - main - INFO - shutdown_event:191 - Application shutdown completed successfully
2025-07-21 11:20:41,826 - main - INFO - startup_event:151 - Starting application initialization...
2025-07-21 11:20:42,234 - main - INFO - initialize_application:60 - Application services initialized successfully
2025-07-21 11:20:42,237 - main - INFO - startup_event:165 - Application startup completed successfully
2025-07-21 11:21:16,155 - main - INFO - websocket_endpoint:84 - Client client-135879975418656 connected successfully
2025-07-21 11:22:31,497 - main - INFO - websocket_endpoint:117 - Client client-135879975418656 disconnected normally
2025-07-21 11:22:31,501 - main - INFO - websocket_endpoint:140 - Client client-135879975418656 connection cleaned up successfully
2025-07-21 11:22:31,983 - main - INFO - websocket_endpoint:84 - Client client-135879975533536 connected successfully
2025-07-21 11:22:40,049 - main - INFO - websocket_endpoint:117 - Client client-135879975533536 disconnected normally
2025-07-21 11:22:40,054 - main - INFO - websocket_endpoint:140 - Client client-135879975533536 connection cleaned up successfully
2025-07-21 11:23:46,781 - main - INFO - websocket_endpoint:84 - Client client-135879975605776 connected successfully
2025-07-21 11:25:17,768 - main - INFO - websocket_endpoint:117 - Client client-135879975605776 disconnected normally
2025-07-21 11:25:17,772 - main - INFO - websocket_endpoint:140 - Client client-135879975605776 connection cleaned up successfully
2025-07-21 11:25:18,120 - main - INFO - websocket_endpoint:84 - Client client-135879975608176 connected successfully
2025-07-21 11:28:42,543 - main - INFO - websocket_endpoint:117 - Client client-135879975608176 disconnected normally
2025-07-21 11:28:42,547 - main - INFO - websocket_endpoint:140 - Client client-135879975608176 connection cleaned up successfully
2025-07-21 11:28:42,643 - main - INFO - shutdown_event:178 - Starting application shutdown...
2025-07-21 11:28:42,676 - main - INFO - shutdown_event:191 - Application shutdown completed successfully
2025-07-21 11:30:56,592 - main - INFO - startup_event:151 - Starting application initialization...
2025-07-21 11:31:02,009 - main - INFO - initialize_application:60 - Application services initialized successfully
2025-07-21 11:31:02,011 - main - INFO - startup_event:165 - Application startup completed successfully
2025-07-21 11:31:08,080 - main - INFO - websocket_endpoint:84 - Client client-126133245271296 connected successfully
2025-07-21 11:44:32,966 - main - INFO - websocket_endpoint:117 - Client client-126133245271296 disconnected normally
2025-07-21 11:44:32,970 - main - INFO - websocket_endpoint:140 - Client client-126133245271296 connection cleaned up successfully
2025-07-21 11:44:33,066 - main - INFO - shutdown_event:178 - Starting application shutdown...
2025-07-21 11:44:33,090 - main - INFO - shutdown_event:191 - Application shutdown completed successfully
2025-07-21 11:44:37,342 - main - INFO - startup_event:151 - Starting application initialization...
2025-07-21 11:44:37,728 - main - INFO - initialize_application:60 - Application services initialized successfully
2025-07-21 11:44:37,731 - main - INFO - startup_event:165 - Application startup completed successfully
2025-07-21 11:44:47,986 - main - INFO - shutdown_event:178 - Starting application shutdown...
2025-07-21 11:44:48,008 - main - INFO - shutdown_event:191 - Application shutdown completed successfully
2025-07-21 11:44:51,706 - main - INFO - startup_event:151 - Starting application initialization...
2025-07-21 11:44:52,031 - main - INFO - initialize_application:60 - Application services initialized successfully
2025-07-21 11:44:52,033 - main - INFO - startup_event:165 - Application startup completed successfully
2025-07-21 11:47:03,047 - main - INFO - shutdown_event:178 - Starting application shutdown...
2025-07-21 11:47:03,085 - main - INFO - shutdown_event:191 - Application shutdown completed successfully
2025-07-21 11:47:07,021 - main - INFO - startup_event:151 - Starting application initialization...
2025-07-21 11:47:07,394 - main - INFO - initialize_application:60 - Application services initialized successfully
2025-07-21 11:47:07,396 - main - INFO - startup_event:165 - Application startup completed successfully
2025-07-21 11:47:13,334 - main - INFO - shutdown_event:178 - Starting application shutdown...
2025-07-21 11:47:13,381 - main - INFO - shutdown_event:191 - Application shutdown completed successfully
2025-07-21 11:47:21,780 - main - INFO - startup_event:151 - Starting application initialization...
2025-07-21 11:47:22,148 - main - INFO - initialize_application:60 - Application services initialized successfully
2025-07-21 11:47:22,150 - main - INFO - startup_event:165 - Application startup completed successfully
2025-07-21 11:47:55,773 - main - INFO - shutdown_event:178 - Starting application shutdown...
2025-07-21 11:47:55,818 - main - INFO - shutdown_event:191 - Application shutdown completed successfully
2025-07-21 11:48:00,521 - main - INFO - startup_event:151 - Starting application initialization...
2025-07-21 11:48:00,892 - main - INFO - initialize_application:60 - Application services initialized successfully
2025-07-21 11:48:00,896 - main - INFO - startup_event:165 - Application startup completed successfully
2025-07-21 11:48:07,217 - main - INFO - shutdown_event:178 - Starting application shutdown...
2025-07-21 11:48:07,244 - main - INFO - shutdown_event:191 - Application shutdown completed successfully
2025-07-21 11:48:10,908 - main - INFO - startup_event:151 - Starting application initialization...
2025-07-21 11:48:11,322 - main - INFO - initialize_application:60 - Application services initialized successfully
2025-07-21 11:48:11,325 - main - INFO - startup_event:165 - Application startup completed successfully
2025-07-21 11:48:43,947 - main - INFO - shutdown_event:178 - Starting application shutdown...
2025-07-21 11:48:44,016 - main - INFO - shutdown_event:191 - Application shutdown completed successfully
2025-07-21 11:48:54,602 - main - INFO - startup_event:151 - Starting application initialization...
2025-07-21 11:48:55,045 - main - INFO - initialize_application:60 - Application services initialized successfully
2025-07-21 11:48:55,049 - main - INFO - startup_event:165 - Application startup completed successfully
2025-07-21 11:51:22,522 - main - INFO - shutdown_event:178 - Starting application shutdown...
2025-07-21 11:51:22,564 - main - INFO - shutdown_event:191 - Application shutdown completed successfully
2025-07-21 11:51:26,995 - main - INFO - startup_event:151 - Starting application initialization...
2025-07-21 11:51:27,715 - main - INFO - initialize_application:60 - Application services initialized successfully
2025-07-21 11:51:27,718 - main - INFO - startup_event:165 - Application startup completed successfully
2025-07-21 11:51:47,397 - main - INFO - shutdown_event:178 - Starting application shutdown...
2025-07-21 11:51:47,520 - main - INFO - shutdown_event:191 - Application shutdown completed successfully
2025-07-21 11:51:51,598 - main - INFO - startup_event:151 - Starting application initialization...
2025-07-21 11:51:51,979 - main - INFO - initialize_application:60 - Application services initialized successfully
2025-07-21 11:51:51,981 - main - INFO - startup_event:165 - Application startup completed successfully
2025-07-21 11:52:05,328 - main - INFO - shutdown_event:178 - Starting application shutdown...
2025-07-21 11:52:05,405 - main - INFO - shutdown_event:191 - Application shutdown completed successfully
2025-07-21 11:52:13,488 - main - INFO - startup_event:151 - Starting application initialization...
2025-07-21 11:52:14,097 - main - INFO - initialize_application:60 - Application services initialized successfully
2025-07-21 11:52:14,098 - main - INFO - startup_event:165 - Application startup completed successfully
2025-07-21 11:53:08,583 - main - INFO - websocket_endpoint:84 - Client client-137625477764048 connected successfully
2025-07-21 11:53:44,097 - main - INFO - websocket_endpoint:117 - Client client-137625477764048 disconnected normally
2025-07-21 11:53:44,101 - main - INFO - websocket_endpoint:140 - Client client-137625477764048 connection cleaned up successfully
2025-07-21 11:53:44,198 - main - INFO - shutdown_event:178 - Starting application shutdown...
2025-07-21 11:53:44,244 - main - INFO - shutdown_event:191 - Application shutdown completed successfully
2025-07-21 11:53:50,328 - main - INFO - startup_event:151 - Starting application initialization...
2025-07-21 11:53:50,736 - main - INFO - initialize_application:60 - Application services initialized successfully
2025-07-21 11:53:50,739 - main - INFO - startup_event:165 - Application startup completed successfully
2025-07-21 11:53:52,305 - main - INFO - websocket_endpoint:84 - Client client-127663942930496 connected successfully
2025-07-21 11:58:41,535 - main - INFO - websocket_endpoint:117 - Client client-127663942930496 disconnected normally
2025-07-21 11:58:41,547 - main - INFO - websocket_endpoint:140 - Client client-127663942930496 connection cleaned up successfully
2025-07-21 11:58:41,635 - main - INFO - shutdown_event:178 - Starting application shutdown...
2025-07-21 11:58:41,810 - main - INFO - shutdown_event:191 - Application shutdown completed successfully
2025-07-21 11:58:46,187 - main - INFO - startup_event:151 - Starting application initialization...
2025-07-21 11:58:46,722 - main - INFO - initialize_application:60 - Application services initialized successfully
2025-07-21 11:58:46,724 - main - INFO - startup_event:165 - Application startup completed successfully
2025-07-21 11:58:53,656 - main - INFO - shutdown_event:178 - Starting application shutdown...
2025-07-21 11:58:53,695 - main - INFO - shutdown_event:191 - Application shutdown completed successfully
2025-07-21 11:58:57,590 - main - INFO - startup_event:151 - Starting application initialization...
2025-07-21 11:58:57,949 - main - INFO - initialize_application:60 - Application services initialized successfully
2025-07-21 11:58:57,951 - main - INFO - startup_event:165 - Application startup completed successfully
2025-07-21 11:59:06,881 - main - INFO - shutdown_event:178 - Starting application shutdown...
2025-07-21 11:59:06,937 - main - INFO - shutdown_event:191 - Application shutdown completed successfully
2025-07-21 11:59:16,838 - main - INFO - startup_event:151 - Starting application initialization...
2025-07-21 11:59:18,494 - main - INFO - initialize_application:60 - Application services initialized successfully
2025-07-21 11:59:18,496 - main - INFO - startup_event:165 - Application startup completed successfully
2025-07-21 12:02:04,223 - main - INFO - shutdown_event:178 - Starting application shutdown...
2025-07-21 12:02:04,255 - main - INFO - shutdown_event:191 - Application shutdown completed successfully
2025-07-21 12:02:08,464 - main - INFO - startup_event:151 - Starting application initialization...
2025-07-21 12:02:08,879 - main - INFO - initialize_application:60 - Application services initialized successfully
2025-07-21 12:02:08,882 - main - INFO - startup_event:165 - Application startup completed successfully
2025-07-21 12:02:15,135 - main - INFO - shutdown_event:178 - Starting application shutdown...
2025-07-21 12:02:15,162 - main - INFO - shutdown_event:191 - Application shutdown completed successfully
2025-07-21 12:02:18,943 - main - INFO - startup_event:151 - Starting application initialization...
2025-07-21 12:02:19,307 - main - INFO - initialize_application:60 - Application services initialized successfully
2025-07-21 12:02:19,311 - main - INFO - startup_event:165 - Application startup completed successfully
2025-07-21 12:02:30,843 - main - INFO - shutdown_event:178 - Starting application shutdown...
2025-07-21 12:02:30,879 - main - INFO - shutdown_event:191 - Application shutdown completed successfully
2025-07-21 12:02:34,489 - main - INFO - startup_event:151 - Starting application initialization...
2025-07-21 12:02:34,828 - main - INFO - initialize_application:60 - Application services initialized successfully
2025-07-21 12:02:34,830 - main - INFO - startup_event:165 - Application startup completed successfully
2025-07-21 12:02:41,365 - main - INFO - shutdown_event:178 - Starting application shutdown...
2025-07-21 12:02:41,394 - main - INFO - shutdown_event:191 - Application shutdown completed successfully
2025-07-21 12:02:45,441 - main - INFO - startup_event:151 - Starting application initialization...
2025-07-21 12:02:45,946 - main - INFO - initialize_application:60 - Application services initialized successfully
2025-07-21 12:02:45,948 - main - INFO - startup_event:165 - Application startup completed successfully
2025-07-21 12:02:49,467 - main - INFO - shutdown_event:178 - Starting application shutdown...
2025-07-21 12:02:49,517 - main - INFO - shutdown_event:191 - Application shutdown completed successfully
2025-07-21 12:02:53,074 - main - INFO - startup_event:151 - Starting application initialization...
2025-07-21 12:02:53,454 - main - INFO - initialize_application:60 - Application services initialized successfully
2025-07-21 12:02:53,457 - main - INFO - startup_event:165 - Application startup completed successfully
2025-07-21 12:02:55,770 - main - INFO - shutdown_event:178 - Starting application shutdown...
2025-07-21 12:02:55,815 - main - INFO - shutdown_event:191 - Application shutdown completed successfully
2025-07-21 12:02:59,205 - main - INFO - startup_event:151 - Starting application initialization...
2025-07-21 12:02:59,585 - main - INFO - initialize_application:60 - Application services initialized successfully
2025-07-21 12:02:59,588 - main - INFO - startup_event:165 - Application startup completed successfully
2025-07-21 12:41:50,140 - main - INFO - websocket_endpoint:84 - Client client-133587717137120 connected successfully
2025-07-21 12:42:33,945 - main - INFO - websocket_endpoint:117 - Client client-133587717137120 disconnected normally
2025-07-21 12:42:33,948 - main - INFO - websocket_endpoint:140 - Client client-133587717137120 connection cleaned up successfully
2025-07-21 12:42:36,955 - main - INFO - shutdown_event:178 - Starting application shutdown...
2025-07-21 12:42:36,993 - main - INFO - shutdown_event:191 - Application shutdown completed successfully
2025-07-21 12:55:41,235 - main - INFO - startup_event:151 - Starting application initialization...
2025-07-21 12:55:56,327 - main - INFO - initialize_application:60 - Application services initialized successfully
2025-07-21 12:55:56,330 - main - INFO - startup_event:165 - Application startup completed successfully
2025-07-21 12:57:06,042 - main - INFO - websocket_endpoint:84 - Client client-126267372088912 connected successfully
2025-07-21 13:07:48,787 - main - INFO - websocket_endpoint:117 - Client client-126267372088912 disconnected normally
2025-07-21 13:07:48,792 - main - INFO - websocket_endpoint:140 - Client client-126267372088912 connection cleaned up successfully
2025-07-21 13:07:48,888 - main - INFO - shutdown_event:178 - Starting application shutdown...
2025-07-21 13:07:48,927 - main - INFO - shutdown_event:191 - Application shutdown completed successfully
2025-07-21 13:07:52,665 - main - INFO - startup_event:151 - Starting application initialization...
2025-07-21 13:07:55,295 - main - INFO - initialize_application:60 - Application services initialized successfully
2025-07-21 13:07:55,297 - main - INFO - startup_event:165 - Application startup completed successfully
2025-07-21 13:08:43,823 - main - INFO - websocket_endpoint:84 - Client client-129969570525136 connected successfully
2025-07-21 13:11:26,456 - main - INFO - websocket_endpoint:117 - Client client-129969570525136 disconnected normally
2025-07-21 13:11:26,459 - main - INFO - websocket_endpoint:140 - Client client-129969570525136 connection cleaned up successfully
2025-07-21 13:11:27,149 - main - INFO - websocket_endpoint:84 - Client client-129969570530400 connected successfully
2025-07-21 13:56:01,754 - main - INFO - websocket_endpoint:117 - Client client-129969570530400 disconnected normally
2025-07-21 13:56:01,760 - main - INFO - websocket_endpoint:140 - Client client-129969570530400 connection cleaned up successfully
2025-07-21 13:56:01,856 - main - INFO - shutdown_event:178 - Starting application shutdown...
2025-07-21 13:56:01,897 - main - INFO - shutdown_event:191 - Application shutdown completed successfully
2025-07-21 13:56:07,926 - main - INFO - startup_event:151 - Starting application initialization...
2025-07-21 13:56:22,963 - main - INFO - initialize_application:60 - Application services initialized successfully
2025-07-21 13:56:22,970 - main - INFO - startup_event:165 - Application startup completed successfully
2025-07-21 13:56:51,607 - main - INFO - shutdown_event:178 - Starting application shutdown...
2025-07-21 13:56:51,639 - main - INFO - shutdown_event:191 - Application shutdown completed successfully
2025-07-21 13:56:54,897 - main - INFO - startup_event:151 - Starting application initialization...
2025-07-21 13:56:57,304 - main - INFO - initialize_application:60 - Application services initialized successfully
2025-07-21 13:56:57,307 - main - INFO - startup_event:165 - Application startup completed successfully
2025-07-21 13:57:08,850 - main - INFO - shutdown_event:178 - Starting application shutdown...
2025-07-21 13:57:09,094 - main - INFO - shutdown_event:191 - Application shutdown completed successfully
2025-07-21 13:57:13,268 - main - INFO - startup_event:151 - Starting application initialization...
2025-07-21 13:57:15,693 - main - INFO - initialize_application:60 - Application services initialized successfully
2025-07-21 13:57:15,697 - main - INFO - startup_event:165 - Application startup completed successfully
2025-07-21 14:00:33,437 - main - INFO - websocket_endpoint:84 - Client client-127723711007952 connected successfully
2025-07-21 14:04:12,564 - main - INFO - websocket_endpoint:117 - Client client-127723711007952 disconnected normally
2025-07-21 14:04:12,567 - main - INFO - websocket_endpoint:140 - Client client-127723711007952 connection cleaned up successfully
2025-07-21 14:04:13,363 - main - INFO - websocket_endpoint:84 - Client client-127723677006096 connected successfully
2025-07-21 14:19:24,082 - main - INFO - websocket_endpoint:117 - Client client-127723677006096 disconnected normally
2025-07-21 14:19:24,204 - main - INFO - websocket_endpoint:140 - Client client-127723677006096 connection cleaned up successfully
2025-07-21 14:19:25,732 - main - INFO - websocket_endpoint:84 - Client client-127723711006464 connected successfully
2025-07-21 14:30:03,956 - main - INFO - websocket_endpoint:117 - Client client-127723711006464 disconnected normally
2025-07-21 14:30:03,980 - main - INFO - websocket_endpoint:140 - Client client-127723711006464 connection cleaned up successfully
2025-07-21 14:30:05,224 - main - INFO - websocket_endpoint:84 - Client client-127723676882400 connected successfully
2025-07-21 14:32:25,250 - main - INFO - websocket_endpoint:117 - Client client-127723676882400 disconnected normally
2025-07-21 14:32:25,255 - main - INFO - websocket_endpoint:140 - Client client-127723676882400 connection cleaned up successfully
2025-07-21 14:32:37,107 - main - INFO - websocket_endpoint:84 - Client client-127723676905968 connected successfully
2025-07-21 14:33:05,956 - main - INFO - websocket_endpoint:117 - Client client-127723676905968 disconnected normally
2025-07-21 14:33:05,961 - main - INFO - websocket_endpoint:140 - Client client-127723676905968 connection cleaned up successfully
2025-07-21 14:33:06,831 - main - INFO - websocket_endpoint:84 - Client client-127723676908848 connected successfully
2025-07-21 14:39:28,439 - main - INFO - websocket_endpoint:117 - Client client-127723676908848 disconnected normally
2025-07-21 14:39:28,442 - main - INFO - websocket_endpoint:140 - Client client-127723676908848 connection cleaned up successfully
2025-07-21 14:39:28,540 - main - INFO - shutdown_event:178 - Starting application shutdown...
2025-07-21 14:39:28,600 - main - INFO - shutdown_event:191 - Application shutdown completed successfully
2025-07-21 14:39:33,062 - main - INFO - startup_event:151 - Starting application initialization...
2025-07-21 14:39:47,929 - main - INFO - initialize_application:60 - Application services initialized successfully
2025-07-21 14:39:47,932 - main - INFO - startup_event:165 - Application startup completed successfully
2025-07-21 14:39:47,939 - main - INFO - shutdown_event:178 - Starting application shutdown...
2025-07-21 14:39:47,983 - main - INFO - shutdown_event:191 - Application shutdown completed successfully
2025-07-21 14:39:51,479 - main - INFO - startup_event:151 - Starting application initialization...
2025-07-21 14:39:53,927 - main - INFO - initialize_application:60 - Application services initialized successfully
2025-07-21 14:39:53,928 - main - INFO - startup_event:165 - Application startup completed successfully
2025-07-21 14:40:07,076 - main - INFO - shutdown_event:178 - Starting application shutdown...
2025-07-21 14:40:07,122 - main - INFO - shutdown_event:191 - Application shutdown completed successfully
2025-07-21 14:40:10,231 - main - INFO - startup_event:151 - Starting application initialization...
2025-07-21 14:40:12,632 - main - INFO - initialize_application:60 - Application services initialized successfully
2025-07-21 14:40:12,634 - main - INFO - startup_event:165 - Application startup completed successfully
2025-07-21 14:40:14,940 - main - INFO - shutdown_event:178 - Starting application shutdown...
2025-07-21 14:40:14,972 - main - INFO - shutdown_event:191 - Application shutdown completed successfully
2025-07-21 14:40:18,328 - main - INFO - startup_event:151 - Starting application initialization...
2025-07-21 14:40:20,714 - main - INFO - initialize_application:60 - Application services initialized successfully
2025-07-21 14:40:20,716 - main - INFO - startup_event:165 - Application startup completed successfully
2025-07-21 14:40:32,650 - main - INFO - shutdown_event:178 - Starting application shutdown...
2025-07-21 14:40:32,705 - main - INFO - shutdown_event:191 - Application shutdown completed successfully
2025-07-21 14:40:36,671 - main - INFO - startup_event:151 - Starting application initialization...
2025-07-21 14:40:39,129 - main - INFO - initialize_application:60 - Application services initialized successfully
2025-07-21 14:40:39,131 - main - INFO - startup_event:165 - Application startup completed successfully
2025-07-21 14:40:41,942 - main - INFO - shutdown_event:178 - Starting application shutdown...
2025-07-21 14:40:41,966 - main - INFO - shutdown_event:191 - Application shutdown completed successfully
2025-07-21 14:40:45,024 - main - INFO - startup_event:151 - Starting application initialization...
2025-07-21 14:40:47,497 - main - INFO - initialize_application:60 - Application services initialized successfully
2025-07-21 14:40:47,501 - main - INFO - startup_event:165 - Application startup completed successfully
2025-07-21 14:41:23,975 - main - INFO - websocket_endpoint:84 - Client client-133314715492896 connected successfully
2025-07-21 14:43:40,676 - main - INFO - websocket_endpoint:117 - Client client-133314715492896 disconnected normally
2025-07-21 14:43:40,871 - main - INFO - websocket_endpoint:140 - Client client-133314715492896 connection cleaned up successfully
2025-07-21 14:43:41,593 - main - INFO - websocket_endpoint:84 - Client client-133314715495632 connected successfully
2025-07-21 14:44:53,311 - main - INFO - websocket_endpoint:117 - Client client-133314715495632 disconnected normally
2025-07-21 14:44:53,314 - main - INFO - websocket_endpoint:140 - Client client-133314715495632 connection cleaned up successfully
2025-07-21 14:44:53,412 - main - INFO - shutdown_event:178 - Starting application shutdown...
2025-07-21 14:44:53,502 - main - INFO - shutdown_event:191 - Application shutdown completed successfully
2025-07-21 14:45:01,833 - main - INFO - startup_event:151 - Starting application initialization...
2025-07-21 14:45:07,227 - main - INFO - initialize_application:60 - Application services initialized successfully
2025-07-21 14:45:07,229 - main - INFO - startup_event:165 - Application startup completed successfully
2025-07-21 14:45:08,739 - main - INFO - websocket_endpoint:84 - Client client-133615253614448 connected successfully
2025-07-21 15:11:52,067 - main - INFO - websocket_endpoint:117 - Client client-133615253614448 disconnected normally
2025-07-21 15:11:52,075 - main - INFO - websocket_endpoint:140 - Client client-133615253614448 connection cleaned up successfully
2025-07-21 15:11:52,168 - main - INFO - shutdown_event:178 - Starting application shutdown...
2025-07-21 15:11:52,229 - main - INFO - shutdown_event:191 - Application shutdown completed successfully
2025-07-21 15:11:57,843 - main - INFO - startup_event:151 - Starting application initialization...
2025-07-21 15:12:03,234 - main - INFO - initialize_application:60 - Application services initialized successfully
2025-07-21 15:12:03,238 - main - INFO - startup_event:165 - Application startup completed successfully
2025-07-21 15:12:42,781 - main - INFO - shutdown_event:178 - Starting application shutdown...
2025-07-21 15:12:42,833 - main - INFO - shutdown_event:191 - Application shutdown completed successfully
2025-07-21 15:12:46,061 - main - INFO - startup_event:151 - Starting application initialization...
2025-07-21 15:12:51,425 - main - INFO - initialize_application:60 - Application services initialized successfully
2025-07-21 15:12:51,427 - main - INFO - startup_event:165 - Application startup completed successfully
2025-07-21 15:13:24,847 - main - INFO - shutdown_event:178 - Starting application shutdown...
2025-07-21 15:13:24,873 - main - INFO - shutdown_event:191 - Application shutdown completed successfully
2025-07-21 15:13:28,767 - main - INFO - startup_event:151 - Starting application initialization...
2025-07-21 15:13:34,141 - main - INFO - initialize_application:60 - Application services initialized successfully
2025-07-21 15:13:34,143 - main - INFO - startup_event:165 - Application startup completed successfully
2025-07-21 15:13:36,154 - main - INFO - shutdown_event:178 - Starting application shutdown...
2025-07-21 15:13:36,182 - main - INFO - shutdown_event:191 - Application shutdown completed successfully
2025-07-21 15:13:39,760 - main - INFO - startup_event:151 - Starting application initialization...
2025-07-21 15:13:45,068 - main - INFO - initialize_application:60 - Application services initialized successfully
2025-07-21 15:13:45,070 - main - INFO - startup_event:165 - Application startup completed successfully
2025-07-21 15:14:49,607 - main - INFO - websocket_endpoint:84 - Client client-124078664649264 connected successfully
2025-07-21 15:16:55,186 - main - INFO - websocket_endpoint:117 - Client client-124078664649264 disconnected normally
2025-07-21 15:16:55,241 - main - INFO - websocket_endpoint:140 - Client client-124078664649264 connection cleaned up successfully
2025-07-21 15:16:56,287 - main - INFO - websocket_endpoint:84 - Client client-124078664764432 connected successfully
2025-07-21 15:17:11,894 - main - INFO - websocket_endpoint:117 - Client client-124078664764432 disconnected normally
2025-07-21 15:17:11,897 - main - INFO - websocket_endpoint:140 - Client client-124078664764432 connection cleaned up successfully
2025-07-21 15:17:11,995 - main - INFO - shutdown_event:178 - Starting application shutdown...
2025-07-21 15:17:12,035 - main - INFO - shutdown_event:191 - Application shutdown completed successfully
2025-07-21 15:17:18,138 - main - INFO - startup_event:151 - Starting application initialization...
2025-07-21 15:17:23,557 - main - INFO - initialize_application:60 - Application services initialized successfully
2025-07-21 15:17:23,559 - main - INFO - startup_event:165 - Application startup completed successfully
2025-07-21 15:17:24,618 - main - INFO - websocket_endpoint:84 - Client client-130660103506096 connected successfully
2025-07-21 15:17:26,301 - main - INFO - websocket_endpoint:117 - Client client-130660103506096 disconnected normally
2025-07-21 15:17:26,309 - main - INFO - websocket_endpoint:140 - Client client-130660103506096 connection cleaned up successfully
2025-07-21 15:17:31,175 - main - INFO - websocket_endpoint:84 - Client client-130660103624160 connected successfully
2025-07-21 15:18:55,064 - main - INFO - websocket_endpoint:117 - Client client-130660103624160 disconnected normally
2025-07-21 15:18:55,069 - main - INFO - websocket_endpoint:140 - Client client-130660103624160 connection cleaned up successfully
2025-07-21 15:18:56,216 - main - INFO - websocket_endpoint:84 - Client client-130660103624160 connected successfully
2025-07-21 15:19:05,064 - main - INFO - websocket_endpoint:117 - Client client-130660103624160 disconnected normally
2025-07-21 15:19:05,068 - main - INFO - websocket_endpoint:140 - Client client-130660103624160 connection cleaned up successfully
2025-07-21 15:19:05,164 - main - INFO - shutdown_event:178 - Starting application shutdown...
2025-07-21 15:19:05,269 - main - INFO - shutdown_event:191 - Application shutdown completed successfully
2025-07-21 15:19:13,479 - main - INFO - startup_event:151 - Starting application initialization...
2025-07-21 15:19:19,399 - main - INFO - initialize_application:60 - Application services initialized successfully
2025-07-21 15:19:19,424 - main - INFO - startup_event:165 - Application startup completed successfully
2025-07-21 15:19:21,574 - main - INFO - websocket_endpoint:84 - Client client-124739736242304 connected successfully
2025-07-21 15:27:28,835 - main - INFO - websocket_endpoint:117 - Client client-124739736242304 disconnected normally
2025-07-21 15:27:28,839 - main - INFO - websocket_endpoint:140 - Client client-124739736242304 connection cleaned up successfully
2025-07-21 15:27:28,936 - main - INFO - shutdown_event:178 - Starting application shutdown...
2025-07-21 15:27:28,983 - main - INFO - shutdown_event:191 - Application shutdown completed successfully
2025-07-21 15:27:33,634 - main - INFO - startup_event:151 - Starting application initialization...
2025-07-21 15:27:38,981 - main - INFO - initialize_application:60 - Application services initialized successfully
2025-07-21 15:27:38,984 - main - INFO - startup_event:165 - Application startup completed successfully
2025-07-21 15:27:49,940 - main - INFO - shutdown_event:178 - Starting application shutdown...
2025-07-21 15:27:49,963 - main - INFO - shutdown_event:191 - Application shutdown completed successfully
2025-07-21 15:27:53,325 - main - INFO - startup_event:151 - Starting application initialization...
2025-07-21 15:27:58,651 - main - INFO - initialize_application:60 - Application services initialized successfully
2025-07-21 15:27:58,654 - main - INFO - startup_event:165 - Application startup completed successfully
2025-07-21 15:28:10,289 - main - INFO - shutdown_event:178 - Starting application shutdown...
2025-07-21 15:28:10,313 - main - INFO - shutdown_event:191 - Application shutdown completed successfully
2025-07-21 15:28:32,451 - main - INFO - startup_event:151 - Starting application initialization...
2025-07-21 15:28:37,777 - main - INFO - initialize_application:60 - Application services initialized successfully
2025-07-21 15:28:37,779 - main - INFO - startup_event:165 - Application startup completed successfully
2025-07-21 15:28:49,612 - main - INFO - shutdown_event:178 - Starting application shutdown...
2025-07-21 15:28:49,636 - main - INFO - shutdown_event:191 - Application shutdown completed successfully
2025-07-21 15:28:53,121 - main - INFO - startup_event:151 - Starting application initialization...
2025-07-21 15:28:58,444 - main - INFO - initialize_application:60 - Application services initialized successfully
2025-07-21 15:28:58,447 - main - INFO - startup_event:165 - Application startup completed successfully
2025-07-21 15:28:58,654 - main - INFO - shutdown_event:178 - Starting application shutdown...
2025-07-21 15:28:58,673 - main - INFO - shutdown_event:191 - Application shutdown completed successfully
2025-07-21 15:29:01,871 - main - INFO - startup_event:151 - Starting application initialization...
2025-07-21 15:29:01,985 - main - INFO - initialize_application:60 - Application services initialized successfully
2025-07-21 15:29:01,987 - main - INFO - startup_event:165 - Application startup completed successfully
2025-07-21 15:29:06,405 - main - INFO - shutdown_event:178 - Starting application shutdown...
2025-07-21 15:29:06,435 - main - INFO - shutdown_event:191 - Application shutdown completed successfully
2025-07-21 15:29:09,909 - main - INFO - startup_event:151 - Starting application initialization...
2025-07-21 15:29:15,248 - main - INFO - initialize_application:60 - Application services initialized successfully
2025-07-21 15:29:15,251 - main - INFO - startup_event:165 - Application startup completed successfully
2025-07-21 15:29:15,257 - main - INFO - shutdown_event:178 - Starting application shutdown...
2025-07-21 15:29:15,286 - main - INFO - shutdown_event:191 - Application shutdown completed successfully
2025-07-21 15:29:19,195 - main - INFO - startup_event:151 - Starting application initialization...
2025-07-21 15:29:24,575 - main - INFO - initialize_application:60 - Application services initialized successfully
2025-07-21 15:29:24,578 - main - INFO - startup_event:165 - Application startup completed successfully
2025-07-21 15:29:55,318 - main - INFO - shutdown_event:178 - Starting application shutdown...
2025-07-21 15:29:55,348 - main - INFO - shutdown_event:191 - Application shutdown completed successfully
2025-07-21 15:29:58,836 - main - INFO - startup_event:151 - Starting application initialization...
2025-07-21 15:30:04,155 - main - INFO - initialize_application:60 - Application services initialized successfully
2025-07-21 15:30:04,158 - main - INFO - startup_event:165 - Application startup completed successfully
2025-07-21 15:30:12,783 - main - INFO - shutdown_event:178 - Starting application shutdown...
2025-07-21 15:30:12,827 - main - INFO - shutdown_event:191 - Application shutdown completed successfully
2025-07-21 15:30:17,367 - main - INFO - startup_event:151 - Starting application initialization...
2025-07-21 15:30:22,744 - main - INFO - initialize_application:60 - Application services initialized successfully
2025-07-21 15:30:22,748 - main - INFO - startup_event:165 - Application startup completed successfully
2025-07-21 15:30:23,055 - main - INFO - shutdown_event:178 - Starting application shutdown...
2025-07-21 15:30:23,078 - main - INFO - shutdown_event:191 - Application shutdown completed successfully
2025-07-21 15:30:26,715 - main - INFO - startup_event:152 - Starting application initialization...
2025-07-21 15:30:32,055 - main - INFO - initialize_application:60 - Application services initialized successfully
2025-07-21 15:30:32,059 - main - INFO - startup_event:166 - Application startup completed successfully
2025-07-21 15:30:32,067 - main - INFO - shutdown_event:179 - Starting application shutdown...
2025-07-21 15:30:32,107 - main - INFO - shutdown_event:192 - Application shutdown completed successfully
2025-07-21 15:30:37,540 - main - INFO - startup_event:152 - Starting application initialization...
2025-07-21 15:30:43,327 - main - INFO - initialize_application:60 - Application services initialized successfully
2025-07-21 15:30:43,329 - main - INFO - startup_event:166 - Application startup completed successfully
2025-07-21 15:30:43,336 - main - INFO - shutdown_event:179 - Starting application shutdown...
2025-07-21 15:30:43,795 - main - INFO - shutdown_event:192 - Application shutdown completed successfully
2025-07-21 15:30:50,843 - main - INFO - startup_event:152 - Starting application initialization...
2025-07-21 15:30:56,213 - main - INFO - initialize_application:60 - Application services initialized successfully
2025-07-21 15:30:56,216 - main - INFO - startup_event:166 - Application startup completed successfully
2025-07-21 15:31:12,491 - main - INFO - shutdown_event:179 - Starting application shutdown...
2025-07-21 15:31:12,581 - main - INFO - shutdown_event:192 - Application shutdown completed successfully
2025-07-21 15:31:16,767 - main - INFO - startup_event:152 - Starting application initialization...
2025-07-21 15:31:22,257 - main - INFO - initialize_application:60 - Application services initialized successfully
2025-07-21 15:31:22,263 - main - INFO - startup_event:166 - Application startup completed successfully
2025-07-21 15:32:03,191 - main - INFO - websocket_endpoint:85 - Client client-126291145730416 connected successfully
2025-07-21 15:38:08,296 - main - INFO - websocket_endpoint:118 - Client client-126291145730416 disconnected normally
2025-07-21 15:38:08,489 - main - INFO - websocket_endpoint:141 - Client client-126291145730416 connection cleaned up successfully
2025-07-21 15:38:09,494 - main - INFO - websocket_endpoint:85 - Client client-126291145365536 connected successfully
2025-07-21 16:18:23,094 - main - INFO - websocket_endpoint:118 - Client client-126291145365536 disconnected normally
2025-07-21 16:41:40,684 - main - INFO - websocket_endpoint:141 - Client client-126291145365536 connection cleaned up successfully
2025-07-24 08:17:06,068 - main - INFO - websocket_endpoint:85 - Client client-126291145855520 connected successfully
2025-07-24 08:17:14,803 - main - INFO - websocket_endpoint:118 - Client client-126291145855520 disconnected normally
2025-07-24 08:17:14,806 - main - INFO - websocket_endpoint:141 - Client client-126291145855520 connection cleaned up successfully
2025-07-24 08:25:39,302 - main - INFO - shutdown_event:179 - Starting application shutdown...
2025-07-24 08:25:39,427 - main - INFO - shutdown_event:192 - Application shutdown completed successfully
