2025-07-20 07:43:14,316 - main - INFO - startup_event:151 - Starting application initialization...
2025-07-20 07:43:14,504 - main - INFO - initialize_application:60 - Application services initialized successfully
2025-07-20 07:43:14,510 - main - INFO - startup_event:165 - Application startup completed successfully
2025-07-20 07:44:23,384 - main - INFO - websocket_endpoint:84 - Client client-138015069982480 connected successfully
2025-07-20 08:20:14,729 - main - INFO - websocket_endpoint:117 - Client client-138015069982480 disconnected normally
2025-07-20 08:20:14,734 - main - INFO - websocket_endpoint:140 - Client client-138015069982480 connection cleaned up successfully
2025-07-20 10:36:52,143 - main - INFO - shutdown_event:178 - Starting application shutdown...
2025-07-20 10:36:52,401 - main - INFO - shutdown_event:191 - Application shutdown completed successfully
2025-07-20 14:16:12,788 - main - INFO - startup_event:151 - Starting application initialization...
2025-07-20 14:16:13,024 - main - INFO - initialize_application:60 - Application services initialized successfully
2025-07-20 14:16:13,026 - main - INFO - startup_event:165 - Application startup completed successfully
2025-07-20 14:16:13,033 - main - INFO - shutdown_event:178 - Starting application shutdown...
2025-07-20 14:16:13,054 - main - INFO - shutdown_event:191 - Application shutdown completed successfully
2025-07-20 14:16:18,204 - main - INFO - startup_event:151 - Starting application initialization...
2025-07-20 14:16:18,421 - main - INFO - initialize_application:60 - Application services initialized successfully
2025-07-20 14:16:18,425 - main - INFO - startup_event:165 - Application startup completed successfully
2025-07-20 14:16:18,938 - main - INFO - shutdown_event:178 - Starting application shutdown...
2025-07-20 14:16:18,956 - main - INFO - shutdown_event:191 - Application shutdown completed successfully
2025-07-20 14:16:34,361 - main - INFO - startup_event:151 - Starting application initialization...
2025-07-20 14:16:34,550 - main - INFO - initialize_application:60 - Application services initialized successfully
2025-07-20 14:16:34,553 - main - INFO - startup_event:165 - Application startup completed successfully
2025-07-20 14:17:18,021 - main - INFO - websocket_endpoint:84 - Client client-123612876836240 connected successfully
2025-07-20 14:18:59,747 - main - INFO - websocket_endpoint:117 - Client client-123612876836240 disconnected normally
2025-07-20 14:18:59,750 - main - INFO - websocket_endpoint:140 - Client client-123612876836240 connection cleaned up successfully
2025-07-20 14:19:00,351 - main - INFO - websocket_endpoint:84 - Client client-123612868156960 connected successfully
2025-07-20 14:23:18,605 - main - INFO - websocket_endpoint:117 - Client client-123612868156960 disconnected normally
2025-07-20 14:23:18,609 - main - INFO - websocket_endpoint:140 - Client client-123612868156960 connection cleaned up successfully
2025-07-20 14:23:19,302 - main - INFO - websocket_endpoint:84 - Client client-123612868048928 connected successfully
2025-07-20 14:23:38,499 - main - INFO - websocket_endpoint:117 - Client client-123612868048928 disconnected normally
2025-07-20 14:23:38,506 - main - INFO - websocket_endpoint:140 - Client client-123612868048928 connection cleaned up successfully
2025-07-20 14:23:38,600 - main - INFO - shutdown_event:178 - Starting application shutdown...
2025-07-20 14:23:38,625 - main - INFO - shutdown_event:191 - Application shutdown completed successfully
2025-07-20 14:23:41,553 - main - INFO - startup_event:151 - Starting application initialization...
2025-07-20 14:23:41,712 - main - INFO - initialize_application:60 - Application services initialized successfully
2025-07-20 14:23:41,714 - main - INFO - startup_event:165 - Application startup completed successfully
2025-07-20 14:23:58,291 - main - INFO - shutdown_event:178 - Starting application shutdown...
2025-07-20 14:23:58,306 - main - INFO - shutdown_event:191 - Application shutdown completed successfully
2025-07-20 14:24:01,562 - main - INFO - startup_event:151 - Starting application initialization...
2025-07-20 14:24:06,686 - main - INFO - initialize_application:60 - Application services initialized successfully
2025-07-20 14:24:06,688 - main - INFO - startup_event:165 - Application startup completed successfully
2025-07-20 14:41:11,347 - main - INFO - websocket_endpoint:84 - Client client-137992152095760 connected successfully
2025-07-20 14:44:23,957 - main - INFO - websocket_endpoint:117 - Client client-137992152095760 disconnected normally
2025-07-20 14:44:23,969 - main - INFO - websocket_endpoint:140 - Client client-137992152095760 connection cleaned up successfully
2025-07-20 14:44:24,056 - main - INFO - shutdown_event:178 - Starting application shutdown...
2025-07-20 14:44:24,105 - main - INFO - shutdown_event:191 - Application shutdown completed successfully
2025-07-20 14:44:34,072 - main - INFO - startup_event:151 - Starting application initialization...
2025-07-20 14:44:34,801 - main - INFO - initialize_application:60 - Application services initialized successfully
2025-07-20 14:44:34,805 - main - INFO - startup_event:165 - Application startup completed successfully
2025-07-20 14:46:12,159 - main - INFO - websocket_endpoint:84 - Client client-132311113718896 connected successfully
2025-07-20 14:46:27,126 - main - INFO - websocket_endpoint:117 - Client client-132311113718896 disconnected normally
2025-07-20 14:46:27,132 - main - INFO - websocket_endpoint:140 - Client client-132311113718896 connection cleaned up successfully
2025-07-20 14:46:27,504 - main - INFO - websocket_endpoint:84 - Client client-132311113385488 connected successfully
2025-07-20 14:52:30,648 - main - INFO - websocket_endpoint:117 - Client client-132311113385488 disconnected normally
2025-07-20 14:52:30,651 - main - INFO - websocket_endpoint:140 - Client client-132311113385488 connection cleaned up successfully
2025-07-20 14:52:32,005 - main - INFO - websocket_endpoint:84 - Client client-132311113433680 connected successfully
2025-07-20 14:56:42,006 - main - INFO - websocket_endpoint:117 - Client client-132311113433680 disconnected normally
2025-07-20 14:56:42,012 - main - INFO - websocket_endpoint:140 - Client client-132311113433680 connection cleaned up successfully
2025-07-20 14:56:42,106 - main - INFO - shutdown_event:178 - Starting application shutdown...
2025-07-20 14:56:42,120 - main - INFO - shutdown_event:191 - Application shutdown completed successfully
2025-07-20 14:56:45,643 - main - INFO - startup_event:151 - Starting application initialization...
2025-07-20 14:56:50,961 - main - INFO - initialize_application:60 - Application services initialized successfully
2025-07-20 14:56:50,963 - main - INFO - startup_event:165 - Application startup completed successfully
2025-07-20 14:56:56,180 - main - INFO - shutdown_event:178 - Starting application shutdown...
2025-07-20 14:56:56,217 - main - INFO - shutdown_event:191 - Application shutdown completed successfully
2025-07-20 14:57:00,409 - main - INFO - startup_event:151 - Starting application initialization...
2025-07-20 14:57:00,439 - main - ERROR - startup_event:167 - Critical error during startup: Can't instantiate abstract class RobotOrchestrator with abstract method _check_robot_connection
2025-07-20 14:57:08,230 - main - INFO - startup_event:151 - Starting application initialization...
2025-07-20 14:57:08,269 - main - ERROR - startup_event:167 - Critical error during startup: Can't instantiate abstract class RobotOrchestrator with abstract method _check_robot_connection
2025-07-20 14:57:15,625 - main - INFO - startup_event:151 - Starting application initialization...
2025-07-20 14:57:20,951 - main - INFO - initialize_application:60 - Application services initialized successfully
2025-07-20 14:57:20,953 - main - INFO - startup_event:165 - Application startup completed successfully
2025-07-20 14:57:21,758 - main - INFO - shutdown_event:178 - Starting application shutdown...
2025-07-20 14:57:21,799 - main - INFO - shutdown_event:191 - Application shutdown completed successfully
2025-07-20 14:57:26,956 - main - INFO - startup_event:151 - Starting application initialization...
2025-07-20 14:57:32,473 - main - INFO - initialize_application:60 - Application services initialized successfully
2025-07-20 14:57:32,474 - main - INFO - startup_event:165 - Application startup completed successfully
2025-07-20 14:58:08,445 - main - INFO - shutdown_event:178 - Starting application shutdown...
2025-07-20 14:58:08,553 - main - INFO - shutdown_event:191 - Application shutdown completed successfully
2025-07-20 14:58:11,423 - main - INFO - startup_event:151 - Starting application initialization...
2025-07-20 14:58:16,711 - main - INFO - initialize_application:60 - Application services initialized successfully
2025-07-20 14:58:16,713 - main - INFO - startup_event:165 - Application startup completed successfully
2025-07-20 14:58:37,883 - main - INFO - shutdown_event:178 - Starting application shutdown...
2025-07-20 14:58:38,105 - main - INFO - shutdown_event:191 - Application shutdown completed successfully
2025-07-20 14:58:43,687 - main - INFO - startup_event:151 - Starting application initialization...
2025-07-20 14:58:49,365 - main - INFO - initialize_application:60 - Application services initialized successfully
2025-07-20 14:58:49,368 - main - INFO - startup_event:165 - Application startup completed successfully
2025-07-20 14:58:49,386 - main - INFO - shutdown_event:178 - Starting application shutdown...
2025-07-20 14:58:49,411 - main - INFO - shutdown_event:191 - Application shutdown completed successfully
2025-07-20 14:58:53,192 - main - INFO - startup_event:151 - Starting application initialization...
2025-07-20 14:58:58,543 - main - INFO - initialize_application:60 - Application services initialized successfully
2025-07-20 14:58:58,544 - main - INFO - startup_event:165 - Application startup completed successfully
2025-07-20 14:58:58,553 - main - INFO - shutdown_event:178 - Starting application shutdown...
2025-07-20 14:58:58,604 - main - INFO - shutdown_event:191 - Application shutdown completed successfully
2025-07-20 14:59:03,790 - main - INFO - startup_event:151 - Starting application initialization...
2025-07-20 14:59:09,092 - main - INFO - initialize_application:60 - Application services initialized successfully
2025-07-20 14:59:09,095 - main - INFO - startup_event:165 - Application startup completed successfully
2025-07-20 14:59:34,334 - main - INFO - websocket_endpoint:84 - Client client-126668107514784 connected successfully
2025-07-20 14:59:40,855 - main - INFO - websocket_endpoint:117 - Client client-126668107514784 disconnected normally
2025-07-20 14:59:40,876 - main - INFO - websocket_endpoint:140 - Client client-126668107514784 connection cleaned up successfully
2025-07-20 14:59:40,955 - main - INFO - shutdown_event:178 - Starting application shutdown...
2025-07-20 14:59:41,201 - main - INFO - shutdown_event:191 - Application shutdown completed successfully
2025-07-20 14:59:45,128 - main - INFO - startup_event:151 - Starting application initialization...
2025-07-20 14:59:50,550 - main - INFO - initialize_application:60 - Application services initialized successfully
2025-07-20 14:59:50,554 - main - INFO - startup_event:165 - Application startup completed successfully
2025-07-20 14:59:50,563 - main - INFO - shutdown_event:178 - Starting application shutdown...
2025-07-20 14:59:50,628 - main - INFO - shutdown_event:191 - Application shutdown completed successfully
2025-07-20 14:59:55,020 - main - INFO - startup_event:151 - Starting application initialization...
2025-07-20 15:00:00,347 - main - INFO - initialize_application:60 - Application services initialized successfully
2025-07-20 15:00:00,349 - main - INFO - startup_event:165 - Application startup completed successfully
2025-07-20 15:00:00,355 - main - INFO - shutdown_event:178 - Starting application shutdown...
2025-07-20 15:00:00,388 - main - INFO - shutdown_event:191 - Application shutdown completed successfully
2025-07-20 15:00:04,855 - main - INFO - startup_event:151 - Starting application initialization...
2025-07-20 15:00:10,370 - main - INFO - initialize_application:60 - Application services initialized successfully
2025-07-20 15:00:10,372 - main - INFO - startup_event:165 - Application startup completed successfully
2025-07-20 15:00:35,264 - main - INFO - websocket_endpoint:84 - Client client-130555330839840 connected successfully
2025-07-20 15:10:52,035 - main - INFO - websocket_endpoint:117 - Client client-130555330839840 disconnected normally
2025-07-20 15:10:52,039 - main - INFO - websocket_endpoint:140 - Client client-130555330839840 connection cleaned up successfully
2025-07-20 15:10:52,136 - main - INFO - shutdown_event:178 - Starting application shutdown...
2025-07-20 15:10:52,155 - main - INFO - shutdown_event:191 - Application shutdown completed successfully
2025-07-20 15:10:56,159 - main - INFO - startup_event:151 - Starting application initialization...
2025-07-20 15:10:56,545 - main - INFO - initialize_application:60 - Application services initialized successfully
2025-07-20 15:10:56,548 - main - INFO - startup_event:165 - Application startup completed successfully
2025-07-20 15:10:58,658 - main - INFO - shutdown_event:178 - Starting application shutdown...
2025-07-20 15:10:58,707 - main - INFO - shutdown_event:191 - Application shutdown completed successfully
2025-07-20 15:11:02,071 - main - INFO - startup_event:151 - Starting application initialization...
2025-07-20 15:11:02,403 - main - INFO - initialize_application:60 - Application services initialized successfully
2025-07-20 15:11:02,405 - main - INFO - startup_event:165 - Application startup completed successfully
2025-07-20 15:11:12,536 - main - INFO - shutdown_event:178 - Starting application shutdown...
2025-07-20 15:11:12,561 - main - INFO - shutdown_event:191 - Application shutdown completed successfully
2025-07-20 15:11:16,026 - main - INFO - startup_event:151 - Starting application initialization...
2025-07-20 15:11:16,361 - main - INFO - initialize_application:60 - Application services initialized successfully
2025-07-20 15:11:16,365 - main - INFO - startup_event:165 - Application startup completed successfully
2025-07-20 15:11:36,320 - main - INFO - shutdown_event:178 - Starting application shutdown...
2025-07-20 15:11:36,360 - main - INFO - shutdown_event:191 - Application shutdown completed successfully
2025-07-20 15:11:39,420 - main - INFO - startup_event:151 - Starting application initialization...
2025-07-20 15:11:39,739 - main - INFO - initialize_application:60 - Application services initialized successfully
2025-07-20 15:11:39,742 - main - INFO - startup_event:165 - Application startup completed successfully
2025-07-20 15:11:49,071 - main - INFO - shutdown_event:178 - Starting application shutdown...
2025-07-20 15:11:49,124 - main - INFO - shutdown_event:191 - Application shutdown completed successfully
2025-07-20 15:11:53,045 - main - INFO - startup_event:151 - Starting application initialization...
2025-07-20 15:11:53,397 - main - INFO - initialize_application:60 - Application services initialized successfully
2025-07-20 15:11:53,400 - main - INFO - startup_event:165 - Application startup completed successfully
2025-07-20 15:12:00,019 - main - INFO - shutdown_event:178 - Starting application shutdown...
2025-07-20 15:12:00,046 - main - INFO - shutdown_event:191 - Application shutdown completed successfully
2025-07-20 15:12:03,234 - main - INFO - startup_event:151 - Starting application initialization...
2025-07-20 15:12:03,540 - main - INFO - initialize_application:60 - Application services initialized successfully
2025-07-20 15:12:03,542 - main - INFO - startup_event:165 - Application startup completed successfully
2025-07-20 15:12:57,510 - main - INFO - shutdown_event:178 - Starting application shutdown...
2025-07-20 15:12:57,589 - main - INFO - shutdown_event:191 - Application shutdown completed successfully
2025-07-20 15:13:00,918 - main - INFO - startup_event:151 - Starting application initialization...
2025-07-20 15:13:01,257 - main - INFO - initialize_application:60 - Application services initialized successfully
2025-07-20 15:13:01,259 - main - INFO - startup_event:165 - Application startup completed successfully
2025-07-20 15:13:09,785 - main - INFO - shutdown_event:178 - Starting application shutdown...
2025-07-20 15:13:09,823 - main - INFO - shutdown_event:191 - Application shutdown completed successfully
2025-07-20 15:13:12,587 - main - INFO - startup_event:151 - Starting application initialization...
2025-07-20 15:13:12,927 - main - INFO - initialize_application:60 - Application services initialized successfully
2025-07-20 15:13:12,930 - main - INFO - startup_event:165 - Application startup completed successfully
2025-07-20 15:15:21,281 - main - INFO - shutdown_event:178 - Starting application shutdown...
2025-07-20 15:15:21,440 - main - INFO - shutdown_event:191 - Application shutdown completed successfully
2025-07-20 15:15:24,635 - main - INFO - startup_event:151 - Starting application initialization...
2025-07-20 15:15:24,966 - main - INFO - initialize_application:60 - Application services initialized successfully
2025-07-20 15:15:24,968 - main - INFO - startup_event:165 - Application startup completed successfully
2025-07-20 15:15:31,592 - main - INFO - shutdown_event:178 - Starting application shutdown...
2025-07-20 15:15:31,736 - main - INFO - shutdown_event:191 - Application shutdown completed successfully
2025-07-20 15:15:35,282 - main - INFO - startup_event:151 - Starting application initialization...
2025-07-20 15:15:35,596 - main - INFO - initialize_application:60 - Application services initialized successfully
2025-07-20 15:15:35,598 - main - INFO - startup_event:165 - Application startup completed successfully
2025-07-20 15:15:40,618 - main - INFO - shutdown_event:178 - Starting application shutdown...
2025-07-20 15:15:40,645 - main - INFO - shutdown_event:191 - Application shutdown completed successfully
2025-07-20 15:15:44,722 - main - INFO - startup_event:151 - Starting application initialization...
2025-07-20 15:15:45,115 - main - INFO - initialize_application:60 - Application services initialized successfully
2025-07-20 15:15:45,116 - main - INFO - startup_event:165 - Application startup completed successfully
2025-07-20 15:15:49,037 - main - INFO - shutdown_event:178 - Starting application shutdown...
2025-07-20 15:15:49,086 - main - INFO - shutdown_event:191 - Application shutdown completed successfully
2025-07-20 15:15:52,320 - main - INFO - startup_event:151 - Starting application initialization...
2025-07-20 15:15:52,669 - main - INFO - initialize_application:60 - Application services initialized successfully
2025-07-20 15:15:52,672 - main - INFO - startup_event:165 - Application startup completed successfully
2025-07-20 15:16:02,205 - main - INFO - shutdown_event:178 - Starting application shutdown...
2025-07-20 15:16:02,235 - main - INFO - shutdown_event:191 - Application shutdown completed successfully
2025-07-20 15:16:05,742 - main - INFO - startup_event:151 - Starting application initialization...
2025-07-20 15:16:06,070 - main - INFO - initialize_application:60 - Application services initialized successfully
2025-07-20 15:16:06,073 - main - INFO - startup_event:165 - Application startup completed successfully
2025-07-20 15:17:01,683 - main - INFO - websocket_endpoint:84 - Client client-124882970858304 connected successfully
2025-07-20 15:29:18,698 - main - INFO - websocket_endpoint:117 - Client client-124882970858304 disconnected normally
2025-07-20 15:29:18,705 - main - INFO - websocket_endpoint:140 - Client client-124882970858304 connection cleaned up successfully
2025-07-20 15:29:18,800 - main - INFO - shutdown_event:178 - Starting application shutdown...
2025-07-20 15:29:18,842 - main - INFO - shutdown_event:191 - Application shutdown completed successfully
2025-07-20 15:29:22,181 - main - INFO - startup_event:151 - Starting application initialization...
2025-07-20 15:29:22,511 - main - INFO - initialize_application:60 - Application services initialized successfully
2025-07-20 15:29:22,515 - main - INFO - startup_event:165 - Application startup completed successfully
2025-07-20 15:30:26,998 - main - INFO - shutdown_event:178 - Starting application shutdown...
2025-07-20 15:30:27,045 - main - INFO - shutdown_event:191 - Application shutdown completed successfully
2025-07-20 15:30:29,894 - main - INFO - startup_event:151 - Starting application initialization...
2025-07-20 15:30:30,192 - main - INFO - initialize_application:60 - Application services initialized successfully
2025-07-20 15:30:30,194 - main - INFO - startup_event:165 - Application startup completed successfully
2025-07-20 15:30:38,520 - main - INFO - shutdown_event:178 - Starting application shutdown...
2025-07-20 15:30:38,546 - main - INFO - shutdown_event:191 - Application shutdown completed successfully
2025-07-20 15:30:43,317 - main - INFO - startup_event:151 - Starting application initialization...
2025-07-20 15:30:43,651 - main - INFO - initialize_application:60 - Application services initialized successfully
2025-07-20 15:30:43,654 - main - INFO - startup_event:165 - Application startup completed successfully
2025-07-20 15:32:50,181 - main - INFO - websocket_endpoint:84 - Client client-136120824755152 connected successfully
2025-07-20 15:45:28,673 - main - INFO - websocket_endpoint:117 - Client client-136120824755152 disconnected normally
2025-07-20 15:45:28,680 - main - INFO - websocket_endpoint:140 - Client client-136120824755152 connection cleaned up successfully
2025-07-20 15:45:28,772 - main - INFO - shutdown_event:178 - Starting application shutdown...
2025-07-20 15:45:28,819 - main - INFO - shutdown_event:191 - Application shutdown completed successfully
2025-07-20 15:45:35,762 - main - INFO - startup_event:151 - Starting application initialization...
2025-07-20 15:45:36,185 - main - INFO - initialize_application:60 - Application services initialized successfully
2025-07-20 15:45:36,189 - main - INFO - startup_event:165 - Application startup completed successfully
2025-07-20 15:45:36,197 - main - INFO - shutdown_event:178 - Starting application shutdown...
2025-07-20 15:45:36,244 - main - INFO - shutdown_event:191 - Application shutdown completed successfully
2025-07-20 15:45:40,326 - main - INFO - startup_event:151 - Starting application initialization...
2025-07-20 15:45:41,677 - main - INFO - initialize_application:60 - Application services initialized successfully
2025-07-20 15:45:41,680 - main - INFO - startup_event:165 - Application startup completed successfully
2025-07-20 15:46:34,650 - main - INFO - shutdown_event:178 - Starting application shutdown...
2025-07-20 15:46:34,765 - main - INFO - shutdown_event:191 - Application shutdown completed successfully
2025-07-20 15:46:38,218 - main - INFO - startup_event:151 - Starting application initialization...
2025-07-20 15:46:38,737 - main - INFO - initialize_application:60 - Application services initialized successfully
2025-07-20 15:46:38,738 - main - INFO - startup_event:165 - Application startup completed successfully
2025-07-20 15:47:16,822 - main - INFO - websocket_endpoint:84 - Client client-129498606400512 connected successfully
2025-07-20 15:47:28,835 - main - INFO - websocket_endpoint:117 - Client client-129498606400512 disconnected normally
2025-07-20 15:47:28,840 - main - INFO - websocket_endpoint:140 - Client client-129498606400512 connection cleaned up successfully
2025-07-20 15:47:28,936 - main - INFO - shutdown_event:178 - Starting application shutdown...
2025-07-20 15:47:28,984 - main - INFO - shutdown_event:191 - Application shutdown completed successfully
2025-07-20 15:47:33,364 - main - INFO - startup_event:151 - Starting application initialization...
2025-07-20 15:47:33,706 - main - INFO - initialize_application:60 - Application services initialized successfully
2025-07-20 15:47:33,708 - main - INFO - startup_event:165 - Application startup completed successfully
2025-07-20 15:47:58,169 - main - INFO - shutdown_event:178 - Starting application shutdown...
2025-07-20 15:47:58,192 - main - INFO - shutdown_event:191 - Application shutdown completed successfully
2025-07-20 15:48:01,267 - main - INFO - startup_event:151 - Starting application initialization...
2025-07-20 15:48:01,582 - main - INFO - initialize_application:60 - Application services initialized successfully
2025-07-20 15:48:01,583 - main - INFO - startup_event:165 - Application startup completed successfully
2025-07-20 15:48:58,764 - main - INFO - shutdown_event:178 - Starting application shutdown...
2025-07-20 15:48:58,783 - main - INFO - shutdown_event:191 - Application shutdown completed successfully
2025-07-20 15:49:01,532 - main - INFO - startup_event:151 - Starting application initialization...
2025-07-20 15:49:01,872 - main - INFO - initialize_application:60 - Application services initialized successfully
2025-07-20 15:49:01,874 - main - INFO - startup_event:165 - Application startup completed successfully
2025-07-20 15:49:38,269 - main - INFO - shutdown_event:178 - Starting application shutdown...
2025-07-20 15:49:38,319 - main - INFO - shutdown_event:191 - Application shutdown completed successfully
2025-07-20 15:49:41,249 - main - INFO - startup_event:151 - Starting application initialization...
2025-07-20 15:49:41,566 - main - INFO - initialize_application:60 - Application services initialized successfully
2025-07-20 15:49:41,568 - main - INFO - startup_event:165 - Application startup completed successfully
2025-07-20 15:50:38,834 - main - INFO - shutdown_event:178 - Starting application shutdown...
2025-07-20 15:50:38,859 - main - INFO - shutdown_event:191 - Application shutdown completed successfully
2025-07-20 15:50:41,598 - main - INFO - startup_event:151 - Starting application initialization...
2025-07-20 15:50:41,962 - main - INFO - initialize_application:60 - Application services initialized successfully
2025-07-20 15:50:41,964 - main - INFO - startup_event:165 - Application startup completed successfully
2025-07-20 15:51:14,555 - main - INFO - shutdown_event:178 - Starting application shutdown...
2025-07-20 15:51:14,602 - main - INFO - shutdown_event:191 - Application shutdown completed successfully
2025-07-20 15:51:18,320 - main - INFO - startup_event:151 - Starting application initialization...
2025-07-20 15:51:18,654 - main - INFO - initialize_application:60 - Application services initialized successfully
2025-07-20 15:51:18,657 - main - INFO - startup_event:165 - Application startup completed successfully
2025-07-20 15:51:29,984 - main - INFO - shutdown_event:178 - Starting application shutdown...
2025-07-20 15:51:30,031 - main - INFO - shutdown_event:191 - Application shutdown completed successfully
2025-07-20 15:51:32,875 - main - INFO - startup_event:151 - Starting application initialization...
2025-07-20 15:51:33,216 - main - INFO - initialize_application:60 - Application services initialized successfully
2025-07-20 15:51:33,219 - main - INFO - startup_event:165 - Application startup completed successfully
2025-07-20 15:51:40,940 - main - INFO - shutdown_event:178 - Starting application shutdown...
2025-07-20 15:51:40,977 - main - INFO - shutdown_event:191 - Application shutdown completed successfully
2025-07-20 15:51:44,007 - main - INFO - startup_event:151 - Starting application initialization...
2025-07-20 15:51:44,341 - main - INFO - initialize_application:60 - Application services initialized successfully
2025-07-20 15:51:44,344 - main - INFO - startup_event:165 - Application startup completed successfully
2025-07-20 15:52:06,315 - main - INFO - shutdown_event:178 - Starting application shutdown...
2025-07-20 15:52:06,346 - main - INFO - shutdown_event:191 - Application shutdown completed successfully
2025-07-20 15:52:10,324 - main - INFO - startup_event:151 - Starting application initialization...
2025-07-20 15:52:10,664 - main - INFO - initialize_application:60 - Application services initialized successfully
2025-07-20 15:52:10,666 - main - INFO - startup_event:165 - Application startup completed successfully
2025-07-20 15:53:54,604 - main - INFO - websocket_endpoint:84 - Client client-123870456847232 connected successfully
2025-07-20 15:54:15,558 - main - INFO - websocket_endpoint:117 - Client client-123870456847232 disconnected normally
2025-07-20 15:54:15,562 - main - INFO - websocket_endpoint:140 - Client client-123870456847232 connection cleaned up successfully
2025-07-20 15:54:29,013 - main - INFO - shutdown_event:178 - Starting application shutdown...
2025-07-20 15:54:29,048 - main - INFO - shutdown_event:191 - Application shutdown completed successfully
2025-07-20 15:54:35,115 - main - INFO - startup_event:151 - Starting application initialization...
2025-07-20 15:54:35,444 - main - INFO - initialize_application:60 - Application services initialized successfully
2025-07-20 15:54:35,446 - main - INFO - startup_event:165 - Application startup completed successfully
2025-07-20 15:54:50,186 - main - INFO - websocket_endpoint:84 - Client client-136726232648336 connected successfully
2025-07-20 15:54:56,177 - main - INFO - websocket_endpoint:117 - Client client-136726232648336 disconnected normally
2025-07-20 15:54:56,181 - main - INFO - websocket_endpoint:140 - Client client-136726232648336 connection cleaned up successfully
2025-07-20 15:55:05,710 - main - INFO - websocket_endpoint:84 - Client client-136726232757488 connected successfully
2025-07-20 15:55:45,951 - main - INFO - websocket_endpoint:117 - Client client-136726232757488 disconnected normally
2025-07-20 15:55:45,957 - main - INFO - websocket_endpoint:140 - Client client-136726232757488 connection cleaned up successfully
2025-07-20 15:55:46,441 - main - INFO - websocket_endpoint:84 - Client client-136726232294688 connected successfully
2025-07-20 15:56:39,715 - main - INFO - websocket_endpoint:117 - Client client-136726232294688 disconnected normally
2025-07-20 15:56:39,723 - main - INFO - websocket_endpoint:140 - Client client-136726232294688 connection cleaned up successfully
2025-07-21 08:27:33,138 - main - INFO - websocket_endpoint:84 - Client client-136726232335552 connected successfully
2025-07-21 08:50:36,980 - main - INFO - websocket_endpoint:117 - Client client-136726232335552 disconnected normally
2025-07-21 08:50:36,990 - main - INFO - websocket_endpoint:140 - Client client-136726232335552 connection cleaned up successfully
2025-07-21 08:50:37,084 - main - INFO - shutdown_event:178 - Starting application shutdown...
2025-07-21 08:50:37,411 - main - INFO - shutdown_event:191 - Application shutdown completed successfully
