2025-03-26 16:56:16,078 - websocket_handler - INFO - New WebSocket connection established. Total connections: 1
2025-03-26 16:56:16,079 - websocket_handler - INFO - Broadcasting status change for backend: unknown -> connected
2025-03-26 16:56:16,083 - websocket_handler - INFO - Broadcasting status change for meca: unknown -> disconnected
2025-03-26 16:56:16,084 - websocket_handler - INFO - Broadcasting status change for arduino: unknown -> connected
2025-03-26 16:56:16,085 - websocket_handler - INFO - Broadcasting status change for ot2: unknown -> connected
2025-03-26 16:56:16,089 - websocket_handler - INFO - Received message of type: get_status
2025-03-26 16:56:16,089 - websocket_handler - INFO - Status request received. Current status: {'backend': 'connected', 'meca': 'disconnected', 'arduino': 'connected', 'ot2': 'connected'}
2025-03-26 16:56:25,255 - websocket_handler - INFO - Received message of type: get_status
2025-03-26 16:56:25,256 - websocket_handler - INFO - Status request received. Current status: {'backend': 'connected', 'meca': 'connected', 'arduino': 'connected', 'ot2': 'connected'}
2025-03-26 16:56:25,257 - websocket_handler - INFO - Status changed for meca: disconnected -> connected
2025-03-26 16:57:09,849 - websocket_handler - INFO - Received message of type: command
2025-03-26 16:57:09,849 - websocket_handler - INFO - Received command: carousel with data: {'carouselNumber': '33', 'trayNumber': '33', 'start': 0, 'count': 11}
2025-03-26 16:57:21,399 - websocket_handler - INFO - Received message of type: command
2025-03-26 16:57:21,399 - websocket_handler - INFO - Received command: carousel with data: {'carouselNumber': '33', 'trayNumber': '33', 'start': 0, 'count': 11}
2025-03-26 16:57:26,671 - websocket_handler - INFO - Received message of type: command
2025-03-26 16:57:26,672 - websocket_handler - INFO - Received command: carousel with data: {'carouselNumber': '33', 'trayNumber': '33', 'start': 0, 'count': 11}
2025-03-26 16:57:28,797 - websocket_handler - ERROR - Error during WebSocket disconnection: Unexpected ASGI message 'websocket.close', after sending 'websocket.close' or response already completed.
2025-03-26 16:57:29,584 - websocket_handler - INFO - New WebSocket connection established. Total connections: 1
2025-03-26 16:57:30,618 - websocket_handler - INFO - Received message of type: command
2025-03-26 16:57:30,619 - websocket_handler - INFO - Received command: carousel with data: {'carouselNumber': '33', 'trayNumber': '33', 'start': 0, 'count': 11}
2025-03-26 16:57:35,797 - websocket_handler - INFO - Received message of type: get_status
2025-03-26 16:57:35,798 - websocket_handler - INFO - Status request received. Current status: {'backend': 'connected', 'meca': 'connected', 'arduino': 'connected', 'ot2': 'connected'}
2025-03-26 16:57:35,798 - websocket_handler - INFO - Received message of type: get_status
2025-03-26 16:57:35,799 - websocket_handler - INFO - Status request received. Current status: {'backend': 'connected', 'meca': 'connected', 'arduino': 'connected', 'ot2': 'connected'}
2025-03-26 16:57:45,808 - websocket_handler - INFO - Received message of type: get_status
2025-03-26 16:57:45,809 - websocket_handler - INFO - Status request received. Current status: {'backend': 'connected', 'meca': 'connected', 'arduino': 'connected', 'ot2': 'connected'}
2025-03-26 16:57:46,293 - websocket_handler - ERROR - Error during WebSocket disconnection: Unexpected ASGI message 'websocket.close', after sending 'websocket.close' or response already completed.
2025-03-26 16:57:47,838 - websocket_handler - INFO - New WebSocket connection established. Total connections: 1
2025-03-26 16:57:47,872 - websocket_handler - INFO - Received message of type: get_status
2025-03-26 16:57:47,873 - websocket_handler - INFO - Status request received. Current status: {'backend': 'connected', 'meca': 'connected', 'arduino': 'connected', 'ot2': 'connected'}
2025-03-26 16:57:54,955 - websocket_handler - INFO - Received message of type: command
2025-03-26 16:57:54,956 - websocket_handler - INFO - Received command: carousel with data: {'carouselNumber': '44', 'trayNumber': '44', 'start': 0, 'count': 11}
2025-03-26 17:00:08,690 - websocket_handler - ERROR - Error during WebSocket disconnection: Unexpected ASGI message 'websocket.close', after sending 'websocket.close' or response already completed.
2025-03-26 17:00:09,910 - websocket_handler - INFO - New WebSocket connection established. Total connections: 1
2025-03-26 17:00:11,688 - websocket_handler - INFO - Received message of type: command
2025-03-26 17:00:11,689 - websocket_handler - INFO - Received command: carousel with data: {'carouselNumber': '44', 'trayNumber': '44', 'start': 0, 'count': 11}
2025-03-26 17:04:24,127 - websocket_handler - ERROR - Error during WebSocket disconnection: Unexpected ASGI message 'websocket.close', after sending 'websocket.close' or response already completed.
2025-03-26 17:05:03,523 - websocket_handler - INFO - New WebSocket connection established. Total connections: 1
2025-03-26 17:05:03,524 - websocket_handler - INFO - Broadcasting status change for backend: unknown -> connected
2025-03-26 17:05:03,526 - websocket_handler - INFO - Broadcasting status change for meca: unknown -> connected
2025-03-26 17:05:03,526 - websocket_handler - INFO - Broadcasting status change for arduino: unknown -> connected
2025-03-26 17:05:03,527 - websocket_handler - INFO - Broadcasting status change for ot2: unknown -> connected
2025-03-26 17:05:03,530 - websocket_handler - INFO - Received message of type: config
2025-03-26 17:05:03,530 - websocket_handler - INFO - Received message of type: get_status
2025-03-26 17:05:03,532 - websocket_handler - INFO - Status request received. Current status: {'backend': 'connected', 'meca': 'connected', 'arduino': 'connected', 'ot2': 'connected'}
2025-03-26 17:05:11,956 - websocket_handler - INFO - Received message of type: config
2025-03-26 17:05:11,956 - websocket_handler - INFO - Received message of type: command
2025-03-26 17:05:11,957 - websocket_handler - INFO - Received command: carousel with data: {'carouselNumber': '44', 'trayNumber': '44', 'start': 0, 'count': 11, 'disconnect_on_exception': False}
2025-03-26 17:05:49,420 - websocket_handler - ERROR - Error during WebSocket disconnection: Unexpected ASGI message 'websocket.close', after sending 'websocket.close' or response already completed.
2025-03-26 17:06:33,915 - websocket_handler - INFO - New WebSocket connection established. Total connections: 1
2025-03-26 17:06:33,916 - websocket_handler - INFO - Broadcasting status change for backend: unknown -> connected
2025-03-26 17:06:33,920 - websocket_handler - INFO - Broadcasting status change for meca: unknown -> connected
2025-03-26 17:06:33,920 - websocket_handler - INFO - Broadcasting status change for arduino: unknown -> connected
2025-03-26 17:06:33,920 - websocket_handler - INFO - Broadcasting status change for ot2: unknown -> connected
2025-03-26 17:06:33,924 - websocket_handler - INFO - Received message of type: config
2025-03-26 17:06:34,577 - websocket_handler - INFO - Received message of type: config
2025-03-26 17:06:34,577 - websocket_handler - INFO - Received message of type: command
2025-03-26 17:06:34,578 - websocket_handler - INFO - Received command: carousel with data: {'carouselNumber': '11', 'trayNumber': '22', 'start': 0, 'count': 11, 'disconnect_on_exception': False}
2025-03-26 17:33:39,703 - websocket_handler - ERROR - Error during WebSocket disconnection: Unexpected ASGI message 'websocket.close', after sending 'websocket.close' or response already completed.
2025-03-26 17:55:36,086 - websocket_handler - INFO - New WebSocket connection established. Total connections: 1
2025-03-26 17:55:36,087 - websocket_handler - INFO - Broadcasting status change for backend: unknown -> connected
2025-03-26 17:55:36,090 - websocket_handler - INFO - Broadcasting status change for meca: unknown -> connected
2025-03-26 17:55:36,092 - websocket_handler - INFO - Broadcasting status change for arduino: unknown -> connected
2025-03-26 17:55:36,094 - websocket_handler - INFO - Broadcasting status change for ot2: unknown -> connected
2025-03-26 17:55:36,098 - websocket_handler - INFO - Received message of type: config
2025-03-26 17:55:39,092 - websocket_handler - INFO - Received message of type: config
2025-03-26 17:55:39,093 - websocket_handler - INFO - Received message of type: command
2025-03-26 17:55:39,094 - websocket_handler - INFO - Received command: carousel with data: {'carouselNumber': '1', 'trayNumber': '2', 'start': 0, 'count': 11, 'disconnect_on_exception': False}
2025-03-26 17:59:11,456 - websocket_handler - INFO - New WebSocket connection established. Total connections: 1
2025-03-26 17:59:11,458 - websocket_handler - INFO - Broadcasting status change for backend: unknown -> connected
2025-03-26 17:59:11,461 - websocket_handler - INFO - Broadcasting status change for meca: unknown -> connected
2025-03-26 17:59:11,461 - websocket_handler - INFO - Broadcasting status change for arduino: unknown -> connected
2025-03-26 17:59:11,462 - websocket_handler - INFO - Broadcasting status change for ot2: unknown -> connected
2025-03-26 17:59:11,467 - websocket_handler - INFO - Received message of type: config
2025-03-26 17:59:18,638 - websocket_handler - INFO - Received message of type: get_status
2025-03-26 17:59:18,639 - websocket_handler - INFO - Status request received. Current status: {'backend': 'connected', 'meca': 'connected', 'arduino': 'connected', 'ot2': 'connected'}
2025-03-26 17:59:18,640 - websocket_handler - INFO - Received message of type: get_status
2025-03-26 17:59:18,640 - websocket_handler - INFO - Status request received. Current status: {'backend': 'connected', 'meca': 'connected', 'arduino': 'connected', 'ot2': 'connected'}
2025-03-26 17:59:28,642 - websocket_handler - INFO - Received message of type: get_status
2025-03-26 17:59:28,643 - websocket_handler - INFO - Status request received. Current status: {'backend': 'connected', 'meca': 'connected', 'arduino': 'connected', 'ot2': 'connected'}
2025-03-26 17:59:38,651 - websocket_handler - INFO - Received message of type: get_status
2025-03-26 17:59:38,652 - websocket_handler - INFO - Status request received. Current status: {'backend': 'connected', 'meca': 'connected', 'arduino': 'connected', 'ot2': 'connected'}
2025-03-26 17:59:48,645 - websocket_handler - INFO - Received message of type: get_status
2025-03-26 17:59:48,645 - websocket_handler - INFO - Status request received. Current status: {'backend': 'connected', 'meca': 'connected', 'arduino': 'connected', 'ot2': 'connected'}
2025-03-26 17:59:58,653 - websocket_handler - INFO - Received message of type: get_status
2025-03-26 17:59:58,654 - websocket_handler - INFO - Status request received. Current status: {'backend': 'connected', 'meca': 'connected', 'arduino': 'connected', 'ot2': 'connected'}
2025-03-26 18:00:07,038 - websocket_handler - ERROR - Error during WebSocket disconnection: Unexpected ASGI message 'websocket.close', after sending 'websocket.close' or response already completed.
2025-03-26 18:00:08,341 - websocket_handler - INFO - New WebSocket connection established. Total connections: 1
2025-03-26 18:00:08,348 - websocket_handler - INFO - Received message of type: config
2025-03-26 18:00:08,348 - websocket_handler - INFO - Received message of type: get_status
2025-03-26 18:00:08,349 - websocket_handler - INFO - Status request received. Current status: {'backend': 'connected', 'meca': 'connected', 'arduino': 'connected', 'ot2': 'connected'}
2025-03-26 18:00:13,407 - websocket_handler - INFO - Received message of type: config
2025-03-26 18:00:13,408 - websocket_handler - INFO - Received message of type: command
2025-03-26 18:00:13,409 - websocket_handler - INFO - Received command: carousel with data: {'carouselNumber': '1', 'trayNumber': '2', 'start': 0, 'count': 11, 'disconnect_on_exception': False}
2025-03-26 18:05:23,018 - websocket_handler - ERROR - Error during WebSocket disconnection: Unexpected ASGI message 'websocket.close', after sending 'websocket.close' or response already completed.
2025-03-26 18:40:06,237 - websocket_handler - INFO - New WebSocket connection established. Total connections: 1
2025-03-26 18:40:06,238 - websocket_handler - INFO - Broadcasting status change for meca: connected -> disconnected
2025-03-26 18:40:06,239 - websocket_handler - INFO - Broadcasting status change for ot2: connected -> disconnected
2025-03-26 18:40:06,245 - websocket_handler - INFO - Received message of type: config
2025-03-26 19:06:00,029 - websocket_handler - ERROR - Error during WebSocket disconnection: Unexpected ASGI message 'websocket.close', after sending 'websocket.close' or response already completed.
2025-03-26 19:06:13,881 - websocket_handler - INFO - New WebSocket connection established. Total connections: 1
2025-03-26 19:06:18,273 - websocket_handler - INFO - Received message of type: config
2025-03-26 19:31:17,994 - websocket_handler - ERROR - Error during WebSocket disconnection: Unexpected ASGI message 'websocket.close', after sending 'websocket.close' or response already completed.
2025-03-26 19:31:24,111 - websocket_handler - INFO - New WebSocket connection established. Total connections: 1
2025-03-26 19:31:24,120 - websocket_handler - INFO - Received message of type: config
2025-03-26 19:41:16,628 - websocket_handler - ERROR - Error during WebSocket disconnection: Unexpected ASGI message 'websocket.close', after sending 'websocket.close' or response already completed.
2025-03-26 19:41:19,004 - websocket_handler - INFO - New WebSocket connection established. Total connections: 1
2025-03-26 19:41:20,400 - websocket_handler - INFO - Received message of type: config
2025-03-26 19:53:16,051 - websocket_handler - ERROR - Error during WebSocket disconnection: Unexpected ASGI message 'websocket.close', after sending 'websocket.close' or response already completed.
2025-03-26 19:53:20,927 - websocket_handler - INFO - New WebSocket connection established. Total connections: 1
2025-03-26 19:53:23,028 - websocket_handler - INFO - Received message of type: config
2025-03-26 19:58:53,212 - websocket_handler - ERROR - Error during WebSocket disconnection: Unexpected ASGI message 'websocket.close', after sending 'websocket.close' or response already completed.
2025-03-26 19:58:58,982 - websocket_handler - INFO - New WebSocket connection established. Total connections: 1
2025-03-26 19:58:58,989 - websocket_handler - INFO - Received message of type: config
2025-03-26 20:37:14,812 - websocket_handler - ERROR - Error during WebSocket disconnection: Unexpected ASGI message 'websocket.close', after sending 'websocket.close' or response already completed.
