2025-03-25 21:16:53,937 - websocket_handler - INFO - New WebSocket connection established. Total connections: 1
2025-03-25 21:16:53,938 - websocket_handler - INFO - Broadcasting status change for backend: unknown -> connected
2025-03-25 21:16:53,940 - websocket_handler - INFO - Broadcasting status change for meca: unknown -> connected
2025-03-25 21:16:53,942 - websocket_handler - INFO - Broadcasting status change for arduino: unknown -> connected
2025-03-25 21:16:53,942 - websocket_handler - INFO - Broadcasting status change for ot2: unknown -> connected
2025-03-25 21:16:53,945 - websocket_handler - INFO - Received message of type: get_status
2025-03-25 21:16:53,947 - websocket_handler - INFO - Status request received. Current status: {'backend': 'connected', 'meca': 'connected', 'arduino': 'connected', 'ot2': 'connected'}
2025-03-25 21:16:58,384 - websocket_handler - INFO - Received message of type: command
2025-03-25 21:16:58,385 - websocket_handler - INFO - Received command: meca_pickup with data: {}
2025-03-25 21:17:03,628 - websocket_handler - INFO - Received message of type: get_status
2025-03-25 21:17:03,629 - websocket_handler - INFO - Status request received. Current status: {'backend': 'connected', 'meca': 'connected', 'arduino': 'connected', 'ot2': 'connected'}
2025-03-25 21:17:13,624 - websocket_handler - INFO - Received message of type: get_status
2025-03-25 21:17:13,626 - websocket_handler - INFO - Status request received. Current status: {'backend': 'connected', 'meca': 'connected', 'arduino': 'connected', 'ot2': 'connected'}
2025-03-25 21:17:23,625 - websocket_handler - INFO - Received message of type: get_status
2025-03-25 21:17:23,626 - websocket_handler - INFO - Status request received. Current status: {'backend': 'connected', 'meca': 'connected', 'arduino': 'connected', 'ot2': 'connected'}
2025-03-25 21:17:33,620 - websocket_handler - INFO - Received message of type: get_status
2025-03-25 21:17:33,621 - websocket_handler - INFO - Status request received. Current status: {'backend': 'connected', 'meca': 'connected', 'arduino': 'connected', 'ot2': 'connected'}
2025-03-25 21:17:43,626 - websocket_handler - INFO - Received message of type: get_status
2025-03-25 21:17:43,626 - websocket_handler - INFO - Status request received. Current status: {'backend': 'connected', 'meca': 'connected', 'arduino': 'connected', 'ot2': 'connected'}
2025-03-25 21:17:54,209 - websocket_handler - INFO - Received message of type: get_status
2025-03-25 21:17:54,210 - websocket_handler - INFO - Status request received. Current status: {'backend': 'connected', 'meca': 'connected', 'arduino': 'connected', 'ot2': 'connected'}
2025-03-25 21:18:04,212 - websocket_handler - INFO - Received message of type: get_status
2025-03-25 21:18:04,212 - websocket_handler - INFO - Status request received. Current status: {'backend': 'connected', 'meca': 'connected', 'arduino': 'connected', 'ot2': 'connected'}
2025-03-25 21:18:14,213 - websocket_handler - INFO - Received message of type: get_status
2025-03-25 21:18:14,215 - websocket_handler - INFO - Status request received. Current status: {'backend': 'connected', 'meca': 'connected', 'arduino': 'connected', 'ot2': 'connected'}
2025-03-25 21:18:24,212 - websocket_handler - INFO - Received message of type: get_status
2025-03-25 21:18:24,212 - websocket_handler - INFO - Status request received. Current status: {'backend': 'connected', 'meca': 'connected', 'arduino': 'connected', 'ot2': 'connected'}
2025-03-25 21:18:34,216 - websocket_handler - INFO - Received message of type: get_status
2025-03-25 21:18:34,216 - websocket_handler - INFO - Status request received. Current status: {'backend': 'connected', 'meca': 'connected', 'arduino': 'connected', 'ot2': 'connected'}
2025-03-25 21:18:44,220 - websocket_handler - INFO - Received message of type: get_status
2025-03-25 21:18:44,221 - websocket_handler - INFO - Status request received. Current status: {'backend': 'connected', 'meca': 'connected', 'arduino': 'connected', 'ot2': 'connected'}
2025-03-25 21:19:01,971 - websocket_handler - INFO - Received message of type: get_status
2025-03-25 21:19:01,972 - websocket_handler - INFO - Status request received. Current status: {'backend': 'connected', 'meca': 'connected', 'arduino': 'connected', 'ot2': 'connected'}
2025-03-25 21:19:03,630 - websocket_handler - INFO - Received message of type: get_status
2025-03-25 21:19:03,630 - websocket_handler - INFO - Status request received. Current status: {'backend': 'connected', 'meca': 'connected', 'arduino': 'connected', 'ot2': 'connected'}
2025-03-25 21:19:07,605 - websocket_handler - INFO - Received message of type: command
2025-03-25 21:19:07,605 - websocket_handler - INFO - Received command: skip_step with data: {'stepIndex': 0}
2025-03-25 21:19:07,608 - websocket_handler - INFO - Received message of type: get_status
2025-03-25 21:19:07,610 - websocket_handler - INFO - Status request received. Current status: {'backend': 'connected', 'meca': 'connected', 'arduino': 'connected', 'ot2': 'connected'}
2025-03-25 21:19:13,634 - websocket_handler - INFO - Received message of type: get_status
2025-03-25 21:19:13,635 - websocket_handler - INFO - Status request received. Current status: {'backend': 'connected', 'meca': 'connected', 'arduino': 'connected', 'ot2': 'connected'}
2025-03-25 21:19:24,213 - websocket_handler - INFO - Received message of type: get_status
2025-03-25 21:19:24,214 - websocket_handler - INFO - Status request received. Current status: {'backend': 'connected', 'meca': 'connected', 'arduino': 'connected', 'ot2': 'connected'}
2025-03-25 21:19:34,221 - websocket_handler - INFO - Received message of type: get_status
2025-03-25 21:19:34,221 - websocket_handler - INFO - Status request received. Current status: {'backend': 'connected', 'meca': 'connected', 'arduino': 'connected', 'ot2': 'connected'}
2025-03-25 21:19:43,621 - websocket_handler - INFO - Received message of type: get_status
2025-03-25 21:19:43,623 - websocket_handler - INFO - Status request received. Current status: {'backend': 'connected', 'meca': 'connected', 'arduino': 'connected', 'ot2': 'connected'}
2025-03-25 21:19:53,628 - websocket_handler - INFO - Received message of type: get_status
2025-03-25 21:19:53,629 - websocket_handler - INFO - Status request received. Current status: {'backend': 'connected', 'meca': 'connected', 'arduino': 'connected', 'ot2': 'connected'}
2025-03-25 21:19:56,766 - websocket_handler - INFO - Received message of type: command
2025-03-25 21:19:56,766 - websocket_handler - INFO - Received command: skip_step with data: {'stepIndex': 1}
2025-03-25 21:19:56,768 - websocket_handler - INFO - Received message of type: get_status
2025-03-25 21:19:56,768 - websocket_handler - INFO - Status request received. Current status: {'backend': 'connected', 'meca': 'connected', 'arduino': 'connected', 'ot2': 'connected'}
2025-03-25 21:20:03,622 - websocket_handler - INFO - Received message of type: get_status
2025-03-25 21:20:03,622 - websocket_handler - INFO - Status request received. Current status: {'backend': 'connected', 'meca': 'connected', 'arduino': 'connected', 'ot2': 'connected'}
2025-03-25 21:20:13,623 - websocket_handler - INFO - Received message of type: get_status
2025-03-25 21:20:13,623 - websocket_handler - INFO - Status request received. Current status: {'backend': 'connected', 'meca': 'connected', 'arduino': 'connected', 'ot2': 'connected'}
2025-03-25 21:20:15,613 - websocket_handler - INFO - Received message of type: command
2025-03-25 21:20:15,615 - websocket_handler - INFO - Received command: ot2_protocol with data: {'trayNumber': '2', 'vialNumber': '3'}
2025-03-25 21:20:30,792 - websocket_handler - INFO - Received message of type: get_status
2025-03-25 21:20:30,793 - websocket_handler - INFO - Status request received. Current status: {'backend': 'connected', 'meca': 'connected', 'arduino': 'connected', 'ot2': 'connected'}
2025-03-25 21:20:34,209 - websocket_handler - INFO - Received message of type: get_status
2025-03-25 21:20:34,210 - websocket_handler - INFO - Status request received. Current status: {'backend': 'connected', 'meca': 'connected', 'arduino': 'connected', 'ot2': 'connected'}
2025-03-25 21:20:44,222 - websocket_handler - INFO - Received message of type: get_status
2025-03-25 21:20:44,222 - websocket_handler - INFO - Status request received. Current status: {'backend': 'connected', 'meca': 'connected', 'arduino': 'connected', 'ot2': 'connected'}
2025-03-25 21:20:54,219 - websocket_handler - INFO - Received message of type: get_status
2025-03-25 21:20:54,219 - websocket_handler - INFO - Status request received. Current status: {'backend': 'connected', 'meca': 'connected', 'arduino': 'connected', 'ot2': 'connected'}
2025-03-25 21:21:04,212 - websocket_handler - INFO - Received message of type: get_status
2025-03-25 21:21:04,212 - websocket_handler - INFO - Status request received. Current status: {'backend': 'connected', 'meca': 'connected', 'arduino': 'connected', 'ot2': 'connected'}
2025-03-25 21:21:14,221 - websocket_handler - INFO - Received message of type: get_status
2025-03-25 21:21:14,221 - websocket_handler - INFO - Status request received. Current status: {'backend': 'connected', 'meca': 'connected', 'arduino': 'connected', 'ot2': 'connected'}
2025-03-25 21:21:24,212 - websocket_handler - INFO - Received message of type: get_status
2025-03-25 21:21:24,213 - websocket_handler - INFO - Status request received. Current status: {'backend': 'connected', 'meca': 'connected', 'arduino': 'connected', 'ot2': 'connected'}
2025-03-25 21:21:34,210 - websocket_handler - INFO - Received message of type: get_status
2025-03-25 21:21:34,210 - websocket_handler - INFO - Status request received. Current status: {'backend': 'connected', 'meca': 'connected', 'arduino': 'connected', 'ot2': 'connected'}
2025-03-25 21:21:44,208 - websocket_handler - INFO - Received message of type: get_status
2025-03-25 21:21:44,208 - websocket_handler - INFO - Status request received. Current status: {'backend': 'connected', 'meca': 'connected', 'arduino': 'connected', 'ot2': 'connected'}
2025-03-25 21:21:54,209 - websocket_handler - INFO - Received message of type: get_status
2025-03-25 21:21:54,209 - websocket_handler - INFO - Status request received. Current status: {'backend': 'connected', 'meca': 'connected', 'arduino': 'connected', 'ot2': 'connected'}
2025-03-25 21:22:04,207 - websocket_handler - INFO - Received message of type: get_status
2025-03-25 21:22:04,208 - websocket_handler - INFO - Status request received. Current status: {'backend': 'connected', 'meca': 'connected', 'arduino': 'connected', 'ot2': 'connected'}
2025-03-25 21:22:14,209 - websocket_handler - INFO - Received message of type: get_status
2025-03-25 21:22:14,210 - websocket_handler - INFO - Status request received. Current status: {'backend': 'connected', 'meca': 'connected', 'arduino': 'connected', 'ot2': 'connected'}
2025-03-25 21:22:24,217 - websocket_handler - INFO - Received message of type: get_status
2025-03-25 21:22:24,219 - websocket_handler - INFO - Status request received. Current status: {'backend': 'connected', 'meca': 'connected', 'arduino': 'connected', 'ot2': 'connected'}
2025-03-25 21:22:34,215 - websocket_handler - INFO - Received message of type: get_status
2025-03-25 21:22:34,215 - websocket_handler - INFO - Status request received. Current status: {'backend': 'connected', 'meca': 'connected', 'arduino': 'connected', 'ot2': 'connected'}
2025-03-25 21:22:44,212 - websocket_handler - INFO - Received message of type: get_status
2025-03-25 21:22:44,213 - websocket_handler - INFO - Status request received. Current status: {'backend': 'connected', 'meca': 'connected', 'arduino': 'connected', 'ot2': 'connected'}
2025-03-25 21:22:54,221 - websocket_handler - INFO - Received message of type: get_status
2025-03-25 21:22:54,226 - websocket_handler - INFO - Status request received. Current status: {'backend': 'connected', 'meca': 'connected', 'arduino': 'connected', 'ot2': 'connected'}
2025-03-25 21:23:04,224 - websocket_handler - INFO - Received message of type: get_status
2025-03-25 21:23:04,225 - websocket_handler - INFO - Status request received. Current status: {'backend': 'connected', 'meca': 'connected', 'arduino': 'connected', 'ot2': 'connected'}
2025-03-25 21:23:15,219 - websocket_handler - INFO - Received message of type: get_status
2025-03-25 21:23:15,221 - websocket_handler - INFO - Status request received. Current status: {'backend': 'connected', 'meca': 'connected', 'arduino': 'connected', 'ot2': 'connected'}
2025-03-25 21:23:39,015 - websocket_handler - INFO - Received message of type: get_status
2025-03-25 21:23:39,015 - websocket_handler - INFO - Status request received. Current status: {'backend': 'connected', 'meca': 'connected', 'arduino': 'connected', 'ot2': 'connected'}
2025-03-25 21:23:43,380 - websocket_handler - INFO - Received message of type: command
2025-03-25 21:23:43,380 - websocket_handler - INFO - Received command: skip_step with data: {'stepIndex': 2}
2025-03-25 21:23:43,384 - websocket_handler - INFO - Received message of type: get_status
2025-03-25 21:23:43,384 - websocket_handler - INFO - Status request received. Current status: {'backend': 'connected', 'meca': 'connected', 'arduino': 'connected', 'ot2': 'connected'}
2025-03-25 21:23:43,625 - websocket_handler - INFO - Received message of type: get_status
2025-03-25 21:23:43,626 - websocket_handler - INFO - Status request received. Current status: {'backend': 'connected', 'meca': 'connected', 'arduino': 'connected', 'ot2': 'connected'}
2025-03-25 21:23:49,193 - websocket_handler - INFO - Received message of type: command
2025-03-25 21:23:49,193 - websocket_handler - INFO - Received command: skip_step with data: {'stepIndex': 3}
2025-03-25 21:23:49,198 - websocket_handler - INFO - Received message of type: get_status
2025-03-25 21:23:49,198 - websocket_handler - INFO - Status request received. Current status: {'backend': 'connected', 'meca': 'connected', 'arduino': 'connected', 'ot2': 'connected'}
2025-03-25 21:23:52,724 - websocket_handler - INFO - Received message of type: command
2025-03-25 21:23:52,725 - websocket_handler - INFO - Received command: skip_step with data: {'stepIndex': 4}
2025-03-25 21:23:52,726 - websocket_handler - INFO - Received message of type: get_status
2025-03-25 21:23:52,727 - websocket_handler - INFO - Status request received. Current status: {'backend': 'connected', 'meca': 'connected', 'arduino': 'connected', 'ot2': 'connected'}
2025-03-25 21:23:53,633 - websocket_handler - INFO - Received message of type: get_status
2025-03-25 21:23:53,634 - websocket_handler - INFO - Status request received. Current status: {'backend': 'connected', 'meca': 'connected', 'arduino': 'connected', 'ot2': 'connected'}
2025-03-25 21:23:54,487 - websocket_handler - INFO - Received message of type: command
2025-03-25 21:23:54,487 - websocket_handler - INFO - Received command: skip_step with data: {'stepIndex': 5}
2025-03-25 21:23:54,488 - websocket_handler - INFO - Received message of type: get_status
2025-03-25 21:23:54,490 - websocket_handler - INFO - Status request received. Current status: {'backend': 'connected', 'meca': 'connected', 'arduino': 'connected', 'ot2': 'connected'}
2025-03-25 21:23:56,279 - websocket_handler - INFO - Received message of type: command
2025-03-25 21:23:56,281 - websocket_handler - INFO - Received command: skip_step with data: {'stepIndex': 6}
2025-03-25 21:23:56,283 - websocket_handler - INFO - Received message of type: get_status
2025-03-25 21:23:56,284 - websocket_handler - INFO - Status request received. Current status: {'backend': 'connected', 'meca': 'connected', 'arduino': 'connected', 'ot2': 'connected'}
2025-03-25 21:24:04,167 - websocket_handler - INFO - Received message of type: get_status
2025-03-25 21:24:04,167 - websocket_handler - INFO - Status request received. Current status: {'backend': 'connected', 'meca': 'connected', 'arduino': 'connected', 'ot2': 'connected'}
2025-03-25 21:24:04,801 - websocket_handler - INFO - Received message of type: command
2025-03-25 21:24:04,801 - websocket_handler - INFO - Received command: meca_drop with data: {'start': 0, 'count': 5, 'is_last_batch': True}
2025-03-25 21:25:22,137 - websocket_handler - INFO - Completed drop sequence, robot returned to home
2025-03-25 21:25:22,138 - websocket_handler - INFO - Received message of type: get_status
2025-03-25 21:25:22,138 - websocket_handler - INFO - Status request received. Current status: {'backend': 'connected', 'meca': 'connected', 'arduino': 'connected', 'ot2': 'connected'}
2025-03-25 21:25:22,138 - websocket_handler - INFO - Received message of type: get_status
2025-03-25 21:25:22,139 - websocket_handler - INFO - Status request received. Current status: {'backend': 'connected', 'meca': 'connected', 'arduino': 'connected', 'ot2': 'connected'}
2025-03-25 21:25:22,140 - websocket_handler - INFO - Received message of type: get_status
2025-03-25 21:25:22,140 - websocket_handler - INFO - Status request received. Current status: {'backend': 'connected', 'meca': 'connected', 'arduino': 'connected', 'ot2': 'connected'}
2025-03-25 21:25:22,141 - websocket_handler - INFO - Received message of type: get_status
2025-03-25 21:25:22,142 - websocket_handler - INFO - Status request received. Current status: {'backend': 'connected', 'meca': 'connected', 'arduino': 'connected', 'ot2': 'connected'}
2025-03-25 21:25:22,143 - websocket_handler - INFO - Received message of type: get_status
2025-03-25 21:25:22,143 - websocket_handler - INFO - Status request received. Current status: {'backend': 'connected', 'meca': 'connected', 'arduino': 'connected', 'ot2': 'connected'}
2025-03-25 21:25:22,144 - websocket_handler - INFO - Received message of type: get_status
2025-03-25 21:25:22,144 - websocket_handler - INFO - Status request received. Current status: {'backend': 'connected', 'meca': 'connected', 'arduino': 'connected', 'ot2': 'connected'}
2025-03-25 21:25:22,145 - websocket_handler - INFO - Received message of type: get_status
2025-03-25 21:25:22,146 - websocket_handler - INFO - Status request received. Current status: {'backend': 'connected', 'meca': 'connected', 'arduino': 'connected', 'ot2': 'connected'}
2025-03-25 21:25:24,103 - websocket_handler - INFO - Received message of type: get_status
2025-03-25 21:25:24,103 - websocket_handler - INFO - Status request received. Current status: {'backend': 'connected', 'meca': 'connected', 'arduino': 'connected', 'ot2': 'connected'}
2025-03-25 21:25:32,531 - websocket_handler - INFO - Received message of type: command
2025-03-25 21:25:32,532 - websocket_handler - INFO - Received command: meca_carousel with data: {'carouselNumber': '2', 'trayNumber': '3', 'start': 0, 'count': 11}
2025-03-25 21:25:45,281 - websocket_handler - INFO - Received message of type: command
2025-03-25 21:25:45,282 - websocket_handler - INFO - Received command: meca_carousel with data: {'carouselNumber': '2', 'trayNumber': '3', 'start': 0, 'count': 11}
2025-03-25 21:27:04,903 - websocket_handler - INFO - Received message of type: command
2025-03-25 21:27:04,903 - websocket_handler - INFO - Received command: meca_carousel with data: {'carouselNumber': '44', 'trayNumber': '55', 'start': 0, 'count': 11}
2025-03-25 21:33:22,072 - websocket_handler - INFO - Received message of type: command
2025-03-25 21:33:22,073 - websocket_handler - INFO - Received command: carousel_assembly with data: {'carouselNumber': '44', 'trayNumber': '55', 'start': 0, 'count': 11, 'robot_type': 'meca'}
2025-03-25 21:33:26,018 - websocket_handler - INFO - Received message of type: command
2025-03-25 21:33:26,019 - websocket_handler - INFO - Received command: carousel_assembly with data: {'carouselNumber': '44', 'trayNumber': '55', 'start': 0, 'count': 11, 'robot_type': 'meca'}
2025-03-25 21:36:05,020 - websocket_handler - ERROR - Error during WebSocket disconnection: Unexpected ASGI message 'websocket.close', after sending 'websocket.close' or response already completed.
2025-03-25 21:37:36,559 - websocket_handler - INFO - New WebSocket connection established. Total connections: 1
2025-03-25 21:37:36,560 - websocket_handler - INFO - Broadcasting status change for backend: unknown -> connected
2025-03-25 21:37:36,562 - websocket_handler - INFO - Broadcasting status change for meca: unknown -> connected
2025-03-25 21:37:36,563 - websocket_handler - INFO - Broadcasting status change for arduino: unknown -> connected
2025-03-25 21:37:36,563 - websocket_handler - INFO - Broadcasting status change for ot2: unknown -> connected
2025-03-25 21:37:42,576 - websocket_handler - ERROR - Error during WebSocket disconnection: Unexpected ASGI message 'websocket.close', after sending 'websocket.close' or response already completed.
2025-03-25 21:37:48,288 - websocket_handler - INFO - New WebSocket connection established. Total connections: 1
2025-03-25 21:38:09,911 - websocket_handler - INFO - Received message of type: command
2025-03-25 21:38:09,912 - websocket_handler - INFO - Received command: carousel with data: {'carouselNumber': '44', 'trayNumber': '55', 'start': 0, 'count': 11}
2025-03-25 21:43:43,374 - websocket_handler - ERROR - Error during WebSocket disconnection: Unexpected ASGI message 'websocket.close', after sending 'websocket.close' or response already completed.
2025-03-25 21:56:52,008 - websocket_handler - INFO - New WebSocket connection established. Total connections: 1
2025-03-25 21:56:52,008 - websocket_handler - INFO - Broadcasting status change for backend: unknown -> connected
2025-03-25 21:56:52,011 - websocket_handler - INFO - Broadcasting status change for meca: unknown -> disconnected
2025-03-25 21:56:52,011 - websocket_handler - INFO - Broadcasting status change for arduino: unknown -> connected
2025-03-25 21:56:52,012 - websocket_handler - INFO - Broadcasting status change for ot2: unknown -> connected
2025-03-25 21:57:03,055 - websocket_handler - INFO - Received message of type: get_status
2025-03-25 21:57:03,056 - websocket_handler - INFO - Status request received. Current status: {'backend': 'connected', 'meca': 'disconnected', 'arduino': 'connected', 'ot2': 'connected'}
2025-03-25 21:57:03,056 - websocket_handler - INFO - Received message of type: get_status
2025-03-25 21:57:03,057 - websocket_handler - INFO - Status request received. Current status: {'backend': 'connected', 'meca': 'disconnected', 'arduino': 'connected', 'ot2': 'connected'}
2025-03-25 21:57:05,888 - websocket_handler - ERROR - Error during WebSocket disconnection: Unexpected ASGI message 'websocket.close', after sending 'websocket.close' or response already completed.
2025-03-25 21:57:06,621 - websocket_handler - INFO - New WebSocket connection established. Total connections: 1
2025-03-25 21:57:06,628 - websocket_handler - INFO - Received message of type: get_status
2025-03-25 21:57:06,629 - websocket_handler - INFO - Status request received. Current status: {'backend': 'connected', 'meca': 'disconnected', 'arduino': 'connected', 'ot2': 'connected'}
2025-03-25 21:57:16,328 - websocket_handler - INFO - Received message of type: get_status
2025-03-25 21:57:16,329 - websocket_handler - INFO - Status request received. Current status: {'backend': 'connected', 'meca': 'disconnected', 'arduino': 'connected', 'ot2': 'connected'}
2025-03-25 21:57:26,325 - websocket_handler - INFO - Received message of type: get_status
2025-03-25 21:57:26,326 - websocket_handler - INFO - Status request received. Current status: {'backend': 'connected', 'meca': 'disconnected', 'arduino': 'connected', 'ot2': 'connected'}
2025-03-25 21:57:36,332 - websocket_handler - INFO - Received message of type: get_status
2025-03-25 21:57:36,333 - websocket_handler - INFO - Status request received. Current status: {'backend': 'connected', 'meca': 'disconnected', 'arduino': 'connected', 'ot2': 'connected'}
2025-03-25 21:57:46,319 - websocket_handler - INFO - Received message of type: get_status
2025-03-25 21:57:46,320 - websocket_handler - INFO - Status request received. Current status: {'backend': 'connected', 'meca': 'disconnected', 'arduino': 'connected', 'ot2': 'connected'}
2025-03-25 21:57:56,336 - websocket_handler - INFO - Received message of type: get_status
2025-03-25 21:57:56,336 - websocket_handler - INFO - Status request received. Current status: {'backend': 'connected', 'meca': 'connected', 'arduino': 'connected', 'ot2': 'connected'}
2025-03-25 21:57:56,337 - websocket_handler - INFO - Status changed for meca: disconnected -> connected
2025-03-25 21:59:16,077 - websocket_handler - INFO - Received message of type: command
2025-03-25 21:59:16,078 - websocket_handler - INFO - Received command: carousel with data: {'carouselNumber': '1', 'trayNumber': '2', 'start': 0, 'count': 11}
2025-03-25 21:59:27,845 - websocket_handler - INFO - Received message of type: command
2025-03-25 21:59:27,846 - websocket_handler - INFO - Received command: carousel with data: {'carouselNumber': '2', 'trayNumber': '3', 'start': 0, 'count': 11}
2025-03-25 21:59:40,155 - websocket_handler - INFO - Received message of type: get_status
2025-03-25 21:59:40,155 - websocket_handler - INFO - Status request received. Current status: {'backend': 'connected', 'meca': 'disconnected', 'arduino': 'connected', 'ot2': 'connected'}
2025-03-25 21:59:40,157 - websocket_handler - INFO - Status changed for meca: connected -> disconnected
2025-03-25 21:59:40,157 - websocket_handler - INFO - Received message of type: get_status
2025-03-25 21:59:40,158 - websocket_handler - INFO - Status request received. Current status: {'backend': 'connected', 'meca': 'disconnected', 'arduino': 'connected', 'ot2': 'connected'}
2025-03-25 21:59:50,158 - websocket_handler - INFO - Received message of type: get_status
2025-03-25 21:59:50,160 - websocket_handler - INFO - Status request received. Current status: {'backend': 'connected', 'meca': 'disconnected', 'arduino': 'connected', 'ot2': 'connected'}
2025-03-25 22:00:00,161 - websocket_handler - INFO - Received message of type: get_status
2025-03-25 22:00:00,161 - websocket_handler - INFO - Status request received. Current status: {'backend': 'connected', 'meca': 'disconnected', 'arduino': 'connected', 'ot2': 'connected'}
2025-03-25 22:00:04,474 - websocket_handler - ERROR - Error during WebSocket disconnection: Unexpected ASGI message 'websocket.close', after sending 'websocket.close' or response already completed.
2025-03-25 22:00:05,526 - websocket_handler - INFO - New WebSocket connection established. Total connections: 1
2025-03-25 22:00:05,731 - websocket_handler - INFO - Received message of type: get_status
2025-03-25 22:00:05,732 - websocket_handler - INFO - Status request received. Current status: {'backend': 'connected', 'meca': 'disconnected', 'arduino': 'connected', 'ot2': 'connected'}
2025-03-25 22:00:15,232 - websocket_handler - INFO - Received message of type: get_status
2025-03-25 22:00:15,232 - websocket_handler - INFO - Status request received. Current status: {'backend': 'connected', 'meca': 'connected', 'arduino': 'connected', 'ot2': 'connected'}
2025-03-25 22:00:15,233 - websocket_handler - INFO - Status changed for meca: disconnected -> connected
2025-03-25 22:00:25,908 - websocket_handler - INFO - Received message of type: command
2025-03-25 22:00:25,908 - websocket_handler - INFO - Received command: carousel with data: {'carouselNumber': '2', 'trayNumber': '3', 'start': 0, 'count': 11}
2025-03-25 22:00:29,320 - websocket_handler - INFO - Received message of type: command
2025-03-25 22:00:29,321 - websocket_handler - INFO - Received command: carousel with data: {'carouselNumber': '2', 'trayNumber': '3', 'start': 0, 'count': 11}
2025-03-25 22:00:34,570 - websocket_handler - INFO - Received message of type: command
2025-03-25 22:00:34,571 - websocket_handler - INFO - Received command: carousel with data: {'carouselNumber': '4', 'trayNumber': '5', 'start': 0, 'count': 11}
2025-03-25 22:01:40,668 - websocket_handler - ERROR - Error during WebSocket disconnection: Unexpected ASGI message 'websocket.close', after sending 'websocket.close' or response already completed.
2025-03-25 22:02:13,384 - websocket_handler - INFO - New WebSocket connection established. Total connections: 1
2025-03-25 22:02:13,384 - websocket_handler - INFO - Broadcasting status change for backend: unknown -> connected
2025-03-25 22:02:13,386 - websocket_handler - INFO - Broadcasting status change for meca: unknown -> connected
2025-03-25 22:02:13,388 - websocket_handler - INFO - Broadcasting status change for arduino: unknown -> connected
2025-03-25 22:02:13,388 - websocket_handler - INFO - Broadcasting status change for ot2: unknown -> connected
2025-03-25 22:02:14,193 - websocket_handler - INFO - Received message of type: command
2025-03-25 22:02:14,194 - websocket_handler - INFO - Received command: carousel with data: {'carouselNumber': '2', 'trayNumber': '3', 'start': 0, 'count': 11}
2025-03-25 22:03:11,985 - websocket_handler - ERROR - Error during WebSocket disconnection: Unexpected ASGI message 'websocket.close', after sending 'websocket.close' or response already completed.
2025-03-25 22:50:31,613 - websocket_handler - INFO - New WebSocket connection established. Total connections: 1
2025-03-25 22:50:31,614 - websocket_handler - INFO - Broadcasting status change for backend: unknown -> connected
2025-03-25 22:50:31,616 - websocket_handler - INFO - Broadcasting status change for meca: unknown -> disconnected
2025-03-25 22:50:31,617 - websocket_handler - INFO - Broadcasting status change for arduino: unknown -> connected
2025-03-25 22:50:31,617 - websocket_handler - INFO - Broadcasting status change for ot2: unknown -> connected
2025-03-25 22:50:33,762 - websocket_handler - INFO - Received message of type: get_config
2025-03-25 22:50:44,639 - websocket_handler - INFO - Received message of type: get_config
2025-03-25 22:51:13,683 - websocket_handler - ERROR - Error during WebSocket disconnection: Unexpected ASGI message 'websocket.close', after sending 'websocket.close' or response already completed.
2025-03-25 22:52:28,052 - websocket_handler - INFO - New WebSocket connection established. Total connections: 1
2025-03-25 22:52:28,053 - websocket_handler - INFO - Broadcasting status change for backend: unknown -> connected
2025-03-25 22:52:28,057 - websocket_handler - INFO - Broadcasting status change for meca: unknown -> connected
2025-03-25 22:52:28,058 - websocket_handler - INFO - Broadcasting status change for arduino: unknown -> connected
2025-03-25 22:52:28,059 - websocket_handler - INFO - Broadcasting status change for ot2: unknown -> connected
2025-03-25 22:52:37,697 - websocket_handler - INFO - Received message of type: command
2025-03-25 22:52:37,698 - websocket_handler - INFO - Received command: carousel with data: {'carouselNumber': '2', 'trayNumber': '3', 'start': 0, 'count': 11}
2025-03-25 22:54:26,181 - websocket_handler - ERROR - Error during WebSocket disconnection: Unexpected ASGI message 'websocket.close', after sending 'websocket.close' or response already completed.
2025-03-25 22:58:56,573 - websocket_handler - INFO - New WebSocket connection established. Total connections: 1
2025-03-25 22:58:56,575 - websocket_handler - INFO - Broadcasting status change for backend: unknown -> connected
2025-03-25 22:58:56,578 - websocket_handler - INFO - Broadcasting status change for meca: unknown -> connected
2025-03-25 22:58:56,580 - websocket_handler - INFO - Broadcasting status change for arduino: unknown -> connected
2025-03-25 22:58:56,580 - websocket_handler - INFO - Broadcasting status change for ot2: unknown -> connected
2025-03-25 22:59:04,576 - websocket_handler - INFO - Received message of type: command
2025-03-25 22:59:04,577 - websocket_handler - INFO - Received command: carousel with data: {'carouselNumber': '3', 'trayNumber': '4', 'start': 0, 'count': 11}
2025-03-25 23:00:51,759 - websocket_handler - ERROR - Error during WebSocket disconnection: Unexpected ASGI message 'websocket.close', after sending 'websocket.close' or response already completed.
2025-03-25 23:03:25,426 - websocket_handler - INFO - New WebSocket connection established. Total connections: 1
2025-03-25 23:03:25,426 - websocket_handler - INFO - Broadcasting status change for backend: unknown -> connected
2025-03-25 23:03:25,428 - websocket_handler - INFO - Broadcasting status change for meca: unknown -> disconnected
2025-03-25 23:03:25,428 - websocket_handler - INFO - Broadcasting status change for arduino: unknown -> connected
2025-03-25 23:03:25,429 - websocket_handler - INFO - Broadcasting status change for ot2: unknown -> connected
2025-03-25 23:03:28,440 - websocket_handler - INFO - Received message of type: command
2025-03-25 23:03:28,440 - websocket_handler - INFO - Received command: carousel with data: {'carouselNumber': '2', 'trayNumber': '3', 'start': 0, 'count': 11}
2025-03-25 23:03:34,817 - websocket_handler - INFO - Received message of type: get_status
2025-03-25 23:03:34,818 - websocket_handler - INFO - Status request received. Current status: {'backend': 'connected', 'meca': 'disconnected', 'arduino': 'connected', 'ot2': 'connected'}
2025-03-25 23:03:34,818 - websocket_handler - INFO - Received message of type: get_status
2025-03-25 23:03:34,818 - websocket_handler - INFO - Status request received. Current status: {'backend': 'connected', 'meca': 'disconnected', 'arduino': 'connected', 'ot2': 'connected'}
2025-03-25 23:03:36,967 - websocket_handler - ERROR - Error during WebSocket disconnection: Unexpected ASGI message 'websocket.close', after sending 'websocket.close' or response already completed.
2025-03-25 23:03:37,725 - websocket_handler - INFO - New WebSocket connection established. Total connections: 1
2025-03-25 23:03:37,738 - websocket_handler - INFO - Received message of type: get_status
2025-03-25 23:03:37,738 - websocket_handler - INFO - Status request received. Current status: {'backend': 'connected', 'meca': 'disconnected', 'arduino': 'connected', 'ot2': 'connected'}
2025-03-25 23:03:47,424 - websocket_handler - INFO - Received message of type: get_status
2025-03-25 23:03:47,425 - websocket_handler - INFO - Status request received. Current status: {'backend': 'connected', 'meca': 'disconnected', 'arduino': 'connected', 'ot2': 'connected'}
2025-03-25 23:03:57,424 - websocket_handler - INFO - Received message of type: get_status
2025-03-25 23:03:57,441 - websocket_handler - INFO - Status request received. Current status: {'backend': 'connected', 'meca': 'disconnected', 'arduino': 'connected', 'ot2': 'connected'}
2025-03-25 23:04:07,426 - websocket_handler - INFO - Received message of type: get_status
2025-03-25 23:04:07,426 - websocket_handler - INFO - Status request received. Current status: {'backend': 'connected', 'meca': 'disconnected', 'arduino': 'connected', 'ot2': 'connected'}
2025-03-25 23:04:18,305 - websocket_handler - INFO - Received message of type: get_status
2025-03-25 23:04:18,306 - websocket_handler - INFO - Status request received. Current status: {'backend': 'connected', 'meca': 'disconnected', 'arduino': 'connected', 'ot2': 'connected'}
2025-03-25 23:04:27,910 - websocket_handler - INFO - Received message of type: get_status
2025-03-25 23:04:27,911 - websocket_handler - INFO - Status request received. Current status: {'backend': 'connected', 'meca': 'disconnected', 'arduino': 'connected', 'ot2': 'connected'}
2025-03-25 23:04:27,911 - websocket_handler - INFO - Received message of type: get_status
2025-03-25 23:04:27,911 - websocket_handler - INFO - Status request received. Current status: {'backend': 'connected', 'meca': 'disconnected', 'arduino': 'connected', 'ot2': 'connected'}
2025-03-25 23:04:30,170 - websocket_handler - ERROR - Error during WebSocket disconnection: Unexpected ASGI message 'websocket.close', after sending 'websocket.close' or response already completed.
2025-03-25 23:04:30,889 - websocket_handler - INFO - New WebSocket connection established. Total connections: 1
2025-03-25 23:04:30,906 - websocket_handler - INFO - Received message of type: get_status
2025-03-25 23:04:30,907 - websocket_handler - INFO - Status request received. Current status: {'backend': 'connected', 'meca': 'disconnected', 'arduino': 'connected', 'ot2': 'connected'}
2025-03-25 23:04:40,585 - websocket_handler - INFO - Received message of type: get_status
2025-03-25 23:04:40,586 - websocket_handler - INFO - Status request received. Current status: {'backend': 'connected', 'meca': 'disconnected', 'arduino': 'connected', 'ot2': 'connected'}
2025-03-25 23:04:48,377 - websocket_handler - ERROR - Error during WebSocket disconnection: Unexpected ASGI message 'websocket.close', after sending 'websocket.close' or response already completed.
2025-03-25 23:04:49,087 - websocket_handler - INFO - New WebSocket connection established. Total connections: 1
2025-03-25 23:04:49,099 - websocket_handler - INFO - Received message of type: get_status
2025-03-25 23:04:49,100 - websocket_handler - INFO - Status request received. Current status: {'backend': 'connected', 'meca': 'disconnected', 'arduino': 'connected', 'ot2': 'connected'}
2025-03-25 23:04:58,772 - websocket_handler - INFO - Received message of type: get_status
2025-03-25 23:04:58,772 - websocket_handler - INFO - Status request received. Current status: {'backend': 'connected', 'meca': 'connected', 'arduino': 'connected', 'ot2': 'connected'}
2025-03-25 23:04:58,773 - websocket_handler - INFO - Status changed for meca: disconnected -> connected
2025-03-25 23:05:04,738 - websocket_handler - INFO - Received message of type: command
2025-03-25 23:05:04,739 - websocket_handler - INFO - Received command: carousel with data: {'carouselNumber': '1', 'trayNumber': '2', 'start': 0, 'count': 11}
2025-03-25 23:05:07,558 - websocket_handler - INFO - Received message of type: command
2025-03-25 23:05:07,559 - websocket_handler - INFO - Received command: carousel with data: {'carouselNumber': '1', 'trayNumber': '2', 'start': 0, 'count': 11}
2025-03-25 23:05:09,472 - websocket_handler - ERROR - Error during WebSocket disconnection: Unexpected ASGI message 'websocket.close', after sending 'websocket.close' or response already completed.
2025-03-25 23:05:10,485 - websocket_handler - INFO - New WebSocket connection established. Total connections: 1
2025-03-25 23:05:11,218 - websocket_handler - INFO - Received message of type: command
2025-03-25 23:05:11,218 - websocket_handler - INFO - Received command: carousel with data: {'carouselNumber': '1', 'trayNumber': '2', 'start': 0, 'count': 11}
2025-03-25 23:05:17,124 - websocket_handler - INFO - Received message of type: get_status
2025-03-25 23:05:17,125 - websocket_handler - INFO - Status request received. Current status: {'backend': 'connected', 'meca': 'connected', 'arduino': 'connected', 'ot2': 'connected'}
2025-03-25 23:05:17,126 - websocket_handler - INFO - Received message of type: get_status
2025-03-25 23:05:17,126 - websocket_handler - INFO - Status request received. Current status: {'backend': 'connected', 'meca': 'connected', 'arduino': 'connected', 'ot2': 'connected'}
2025-03-25 23:05:19,129 - websocket_handler - ERROR - Error during WebSocket disconnection: Unexpected ASGI message 'websocket.close', after sending 'websocket.close' or response already completed.
2025-03-25 23:05:19,872 - websocket_handler - INFO - New WebSocket connection established. Total connections: 1
2025-03-25 23:05:19,883 - websocket_handler - INFO - Received message of type: get_status
2025-03-25 23:05:19,883 - websocket_handler - INFO - Status request received. Current status: {'backend': 'connected', 'meca': 'connected', 'arduino': 'connected', 'ot2': 'connected'}
2025-03-25 23:05:25,798 - websocket_handler - INFO - Received message of type: command
2025-03-25 23:05:25,799 - websocket_handler - INFO - Received command: carousel with data: {'carouselNumber': '44', 'trayNumber': '44', 'start': 0, 'count': 11}
2025-03-25 23:07:58,879 - websocket_handler - ERROR - Error during WebSocket disconnection: Unexpected ASGI message 'websocket.close', after sending 'websocket.close' or response already completed.
2025-03-25 23:08:17,570 - websocket_handler - INFO - New WebSocket connection established. Total connections: 1
2025-03-25 23:08:17,572 - websocket_handler - INFO - Broadcasting status change for backend: unknown -> connected
2025-03-25 23:08:17,667 - websocket_handler - INFO - Broadcasting status change for meca: unknown -> connected
2025-03-25 23:08:17,673 - websocket_handler - INFO - Broadcasting status change for arduino: unknown -> connected
2025-03-25 23:08:17,677 - websocket_handler - INFO - Broadcasting status change for ot2: unknown -> connected
2025-03-25 23:08:22,639 - websocket_handler - INFO - Received message of type: command
2025-03-25 23:08:22,646 - websocket_handler - INFO - Received command: carousel with data: {'carouselNumber': '33', 'trayNumber': '44', 'start': 0, 'count': 11}
2025-03-25 23:08:48,866 - websocket_handler - ERROR - Error during WebSocket disconnection: Unexpected ASGI message 'websocket.close', after sending 'websocket.close' or response already completed.
