2025-07-30 08:02:39,368 - websocket_handler - INFO - connect:86 - New WebSocket connection established. Total connections: 1
2025-07-30 08:02:39,370 - websocket_handler - INFO - broadcast_server_status:606 - Broadcasting backend status change: unknown -> connected
2025-07-30 08:02:39,373 - websocket_handler - INFO - broadcast_server_status:638 - Broadcasting status change for meca: unknown -> disconnected
2025-07-30 08:02:39,376 - websocket_handler - INFO - broadcast_server_status:638 - Broadcasting status change for arduino: unknown -> disconnected
2025-07-30 08:02:39,377 - websocket_handler - INFO - broadcast_server_status:638 - Broadcasting status change for ot2: unknown -> disconnected
2025-07-30 08:02:39,404 - websocket_handler - INFO - handle_message:189 - Received message of type: config
2025-07-30 08:02:39,457 - websocket_handler - INFO - handle_message:189 - Received message of type: get_status
2025-07-30 08:02:39,459 - websocket_handler - INFO - handle_message:195 - Status request received. System state: ready
2025-07-30 08:02:39,510 - websocket_handler - INFO - handle_message:189 - Received message of type: get_status
2025-07-30 08:02:39,512 - websocket_handler - INFO - handle_message:195 - Status request received. System state: ready
2025-07-30 08:02:49,378 - websocket_handler - INFO - handle_message:189 - Received message of type: get_status
2025-07-30 08:02:49,379 - websocket_handler - INFO - handle_message:195 - Status request received. System state: ready
2025-07-30 08:02:59,377 - websocket_handler - INFO - handle_message:189 - Received message of type: get_status
2025-07-30 08:02:59,380 - websocket_handler - INFO - handle_message:195 - Status request received. System state: ready
2025-07-30 08:03:10,464 - websocket_handler - INFO - handle_message:189 - Received message of type: get_status
2025-07-30 08:03:10,465 - websocket_handler - INFO - handle_message:195 - Status request received. System state: ready
2025-07-30 08:03:20,332 - websocket_handler - INFO - handle_message:189 - Received message of type: get_status
2025-07-30 08:03:20,333 - websocket_handler - INFO - handle_message:195 - Status request received. System state: ready
2025-07-30 08:03:30,331 - websocket_handler - INFO - handle_message:189 - Received message of type: get_status
2025-07-30 08:03:30,333 - websocket_handler - INFO - handle_message:195 - Status request received. System state: ready
2025-07-30 08:03:40,346 - websocket_handler - INFO - handle_message:189 - Received message of type: get_status
2025-07-30 08:03:40,347 - websocket_handler - INFO - handle_message:195 - Status request received. System state: ready
2025-07-30 08:03:50,341 - websocket_handler - INFO - handle_message:189 - Received message of type: get_status
2025-07-30 08:03:50,343 - websocket_handler - INFO - handle_message:195 - Status request received. System state: ready
2025-07-30 08:04:00,347 - websocket_handler - INFO - handle_message:189 - Received message of type: get_status
2025-07-30 08:04:00,349 - websocket_handler - INFO - handle_message:195 - Status request received. System state: ready
2025-07-30 08:04:24,355 - websocket_handler - INFO - handle_message:189 - Received message of type: get_status
2025-07-30 08:04:24,357 - websocket_handler - INFO - handle_message:195 - Status request received. System state: ready
2025-07-30 08:05:24,345 - websocket_handler - INFO - handle_message:189 - Received message of type: get_status
2025-07-30 08:05:24,347 - websocket_handler - INFO - handle_message:195 - Status request received. System state: ready
2025-07-30 08:06:24,365 - websocket_handler - INFO - handle_message:189 - Received message of type: get_status
2025-07-30 08:06:24,366 - websocket_handler - INFO - handle_message:195 - Status request received. System state: ready
2025-07-30 08:07:24,359 - websocket_handler - INFO - handle_message:189 - Received message of type: get_status
2025-07-30 08:07:24,361 - websocket_handler - INFO - handle_message:195 - Status request received. System state: ready
2025-07-30 08:08:24,371 - websocket_handler - INFO - handle_message:189 - Received message of type: get_status
2025-07-30 08:08:24,375 - websocket_handler - INFO - handle_message:195 - Status request received. System state: ready
2025-07-30 08:09:24,365 - websocket_handler - INFO - handle_message:189 - Received message of type: get_status
2025-07-30 08:09:24,367 - websocket_handler - INFO - handle_message:195 - Status request received. System state: ready
2025-07-30 08:10:24,361 - websocket_handler - INFO - handle_message:189 - Received message of type: get_status
2025-07-30 08:10:24,365 - websocket_handler - INFO - handle_message:195 - Status request received. System state: ready
2025-07-30 08:11:24,364 - websocket_handler - INFO - handle_message:189 - Received message of type: get_status
2025-07-30 08:11:24,365 - websocket_handler - INFO - handle_message:195 - Status request received. System state: ready
2025-07-30 08:12:24,353 - websocket_handler - INFO - handle_message:189 - Received message of type: get_status
2025-07-30 08:12:24,366 - websocket_handler - INFO - handle_message:195 - Status request received. System state: ready
2025-07-30 08:13:24,362 - websocket_handler - INFO - handle_message:189 - Received message of type: get_status
2025-07-30 08:13:24,365 - websocket_handler - INFO - handle_message:195 - Status request received. System state: ready
2025-07-30 08:14:24,372 - websocket_handler - INFO - handle_message:189 - Received message of type: get_status
2025-07-30 08:14:24,375 - websocket_handler - INFO - handle_message:195 - Status request received. System state: ready
2025-07-30 08:15:24,380 - websocket_handler - INFO - handle_message:189 - Received message of type: get_status
2025-07-30 08:15:24,383 - websocket_handler - INFO - handle_message:195 - Status request received. System state: ready
2025-07-30 08:16:24,356 - websocket_handler - INFO - handle_message:189 - Received message of type: get_status
2025-07-30 08:16:24,358 - websocket_handler - INFO - handle_message:195 - Status request received. System state: ready
2025-07-30 08:17:24,360 - websocket_handler - INFO - handle_message:189 - Received message of type: get_status
2025-07-30 08:17:24,361 - websocket_handler - INFO - handle_message:195 - Status request received. System state: ready
2025-07-30 08:18:24,389 - websocket_handler - INFO - handle_message:189 - Received message of type: get_status
2025-07-30 08:18:24,395 - websocket_handler - INFO - handle_message:195 - Status request received. System state: ready
2025-07-30 08:19:24,372 - websocket_handler - INFO - handle_message:189 - Received message of type: get_status
2025-07-30 08:19:24,375 - websocket_handler - INFO - handle_message:195 - Status request received. System state: ready
2025-07-30 08:20:24,381 - websocket_handler - INFO - handle_message:189 - Received message of type: get_status
2025-07-30 08:20:24,385 - websocket_handler - INFO - handle_message:195 - Status request received. System state: ready
2025-07-30 08:21:24,366 - websocket_handler - INFO - handle_message:189 - Received message of type: get_status
2025-07-30 08:21:24,368 - websocket_handler - INFO - handle_message:195 - Status request received. System state: ready
2025-07-30 08:22:24,371 - websocket_handler - INFO - handle_message:189 - Received message of type: get_status
2025-07-30 08:22:24,373 - websocket_handler - INFO - handle_message:195 - Status request received. System state: ready
2025-07-30 08:23:24,371 - websocket_handler - INFO - handle_message:189 - Received message of type: get_status
2025-07-30 08:23:24,374 - websocket_handler - INFO - handle_message:195 - Status request received. System state: ready
2025-07-30 08:24:24,389 - websocket_handler - INFO - handle_message:189 - Received message of type: get_status
2025-07-30 08:24:24,394 - websocket_handler - INFO - handle_message:195 - Status request received. System state: ready
2025-07-30 08:25:24,383 - websocket_handler - INFO - handle_message:189 - Received message of type: get_status
2025-07-30 08:25:24,388 - websocket_handler - INFO - handle_message:195 - Status request received. System state: ready
2025-07-30 08:26:24,384 - websocket_handler - INFO - handle_message:189 - Received message of type: get_status
2025-07-30 08:26:24,386 - websocket_handler - INFO - handle_message:195 - Status request received. System state: ready
2025-07-30 08:27:24,381 - websocket_handler - INFO - handle_message:189 - Received message of type: get_status
2025-07-30 08:27:24,383 - websocket_handler - INFO - handle_message:195 - Status request received. System state: ready
2025-07-30 08:28:24,379 - websocket_handler - INFO - handle_message:189 - Received message of type: get_status
2025-07-30 08:28:24,391 - websocket_handler - INFO - handle_message:195 - Status request received. System state: ready
2025-07-30 08:29:24,387 - websocket_handler - INFO - handle_message:189 - Received message of type: get_status
2025-07-30 08:29:24,390 - websocket_handler - INFO - handle_message:195 - Status request received. System state: ready
2025-07-30 08:30:24,388 - websocket_handler - INFO - handle_message:189 - Received message of type: get_status
2025-07-30 08:30:24,392 - websocket_handler - INFO - handle_message:195 - Status request received. System state: ready
2025-07-30 08:31:24,386 - websocket_handler - INFO - handle_message:189 - Received message of type: get_status
2025-07-30 08:31:24,388 - websocket_handler - INFO - handle_message:195 - Status request received. System state: ready
2025-07-30 08:32:24,387 - websocket_handler - INFO - handle_message:189 - Received message of type: get_status
2025-07-30 08:32:24,391 - websocket_handler - INFO - handle_message:195 - Status request received. System state: ready
2025-07-30 08:33:24,382 - websocket_handler - INFO - handle_message:189 - Received message of type: get_status
2025-07-30 08:33:24,386 - websocket_handler - INFO - handle_message:195 - Status request received. System state: ready
2025-07-30 08:34:24,375 - websocket_handler - INFO - handle_message:189 - Received message of type: get_status
2025-07-30 08:34:24,379 - websocket_handler - INFO - handle_message:195 - Status request received. System state: ready
2025-07-30 08:35:24,390 - websocket_handler - INFO - handle_message:189 - Received message of type: get_status
2025-07-30 08:35:24,397 - websocket_handler - INFO - handle_message:195 - Status request received. System state: ready
2025-07-30 08:36:24,387 - websocket_handler - INFO - handle_message:189 - Received message of type: get_status
2025-07-30 08:36:24,391 - websocket_handler - INFO - handle_message:195 - Status request received. System state: ready
2025-07-30 08:37:24,381 - websocket_handler - INFO - handle_message:189 - Received message of type: get_status
2025-07-30 08:37:24,386 - websocket_handler - INFO - handle_message:195 - Status request received. System state: ready
2025-07-30 08:38:24,393 - websocket_handler - INFO - handle_message:189 - Received message of type: get_status
2025-07-30 08:38:24,395 - websocket_handler - INFO - handle_message:195 - Status request received. System state: ready
2025-07-30 08:39:24,386 - websocket_handler - INFO - handle_message:189 - Received message of type: get_status
2025-07-30 08:39:24,394 - websocket_handler - INFO - handle_message:195 - Status request received. System state: ready
2025-07-30 08:40:24,393 - websocket_handler - INFO - handle_message:189 - Received message of type: get_status
2025-07-30 08:40:24,395 - websocket_handler - INFO - handle_message:195 - Status request received. System state: ready
2025-07-30 08:41:24,385 - websocket_handler - INFO - handle_message:189 - Received message of type: get_status
2025-07-30 08:41:24,387 - websocket_handler - INFO - handle_message:195 - Status request received. System state: ready
2025-07-30 08:42:24,380 - websocket_handler - INFO - handle_message:189 - Received message of type: get_status
2025-07-30 08:42:24,382 - websocket_handler - INFO - handle_message:195 - Status request received. System state: ready
2025-07-30 08:43:24,386 - websocket_handler - INFO - handle_message:189 - Received message of type: get_status
2025-07-30 08:43:24,389 - websocket_handler - INFO - handle_message:195 - Status request received. System state: ready
2025-07-30 08:44:24,393 - websocket_handler - INFO - handle_message:189 - Received message of type: get_status
2025-07-30 08:44:24,399 - websocket_handler - INFO - handle_message:195 - Status request received. System state: ready
2025-07-30 08:45:24,396 - websocket_handler - INFO - handle_message:189 - Received message of type: get_status
2025-07-30 08:45:24,398 - websocket_handler - INFO - handle_message:195 - Status request received. System state: ready
2025-07-30 08:46:24,395 - websocket_handler - INFO - handle_message:189 - Received message of type: get_status
2025-07-30 08:46:24,398 - websocket_handler - INFO - handle_message:195 - Status request received. System state: ready
2025-07-30 08:47:24,389 - websocket_handler - INFO - handle_message:189 - Received message of type: get_status
2025-07-30 08:47:24,392 - websocket_handler - INFO - handle_message:195 - Status request received. System state: ready
2025-07-30 08:48:24,384 - websocket_handler - INFO - handle_message:189 - Received message of type: get_status
2025-07-30 08:48:24,386 - websocket_handler - INFO - handle_message:195 - Status request received. System state: ready
2025-07-30 08:49:24,405 - websocket_handler - INFO - handle_message:189 - Received message of type: get_status
2025-07-30 08:49:24,407 - websocket_handler - INFO - handle_message:195 - Status request received. System state: ready
2025-07-30 08:50:24,405 - websocket_handler - INFO - handle_message:189 - Received message of type: get_status
2025-07-30 08:50:24,409 - websocket_handler - INFO - handle_message:195 - Status request received. System state: ready
2025-07-30 08:51:24,390 - websocket_handler - INFO - handle_message:189 - Received message of type: get_status
2025-07-30 08:51:24,392 - websocket_handler - INFO - handle_message:195 - Status request received. System state: ready
2025-07-30 08:52:24,398 - websocket_handler - INFO - handle_message:189 - Received message of type: get_status
2025-07-30 08:52:24,400 - websocket_handler - INFO - handle_message:195 - Status request received. System state: ready
2025-07-30 08:53:24,399 - websocket_handler - INFO - handle_message:189 - Received message of type: get_status
2025-07-30 08:53:24,402 - websocket_handler - INFO - handle_message:195 - Status request received. System state: ready
2025-07-30 08:54:24,401 - websocket_handler - INFO - handle_message:189 - Received message of type: get_status
2025-07-30 08:54:24,403 - websocket_handler - INFO - handle_message:195 - Status request received. System state: ready
2025-07-30 08:55:24,401 - websocket_handler - INFO - handle_message:189 - Received message of type: get_status
2025-07-30 08:55:24,403 - websocket_handler - INFO - handle_message:195 - Status request received. System state: ready
2025-07-30 08:56:24,403 - websocket_handler - INFO - handle_message:189 - Received message of type: get_status
2025-07-30 08:56:24,405 - websocket_handler - INFO - handle_message:195 - Status request received. System state: ready
2025-07-30 08:57:24,400 - websocket_handler - INFO - handle_message:189 - Received message of type: get_status
2025-07-30 08:57:24,403 - websocket_handler - INFO - handle_message:195 - Status request received. System state: ready
2025-07-30 08:58:24,394 - websocket_handler - INFO - handle_message:189 - Received message of type: get_status
2025-07-30 08:58:24,398 - websocket_handler - INFO - handle_message:195 - Status request received. System state: ready
2025-07-30 08:58:46,462 - websocket_handler - INFO - handle_message:189 - Received message of type: get_status
2025-07-30 08:58:46,464 - websocket_handler - INFO - handle_message:195 - Status request received. System state: ready
2025-07-30 08:58:49,414 - websocket_handler - INFO - handle_message:189 - Received message of type: get_status
2025-07-30 08:58:49,416 - websocket_handler - INFO - handle_message:195 - Status request received. System state: ready
2025-07-30 08:58:57,759 - websocket_handler - ERROR - disconnect:162 - Error during WebSocket disconnection: Unexpected ASGI message 'websocket.close', after sending 'websocket.close'.
2025-07-30 08:58:58,318 - websocket_handler - INFO - connect:86 - New WebSocket connection established. Total connections: 1
2025-07-30 08:58:58,320 - websocket_handler - INFO - broadcast_server_status:638 - Broadcasting status change for meca: disconnected -> connected
2025-07-30 08:58:58,327 - websocket_handler - INFO - broadcast_server_status:638 - Broadcasting status change for ot2: disconnected -> connected
2025-07-30 08:58:58,955 - websocket_handler - INFO - handle_message:189 - Received message of type: config
2025-07-30 08:58:59,056 - websocket_handler - INFO - handle_message:189 - Received message of type: get_status
2025-07-30 08:58:59,058 - websocket_handler - INFO - handle_message:195 - Status request received. System state: ready
2025-07-30 08:59:08,386 - websocket_handler - INFO - handle_message:189 - Received message of type: get_status
2025-07-30 08:59:08,388 - websocket_handler - INFO - handle_message:195 - Status request received. System state: ready
2025-07-30 08:59:18,395 - websocket_handler - INFO - handle_message:189 - Received message of type: get_status
2025-07-30 08:59:18,396 - websocket_handler - INFO - handle_message:195 - Status request received. System state: ready
2025-07-30 08:59:28,401 - websocket_handler - INFO - handle_message:189 - Received message of type: get_status
2025-07-30 08:59:28,402 - websocket_handler - INFO - handle_message:195 - Status request received. System state: ready
2025-07-30 08:59:38,453 - websocket_handler - INFO - handle_message:189 - Received message of type: get_status
2025-07-30 08:59:38,455 - websocket_handler - INFO - handle_message:195 - Status request received. System state: ready
2025-07-30 08:59:48,384 - websocket_handler - INFO - handle_message:189 - Received message of type: get_status
2025-07-30 08:59:48,387 - websocket_handler - INFO - handle_message:195 - Status request received. System state: ready
2025-07-30 08:59:58,410 - websocket_handler - INFO - handle_message:189 - Received message of type: get_status
2025-07-30 08:59:58,413 - websocket_handler - INFO - handle_message:195 - Status request received. System state: ready
2025-07-30 09:00:24,391 - websocket_handler - INFO - handle_message:189 - Received message of type: get_status
2025-07-30 09:00:24,393 - websocket_handler - INFO - handle_message:195 - Status request received. System state: ready
2025-07-30 09:01:24,390 - websocket_handler - INFO - handle_message:189 - Received message of type: get_status
2025-07-30 09:01:24,392 - websocket_handler - INFO - handle_message:195 - Status request received. System state: ready
2025-07-30 09:02:24,403 - websocket_handler - INFO - handle_message:189 - Received message of type: get_status
2025-07-30 09:02:24,405 - websocket_handler - INFO - handle_message:195 - Status request received. System state: ready
2025-07-30 09:03:24,405 - websocket_handler - INFO - handle_message:189 - Received message of type: get_status
2025-07-30 09:03:24,407 - websocket_handler - INFO - handle_message:195 - Status request received. System state: ready
2025-07-30 09:04:24,400 - websocket_handler - INFO - handle_message:189 - Received message of type: get_status
2025-07-30 09:04:24,410 - websocket_handler - INFO - handle_message:195 - Status request received. System state: ready
2025-07-30 09:05:24,389 - websocket_handler - INFO - handle_message:189 - Received message of type: get_status
2025-07-30 09:05:24,392 - websocket_handler - INFO - handle_message:195 - Status request received. System state: ready
2025-07-30 09:06:24,408 - websocket_handler - INFO - handle_message:189 - Received message of type: get_status
2025-07-30 09:06:24,411 - websocket_handler - INFO - handle_message:195 - Status request received. System state: ready
2025-07-30 09:07:24,397 - websocket_handler - INFO - handle_message:189 - Received message of type: get_status
2025-07-30 09:07:24,406 - websocket_handler - INFO - handle_message:195 - Status request received. System state: ready
2025-07-30 09:08:24,394 - websocket_handler - INFO - handle_message:189 - Received message of type: get_status
2025-07-30 09:08:24,399 - websocket_handler - INFO - handle_message:195 - Status request received. System state: ready
2025-07-30 09:09:24,401 - websocket_handler - INFO - handle_message:189 - Received message of type: get_status
2025-07-30 09:09:24,403 - websocket_handler - INFO - handle_message:195 - Status request received. System state: ready
2025-07-30 09:10:24,399 - websocket_handler - INFO - handle_message:189 - Received message of type: get_status
2025-07-30 09:10:24,403 - websocket_handler - INFO - handle_message:195 - Status request received. System state: ready
2025-07-30 09:11:24,396 - websocket_handler - INFO - handle_message:189 - Received message of type: get_status
2025-07-30 09:11:24,398 - websocket_handler - INFO - handle_message:195 - Status request received. System state: ready
2025-07-30 09:12:24,413 - websocket_handler - INFO - handle_message:189 - Received message of type: get_status
2025-07-30 09:12:24,420 - websocket_handler - INFO - handle_message:195 - Status request received. System state: ready
2025-07-30 09:13:24,407 - websocket_handler - INFO - handle_message:189 - Received message of type: get_status
2025-07-30 09:13:24,410 - websocket_handler - INFO - handle_message:195 - Status request received. System state: ready
2025-07-30 09:14:24,410 - websocket_handler - INFO - handle_message:189 - Received message of type: get_status
2025-07-30 09:14:24,416 - websocket_handler - INFO - handle_message:195 - Status request received. System state: ready
2025-07-30 09:15:24,409 - websocket_handler - INFO - handle_message:189 - Received message of type: get_status
2025-07-30 09:15:24,420 - websocket_handler - INFO - handle_message:195 - Status request received. System state: ready
2025-07-30 09:16:24,415 - websocket_handler - INFO - handle_message:189 - Received message of type: get_status
2025-07-30 09:16:24,416 - websocket_handler - INFO - handle_message:195 - Status request received. System state: ready
2025-07-30 09:17:24,418 - websocket_handler - INFO - handle_message:189 - Received message of type: get_status
2025-07-30 09:17:24,421 - websocket_handler - INFO - handle_message:195 - Status request received. System state: ready
2025-07-30 09:18:24,427 - websocket_handler - INFO - handle_message:189 - Received message of type: get_status
2025-07-30 09:18:24,430 - websocket_handler - INFO - handle_message:195 - Status request received. System state: ready
2025-07-30 09:19:24,417 - websocket_handler - INFO - handle_message:189 - Received message of type: get_status
2025-07-30 09:19:24,420 - websocket_handler - INFO - handle_message:195 - Status request received. System state: ready
2025-07-30 09:20:24,428 - websocket_handler - INFO - handle_message:189 - Received message of type: get_status
2025-07-30 09:20:24,431 - websocket_handler - INFO - handle_message:195 - Status request received. System state: ready
2025-07-30 09:21:24,439 - websocket_handler - INFO - handle_message:189 - Received message of type: get_status
2025-07-30 09:21:24,441 - websocket_handler - INFO - handle_message:195 - Status request received. System state: ready
2025-07-30 09:22:24,424 - websocket_handler - INFO - handle_message:189 - Received message of type: get_status
2025-07-30 09:22:24,427 - websocket_handler - INFO - handle_message:195 - Status request received. System state: ready
2025-07-30 09:23:24,440 - websocket_handler - INFO - handle_message:189 - Received message of type: get_status
2025-07-30 09:23:24,443 - websocket_handler - INFO - handle_message:195 - Status request received. System state: ready
2025-07-30 09:24:24,436 - websocket_handler - INFO - handle_message:189 - Received message of type: get_status
2025-07-30 09:24:24,438 - websocket_handler - INFO - handle_message:195 - Status request received. System state: ready
2025-07-30 09:25:24,438 - websocket_handler - INFO - handle_message:189 - Received message of type: get_status
2025-07-30 09:25:24,442 - websocket_handler - INFO - handle_message:195 - Status request received. System state: ready
2025-07-30 09:26:24,428 - websocket_handler - INFO - handle_message:189 - Received message of type: get_status
2025-07-30 09:26:24,430 - websocket_handler - INFO - handle_message:195 - Status request received. System state: ready
2025-07-30 09:27:24,436 - websocket_handler - INFO - handle_message:189 - Received message of type: get_status
2025-07-30 09:27:24,437 - websocket_handler - INFO - handle_message:195 - Status request received. System state: ready
2025-07-30 09:28:24,445 - websocket_handler - INFO - handle_message:189 - Received message of type: get_status
2025-07-30 09:28:24,447 - websocket_handler - INFO - handle_message:195 - Status request received. System state: ready
2025-07-30 09:29:03,448 - websocket_handler - ERROR - disconnect:162 - Error during WebSocket disconnection: Unexpected ASGI message 'websocket.close', after sending 'websocket.close'.
2025-07-30 09:55:37,708 - websocket_handler - INFO - connect:86 - New WebSocket connection established. Total connections: 1
2025-07-30 09:55:37,710 - websocket_handler - INFO - broadcast_server_status:606 - Broadcasting backend status change: unknown -> connected
2025-07-30 09:55:37,714 - websocket_handler - INFO - broadcast_server_status:638 - Broadcasting status change for meca: unknown -> connected
2025-07-30 09:55:37,715 - websocket_handler - INFO - broadcast_server_status:638 - Broadcasting status change for arduino: unknown -> disconnected
2025-07-30 09:55:37,717 - websocket_handler - INFO - broadcast_server_status:638 - Broadcasting status change for ot2: unknown -> connected
2025-07-30 09:55:37,926 - websocket_handler - INFO - handle_message:189 - Received message of type: config
2025-07-30 09:55:38,026 - websocket_handler - INFO - handle_message:189 - Received message of type: get_status
2025-07-30 09:55:38,036 - websocket_handler - INFO - handle_message:195 - Status request received. System state: ready
2025-07-30 09:55:47,706 - websocket_handler - INFO - handle_message:189 - Received message of type: get_status
2025-07-30 09:55:47,707 - websocket_handler - INFO - handle_message:195 - Status request received. System state: ready
2025-07-30 09:55:57,719 - websocket_handler - INFO - handle_message:189 - Received message of type: get_status
2025-07-30 09:55:57,734 - websocket_handler - INFO - handle_message:195 - Status request received. System state: ready
2025-07-30 09:56:07,722 - websocket_handler - INFO - handle_message:189 - Received message of type: get_status
2025-07-30 09:56:07,725 - websocket_handler - INFO - handle_message:195 - Status request received. System state: ready
2025-07-30 09:56:17,700 - websocket_handler - INFO - handle_message:189 - Received message of type: get_status
2025-07-30 09:56:17,701 - websocket_handler - INFO - handle_message:195 - Status request received. System state: ready
2025-07-30 09:56:27,716 - websocket_handler - INFO - handle_message:189 - Received message of type: get_status
2025-07-30 09:56:27,719 - websocket_handler - INFO - handle_message:195 - Status request received. System state: ready
2025-07-30 09:56:37,703 - websocket_handler - INFO - handle_message:189 - Received message of type: get_status
2025-07-30 09:56:37,704 - websocket_handler - INFO - handle_message:195 - Status request received. System state: ready
2025-07-30 09:56:47,708 - websocket_handler - INFO - handle_message:189 - Received message of type: get_status
2025-07-30 09:56:47,711 - websocket_handler - INFO - handle_message:195 - Status request received. System state: ready
2025-07-30 09:56:57,716 - websocket_handler - INFO - handle_message:189 - Received message of type: get_status
2025-07-30 09:56:57,719 - websocket_handler - INFO - handle_message:195 - Status request received. System state: ready
2025-07-30 09:57:07,706 - websocket_handler - INFO - handle_message:189 - Received message of type: get_status
2025-07-30 09:57:07,708 - websocket_handler - INFO - handle_message:195 - Status request received. System state: ready
2025-07-30 09:57:17,708 - websocket_handler - INFO - handle_message:189 - Received message of type: get_status
2025-07-30 09:57:17,709 - websocket_handler - INFO - handle_message:195 - Status request received. System state: ready
2025-07-30 09:57:27,724 - websocket_handler - INFO - handle_message:189 - Received message of type: get_status
2025-07-30 09:57:27,726 - websocket_handler - INFO - handle_message:195 - Status request received. System state: ready
2025-07-30 09:57:37,709 - websocket_handler - INFO - handle_message:189 - Received message of type: get_status
2025-07-30 09:57:37,712 - websocket_handler - INFO - handle_message:195 - Status request received. System state: ready
2025-07-30 09:57:47,704 - websocket_handler - INFO - handle_message:189 - Received message of type: get_status
2025-07-30 09:57:47,706 - websocket_handler - INFO - handle_message:195 - Status request received. System state: ready
2025-07-30 09:57:57,721 - websocket_handler - INFO - handle_message:189 - Received message of type: get_status
2025-07-30 09:57:57,736 - websocket_handler - INFO - handle_message:195 - Status request received. System state: ready
2025-07-30 09:58:07,703 - websocket_handler - INFO - handle_message:189 - Received message of type: get_status
2025-07-30 09:58:07,705 - websocket_handler - INFO - handle_message:195 - Status request received. System state: ready
2025-07-30 09:58:17,706 - websocket_handler - INFO - handle_message:189 - Received message of type: get_status
2025-07-30 09:58:17,708 - websocket_handler - INFO - handle_message:195 - Status request received. System state: ready
2025-07-30 09:58:23,444 - websocket_handler - ERROR - disconnect:162 - Error during WebSocket disconnection: Unexpected ASGI message 'websocket.close', after sending 'websocket.close'.
2025-07-30 09:58:24,095 - websocket_handler - INFO - connect:86 - New WebSocket connection established. Total connections: 1
2025-07-30 09:58:24,097 - websocket_handler - INFO - broadcast_server_status:638 - Broadcasting status change for meca: connected -> disconnected
2025-07-30 09:58:24,593 - websocket_handler - INFO - handle_message:189 - Received message of type: config
2025-07-30 09:58:24,721 - websocket_handler - INFO - handle_message:189 - Received message of type: get_status
2025-07-30 09:58:24,724 - websocket_handler - INFO - handle_message:195 - Status request received. System state: ready
2025-07-30 09:58:34,092 - websocket_handler - INFO - handle_message:189 - Received message of type: get_status
2025-07-30 09:58:34,093 - websocket_handler - INFO - handle_message:195 - Status request received. System state: ready
2025-07-30 09:58:44,084 - websocket_handler - INFO - handle_message:189 - Received message of type: get_status
2025-07-30 09:58:44,085 - websocket_handler - INFO - handle_message:195 - Status request received. System state: ready
2025-07-30 09:58:54,103 - websocket_handler - INFO - handle_message:189 - Received message of type: get_status
2025-07-30 09:58:54,104 - websocket_handler - INFO - handle_message:195 - Status request received. System state: ready
2025-07-30 09:59:04,083 - websocket_handler - INFO - handle_message:189 - Received message of type: get_status
2025-07-30 09:59:04,086 - websocket_handler - INFO - handle_message:195 - Status request received. System state: ready
2025-07-30 09:59:14,076 - websocket_handler - INFO - handle_message:189 - Received message of type: get_status
2025-07-30 09:59:14,078 - websocket_handler - INFO - handle_message:195 - Status request received. System state: ready
2025-07-30 09:59:24,451 - websocket_handler - INFO - handle_message:189 - Received message of type: get_status
2025-07-30 09:59:24,453 - websocket_handler - INFO - handle_message:195 - Status request received. System state: ready
2025-07-30 09:59:34,457 - websocket_handler - INFO - handle_message:189 - Received message of type: get_status
2025-07-30 09:59:34,459 - websocket_handler - INFO - handle_message:195 - Status request received. System state: ready
2025-07-30 09:59:44,433 - websocket_handler - INFO - handle_message:189 - Received message of type: get_status
2025-07-30 09:59:44,435 - websocket_handler - INFO - handle_message:195 - Status request received. System state: ready
2025-07-30 09:59:54,460 - websocket_handler - INFO - handle_message:189 - Received message of type: get_status
2025-07-30 09:59:54,462 - websocket_handler - INFO - handle_message:195 - Status request received. System state: ready
2025-07-30 10:00:04,091 - websocket_handler - INFO - handle_message:189 - Received message of type: get_status
2025-07-30 10:00:04,093 - websocket_handler - INFO - handle_message:195 - Status request received. System state: ready
2025-07-30 10:00:14,082 - websocket_handler - INFO - handle_message:189 - Received message of type: get_status
2025-07-30 10:00:14,084 - websocket_handler - INFO - handle_message:195 - Status request received. System state: ready
2025-07-30 10:00:24,099 - websocket_handler - INFO - handle_message:189 - Received message of type: get_status
2025-07-30 10:00:24,102 - websocket_handler - INFO - handle_message:195 - Status request received. System state: ready
2025-07-30 10:00:34,085 - websocket_handler - INFO - handle_message:189 - Received message of type: get_status
2025-07-30 10:00:34,095 - websocket_handler - INFO - handle_message:195 - Status request received. System state: ready
2025-07-30 10:00:44,068 - websocket_handler - INFO - handle_message:189 - Received message of type: get_status
2025-07-30 10:00:44,071 - websocket_handler - INFO - handle_message:195 - Status request received. System state: ready
2025-07-30 10:00:54,106 - websocket_handler - INFO - handle_message:189 - Received message of type: get_status
2025-07-30 10:00:54,109 - websocket_handler - INFO - handle_message:195 - Status request received. System state: ready
2025-07-30 10:01:04,091 - websocket_handler - INFO - handle_message:189 - Received message of type: get_status
2025-07-30 10:01:04,092 - websocket_handler - INFO - handle_message:195 - Status request received. System state: ready
2025-07-30 10:01:14,080 - websocket_handler - INFO - handle_message:189 - Received message of type: get_status
2025-07-30 10:01:14,082 - websocket_handler - INFO - handle_message:195 - Status request received. System state: ready
2025-07-30 10:01:24,096 - websocket_handler - INFO - handle_message:189 - Received message of type: get_status
2025-07-30 10:01:24,098 - websocket_handler - INFO - handle_message:195 - Status request received. System state: ready
2025-07-30 10:01:34,096 - websocket_handler - INFO - handle_message:189 - Received message of type: get_status
2025-07-30 10:01:34,097 - websocket_handler - INFO - handle_message:195 - Status request received. System state: ready
2025-07-30 10:01:44,084 - websocket_handler - INFO - handle_message:189 - Received message of type: get_status
2025-07-30 10:01:44,086 - websocket_handler - INFO - handle_message:195 - Status request received. System state: ready
2025-07-30 10:01:54,092 - websocket_handler - INFO - handle_message:189 - Received message of type: get_status
2025-07-30 10:01:54,093 - websocket_handler - INFO - handle_message:195 - Status request received. System state: ready
2025-07-30 10:02:04,080 - websocket_handler - INFO - handle_message:189 - Received message of type: get_status
2025-07-30 10:02:04,082 - websocket_handler - INFO - handle_message:195 - Status request received. System state: ready
2025-07-30 10:02:14,063 - websocket_handler - INFO - handle_message:189 - Received message of type: get_status
2025-07-30 10:02:14,066 - websocket_handler - INFO - handle_message:195 - Status request received. System state: ready
2025-07-30 10:02:24,085 - websocket_handler - INFO - handle_message:189 - Received message of type: get_status
2025-07-30 10:02:24,086 - websocket_handler - INFO - handle_message:195 - Status request received. System state: ready
2025-07-30 10:02:34,086 - websocket_handler - INFO - handle_message:189 - Received message of type: get_status
2025-07-30 10:02:34,088 - websocket_handler - INFO - handle_message:195 - Status request received. System state: ready
2025-07-30 10:02:44,066 - websocket_handler - INFO - handle_message:189 - Received message of type: get_status
2025-07-30 10:02:44,068 - websocket_handler - INFO - handle_message:195 - Status request received. System state: ready
2025-07-30 10:02:52,508 - websocket_handler - ERROR - disconnect:162 - Error during WebSocket disconnection: Unexpected ASGI message 'websocket.close', after sending 'websocket.close'.
2025-07-30 10:02:52,879 - websocket_handler - INFO - connect:86 - New WebSocket connection established. Total connections: 1
2025-07-30 10:02:53,140 - websocket_handler - INFO - handle_message:189 - Received message of type: config
2025-07-30 10:02:53,247 - websocket_handler - INFO - handle_message:189 - Received message of type: get_status
2025-07-30 10:02:53,249 - websocket_handler - INFO - handle_message:195 - Status request received. System state: ready
2025-07-30 10:03:02,873 - websocket_handler - INFO - handle_message:189 - Received message of type: get_status
2025-07-30 10:03:02,876 - websocket_handler - INFO - handle_message:195 - Status request received. System state: ready
2025-07-30 10:03:12,866 - websocket_handler - INFO - handle_message:189 - Received message of type: get_status
2025-07-30 10:03:12,869 - websocket_handler - INFO - handle_message:195 - Status request received. System state: ready
2025-07-30 10:03:22,872 - websocket_handler - INFO - handle_message:189 - Received message of type: get_status
2025-07-30 10:03:22,874 - websocket_handler - INFO - handle_message:195 - Status request received. System state: ready
2025-07-30 10:03:32,882 - websocket_handler - INFO - handle_message:189 - Received message of type: get_status
2025-07-30 10:03:32,885 - websocket_handler - INFO - handle_message:195 - Status request received. System state: ready
2025-07-30 10:03:42,871 - websocket_handler - INFO - handle_message:189 - Received message of type: get_status
2025-07-30 10:03:42,874 - websocket_handler - INFO - handle_message:195 - Status request received. System state: ready
2025-07-30 10:03:52,877 - websocket_handler - INFO - handle_message:189 - Received message of type: get_status
2025-07-30 10:03:52,880 - websocket_handler - INFO - handle_message:195 - Status request received. System state: ready
2025-07-30 10:04:02,879 - websocket_handler - INFO - handle_message:189 - Received message of type: get_status
2025-07-30 10:04:02,881 - websocket_handler - INFO - handle_message:195 - Status request received. System state: ready
2025-07-30 10:04:12,866 - websocket_handler - INFO - handle_message:189 - Received message of type: get_status
2025-07-30 10:04:12,869 - websocket_handler - INFO - handle_message:195 - Status request received. System state: ready
2025-07-30 10:04:20,077 - websocket_handler - ERROR - disconnect:162 - Error during WebSocket disconnection: Unexpected ASGI message 'websocket.close', after sending 'websocket.close'.
2025-07-30 10:04:20,433 - websocket_handler - INFO - connect:86 - New WebSocket connection established. Total connections: 1
2025-07-30 10:04:20,657 - websocket_handler - INFO - handle_message:189 - Received message of type: config
2025-07-30 10:04:20,759 - websocket_handler - INFO - handle_message:189 - Received message of type: get_status
2025-07-30 10:04:20,761 - websocket_handler - INFO - handle_message:195 - Status request received. System state: ready
2025-07-30 10:04:30,437 - websocket_handler - INFO - handle_message:189 - Received message of type: get_status
2025-07-30 10:04:30,439 - websocket_handler - INFO - handle_message:195 - Status request received. System state: ready
2025-07-30 10:04:35,909 - websocket_handler - ERROR - disconnect:162 - Error during WebSocket disconnection: Unexpected ASGI message 'websocket.close', after sending 'websocket.close'.
2025-07-30 10:04:36,571 - websocket_handler - INFO - connect:86 - New WebSocket connection established. Total connections: 1
2025-07-30 10:04:37,023 - websocket_handler - INFO - handle_message:189 - Received message of type: config
2025-07-30 10:04:37,066 - websocket_handler - INFO - handle_message:189 - Received message of type: get_status
2025-07-30 10:04:37,067 - websocket_handler - INFO - handle_message:195 - Status request received. System state: ready
2025-07-30 10:04:37,135 - websocket_handler - INFO - handle_message:189 - Received message of type: get_status
2025-07-30 10:04:37,137 - websocket_handler - INFO - handle_message:195 - Status request received. System state: ready
2025-07-30 10:04:46,561 - websocket_handler - INFO - handle_message:189 - Received message of type: get_status
2025-07-30 10:04:46,563 - websocket_handler - INFO - handle_message:195 - Status request received. System state: ready
2025-07-30 10:04:56,584 - websocket_handler - INFO - handle_message:189 - Received message of type: get_status
2025-07-30 10:04:56,586 - websocket_handler - INFO - handle_message:195 - Status request received. System state: ready
2025-07-30 10:05:06,569 - websocket_handler - INFO - handle_message:189 - Received message of type: get_status
2025-07-30 10:05:06,572 - websocket_handler - INFO - handle_message:195 - Status request received. System state: ready
2025-07-30 10:05:16,554 - websocket_handler - INFO - handle_message:189 - Received message of type: get_status
2025-07-30 10:05:16,556 - websocket_handler - INFO - handle_message:195 - Status request received. System state: ready
2025-07-30 10:05:26,589 - websocket_handler - INFO - handle_message:189 - Received message of type: get_status
2025-07-30 10:05:26,592 - websocket_handler - INFO - handle_message:195 - Status request received. System state: ready
2025-07-30 10:05:36,579 - websocket_handler - INFO - handle_message:189 - Received message of type: get_status
2025-07-30 10:05:36,593 - websocket_handler - INFO - handle_message:195 - Status request received. System state: ready
2025-07-30 10:05:42,495 - websocket_handler - INFO - handle_message:189 - Received message of type: command
2025-07-30 10:05:42,497 - websocket_handler - INFO - handle_message:250 - *** WEBSOCKET: Received command: meca_pickup with data: {}, commandId: 1753869942
2025-07-30 10:05:42,499 - websocket_handler - INFO - handle_message:334 - *** WEBSOCKET: Submitting meca_pickup command with start=0, count=5
2025-07-30 10:05:42,515 - websocket_handler - INFO - handle_message:349 - *** WEBSOCKET: Command submission result: True, data: cmd_meca_1753869942503, error: None
2025-07-30 10:05:46,574 - websocket_handler - INFO - handle_message:189 - Received message of type: get_status
2025-07-30 10:05:46,575 - websocket_handler - INFO - handle_message:195 - Status request received. System state: ready
2025-07-30 10:05:56,590 - websocket_handler - INFO - handle_message:189 - Received message of type: get_status
2025-07-30 10:05:56,593 - websocket_handler - INFO - handle_message:195 - Status request received. System state: ready
2025-07-30 10:06:06,572 - websocket_handler - INFO - handle_message:189 - Received message of type: get_status
2025-07-30 10:06:06,575 - websocket_handler - INFO - handle_message:195 - Status request received. System state: ready
2025-07-30 10:06:16,566 - websocket_handler - INFO - handle_message:189 - Received message of type: get_status
2025-07-30 10:06:16,568 - websocket_handler - INFO - handle_message:195 - Status request received. System state: ready
2025-07-30 10:06:26,583 - websocket_handler - INFO - handle_message:189 - Received message of type: get_status
2025-07-30 10:06:26,585 - websocket_handler - INFO - handle_message:195 - Status request received. System state: ready
2025-07-30 10:06:36,573 - websocket_handler - INFO - handle_message:189 - Received message of type: get_status
2025-07-30 10:06:36,575 - websocket_handler - INFO - handle_message:195 - Status request received. System state: ready
2025-07-30 10:06:46,566 - websocket_handler - INFO - handle_message:189 - Received message of type: get_status
2025-07-30 10:06:46,568 - websocket_handler - INFO - handle_message:195 - Status request received. System state: ready
2025-07-30 10:06:56,592 - websocket_handler - INFO - handle_message:189 - Received message of type: get_status
2025-07-30 10:06:56,595 - websocket_handler - INFO - handle_message:195 - Status request received. System state: ready
2025-07-30 10:07:06,583 - websocket_handler - INFO - handle_message:189 - Received message of type: get_status
2025-07-30 10:07:06,585 - websocket_handler - INFO - handle_message:195 - Status request received. System state: ready
2025-07-30 10:07:16,575 - websocket_handler - INFO - handle_message:189 - Received message of type: get_status
2025-07-30 10:07:16,577 - websocket_handler - INFO - handle_message:195 - Status request received. System state: ready
2025-07-30 10:07:26,595 - websocket_handler - INFO - handle_message:189 - Received message of type: get_status
2025-07-30 10:07:26,596 - websocket_handler - INFO - handle_message:195 - Status request received. System state: ready
2025-07-30 10:07:36,582 - websocket_handler - INFO - handle_message:189 - Received message of type: get_status
2025-07-30 10:07:36,585 - websocket_handler - INFO - handle_message:195 - Status request received. System state: ready
2025-07-30 10:07:46,576 - websocket_handler - INFO - handle_message:189 - Received message of type: get_status
2025-07-30 10:07:46,578 - websocket_handler - INFO - handle_message:195 - Status request received. System state: ready
2025-07-30 10:07:56,586 - websocket_handler - INFO - handle_message:189 - Received message of type: get_status
2025-07-30 10:07:56,588 - websocket_handler - INFO - handle_message:195 - Status request received. System state: ready
2025-07-30 10:08:06,572 - websocket_handler - INFO - handle_message:189 - Received message of type: get_status
2025-07-30 10:08:06,573 - websocket_handler - INFO - handle_message:195 - Status request received. System state: ready
2025-07-30 10:08:16,564 - websocket_handler - INFO - handle_message:189 - Received message of type: get_status
2025-07-30 10:08:16,567 - websocket_handler - INFO - handle_message:195 - Status request received. System state: ready
2025-07-30 10:08:26,603 - websocket_handler - INFO - handle_message:189 - Received message of type: get_status
2025-07-30 10:08:26,604 - websocket_handler - INFO - handle_message:195 - Status request received. System state: ready
2025-07-30 10:08:36,581 - websocket_handler - INFO - handle_message:189 - Received message of type: get_status
2025-07-30 10:08:36,582 - websocket_handler - INFO - handle_message:195 - Status request received. System state: ready
2025-07-30 10:08:46,568 - websocket_handler - INFO - handle_message:189 - Received message of type: get_status
2025-07-30 10:08:46,570 - websocket_handler - INFO - handle_message:195 - Status request received. System state: ready
2025-07-30 10:08:56,584 - websocket_handler - INFO - handle_message:189 - Received message of type: get_status
2025-07-30 10:08:56,587 - websocket_handler - INFO - handle_message:195 - Status request received. System state: ready
2025-07-30 10:09:06,583 - websocket_handler - INFO - handle_message:189 - Received message of type: get_status
2025-07-30 10:09:06,586 - websocket_handler - INFO - handle_message:195 - Status request received. System state: ready
2025-07-30 10:09:16,573 - websocket_handler - INFO - handle_message:189 - Received message of type: get_status
2025-07-30 10:09:16,579 - websocket_handler - INFO - handle_message:195 - Status request received. System state: ready
2025-07-30 10:09:26,592 - websocket_handler - INFO - handle_message:189 - Received message of type: get_status
2025-07-30 10:09:26,593 - websocket_handler - INFO - handle_message:195 - Status request received. System state: ready
2025-07-30 10:09:37,461 - websocket_handler - INFO - handle_message:189 - Received message of type: get_status
2025-07-30 10:09:37,464 - websocket_handler - INFO - handle_message:195 - Status request received. System state: ready
2025-07-30 10:09:47,469 - websocket_handler - INFO - handle_message:189 - Received message of type: get_status
2025-07-30 10:09:47,470 - websocket_handler - INFO - handle_message:195 - Status request received. System state: ready
2025-07-30 10:09:57,466 - websocket_handler - INFO - handle_message:189 - Received message of type: get_status
2025-07-30 10:09:57,467 - websocket_handler - INFO - handle_message:195 - Status request received. System state: ready
2025-07-30 10:10:07,454 - websocket_handler - INFO - handle_message:189 - Received message of type: get_status
2025-07-30 10:10:07,470 - websocket_handler - INFO - handle_message:195 - Status request received. System state: ready
2025-07-30 10:10:17,466 - websocket_handler - INFO - handle_message:189 - Received message of type: get_status
2025-07-30 10:10:17,468 - websocket_handler - INFO - handle_message:195 - Status request received. System state: ready
2025-07-30 10:10:27,482 - websocket_handler - INFO - handle_message:189 - Received message of type: get_status
2025-07-30 10:10:27,483 - websocket_handler - INFO - handle_message:195 - Status request received. System state: ready
2025-07-30 10:11:24,475 - websocket_handler - INFO - handle_message:189 - Received message of type: get_status
2025-07-30 10:11:24,478 - websocket_handler - INFO - handle_message:195 - Status request received. System state: ready
2025-07-30 10:12:24,484 - websocket_handler - INFO - handle_message:189 - Received message of type: get_status
2025-07-30 10:12:24,485 - websocket_handler - INFO - handle_message:195 - Status request received. System state: ready
2025-07-30 10:13:25,069 - websocket_handler - INFO - handle_message:189 - Received message of type: get_status
2025-07-30 10:13:25,071 - websocket_handler - INFO - handle_message:195 - Status request received. System state: ready
2025-07-30 10:14:24,487 - websocket_handler - INFO - handle_message:189 - Received message of type: get_status
2025-07-30 10:14:24,491 - websocket_handler - INFO - handle_message:195 - Status request received. System state: ready
2025-07-30 10:15:25,051 - websocket_handler - INFO - handle_message:189 - Received message of type: get_status
2025-07-30 10:15:25,053 - websocket_handler - INFO - handle_message:195 - Status request received. System state: ready
2025-07-30 10:16:24,663 - websocket_handler - INFO - handle_message:189 - Received message of type: get_status
2025-07-30 10:16:24,665 - websocket_handler - INFO - handle_message:195 - Status request received. System state: ready
2025-07-30 10:17:24,496 - websocket_handler - INFO - handle_message:189 - Received message of type: get_status
2025-07-30 10:17:24,499 - websocket_handler - INFO - handle_message:195 - Status request received. System state: ready
2025-07-30 10:18:24,187 - websocket_handler - INFO - handle_message:189 - Received message of type: get_status
2025-07-30 10:18:24,189 - websocket_handler - INFO - handle_message:195 - Status request received. System state: ready
2025-07-30 10:19:24,620 - websocket_handler - INFO - handle_message:189 - Received message of type: get_status
2025-07-30 10:19:24,622 - websocket_handler - INFO - handle_message:195 - Status request received. System state: ready
2025-07-30 10:20:25,503 - websocket_handler - INFO - handle_message:189 - Received message of type: get_status
2025-07-30 10:20:25,506 - websocket_handler - INFO - handle_message:195 - Status request received. System state: ready
2025-07-30 10:21:25,437 - websocket_handler - INFO - handle_message:189 - Received message of type: get_status
2025-07-30 10:21:25,440 - websocket_handler - INFO - handle_message:195 - Status request received. System state: ready
2025-07-30 10:22:24,450 - websocket_handler - INFO - handle_message:189 - Received message of type: get_status
2025-07-30 10:22:24,452 - websocket_handler - INFO - handle_message:195 - Status request received. System state: ready
2025-07-30 10:23:24,395 - websocket_handler - INFO - handle_message:189 - Received message of type: get_status
2025-07-30 10:23:24,399 - websocket_handler - INFO - handle_message:195 - Status request received. System state: ready
2025-07-30 10:24:24,494 - websocket_handler - INFO - handle_message:189 - Received message of type: get_status
2025-07-30 10:24:24,496 - websocket_handler - INFO - handle_message:195 - Status request received. System state: ready
2025-07-30 10:25:24,597 - websocket_handler - INFO - handle_message:189 - Received message of type: get_status
2025-07-30 10:25:24,599 - websocket_handler - INFO - handle_message:195 - Status request received. System state: ready
2025-07-30 10:26:24,481 - websocket_handler - INFO - handle_message:189 - Received message of type: get_status
2025-07-30 10:26:24,483 - websocket_handler - INFO - handle_message:195 - Status request received. System state: ready
2025-07-30 10:27:24,565 - websocket_handler - INFO - handle_message:189 - Received message of type: get_status
2025-07-30 10:27:24,567 - websocket_handler - INFO - handle_message:195 - Status request received. System state: ready
2025-07-30 10:28:24,530 - websocket_handler - INFO - handle_message:189 - Received message of type: get_status
2025-07-30 10:28:24,534 - websocket_handler - INFO - handle_message:195 - Status request received. System state: ready
2025-07-30 10:29:24,492 - websocket_handler - INFO - handle_message:189 - Received message of type: get_status
2025-07-30 10:29:24,495 - websocket_handler - INFO - handle_message:195 - Status request received. System state: ready
2025-07-30 10:30:24,499 - websocket_handler - INFO - handle_message:189 - Received message of type: get_status
2025-07-30 10:30:24,502 - websocket_handler - INFO - handle_message:195 - Status request received. System state: ready
2025-07-30 10:31:24,489 - websocket_handler - INFO - handle_message:189 - Received message of type: get_status
2025-07-30 10:31:24,493 - websocket_handler - INFO - handle_message:195 - Status request received. System state: ready
2025-07-30 10:32:24,494 - websocket_handler - INFO - handle_message:189 - Received message of type: get_status
2025-07-30 10:32:24,495 - websocket_handler - INFO - handle_message:195 - Status request received. System state: ready
2025-07-30 10:33:24,491 - websocket_handler - INFO - handle_message:189 - Received message of type: get_status
2025-07-30 10:33:24,494 - websocket_handler - INFO - handle_message:195 - Status request received. System state: ready
2025-07-30 10:34:24,498 - websocket_handler - INFO - handle_message:189 - Received message of type: get_status
2025-07-30 10:34:24,500 - websocket_handler - INFO - handle_message:195 - Status request received. System state: ready
2025-07-30 10:35:24,488 - websocket_handler - INFO - handle_message:189 - Received message of type: get_status
2025-07-30 10:35:24,490 - websocket_handler - INFO - handle_message:195 - Status request received. System state: ready
2025-07-30 10:36:24,494 - websocket_handler - INFO - handle_message:189 - Received message of type: get_status
2025-07-30 10:36:24,496 - websocket_handler - INFO - handle_message:195 - Status request received. System state: ready
2025-07-30 10:36:42,573 - websocket_handler - INFO - handle_message:189 - Received message of type: get_status
2025-07-30 10:36:42,575 - websocket_handler - INFO - handle_message:195 - Status request received. System state: ready
2025-07-30 10:36:46,611 - websocket_handler - INFO - handle_message:189 - Received message of type: get_status
2025-07-30 10:36:46,613 - websocket_handler - INFO - handle_message:195 - Status request received. System state: ready
2025-07-30 10:36:56,614 - websocket_handler - INFO - handle_message:189 - Received message of type: get_status
2025-07-30 10:36:56,630 - websocket_handler - INFO - handle_message:195 - Status request received. System state: ready
2025-07-30 10:37:06,622 - websocket_handler - INFO - handle_message:189 - Received message of type: get_status
2025-07-30 10:37:06,624 - websocket_handler - INFO - handle_message:195 - Status request received. System state: ready
2025-07-30 10:37:16,604 - websocket_handler - INFO - handle_message:189 - Received message of type: get_status
2025-07-30 10:37:16,608 - websocket_handler - INFO - handle_message:195 - Status request received. System state: ready
2025-07-30 10:37:26,624 - websocket_handler - INFO - handle_message:189 - Received message of type: get_status
2025-07-30 10:37:26,627 - websocket_handler - INFO - handle_message:195 - Status request received. System state: ready
2025-07-30 10:37:36,613 - websocket_handler - INFO - handle_message:189 - Received message of type: get_status
2025-07-30 10:37:36,614 - websocket_handler - INFO - handle_message:195 - Status request received. System state: ready
2025-07-30 10:37:46,600 - websocket_handler - INFO - handle_message:189 - Received message of type: get_status
2025-07-30 10:37:46,605 - websocket_handler - INFO - handle_message:195 - Status request received. System state: ready
2025-07-30 10:37:56,617 - websocket_handler - INFO - handle_message:189 - Received message of type: get_status
2025-07-30 10:37:56,619 - websocket_handler - INFO - handle_message:195 - Status request received. System state: ready
2025-07-30 10:38:06,639 - websocket_handler - INFO - handle_message:189 - Received message of type: get_status
2025-07-30 10:38:06,643 - websocket_handler - INFO - handle_message:195 - Status request received. System state: ready
2025-07-30 10:38:16,613 - websocket_handler - INFO - handle_message:189 - Received message of type: get_status
2025-07-30 10:38:16,615 - websocket_handler - INFO - handle_message:195 - Status request received. System state: ready
2025-07-30 10:38:26,613 - websocket_handler - INFO - handle_message:189 - Received message of type: get_status
2025-07-30 10:38:26,614 - websocket_handler - INFO - handle_message:195 - Status request received. System state: ready
2025-07-30 10:38:36,619 - websocket_handler - INFO - handle_message:189 - Received message of type: get_status
2025-07-30 10:38:36,620 - websocket_handler - INFO - handle_message:195 - Status request received. System state: ready
2025-07-30 10:38:46,599 - websocket_handler - INFO - handle_message:189 - Received message of type: get_status
2025-07-30 10:38:46,610 - websocket_handler - INFO - handle_message:195 - Status request received. System state: ready
2025-07-30 10:38:56,630 - websocket_handler - INFO - handle_message:189 - Received message of type: get_status
2025-07-30 10:38:56,638 - websocket_handler - INFO - handle_message:195 - Status request received. System state: ready
2025-07-30 10:39:06,630 - websocket_handler - INFO - handle_message:189 - Received message of type: get_status
2025-07-30 10:39:06,631 - websocket_handler - INFO - handle_message:195 - Status request received. System state: ready
2025-07-30 10:39:16,605 - websocket_handler - INFO - handle_message:189 - Received message of type: get_status
2025-07-30 10:39:16,606 - websocket_handler - INFO - handle_message:195 - Status request received. System state: ready
2025-07-30 10:39:26,622 - websocket_handler - INFO - handle_message:189 - Received message of type: get_status
2025-07-30 10:39:26,625 - websocket_handler - INFO - handle_message:195 - Status request received. System state: ready
2025-07-30 10:39:36,621 - websocket_handler - INFO - handle_message:189 - Received message of type: get_status
2025-07-30 10:39:36,622 - websocket_handler - INFO - handle_message:195 - Status request received. System state: ready
2025-07-30 10:39:46,614 - websocket_handler - INFO - handle_message:189 - Received message of type: get_status
2025-07-30 10:39:46,617 - websocket_handler - INFO - handle_message:195 - Status request received. System state: ready
2025-07-30 10:39:56,627 - websocket_handler - INFO - handle_message:189 - Received message of type: get_status
2025-07-30 10:39:56,631 - websocket_handler - INFO - handle_message:195 - Status request received. System state: ready
2025-07-30 10:40:06,621 - websocket_handler - INFO - handle_message:189 - Received message of type: get_status
2025-07-30 10:40:06,623 - websocket_handler - INFO - handle_message:195 - Status request received. System state: ready
2025-07-30 10:40:16,607 - websocket_handler - INFO - handle_message:189 - Received message of type: get_status
2025-07-30 10:40:16,609 - websocket_handler - INFO - handle_message:195 - Status request received. System state: ready
2025-07-30 10:40:26,622 - websocket_handler - INFO - handle_message:189 - Received message of type: get_status
2025-07-30 10:40:26,624 - websocket_handler - INFO - handle_message:195 - Status request received. System state: ready
2025-07-30 10:40:36,615 - websocket_handler - INFO - handle_message:189 - Received message of type: get_status
2025-07-30 10:40:36,617 - websocket_handler - INFO - handle_message:195 - Status request received. System state: ready
2025-07-30 10:40:46,603 - websocket_handler - INFO - handle_message:189 - Received message of type: get_status
2025-07-30 10:40:46,606 - websocket_handler - INFO - handle_message:195 - Status request received. System state: ready
2025-07-30 10:40:56,633 - websocket_handler - INFO - handle_message:189 - Received message of type: get_status
2025-07-30 10:40:56,634 - websocket_handler - INFO - handle_message:195 - Status request received. System state: ready
2025-07-30 10:41:06,639 - websocket_handler - INFO - handle_message:189 - Received message of type: get_status
2025-07-30 10:41:06,641 - websocket_handler - INFO - handle_message:195 - Status request received. System state: ready
2025-07-30 10:41:16,614 - websocket_handler - INFO - handle_message:189 - Received message of type: get_status
2025-07-30 10:41:16,616 - websocket_handler - INFO - handle_message:195 - Status request received. System state: ready
2025-07-30 10:41:26,626 - websocket_handler - INFO - handle_message:189 - Received message of type: get_status
2025-07-30 10:41:26,629 - websocket_handler - INFO - handle_message:195 - Status request received. System state: ready
2025-07-30 10:41:36,625 - websocket_handler - INFO - handle_message:189 - Received message of type: get_status
2025-07-30 10:41:36,628 - websocket_handler - INFO - handle_message:195 - Status request received. System state: ready
2025-07-30 10:41:46,613 - websocket_handler - INFO - handle_message:189 - Received message of type: get_status
2025-07-30 10:41:46,615 - websocket_handler - INFO - handle_message:195 - Status request received. System state: ready
2025-07-30 10:41:56,629 - websocket_handler - INFO - handle_message:189 - Received message of type: get_status
2025-07-30 10:41:56,631 - websocket_handler - INFO - handle_message:195 - Status request received. System state: ready
2025-07-30 10:42:06,625 - websocket_handler - INFO - handle_message:189 - Received message of type: get_status
2025-07-30 10:42:06,627 - websocket_handler - INFO - handle_message:195 - Status request received. System state: ready
2025-07-30 10:42:17,476 - websocket_handler - INFO - handle_message:189 - Received message of type: get_status
2025-07-30 10:42:17,478 - websocket_handler - INFO - handle_message:195 - Status request received. System state: ready
2025-07-30 10:42:27,495 - websocket_handler - INFO - handle_message:189 - Received message of type: get_status
2025-07-30 10:42:27,497 - websocket_handler - INFO - handle_message:195 - Status request received. System state: ready
2025-07-30 10:42:37,496 - websocket_handler - INFO - handle_message:189 - Received message of type: get_status
2025-07-30 10:42:37,498 - websocket_handler - INFO - handle_message:195 - Status request received. System state: ready
2025-07-30 10:42:47,481 - websocket_handler - INFO - handle_message:189 - Received message of type: get_status
2025-07-30 10:42:47,483 - websocket_handler - INFO - handle_message:195 - Status request received. System state: ready
2025-07-30 10:42:57,509 - websocket_handler - INFO - handle_message:189 - Received message of type: get_status
2025-07-30 10:42:57,512 - websocket_handler - INFO - handle_message:195 - Status request received. System state: ready
2025-07-30 10:43:07,501 - websocket_handler - INFO - handle_message:189 - Received message of type: get_status
2025-07-30 10:43:07,502 - websocket_handler - INFO - handle_message:195 - Status request received. System state: ready
2025-07-30 10:43:24,505 - websocket_handler - INFO - handle_message:189 - Received message of type: get_status
2025-07-30 10:43:24,506 - websocket_handler - INFO - handle_message:195 - Status request received. System state: ready
2025-07-30 10:44:24,507 - websocket_handler - INFO - handle_message:189 - Received message of type: get_status
2025-07-30 10:44:24,509 - websocket_handler - INFO - handle_message:195 - Status request received. System state: ready
2025-07-30 10:45:24,506 - websocket_handler - INFO - handle_message:189 - Received message of type: get_status
2025-07-30 10:45:24,508 - websocket_handler - INFO - handle_message:195 - Status request received. System state: ready
2025-07-30 10:46:24,513 - websocket_handler - INFO - handle_message:189 - Received message of type: get_status
2025-07-30 10:46:24,516 - websocket_handler - INFO - handle_message:195 - Status request received. System state: ready
2025-07-30 10:47:24,508 - websocket_handler - INFO - handle_message:189 - Received message of type: get_status
2025-07-30 10:47:24,510 - websocket_handler - INFO - handle_message:195 - Status request received. System state: ready
2025-07-30 10:48:24,553 - websocket_handler - INFO - handle_message:189 - Received message of type: get_status
2025-07-30 10:48:24,554 - websocket_handler - INFO - handle_message:195 - Status request received. System state: ready
2025-07-30 10:49:24,514 - websocket_handler - INFO - handle_message:189 - Received message of type: get_status
2025-07-30 10:49:24,519 - websocket_handler - INFO - handle_message:195 - Status request received. System state: ready
2025-07-30 10:50:24,511 - websocket_handler - INFO - handle_message:189 - Received message of type: get_status
2025-07-30 10:50:24,513 - websocket_handler - INFO - handle_message:195 - Status request received. System state: ready
2025-07-30 10:51:24,509 - websocket_handler - INFO - handle_message:189 - Received message of type: get_status
2025-07-30 10:51:24,510 - websocket_handler - INFO - handle_message:195 - Status request received. System state: ready
2025-07-30 10:52:24,512 - websocket_handler - INFO - handle_message:189 - Received message of type: get_status
2025-07-30 10:52:24,514 - websocket_handler - INFO - handle_message:195 - Status request received. System state: ready
2025-07-30 10:53:24,520 - websocket_handler - INFO - handle_message:189 - Received message of type: get_status
2025-07-30 10:53:24,524 - websocket_handler - INFO - handle_message:195 - Status request received. System state: ready
2025-07-30 10:54:24,526 - websocket_handler - INFO - handle_message:189 - Received message of type: get_status
2025-07-30 10:54:24,528 - websocket_handler - INFO - handle_message:195 - Status request received. System state: ready
2025-07-30 10:55:22,485 - websocket_handler - ERROR - disconnect:162 - Error during WebSocket disconnection: Unexpected ASGI message 'websocket.close', after sending 'websocket.close'.
2025-07-30 11:24:02,870 - websocket_handler - INFO - connect:86 - New WebSocket connection established. Total connections: 1
2025-07-30 11:24:02,874 - websocket_handler - INFO - broadcast_server_status:606 - Broadcasting backend status change: unknown -> connected
2025-07-30 11:24:02,879 - websocket_handler - INFO - broadcast_server_status:638 - Broadcasting status change for meca: unknown -> connected
2025-07-30 11:24:02,881 - websocket_handler - INFO - broadcast_server_status:638 - Broadcasting status change for arduino: unknown -> disconnected
2025-07-30 11:24:02,883 - websocket_handler - INFO - broadcast_server_status:638 - Broadcasting status change for ot2: unknown -> connected
2025-07-30 11:24:03,750 - websocket_handler - INFO - handle_message:189 - Received message of type: config
2025-07-30 11:24:03,850 - websocket_handler - INFO - handle_message:189 - Received message of type: get_status
2025-07-30 11:24:03,851 - websocket_handler - INFO - handle_message:195 - Status request received. System state: ready
2025-07-30 11:24:11,006 - websocket_handler - ERROR - disconnect:162 - Error during WebSocket disconnection: Unexpected ASGI message 'websocket.close', after sending 'websocket.close'.
